Loaded 105492 annotations
Filtering UNK/ERR annotations
Removed 92341, (87.53%) samples (due to Apertium analysis errors, unknown analyses, or invalid MSDs)
Found 139 lexical errors
Removing ('LEXICAL_ERROR;SLOT_ERROR',) from the dataset
('C',)
('TGT_SLOT_ERROR',)
('POS_PAIR_ERROR',)
('PARADIGM_ERROR', 'SRC_SLOT_ERROR')
('PARADIGM_ERROR', 'SRC_SLOT_ERROR', 'TGT_SLOT_ERROR')
('PARADIGM_ERROR', 'TGT_SLOT_ERROR')
('SRC_SLOT_ERROR', 'TGT_SLOT_ERROR')
('POS_PAIR_ERROR', 'SRC_SLOT_ERROR')
('POS_PAIR_ERROR', 'TGT_SLOT_ERROR')
('PARADIGM_ERROR',)
('POS_PAIR_ERROR', 'SRC_SLOT_ERROR', 'TGT_SLOT_ERROR')
('POS_PAIR_ERROR', 'SRC_POS_ERROR', 'TGT_SLOT_ERROR')
('POS_PAIR_ERROR', 'TGT_POS_ERROR', 'SRC_SLOT_ERROR')
('POS_PAIR_ERROR', 'SRC_POS_ERROR')
('POS_PAIR_ERROR', 'TGT_POS_ERROR')
('TGT_LEXICAL_ERROR',)
('SRC_LEXICAL_ERROR',)
('TGT_LEXICAL_ERROR', 'SRC_SLOT_ERROR')
Ignoring data for ('LEXICAL_ERROR', 'SLOT_ERROR')...
('SRC_LEXICAL_ERROR', 'TGT_SLOT_ERROR')
Ignoring data for ('LEXICAL_ERROR', 'SLOT_ERROR')...
('SRC_LEXICAL_ERROR', 'TGT_LEXICAL_ERROR')
('SRC_POS_ERROR', 'TGT_POS_ERROR', 'TGT_SLOT_ERROR')
('SRC_POS_ERROR', 'TGT_POS_ERROR', 'SRC_SLOT_ERROR')
('SRC_POS_ERROR', 'TGT_POS_ERROR', 'SRC_SLOT_ERROR', 'TGT_SLOT_ERROR')
('TGT_POS_ERROR', 'SRC_SLOT_ERROR', 'TGT_SLOT_ERROR')
('SRC_POS_ERROR', 'SRC_SLOT_ERROR', 'TGT_SLOT_ERROR')
('SRC_POS_ERROR', 'SRC_SLOT_ERROR')
('TGT_POS_ERROR', 'TGT_SLOT_ERROR')
('SRC_POS_ERROR', 'TGT_POS_ERROR')
('POS_PAIR_ERROR', 'SRC_POS_ERROR', 'SRC_SLOT_ERROR', 'TGT_SLOT_ERROR')
('POS_PAIR_ERROR', 'TGT_POS_ERROR', 'SRC_SLOT_ERROR', 'TGT_SLOT_ERROR')

 Existing samples distribution:
('C',) --- 7194 (54.74%)
('TGT_SLOT_ERROR',) --- 1390 (10.58%)
('POS_PAIR_ERROR',) --- 322 (2.45%)
('PARADIGM_ERROR', 'SRC_SLOT_ERROR') --- 64 (0.49%)
('PARADIGM_ERROR', 'SRC_SLOT_ERROR', 'TGT_SLOT_ERROR') --- 50 (0.38%)
('PARADIGM_ERROR', 'TGT_SLOT_ERROR') --- 64 (0.49%)
('SRC_SLOT_ERROR', 'TGT_SLOT_ERROR') --- 2462 (18.73%)
('POS_PAIR_ERROR', 'SRC_SLOT_ERROR') --- 65 (0.49%)
('POS_PAIR_ERROR', 'TGT_SLOT_ERROR') --- 65 (0.49%)
('PARADIGM_ERROR',) --- 674 (5.13%)
('POS_PAIR_ERROR', 'SRC_SLOT_ERROR', 'TGT_SLOT_ERROR') --- 66 (0.5%)
('POS_PAIR_ERROR', 'SRC_POS_ERROR', 'TGT_SLOT_ERROR') --- 11 (0.08%)
('POS_PAIR_ERROR', 'TGT_POS_ERROR', 'SRC_SLOT_ERROR') --- 11 (0.08%)
('POS_PAIR_ERROR', 'SRC_POS_ERROR') --- 18 (0.14%)
('POS_PAIR_ERROR', 'TGT_POS_ERROR') --- 18 (0.14%)
('TGT_LEXICAL_ERROR',) --- 14 (0.11%)
('SRC_LEXICAL_ERROR',) --- 99 (0.75%)
('SRC_LEXICAL_ERROR', 'TGT_LEXICAL_ERROR') --- 18 (0.14%)
('SRC_POS_ERROR', 'TGT_POS_ERROR', 'TGT_SLOT_ERROR') --- 7 (0.05%)
('SRC_POS_ERROR', 'TGT_POS_ERROR', 'SRC_SLOT_ERROR') --- 7 (0.05%)
('SRC_POS_ERROR', 'TGT_POS_ERROR', 'SRC_SLOT_ERROR', 'TGT_SLOT_ERROR') --- 396 (3.01%)
('TGT_POS_ERROR', 'SRC_SLOT_ERROR', 'TGT_SLOT_ERROR') --- 40 (0.3%)
('SRC_POS_ERROR', 'SRC_SLOT_ERROR', 'TGT_SLOT_ERROR') --- 40 (0.3%)
('SRC_POS_ERROR', 'SRC_SLOT_ERROR') --- 8 (0.06%)
('TGT_POS_ERROR', 'TGT_SLOT_ERROR') --- 8 (0.06%)
('SRC_POS_ERROR', 'TGT_POS_ERROR') --- 6 (0.05%)
('POS_PAIR_ERROR', 'SRC_POS_ERROR', 'SRC_SLOT_ERROR', 'TGT_SLOT_ERROR') --- 13 (0.1%)
('POS_PAIR_ERROR', 'TGT_POS_ERROR', 'SRC_SLOT_ERROR', 'TGT_SLOT_ERROR') --- 13 (0.1%)
Summarizing sampled data...
13143 total samples

Found 2254 (17.15%) samples with an MSD that does not actually occur in UniMorph
Invalid tags:
{'PRN;NOM;3;SG', 'DET;NOM;SG', 'PRN;ACC;3;SG', 'NUM;GEN;PL', 'NUM;NOM;PL', 'ADJ;ACC;MASC;SG', 'PRN;DAT;3;SG', 'V.CVB', 'DET;PL', 'ADJ;ACC;PL', 'PRN;INS;3;SG', 'PRN;DAT;SG', 'PRN;NOM;2;SG', 'V;2;PL', 'V;IMP;1;PL', 'DET;ACC;PL'}

Output dataset full fine-grained annotation distribution:
C -- 7194 (54.74%)
SRC_SLOT_ERROR;TGT_SLOT_ERROR -- 2462 (18.73%)
TGT_SLOT_ERROR -- 1390 (10.58%)
PARADIGM_ERROR -- 674 (5.13%)
SRC_POS_ERROR;TGT_POS_ERROR;SRC_SLOT_ERROR;TGT_SLOT_ERROR -- 396 (3.01%)
POS_PAIR_ERROR -- 322 (2.45%)
SRC_LEXICAL_ERROR -- 99 (0.75%)
POS_PAIR_ERROR;SRC_SLOT_ERROR;TGT_SLOT_ERROR -- 66 (0.5%)
POS_PAIR_ERROR;SRC_SLOT_ERROR -- 65 (0.49%)
POS_PAIR_ERROR;TGT_SLOT_ERROR -- 65 (0.49%)
PARADIGM_ERROR;SRC_SLOT_ERROR -- 64 (0.49%)
PARADIGM_ERROR;TGT_SLOT_ERROR -- 64 (0.49%)
PARADIGM_ERROR;SRC_SLOT_ERROR;TGT_SLOT_ERROR -- 50 (0.38%)
TGT_POS_ERROR;SRC_SLOT_ERROR;TGT_SLOT_ERROR -- 40 (0.3%)
SRC_POS_ERROR;SRC_SLOT_ERROR;TGT_SLOT_ERROR -- 40 (0.3%)
POS_PAIR_ERROR;SRC_POS_ERROR -- 18 (0.14%)
POS_PAIR_ERROR;TGT_POS_ERROR -- 18 (0.14%)
SRC_LEXICAL_ERROR;TGT_LEXICAL_ERROR -- 18 (0.14%)
TGT_LEXICAL_ERROR -- 14 (0.11%)
POS_PAIR_ERROR;SRC_POS_ERROR;SRC_SLOT_ERROR;TGT_SLOT_ERROR -- 13 (0.1%)
POS_PAIR_ERROR;TGT_POS_ERROR;SRC_SLOT_ERROR;TGT_SLOT_ERROR -- 13 (0.1%)
POS_PAIR_ERROR;SRC_POS_ERROR;TGT_SLOT_ERROR -- 11 (0.08%)
POS_PAIR_ERROR;TGT_POS_ERROR;SRC_SLOT_ERROR -- 11 (0.08%)
SRC_POS_ERROR;SRC_SLOT_ERROR -- 8 (0.06%)
TGT_POS_ERROR;TGT_SLOT_ERROR -- 8 (0.06%)
SRC_POS_ERROR;TGT_POS_ERROR;TGT_SLOT_ERROR -- 7 (0.05%)
SRC_POS_ERROR;TGT_POS_ERROR;SRC_SLOT_ERROR -- 7 (0.05%)
SRC_POS_ERROR;TGT_POS_ERROR -- 6 (0.05%)

Output dataset percents of each coarse grained tag
C -- 7194 (54.74%)
SLOT_ERROR -- 3852 (29.31%)
PARADIGM_ERROR -- 674 (5.13%)
POS_ERROR;SLOT_ERROR -- 506 (3.85%)
POS_PAIR_ERROR -- 322 (2.45%)
POS_PAIR_ERROR;SLOT_ERROR -- 196 (1.49%)
PARADIGM_ERROR;SLOT_ERROR -- 178 (1.35%)
LEXICAL_ERROR -- 131 (1.0%)
POS_ERROR;POS_PAIR_ERROR;SLOT_ERROR -- 48 (0.37%)
POS_ERROR;POS_PAIR_ERROR -- 36 (0.27%)
POS_ERROR -- 6 (0.05%)

Distribution of parts of speech in sampled data:
V.CVB -- 1434 (5.46%)
V -- 9788 (37.24%)
V.PTCP -- 362 (1.38%)
ADJ -- 7157 (27.23%)
N -- 7467 (28.41%)
PRN -- 55 (0.21%)
DET -- 19 (0.07%)
NUM -- 4 (0.02%)
Writing 13143 total samples to data/sampled/leave-one-out/LEXICAL_ERROR;SLOT_ERROR/rus_sampled.tsv
