Loaded 45096 annotations
Filtering UNK/ERR annotations
Removed 40392, (89.57%) samples (due to Apertium analysis errors, unknown analyses, or invalid MSDs)
Found 688 lexical errors
Removing ('LEXICAL_ERROR;SLOT_ERROR',) from the dataset
('SRC_SLOT_ERROR', 'TGT_SLOT_ERROR')
('TGT_SLOT_ERROR',)
('C',)
('PARADIGM_ERROR', 'SRC_SLOT_ERROR', 'TGT_SLOT_ERROR')
('PARADIGM_ERROR', 'TGT_SLOT_ERROR')
('PARADIGM_ERROR', 'SRC_SLOT_ERROR')
('SRC_POS_ERROR', 'TGT_POS_ERROR', 'SRC_SLOT_ERROR', 'TGT_SLOT_ERROR')
('POS_PAIR_ERROR',)
('POS_PAIR_ERROR', 'TGT_SLOT_ERROR')
('POS_PAIR_ERROR', 'SRC_SLOT_ERROR')
('POS_PAIR_ERROR', 'SRC_POS_ERROR', 'TGT_POS_ERROR', 'SRC_SLOT_ERROR', 'TGT_SLOT_ERROR')
('TGT_LEXICAL_ERROR', 'SRC_SLOT_ERROR')
Ignoring data for ('LEXICAL_ERROR', 'SLOT_ERROR')...
('TGT_LEXICAL_ERROR',)
('SRC_LEXICAL_ERROR', 'TGT_SLOT_ERROR')
Ignoring data for ('LEXICAL_ERROR', 'SLOT_ERROR')...
('SRC_LEXICAL_ERROR',)
('POS_PAIR_ERROR', 'SRC_SLOT_ERROR', 'TGT_SLOT_ERROR')
('SRC_LEXICAL_ERROR', 'TGT_LEXICAL_ERROR')
('POS_PAIR_ERROR', 'TGT_POS_ERROR', 'SRC_SLOT_ERROR', 'TGT_SLOT_ERROR')
('POS_PAIR_ERROR', 'SRC_POS_ERROR', 'SRC_SLOT_ERROR', 'TGT_SLOT_ERROR')
('PARADIGM_ERROR',)
('TGT_POS_ERROR', 'SRC_SLOT_ERROR', 'TGT_SLOT_ERROR')
('SRC_POS_ERROR', 'SRC_SLOT_ERROR', 'TGT_SLOT_ERROR')
('POS_PAIR_ERROR', 'TGT_POS_ERROR', 'TGT_SLOT_ERROR')
('POS_PAIR_ERROR', 'SRC_POS_ERROR', 'SRC_SLOT_ERROR')
('SRC_POS_ERROR', 'TGT_POS_ERROR', 'SRC_SLOT_ERROR')
('SRC_POS_ERROR', 'TGT_POS_ERROR', 'TGT_SLOT_ERROR')
('TGT_POS_ERROR', 'TGT_SLOT_ERROR')
('SRC_POS_ERROR', 'SRC_SLOT_ERROR')
('POS_PAIR_ERROR', 'SRC_POS_ERROR', 'TGT_POS_ERROR', 'SRC_SLOT_ERROR')
('POS_PAIR_ERROR', 'SRC_POS_ERROR', 'TGT_POS_ERROR', 'TGT_SLOT_ERROR')
('POS_PAIR_ERROR', 'TGT_POS_ERROR', 'SRC_SLOT_ERROR')
('POS_PAIR_ERROR', 'SRC_POS_ERROR', 'TGT_SLOT_ERROR')

 Existing samples distribution:
('SRC_SLOT_ERROR', 'TGT_SLOT_ERROR') --- 208 (4.55%)
('TGT_SLOT_ERROR',) --- 363 (7.94%)
('C',) --- 1689 (36.94%)
('PARADIGM_ERROR', 'SRC_SLOT_ERROR', 'TGT_SLOT_ERROR') --- 58 (1.27%)
('PARADIGM_ERROR', 'TGT_SLOT_ERROR') --- 99 (2.17%)
('PARADIGM_ERROR', 'SRC_SLOT_ERROR') --- 99 (2.17%)
('SRC_POS_ERROR', 'TGT_POS_ERROR', 'SRC_SLOT_ERROR', 'TGT_SLOT_ERROR') --- 388 (8.49%)
('POS_PAIR_ERROR',) --- 494 (10.8%)
('POS_PAIR_ERROR', 'TGT_SLOT_ERROR') --- 151 (3.3%)
('POS_PAIR_ERROR', 'SRC_SLOT_ERROR') --- 151 (3.3%)
('POS_PAIR_ERROR', 'SRC_POS_ERROR', 'TGT_POS_ERROR', 'SRC_SLOT_ERROR', 'TGT_SLOT_ERROR') --- 4 (0.09%)
('TGT_LEXICAL_ERROR',) --- 225 (4.92%)
('SRC_LEXICAL_ERROR',) --- 291 (6.36%)
('POS_PAIR_ERROR', 'SRC_SLOT_ERROR', 'TGT_SLOT_ERROR') --- 120 (2.62%)
('SRC_LEXICAL_ERROR', 'TGT_LEXICAL_ERROR') --- 40 (0.87%)
('POS_PAIR_ERROR', 'TGT_POS_ERROR', 'SRC_SLOT_ERROR', 'TGT_SLOT_ERROR') --- 7 (0.15%)
('POS_PAIR_ERROR', 'SRC_POS_ERROR', 'SRC_SLOT_ERROR', 'TGT_SLOT_ERROR') --- 7 (0.15%)
('PARADIGM_ERROR',) --- 76 (1.66%)
('TGT_POS_ERROR', 'SRC_SLOT_ERROR', 'TGT_SLOT_ERROR') --- 23 (0.5%)
('SRC_POS_ERROR', 'SRC_SLOT_ERROR', 'TGT_SLOT_ERROR') --- 23 (0.5%)
('POS_PAIR_ERROR', 'TGT_POS_ERROR', 'TGT_SLOT_ERROR') --- 4 (0.09%)
('POS_PAIR_ERROR', 'SRC_POS_ERROR', 'SRC_SLOT_ERROR') --- 4 (0.09%)
('SRC_POS_ERROR', 'TGT_POS_ERROR', 'SRC_SLOT_ERROR') --- 9 (0.2%)
('SRC_POS_ERROR', 'TGT_POS_ERROR', 'TGT_SLOT_ERROR') --- 9 (0.2%)
('TGT_POS_ERROR', 'TGT_SLOT_ERROR') --- 12 (0.26%)
('SRC_POS_ERROR', 'SRC_SLOT_ERROR') --- 12 (0.26%)
('POS_PAIR_ERROR', 'SRC_POS_ERROR', 'TGT_POS_ERROR', 'SRC_SLOT_ERROR') --- 2 (0.04%)
('POS_PAIR_ERROR', 'SRC_POS_ERROR', 'TGT_POS_ERROR', 'TGT_SLOT_ERROR') --- 2 (0.04%)
('POS_PAIR_ERROR', 'TGT_POS_ERROR', 'SRC_SLOT_ERROR') --- 1 (0.02%)
('POS_PAIR_ERROR', 'SRC_POS_ERROR', 'TGT_SLOT_ERROR') --- 1 (0.02%)
Summarizing sampled data...
4572 total samples

Found 1623 (35.5%) samples with an MSD that does not actually occur in UniMorph
Invalid tags:
{'V;ACT;NFIN;COMPOUND', 'PRN;INDF;GEN;PL', 'V.CVB;COMPV', 'PRN;DEF;ACC;PL', 'N;INDF;PL', 'PRN;NEUT;SG', 'N;DEF;SG', 'PRN;NOM;NEUT;SG', 'ADJ;INDF;NOM;PL', 'ADJ;DEF;PL', 'N;INDF;NOM;SG;COMPOUND', 'ADJ;PRS;GEN', 'V.CVB', 'N;DEF;PL', 'PRN;SG', 'DET;SG', 'ADJ;PRS', 'ADJ;INDF;GEN;PL', 'PRN'}

Output dataset full fine-grained annotation distribution:
C -- 1689 (36.94%)
POS_PAIR_ERROR -- 494 (10.8%)
SRC_POS_ERROR;TGT_POS_ERROR;SRC_SLOT_ERROR;TGT_SLOT_ERROR -- 388 (8.49%)
TGT_SLOT_ERROR -- 363 (7.94%)
SRC_LEXICAL_ERROR -- 291 (6.36%)
TGT_LEXICAL_ERROR -- 225 (4.92%)
SRC_SLOT_ERROR;TGT_SLOT_ERROR -- 208 (4.55%)
POS_PAIR_ERROR;TGT_SLOT_ERROR -- 151 (3.3%)
POS_PAIR_ERROR;SRC_SLOT_ERROR -- 151 (3.3%)
POS_PAIR_ERROR;SRC_SLOT_ERROR;TGT_SLOT_ERROR -- 120 (2.62%)
PARADIGM_ERROR;TGT_SLOT_ERROR -- 99 (2.17%)
PARADIGM_ERROR;SRC_SLOT_ERROR -- 99 (2.17%)
PARADIGM_ERROR -- 76 (1.66%)
PARADIGM_ERROR;SRC_SLOT_ERROR;TGT_SLOT_ERROR -- 58 (1.27%)
SRC_LEXICAL_ERROR;TGT_LEXICAL_ERROR -- 40 (0.87%)
TGT_POS_ERROR;SRC_SLOT_ERROR;TGT_SLOT_ERROR -- 23 (0.5%)
SRC_POS_ERROR;SRC_SLOT_ERROR;TGT_SLOT_ERROR -- 23 (0.5%)
TGT_POS_ERROR;TGT_SLOT_ERROR -- 12 (0.26%)
SRC_POS_ERROR;SRC_SLOT_ERROR -- 12 (0.26%)
SRC_POS_ERROR;TGT_POS_ERROR;SRC_SLOT_ERROR -- 9 (0.2%)
SRC_POS_ERROR;TGT_POS_ERROR;TGT_SLOT_ERROR -- 9 (0.2%)
POS_PAIR_ERROR;TGT_POS_ERROR;SRC_SLOT_ERROR;TGT_SLOT_ERROR -- 7 (0.15%)
POS_PAIR_ERROR;SRC_POS_ERROR;SRC_SLOT_ERROR;TGT_SLOT_ERROR -- 7 (0.15%)
POS_PAIR_ERROR;SRC_POS_ERROR;TGT_POS_ERROR;SRC_SLOT_ERROR;TGT_SLOT_ERROR -- 4 (0.09%)
POS_PAIR_ERROR;TGT_POS_ERROR;TGT_SLOT_ERROR -- 4 (0.09%)
POS_PAIR_ERROR;SRC_POS_ERROR;SRC_SLOT_ERROR -- 4 (0.09%)
POS_PAIR_ERROR;SRC_POS_ERROR;TGT_POS_ERROR;SRC_SLOT_ERROR -- 2 (0.04%)
POS_PAIR_ERROR;SRC_POS_ERROR;TGT_POS_ERROR;TGT_SLOT_ERROR -- 2 (0.04%)
POS_PAIR_ERROR;TGT_POS_ERROR;SRC_SLOT_ERROR -- 1 (0.02%)
POS_PAIR_ERROR;SRC_POS_ERROR;TGT_SLOT_ERROR -- 1 (0.02%)

Output dataset percents of each coarse grained tag
C -- 1689 (36.94%)
SLOT_ERROR -- 571 (12.49%)
LEXICAL_ERROR -- 556 (12.16%)
POS_PAIR_ERROR -- 494 (10.8%)
POS_ERROR;SLOT_ERROR -- 476 (10.41%)
POS_PAIR_ERROR;SLOT_ERROR -- 422 (9.23%)
PARADIGM_ERROR;SLOT_ERROR -- 256 (5.6%)
PARADIGM_ERROR -- 76 (1.66%)
POS_ERROR;POS_PAIR_ERROR;SLOT_ERROR -- 32 (0.7%)

Distribution of parts of speech in sampled data:
V.PTCP -- 848 (9.27%)
V -- 3678 (40.22%)
ADJ -- 2205 (24.11%)
N -- 2080 (22.75%)
V.CVB -- 267 (2.92%)
PRN -- 28 (0.31%)
DET -- 38 (0.42%)
Writing 4572 total samples to data/sampled/leave-one-out/LEXICAL_ERROR;SLOT_ERROR/swe_sampled.tsv
