Loaded 24958 annotations
Filtering UNK/ERR annotations
Removed 21083, (84.47%) samples (due to Apertium analysis errors, unknown analyses, or invalid MSDs)
Found 185 lexical errors
Removing ('LEXICAL_ERROR;SLOT_ERROR',) from the dataset
('C',)
('SRC_LEXICAL_ERROR',)
('PARADIGM_ERROR',)
('PARADIGM_ERROR', 'TGT_SLOT_ERROR')
('TGT_SLOT_ERROR',)
('PARADIGM_ERROR', 'SRC_SLOT_ERROR')
('SRC_SLOT_ERROR', 'TGT_SLOT_ERROR')
('PARADIGM_ERROR', 'SRC_SLOT_ERROR', 'TGT_SLOT_ERROR')
('POS_PAIR_ERROR',)
('SRC_POS_ERROR', 'TGT_POS_ERROR', 'SRC_SLOT_ERROR', 'TGT_SLOT_ERROR')
('SRC_POS_ERROR', 'TGT_POS_ERROR')
('SRC_POS_ERROR', 'TGT_POS_ERROR', 'SRC_SLOT_ERROR')
('SRC_POS_ERROR', 'TGT_POS_ERROR', 'TGT_SLOT_ERROR')
('POS_PAIR_ERROR', 'SRC_SLOT_ERROR')
('TGT_LEXICAL_ERROR', 'SRC_SLOT_ERROR')
Ignoring data for ('LEXICAL_ERROR', 'SLOT_ERROR')...
('TGT_LEXICAL_ERROR',)
('POS_PAIR_ERROR', 'TGT_SLOT_ERROR')
('SRC_LEXICAL_ERROR', 'TGT_SLOT_ERROR')
Ignoring data for ('LEXICAL_ERROR', 'SLOT_ERROR')...
('POS_PAIR_ERROR', 'SRC_POS_ERROR', 'SRC_SLOT_ERROR', 'TGT_SLOT_ERROR')
('POS_PAIR_ERROR', 'TGT_POS_ERROR', 'SRC_SLOT_ERROR', 'TGT_SLOT_ERROR')
('SRC_LEXICAL_ERROR', 'TGT_LEXICAL_ERROR')
('POS_PAIR_ERROR', 'TGT_POS_ERROR', 'SRC_SLOT_ERROR')
('POS_PAIR_ERROR', 'SRC_POS_ERROR', 'TGT_SLOT_ERROR')
('POS_PAIR_ERROR', 'SRC_POS_ERROR', 'TGT_POS_ERROR', 'TGT_SLOT_ERROR')
('POS_PAIR_ERROR', 'SRC_POS_ERROR', 'TGT_POS_ERROR', 'SRC_SLOT_ERROR')
('POS_PAIR_ERROR', 'SRC_SLOT_ERROR', 'TGT_SLOT_ERROR')
('TGT_POS_ERROR',)
('SRC_POS_ERROR',)
('SRC_POS_ERROR', 'TGT_SLOT_ERROR')
('TGT_POS_ERROR', 'SRC_SLOT_ERROR')
('POS_PAIR_ERROR', 'TGT_POS_ERROR', 'TGT_SLOT_ERROR')
('POS_PAIR_ERROR', 'SRC_POS_ERROR', 'SRC_SLOT_ERROR')
('SRC_POS_ERROR', 'SRC_SLOT_ERROR', 'TGT_SLOT_ERROR')
('TGT_POS_ERROR', 'SRC_SLOT_ERROR', 'TGT_SLOT_ERROR')
('POS_PAIR_ERROR', 'TGT_POS_ERROR')
('POS_PAIR_ERROR', 'SRC_POS_ERROR')
('SRC_POS_ERROR', 'SRC_SLOT_ERROR')
('TGT_POS_ERROR', 'TGT_SLOT_ERROR')
('POS_PAIR_ERROR', 'SRC_POS_ERROR', 'TGT_POS_ERROR')

 Existing samples distribution:
('C',) --- 1797 (46.49%)
('SRC_LEXICAL_ERROR',) --- 131 (3.39%)
('PARADIGM_ERROR',) --- 34 (0.88%)
('PARADIGM_ERROR', 'TGT_SLOT_ERROR') --- 29 (0.75%)
('TGT_SLOT_ERROR',) --- 330 (8.54%)
('PARADIGM_ERROR', 'SRC_SLOT_ERROR') --- 29 (0.75%)
('SRC_SLOT_ERROR', 'TGT_SLOT_ERROR') --- 402 (10.4%)
('PARADIGM_ERROR', 'SRC_SLOT_ERROR', 'TGT_SLOT_ERROR') --- 8 (0.21%)
('POS_PAIR_ERROR',) --- 283 (7.32%)
('SRC_POS_ERROR', 'TGT_POS_ERROR', 'SRC_SLOT_ERROR', 'TGT_SLOT_ERROR') --- 534 (13.82%)
('SRC_POS_ERROR', 'TGT_POS_ERROR') --- 42 (1.09%)
('SRC_POS_ERROR', 'TGT_POS_ERROR', 'SRC_SLOT_ERROR') --- 33 (0.85%)
('SRC_POS_ERROR', 'TGT_POS_ERROR', 'TGT_SLOT_ERROR') --- 33 (0.85%)
('POS_PAIR_ERROR', 'SRC_SLOT_ERROR') --- 13 (0.34%)
('TGT_LEXICAL_ERROR',) --- 4 (0.1%)
('POS_PAIR_ERROR', 'TGT_SLOT_ERROR') --- 13 (0.34%)
('POS_PAIR_ERROR', 'SRC_POS_ERROR', 'SRC_SLOT_ERROR', 'TGT_SLOT_ERROR') --- 9 (0.23%)
('POS_PAIR_ERROR', 'TGT_POS_ERROR', 'SRC_SLOT_ERROR', 'TGT_SLOT_ERROR') --- 9 (0.23%)
('SRC_LEXICAL_ERROR', 'TGT_LEXICAL_ERROR') --- 40 (1.03%)
('POS_PAIR_ERROR', 'TGT_POS_ERROR', 'SRC_SLOT_ERROR') --- 5 (0.13%)
('POS_PAIR_ERROR', 'SRC_POS_ERROR', 'TGT_SLOT_ERROR') --- 5 (0.13%)
('POS_PAIR_ERROR', 'SRC_POS_ERROR', 'TGT_POS_ERROR', 'TGT_SLOT_ERROR') --- 8 (0.21%)
('POS_PAIR_ERROR', 'SRC_POS_ERROR', 'TGT_POS_ERROR', 'SRC_SLOT_ERROR') --- 8 (0.21%)
('POS_PAIR_ERROR', 'SRC_SLOT_ERROR', 'TGT_SLOT_ERROR') --- 14 (0.36%)
('TGT_POS_ERROR',) --- 4 (0.1%)
('SRC_POS_ERROR',) --- 4 (0.1%)
('SRC_POS_ERROR', 'TGT_SLOT_ERROR') --- 5 (0.13%)
('TGT_POS_ERROR', 'SRC_SLOT_ERROR') --- 5 (0.13%)
('POS_PAIR_ERROR', 'TGT_POS_ERROR', 'TGT_SLOT_ERROR') --- 6 (0.16%)
('POS_PAIR_ERROR', 'SRC_POS_ERROR', 'SRC_SLOT_ERROR') --- 6 (0.16%)
('SRC_POS_ERROR', 'SRC_SLOT_ERROR', 'TGT_SLOT_ERROR') --- 6 (0.16%)
('TGT_POS_ERROR', 'SRC_SLOT_ERROR', 'TGT_SLOT_ERROR') --- 6 (0.16%)
('POS_PAIR_ERROR', 'TGT_POS_ERROR') --- 3 (0.08%)
('POS_PAIR_ERROR', 'SRC_POS_ERROR') --- 3 (0.08%)
('SRC_POS_ERROR', 'SRC_SLOT_ERROR') --- 1 (0.03%)
('TGT_POS_ERROR', 'TGT_SLOT_ERROR') --- 1 (0.03%)
('POS_PAIR_ERROR', 'SRC_POS_ERROR', 'TGT_POS_ERROR') --- 2 (0.05%)
Summarizing sampled data...
3865 total samples

Found 1142 (29.55%) samples with an MSD that does not actually occur in UniMorph
Invalid tags:
{'ADJ;NOM;PL', 'V.PTCP;PST;ACC;SG', 'PRN;INDF;ACC;PL', 'V.PTCP;PST;NOM;SG', 'V.PTCP;PST;ACC;PL', 'V.PTCP;PST;GEN;SG', 'ADJ;ACC;SG', 'ADJ;NOM;SG', 'ADJ;ACC;PL', 'PRN;INDF;GEN;SG', 'V.PTCP;PST;DAT;PL', 'PRN;INDF;ACC;SG'}

Output dataset full fine-grained annotation distribution:
C -- 1797 (46.49%)
SRC_POS_ERROR;TGT_POS_ERROR;SRC_SLOT_ERROR;TGT_SLOT_ERROR -- 534 (13.82%)
SRC_SLOT_ERROR;TGT_SLOT_ERROR -- 402 (10.4%)
TGT_SLOT_ERROR -- 330 (8.54%)
POS_PAIR_ERROR -- 283 (7.32%)
SRC_LEXICAL_ERROR -- 131 (3.39%)
SRC_POS_ERROR;TGT_POS_ERROR -- 42 (1.09%)
SRC_LEXICAL_ERROR;TGT_LEXICAL_ERROR -- 40 (1.03%)
PARADIGM_ERROR -- 34 (0.88%)
SRC_POS_ERROR;TGT_POS_ERROR;SRC_SLOT_ERROR -- 33 (0.85%)
SRC_POS_ERROR;TGT_POS_ERROR;TGT_SLOT_ERROR -- 33 (0.85%)
PARADIGM_ERROR;TGT_SLOT_ERROR -- 29 (0.75%)
PARADIGM_ERROR;SRC_SLOT_ERROR -- 29 (0.75%)
POS_PAIR_ERROR;SRC_SLOT_ERROR;TGT_SLOT_ERROR -- 14 (0.36%)
POS_PAIR_ERROR;SRC_SLOT_ERROR -- 13 (0.34%)
POS_PAIR_ERROR;TGT_SLOT_ERROR -- 13 (0.34%)
POS_PAIR_ERROR;SRC_POS_ERROR;SRC_SLOT_ERROR;TGT_SLOT_ERROR -- 9 (0.23%)
POS_PAIR_ERROR;TGT_POS_ERROR;SRC_SLOT_ERROR;TGT_SLOT_ERROR -- 9 (0.23%)
PARADIGM_ERROR;SRC_SLOT_ERROR;TGT_SLOT_ERROR -- 8 (0.21%)
POS_PAIR_ERROR;SRC_POS_ERROR;TGT_POS_ERROR;TGT_SLOT_ERROR -- 8 (0.21%)
POS_PAIR_ERROR;SRC_POS_ERROR;TGT_POS_ERROR;SRC_SLOT_ERROR -- 8 (0.21%)
POS_PAIR_ERROR;TGT_POS_ERROR;TGT_SLOT_ERROR -- 6 (0.16%)
POS_PAIR_ERROR;SRC_POS_ERROR;SRC_SLOT_ERROR -- 6 (0.16%)
SRC_POS_ERROR;SRC_SLOT_ERROR;TGT_SLOT_ERROR -- 6 (0.16%)
TGT_POS_ERROR;SRC_SLOT_ERROR;TGT_SLOT_ERROR -- 6 (0.16%)
POS_PAIR_ERROR;TGT_POS_ERROR;SRC_SLOT_ERROR -- 5 (0.13%)
POS_PAIR_ERROR;SRC_POS_ERROR;TGT_SLOT_ERROR -- 5 (0.13%)
SRC_POS_ERROR;TGT_SLOT_ERROR -- 5 (0.13%)
TGT_POS_ERROR;SRC_SLOT_ERROR -- 5 (0.13%)
TGT_LEXICAL_ERROR -- 4 (0.1%)
TGT_POS_ERROR -- 4 (0.1%)
SRC_POS_ERROR -- 4 (0.1%)
POS_PAIR_ERROR;TGT_POS_ERROR -- 3 (0.08%)
POS_PAIR_ERROR;SRC_POS_ERROR -- 3 (0.08%)
POS_PAIR_ERROR;SRC_POS_ERROR;TGT_POS_ERROR -- 2 (0.05%)
SRC_POS_ERROR;SRC_SLOT_ERROR -- 1 (0.03%)
TGT_POS_ERROR;TGT_SLOT_ERROR -- 1 (0.03%)

Output dataset percents of each coarse grained tag
C -- 1797 (46.49%)
SLOT_ERROR -- 732 (18.94%)
POS_ERROR;SLOT_ERROR -- 624 (16.14%)
POS_PAIR_ERROR -- 283 (7.32%)
LEXICAL_ERROR -- 175 (4.53%)
PARADIGM_ERROR;SLOT_ERROR -- 66 (1.71%)
POS_ERROR;POS_PAIR_ERROR;SLOT_ERROR -- 56 (1.45%)
POS_ERROR -- 50 (1.29%)
POS_PAIR_ERROR;SLOT_ERROR -- 40 (1.03%)
PARADIGM_ERROR -- 34 (0.88%)
POS_ERROR;POS_PAIR_ERROR -- 8 (0.21%)

Distribution of parts of speech in sampled data:
V -- 3414 (44.17%)
V.PTCP -- 823 (10.65%)
N -- 2995 (38.75%)
V.CVB -- 77 (1.0%)
ADJ -- 271 (3.51%)
PRN -- 150 (1.94%)
Writing 3865 total samples to data/sampled/leave-one-out/LEXICAL_ERROR;SLOT_ERROR/isl_sampled.tsv
