Loaded 24958 annotations
Filtering UNK/ERR annotations
Removed 21083, (84.47%) samples (due to Apertium analysis errors, unknown analyses, or invalid MSDs)
Found 185 lexical errors
Including only ('POS_ERROR', 'C') in the dataset
('C',)
Including data for ('C',)...
('SRC_LEXICAL_ERROR',)
('PARADIGM_ERROR',)
('PARADIGM_ERROR', 'TGT_SLOT_ERROR')
('TGT_SLOT_ERROR',)
('PARADIGM_ERROR', 'SRC_SLOT_ERROR')
('SRC_SLOT_ERROR', 'TGT_SLOT_ERROR')
('PARADIGM_ERROR', 'SRC_SLOT_ERROR', 'TGT_SLOT_ERROR')
('POS_PAIR_ERROR',)
('SRC_POS_ERROR', 'TGT_POS_ERROR', 'SRC_SLOT_ERROR', 'TGT_SLOT_ERROR')
('SRC_POS_ERROR', 'TGT_POS_ERROR')
Including data for ('POS_ERROR',)...
('SRC_POS_ERROR', 'TGT_POS_ERROR', 'SRC_SLOT_ERROR')
('SRC_POS_ERROR', 'TGT_POS_ERROR', 'TGT_SLOT_ERROR')
('POS_PAIR_ERROR', 'SRC_SLOT_ERROR')
('TGT_LEXICAL_ERROR', 'SRC_SLOT_ERROR')
('TGT_LEXICAL_ERROR',)
('POS_PAIR_ERROR', 'TGT_SLOT_ERROR')
('SRC_LEXICAL_ERROR', 'TGT_SLOT_ERROR')
('POS_PAIR_ERROR', 'SRC_POS_ERROR', 'SRC_SLOT_ERROR', 'TGT_SLOT_ERROR')
('POS_PAIR_ERROR', 'TGT_POS_ERROR', 'SRC_SLOT_ERROR', 'TGT_SLOT_ERROR')
('SRC_LEXICAL_ERROR', 'TGT_LEXICAL_ERROR')
('POS_PAIR_ERROR', 'TGT_POS_ERROR', 'SRC_SLOT_ERROR')
('POS_PAIR_ERROR', 'SRC_POS_ERROR', 'TGT_SLOT_ERROR')
('POS_PAIR_ERROR', 'SRC_POS_ERROR', 'TGT_POS_ERROR', 'TGT_SLOT_ERROR')
('POS_PAIR_ERROR', 'SRC_POS_ERROR', 'TGT_POS_ERROR', 'SRC_SLOT_ERROR')
('POS_PAIR_ERROR', 'SRC_SLOT_ERROR', 'TGT_SLOT_ERROR')
('TGT_POS_ERROR',)
Including data for ('POS_ERROR',)...
('SRC_POS_ERROR',)
Including data for ('POS_ERROR',)...
('SRC_POS_ERROR', 'TGT_SLOT_ERROR')
('TGT_POS_ERROR', 'SRC_SLOT_ERROR')
('POS_PAIR_ERROR', 'TGT_POS_ERROR', 'TGT_SLOT_ERROR')
('POS_PAIR_ERROR', 'SRC_POS_ERROR', 'SRC_SLOT_ERROR')
('SRC_POS_ERROR', 'SRC_SLOT_ERROR', 'TGT_SLOT_ERROR')
('TGT_POS_ERROR', 'SRC_SLOT_ERROR', 'TGT_SLOT_ERROR')
('POS_PAIR_ERROR', 'TGT_POS_ERROR')
('POS_PAIR_ERROR', 'SRC_POS_ERROR')
('SRC_POS_ERROR', 'SRC_SLOT_ERROR')
('TGT_POS_ERROR', 'TGT_SLOT_ERROR')
('POS_PAIR_ERROR', 'SRC_POS_ERROR', 'TGT_POS_ERROR')

 Existing samples distribution:
('C',) --- 1797 (97.29%)
('SRC_POS_ERROR', 'TGT_POS_ERROR') --- 42 (2.27%)
('TGT_POS_ERROR',) --- 4 (0.22%)
('SRC_POS_ERROR',) --- 4 (0.22%)
Summarizing sampled data...
1847 total samples

Found 289 (15.65%) samples with an MSD that does not actually occur in UniMorph
Invalid tags:
{'ADJ;ACC;SG', 'ADJ;NOM;PL', 'V.PTCP;PST;ACC;PL', 'V.PTCP;PST;GEN;SG', 'V.PTCP;PST;NOM;SG', 'PRN;INDF;ACC;PL', 'V.PTCP;PST;DAT;PL', 'V.PTCP;PST;ACC;SG', 'PRN;INDF;ACC;SG'}

Output dataset full fine-grained annotation distribution:
C -- 1797 (97.29%)
SRC_POS_ERROR;TGT_POS_ERROR -- 42 (2.27%)
TGT_POS_ERROR -- 4 (0.22%)
SRC_POS_ERROR -- 4 (0.22%)

Output dataset percents of each coarse grained tag
C -- 1797 (97.29%)
POS_ERROR -- 50 (2.71%)

Distribution of parts of speech in sampled data:
V -- 2182 (59.07%)
V.PTCP -- 265 (7.17%)
N -- 1185 (32.08%)
V.CVB -- 18 (0.49%)
ADJ -- 28 (0.76%)
PRN -- 16 (0.43%)
Writing 1847 total samples to data/sampled/add-one-in/POS_ERROR/isl_sampled.tsv
