Loaded 45096 annotations
Filtering UNK/ERR annotations
Removed 40392, (89.57%) samples (due to Apertium analysis errors, unknown analyses, or invalid MSDs)
Found 688 lexical errors
Including only ('POS_ERROR', 'C') in the dataset
('SRC_SLOT_ERROR', 'TGT_SLOT_ERROR')
('TGT_SLOT_ERROR',)
('C',)
Including data for ('C',)...
('PARADIGM_ERROR', 'SRC_SLOT_ERROR', 'TGT_SLOT_ERROR')
('PARADIGM_ERROR', 'TGT_SLOT_ERROR')
('PARADIGM_ERROR', 'SRC_SLOT_ERROR')
('SRC_POS_ERROR', 'TGT_POS_ERROR', 'SRC_SLOT_ERROR', 'TGT_SLOT_ERROR')
('POS_PAIR_ERROR',)
('POS_PAIR_ERROR', 'TGT_SLOT_ERROR')
('POS_PAIR_ERROR', 'SRC_SLOT_ERROR')
('POS_PAIR_ERROR', 'SRC_POS_ERROR', 'TGT_POS_ERROR', 'SRC_SLOT_ERROR', 'TGT_SLOT_ERROR')
('TGT_LEXICAL_ERROR', 'SRC_SLOT_ERROR')
('TGT_LEXICAL_ERROR',)
('SRC_LEXICAL_ERROR', 'TGT_SLOT_ERROR')
('SRC_LEXICAL_ERROR',)
('POS_PAIR_ERROR', 'SRC_SLOT_ERROR', 'TGT_SLOT_ERROR')
('SRC_LEXICAL_ERROR', 'TGT_LEXICAL_ERROR')
('POS_PAIR_ERROR', 'TGT_POS_ERROR', 'SRC_SLOT_ERROR', 'TGT_SLOT_ERROR')
('POS_PAIR_ERROR', 'SRC_POS_ERROR', 'SRC_SLOT_ERROR', 'TGT_SLOT_ERROR')
('PARADIGM_ERROR',)
('TGT_POS_ERROR', 'SRC_SLOT_ERROR', 'TGT_SLOT_ERROR')
('SRC_POS_ERROR', 'SRC_SLOT_ERROR', 'TGT_SLOT_ERROR')
('POS_PAIR_ERROR', 'TGT_POS_ERROR', 'TGT_SLOT_ERROR')
('POS_PAIR_ERROR', 'SRC_POS_ERROR', 'SRC_SLOT_ERROR')
('SRC_POS_ERROR', 'TGT_POS_ERROR', 'SRC_SLOT_ERROR')
('SRC_POS_ERROR', 'TGT_POS_ERROR', 'TGT_SLOT_ERROR')
('TGT_POS_ERROR', 'TGT_SLOT_ERROR')
('SRC_POS_ERROR', 'SRC_SLOT_ERROR')
('POS_PAIR_ERROR', 'SRC_POS_ERROR', 'TGT_POS_ERROR', 'SRC_SLOT_ERROR')
('POS_PAIR_ERROR', 'SRC_POS_ERROR', 'TGT_POS_ERROR', 'TGT_SLOT_ERROR')
('POS_PAIR_ERROR', 'TGT_POS_ERROR', 'SRC_SLOT_ERROR')
('POS_PAIR_ERROR', 'SRC_POS_ERROR', 'TGT_SLOT_ERROR')

 Existing samples distribution:
('C',) --- 1689 (100.0%)
Summarizing sampled data...
1689 total samples

Found 474 (28.06%) samples with an MSD that does not actually occur in UniMorph
Invalid tags:
{'V.CVB', 'N;DEF;SG', 'ADJ;DEF;PL', 'ADJ;PRS', 'ADJ;INDF;GEN;PL', 'N;INDF;PL', 'N;DEF;PL'}

Output dataset full fine-grained annotation distribution:
C -- 1689 (100.0%)

Output dataset percents of each coarse grained tag
C -- 1689 (100.0%)

Distribution of parts of speech in sampled data:
V.PTCP -- 142 (4.2%)
V -- 1638 (48.49%)
ADJ -- 720 (21.31%)
N -- 845 (25.01%)
V.CVB -- 33 (0.98%)
Writing 1689 total samples to data/sampled/add-one-in/POS_ERROR/swe_sampled.tsv
