Loaded 24958 annotations
Filtering UNK/ERR annotations
Removed 21083, (84.47%) samples (due to Apertium analysis errors, unknown analyses, or invalid MSDs)
Found 185 lexical errors
Including only ('POS_ERROR;POS_PAIR_ERROR;SLOT_ERROR', 'C') in the dataset
('C',)
Including data for ('C',)...
('SRC_LEXICAL_ERROR',)
('PARADIGM_ERROR',)
('PARADIGM_ERROR', 'TGT_SLOT_ERROR')
('TGT_SLOT_ERROR',)
('PARADIGM_ERROR', 'SRC_SLOT_ERROR')
('SRC_SLOT_ERROR', 'TGT_SLOT_ERROR')
('PARADIGM_ERROR', 'SRC_SLOT_ERROR', 'TGT_SLOT_ERROR')
('POS_PAIR_ERROR',)
('SRC_POS_ERROR', 'TGT_POS_ERROR', 'SRC_SLOT_ERROR', 'TGT_SLOT_ERROR')
('SRC_POS_ERROR', 'TGT_POS_ERROR')
('SRC_POS_ERROR', 'TGT_POS_ERROR', 'SRC_SLOT_ERROR')
('SRC_POS_ERROR', 'TGT_POS_ERROR', 'TGT_SLOT_ERROR')
('POS_PAIR_ERROR', 'SRC_SLOT_ERROR')
('TGT_LEXICAL_ERROR', 'SRC_SLOT_ERROR')
('TGT_LEXICAL_ERROR',)
('POS_PAIR_ERROR', 'TGT_SLOT_ERROR')
('SRC_LEXICAL_ERROR', 'TGT_SLOT_ERROR')
('POS_PAIR_ERROR', 'SRC_POS_ERROR', 'SRC_SLOT_ERROR', 'TGT_SLOT_ERROR')
Including data for ('POS_ERROR', 'POS_PAIR_ERROR', 'SLOT_ERROR')...
('POS_PAIR_ERROR', 'TGT_POS_ERROR', 'SRC_SLOT_ERROR', 'TGT_SLOT_ERROR')
Including data for ('POS_ERROR', 'POS_PAIR_ERROR', 'SLOT_ERROR')...
('SRC_LEXICAL_ERROR', 'TGT_LEXICAL_ERROR')
('POS_PAIR_ERROR', 'TGT_POS_ERROR', 'SRC_SLOT_ERROR')
Including data for ('POS_ERROR', 'POS_PAIR_ERROR', 'SLOT_ERROR')...
('POS_PAIR_ERROR', 'SRC_POS_ERROR', 'TGT_SLOT_ERROR')
Including data for ('POS_ERROR', 'POS_PAIR_ERROR', 'SLOT_ERROR')...
('POS_PAIR_ERROR', 'SRC_POS_ERROR', 'TGT_POS_ERROR', 'TGT_SLOT_ERROR')
Including data for ('POS_ERROR', 'POS_PAIR_ERROR', 'SLOT_ERROR')...
('POS_PAIR_ERROR', 'SRC_POS_ERROR', 'TGT_POS_ERROR', 'SRC_SLOT_ERROR')
Including data for ('POS_ERROR', 'POS_PAIR_ERROR', 'SLOT_ERROR')...
('POS_PAIR_ERROR', 'SRC_SLOT_ERROR', 'TGT_SLOT_ERROR')
('TGT_POS_ERROR',)
('SRC_POS_ERROR',)
('SRC_POS_ERROR', 'TGT_SLOT_ERROR')
('TGT_POS_ERROR', 'SRC_SLOT_ERROR')
('POS_PAIR_ERROR', 'TGT_POS_ERROR', 'TGT_SLOT_ERROR')
Including data for ('POS_ERROR', 'POS_PAIR_ERROR', 'SLOT_ERROR')...
('POS_PAIR_ERROR', 'SRC_POS_ERROR', 'SRC_SLOT_ERROR')
Including data for ('POS_ERROR', 'POS_PAIR_ERROR', 'SLOT_ERROR')...
('SRC_POS_ERROR', 'SRC_SLOT_ERROR', 'TGT_SLOT_ERROR')
('TGT_POS_ERROR', 'SRC_SLOT_ERROR', 'TGT_SLOT_ERROR')
('POS_PAIR_ERROR', 'TGT_POS_ERROR')
('POS_PAIR_ERROR', 'SRC_POS_ERROR')
('SRC_POS_ERROR', 'SRC_SLOT_ERROR')
('TGT_POS_ERROR', 'TGT_SLOT_ERROR')
('POS_PAIR_ERROR', 'SRC_POS_ERROR', 'TGT_POS_ERROR')

 Existing samples distribution:
('C',) --- 1797 (96.98%)
('POS_PAIR_ERROR', 'SRC_POS_ERROR', 'SRC_SLOT_ERROR', 'TGT_SLOT_ERROR') --- 9 (0.49%)
('POS_PAIR_ERROR', 'TGT_POS_ERROR', 'SRC_SLOT_ERROR', 'TGT_SLOT_ERROR') --- 9 (0.49%)
('POS_PAIR_ERROR', 'TGT_POS_ERROR', 'SRC_SLOT_ERROR') --- 5 (0.27%)
('POS_PAIR_ERROR', 'SRC_POS_ERROR', 'TGT_SLOT_ERROR') --- 5 (0.27%)
('POS_PAIR_ERROR', 'SRC_POS_ERROR', 'TGT_POS_ERROR', 'TGT_SLOT_ERROR') --- 8 (0.43%)
('POS_PAIR_ERROR', 'SRC_POS_ERROR', 'TGT_POS_ERROR', 'SRC_SLOT_ERROR') --- 8 (0.43%)
('POS_PAIR_ERROR', 'TGT_POS_ERROR', 'TGT_SLOT_ERROR') --- 6 (0.32%)
('POS_PAIR_ERROR', 'SRC_POS_ERROR', 'SRC_SLOT_ERROR') --- 6 (0.32%)
Summarizing sampled data...
1853 total samples

Found 285 (15.38%) samples with an MSD that does not actually occur in UniMorph
Invalid tags:
{'PRN;INDF;ACC;SG', 'ADJ;NOM;PL', 'V.PTCP;PST;ACC;PL', 'ADJ;ACC;SG', 'V.PTCP;PST;GEN;SG', 'V.PTCP;PST;DAT;PL', 'V.PTCP;PST;ACC;SG', 'V.PTCP;PST;NOM;SG'}

Output dataset full fine-grained annotation distribution:
C -- 1797 (96.98%)
POS_PAIR_ERROR;SRC_POS_ERROR;SRC_SLOT_ERROR;TGT_SLOT_ERROR -- 9 (0.49%)
POS_PAIR_ERROR;TGT_POS_ERROR;SRC_SLOT_ERROR;TGT_SLOT_ERROR -- 9 (0.49%)
POS_PAIR_ERROR;SRC_POS_ERROR;TGT_POS_ERROR;TGT_SLOT_ERROR -- 8 (0.43%)
POS_PAIR_ERROR;SRC_POS_ERROR;TGT_POS_ERROR;SRC_SLOT_ERROR -- 8 (0.43%)
POS_PAIR_ERROR;TGT_POS_ERROR;TGT_SLOT_ERROR -- 6 (0.32%)
POS_PAIR_ERROR;SRC_POS_ERROR;SRC_SLOT_ERROR -- 6 (0.32%)
POS_PAIR_ERROR;TGT_POS_ERROR;SRC_SLOT_ERROR -- 5 (0.27%)
POS_PAIR_ERROR;SRC_POS_ERROR;TGT_SLOT_ERROR -- 5 (0.27%)

Output dataset percents of each coarse grained tag
C -- 1797 (96.98%)
POS_ERROR;POS_PAIR_ERROR;SLOT_ERROR -- 56 (3.02%)

Distribution of parts of speech in sampled data:
V -- 2208 (59.58%)
V.PTCP -- 281 (7.58%)
N -- 1175 (31.71%)
V.CVB -- 24 (0.65%)
PRN -- 4 (0.11%)
ADJ -- 14 (0.38%)
Writing 1853 total samples to data/sampled/add-one-in/POS_ERROR;POS_PAIR_ERROR;SLOT_ERROR/isl_sampled.tsv
