Loaded 29284 annotations
Filtering UNK/ERR annotations
Removed 23564, (80.47%) samples (due to Apertium analysis errors, unknown analyses, or invalid MSDs)
Found 98 lexical errors
Including only ('POS_ERROR;POS_PAIR_ERROR;SLOT_ERROR', 'C') in the dataset
('C',)
Including data for ('C',)...
('TGT_SLOT_ERROR',)
('PARADIGM_ERROR', 'TGT_SLOT_ERROR')
('PARADIGM_ERROR', 'SRC_SLOT_ERROR')
('TGT_POS_ERROR', 'SRC_SLOT_ERROR', 'TGT_SLOT_ERROR')
('SRC_SLOT_ERROR', 'TGT_SLOT_ERROR')
('SRC_POS_ERROR', 'SRC_SLOT_ERROR', 'TGT_SLOT_ERROR')
('SRC_POS_ERROR', 'TGT_POS_ERROR', 'SRC_SLOT_ERROR', 'TGT_SLOT_ERROR')
('POS_PAIR_ERROR', 'SRC_POS_ERROR', 'SRC_SLOT_ERROR', 'TGT_SLOT_ERROR')
Including data for ('POS_ERROR', 'POS_PAIR_ERROR', 'SLOT_ERROR')...
('PARADIGM_ERROR', 'SRC_SLOT_ERROR', 'TGT_SLOT_ERROR')
('POS_PAIR_ERROR', 'TGT_POS_ERROR', 'SRC_SLOT_ERROR', 'TGT_SLOT_ERROR')
Including data for ('POS_ERROR', 'POS_PAIR_ERROR', 'SLOT_ERROR')...
('POS_PAIR_ERROR',)
('POS_PAIR_ERROR', 'SRC_SLOT_ERROR', 'TGT_SLOT_ERROR')
('POS_PAIR_ERROR', 'TGT_SLOT_ERROR')
('POS_PAIR_ERROR', 'SRC_SLOT_ERROR')
('POS_PAIR_ERROR', 'SRC_POS_ERROR', 'TGT_SLOT_ERROR')
Including data for ('POS_ERROR', 'POS_PAIR_ERROR', 'SLOT_ERROR')...
('POS_PAIR_ERROR', 'SRC_POS_ERROR', 'TGT_POS_ERROR')
('POS_PAIR_ERROR', 'TGT_POS_ERROR', 'SRC_SLOT_ERROR')
Including data for ('POS_ERROR', 'POS_PAIR_ERROR', 'SLOT_ERROR')...
('POS_PAIR_ERROR', 'SRC_POS_ERROR', 'TGT_POS_ERROR', 'TGT_SLOT_ERROR')
Including data for ('POS_ERROR', 'POS_PAIR_ERROR', 'SLOT_ERROR')...
('POS_PAIR_ERROR', 'SRC_POS_ERROR', 'TGT_POS_ERROR', 'SRC_SLOT_ERROR')
Including data for ('POS_ERROR', 'POS_PAIR_ERROR', 'SLOT_ERROR')...
('PARADIGM_ERROR',)
('SRC_LEXICAL_ERROR',)
('POS_PAIR_ERROR', 'SRC_POS_ERROR', 'SRC_SLOT_ERROR')
Including data for ('POS_ERROR', 'POS_PAIR_ERROR', 'SLOT_ERROR')...
('POS_PAIR_ERROR', 'TGT_POS_ERROR', 'TGT_SLOT_ERROR')
Including data for ('POS_ERROR', 'POS_PAIR_ERROR', 'SLOT_ERROR')...
('SRC_LEXICAL_ERROR', 'TGT_LEXICAL_ERROR')
('POS_PAIR_ERROR', 'TGT_POS_ERROR')
('POS_PAIR_ERROR', 'SRC_POS_ERROR')
('TGT_POS_ERROR', 'TGT_SLOT_ERROR')
('SRC_POS_ERROR', 'SRC_SLOT_ERROR')
('TGT_LEXICAL_ERROR', 'SRC_SLOT_ERROR')
('SRC_LEXICAL_ERROR', 'TGT_SLOT_ERROR')
('TGT_LEXICAL_ERROR',)
('TGT_POS_ERROR',)
('SRC_POS_ERROR',)
('POS_PAIR_ERROR', 'SRC_POS_ERROR', 'TGT_POS_ERROR', 'SRC_SLOT_ERROR', 'TGT_SLOT_ERROR')
Including data for ('POS_ERROR', 'POS_PAIR_ERROR', 'SLOT_ERROR')...
('SRC_POS_ERROR', 'TGT_POS_ERROR')
('SRC_POS_ERROR', 'TGT_POS_ERROR', 'TGT_SLOT_ERROR')
('SRC_POS_ERROR', 'TGT_POS_ERROR', 'SRC_SLOT_ERROR')

 Existing samples distribution:
('C',) --- 3955 (96.82%)
('POS_PAIR_ERROR', 'SRC_POS_ERROR', 'SRC_SLOT_ERROR', 'TGT_SLOT_ERROR') --- 7 (0.17%)
('POS_PAIR_ERROR', 'TGT_POS_ERROR', 'SRC_SLOT_ERROR', 'TGT_SLOT_ERROR') --- 7 (0.17%)
('POS_PAIR_ERROR', 'SRC_POS_ERROR', 'TGT_SLOT_ERROR') --- 13 (0.32%)
('POS_PAIR_ERROR', 'TGT_POS_ERROR', 'SRC_SLOT_ERROR') --- 13 (0.32%)
('POS_PAIR_ERROR', 'SRC_POS_ERROR', 'TGT_POS_ERROR', 'TGT_SLOT_ERROR') --- 20 (0.49%)
('POS_PAIR_ERROR', 'SRC_POS_ERROR', 'TGT_POS_ERROR', 'SRC_SLOT_ERROR') --- 20 (0.49%)
('POS_PAIR_ERROR', 'SRC_POS_ERROR', 'SRC_SLOT_ERROR') --- 15 (0.37%)
('POS_PAIR_ERROR', 'TGT_POS_ERROR', 'TGT_SLOT_ERROR') --- 15 (0.37%)
('POS_PAIR_ERROR', 'SRC_POS_ERROR', 'TGT_POS_ERROR', 'SRC_SLOT_ERROR', 'TGT_SLOT_ERROR') --- 20 (0.49%)
Summarizing sampled data...
4085 total samples

Found 82 (2.01%) samples with an MSD that does not actually occur in UniMorph
Invalid tags:
{'ADJ;ACC;SG', 'ADJ;DAT;SG', 'DET;NOM;SG', 'N;SG;COMPOUND', 'ADJ;GEN;SG', 'ADJ;ACC;PL'}

Output dataset full fine-grained annotation distribution:
C -- 3955 (96.82%)
POS_PAIR_ERROR;SRC_POS_ERROR;TGT_POS_ERROR;TGT_SLOT_ERROR -- 20 (0.49%)
POS_PAIR_ERROR;SRC_POS_ERROR;TGT_POS_ERROR;SRC_SLOT_ERROR -- 20 (0.49%)
POS_PAIR_ERROR;SRC_POS_ERROR;TGT_POS_ERROR;SRC_SLOT_ERROR;TGT_SLOT_ERROR -- 20 (0.49%)
POS_PAIR_ERROR;SRC_POS_ERROR;SRC_SLOT_ERROR -- 15 (0.37%)
POS_PAIR_ERROR;TGT_POS_ERROR;TGT_SLOT_ERROR -- 15 (0.37%)
POS_PAIR_ERROR;SRC_POS_ERROR;TGT_SLOT_ERROR -- 13 (0.32%)
POS_PAIR_ERROR;TGT_POS_ERROR;SRC_SLOT_ERROR -- 13 (0.32%)
POS_PAIR_ERROR;SRC_POS_ERROR;SRC_SLOT_ERROR;TGT_SLOT_ERROR -- 7 (0.17%)
POS_PAIR_ERROR;TGT_POS_ERROR;SRC_SLOT_ERROR;TGT_SLOT_ERROR -- 7 (0.17%)

Output dataset percents of each coarse grained tag
C -- 3955 (96.82%)
POS_ERROR;POS_PAIR_ERROR;SLOT_ERROR -- 130 (3.18%)

Distribution of parts of speech in sampled data:
V -- 6328 (77.45%)
N -- 1784 (21.84%)
ADJ -- 56 (0.69%)
DET -- 2 (0.02%)
Writing 4085 total samples to data/sampled/add-one-in/POS_ERROR;POS_PAIR_ERROR;SLOT_ERROR/deu_sampled.tsv
