Loaded 105492 annotations
Filtering UNK/ERR annotations
Removed 92341, (87.53%) samples (due to Apertium analysis errors, unknown analyses, or invalid MSDs)
Found 139 lexical errors
Including only ('POS_ERROR;SLOT_ERROR', 'C') in the dataset
('C',)
Including data for ('C',)...
('TGT_SLOT_ERROR',)
('POS_PAIR_ERROR',)
('PARADIGM_ERROR', 'SRC_SLOT_ERROR')
('PARADIGM_ERROR', 'SRC_SLOT_ERROR', 'TGT_SLOT_ERROR')
('PARADIGM_ERROR', 'TGT_SLOT_ERROR')
('SRC_SLOT_ERROR', 'TGT_SLOT_ERROR')
('POS_PAIR_ERROR', 'SRC_SLOT_ERROR')
('POS_PAIR_ERROR', 'TGT_SLOT_ERROR')
('PARADIGM_ERROR',)
('POS_PAIR_ERROR', 'SRC_SLOT_ERROR', 'TGT_SLOT_ERROR')
('POS_PAIR_ERROR', 'SRC_POS_ERROR', 'TGT_SLOT_ERROR')
('POS_PAIR_ERROR', 'TGT_POS_ERROR', 'SRC_SLOT_ERROR')
('POS_PAIR_ERROR', 'SRC_POS_ERROR')
('POS_PAIR_ERROR', 'TGT_POS_ERROR')
('TGT_LEXICAL_ERROR',)
('SRC_LEXICAL_ERROR',)
('TGT_LEXICAL_ERROR', 'SRC_SLOT_ERROR')
('SRC_LEXICAL_ERROR', 'TGT_SLOT_ERROR')
('SRC_LEXICAL_ERROR', 'TGT_LEXICAL_ERROR')
('SRC_POS_ERROR', 'TGT_POS_ERROR', 'TGT_SLOT_ERROR')
Including data for ('POS_ERROR', 'SLOT_ERROR')...
('SRC_POS_ERROR', 'TGT_POS_ERROR', 'SRC_SLOT_ERROR')
Including data for ('POS_ERROR', 'SLOT_ERROR')...
('SRC_POS_ERROR', 'TGT_POS_ERROR', 'SRC_SLOT_ERROR', 'TGT_SLOT_ERROR')
Including data for ('POS_ERROR', 'SLOT_ERROR')...
('TGT_POS_ERROR', 'SRC_SLOT_ERROR', 'TGT_SLOT_ERROR')
Including data for ('POS_ERROR', 'SLOT_ERROR')...
('SRC_POS_ERROR', 'SRC_SLOT_ERROR', 'TGT_SLOT_ERROR')
Including data for ('POS_ERROR', 'SLOT_ERROR')...
('SRC_POS_ERROR', 'SRC_SLOT_ERROR')
Including data for ('POS_ERROR', 'SLOT_ERROR')...
('TGT_POS_ERROR', 'TGT_SLOT_ERROR')
Including data for ('POS_ERROR', 'SLOT_ERROR')...
('SRC_POS_ERROR', 'TGT_POS_ERROR')
('POS_PAIR_ERROR', 'SRC_POS_ERROR', 'SRC_SLOT_ERROR', 'TGT_SLOT_ERROR')
('POS_PAIR_ERROR', 'TGT_POS_ERROR', 'SRC_SLOT_ERROR', 'TGT_SLOT_ERROR')

 Existing samples distribution:
('C',) --- 7194 (93.43%)
('SRC_POS_ERROR', 'TGT_POS_ERROR', 'TGT_SLOT_ERROR') --- 7 (0.09%)
('SRC_POS_ERROR', 'TGT_POS_ERROR', 'SRC_SLOT_ERROR') --- 7 (0.09%)
('SRC_POS_ERROR', 'TGT_POS_ERROR', 'SRC_SLOT_ERROR', 'TGT_SLOT_ERROR') --- 396 (5.14%)
('TGT_POS_ERROR', 'SRC_SLOT_ERROR', 'TGT_SLOT_ERROR') --- 40 (0.52%)
('SRC_POS_ERROR', 'SRC_SLOT_ERROR', 'TGT_SLOT_ERROR') --- 40 (0.52%)
('SRC_POS_ERROR', 'SRC_SLOT_ERROR') --- 8 (0.1%)
('TGT_POS_ERROR', 'TGT_SLOT_ERROR') --- 8 (0.1%)
Summarizing sampled data...
7700 total samples

Found 987 (12.82%) samples with an MSD that does not actually occur in UniMorph
Invalid tags:
{'ADJ;ACC;PL', 'V;IMP;1;PL', 'V.CVB', 'ADJ;ACC;MASC;SG', 'V;2;PL', 'DET;NOM;SG'}

Output dataset full fine-grained annotation distribution:
C -- 7194 (93.43%)
SRC_POS_ERROR;TGT_POS_ERROR;SRC_SLOT_ERROR;TGT_SLOT_ERROR -- 396 (5.14%)
TGT_POS_ERROR;SRC_SLOT_ERROR;TGT_SLOT_ERROR -- 40 (0.52%)
SRC_POS_ERROR;SRC_SLOT_ERROR;TGT_SLOT_ERROR -- 40 (0.52%)
SRC_POS_ERROR;SRC_SLOT_ERROR -- 8 (0.1%)
TGT_POS_ERROR;TGT_SLOT_ERROR -- 8 (0.1%)
SRC_POS_ERROR;TGT_POS_ERROR;TGT_SLOT_ERROR -- 7 (0.09%)
SRC_POS_ERROR;TGT_POS_ERROR;SRC_SLOT_ERROR -- 7 (0.09%)

Output dataset percents of each coarse grained tag
C -- 7194 (93.43%)
POS_ERROR;SLOT_ERROR -- 506 (6.57%)

Distribution of parts of speech in sampled data:
V.CVB -- 256 (1.66%)
V -- 6610 (42.92%)
V.PTCP -- 148 (0.96%)
ADJ -- 4139 (26.88%)
N -- 4239 (27.53%)
DET -- 8 (0.05%)
Writing 7700 total samples to data/sampled/add-one-in/POS_ERROR;SLOT_ERROR/rus_sampled.tsv
