Loaded 105492 annotations
Filtering UNK/ERR annotations
Removed 92341, (87.53%) samples (due to Apertium analysis errors, unknown analyses, or invalid MSDs)
Found 139 lexical errors
Removing ('MAPPED_POS_PAIR_ERROR',) from the dataset
('MAPPED_POS_PAIR_ERROR',)
Ignoring data for ('MAPPED_POS_PAIR_ERROR',)...
('TGT_SLOT_ERROR',)
('POS_PAIR_ERROR',)
('SRC_SLOT_ERROR',)
('PARADIGM_ERROR', 'SRC_SLOT_ERROR')
('PARADIGM_ERROR', 'SRC_SLOT_ERROR', 'TGT_SLOT_ERROR')
('PARADIGM_ERROR', 'TGT_SLOT_ERROR')
('SRC_SLOT_ERROR', 'TGT_SLOT_ERROR')
('C',)
('POS_PAIR_ERROR', 'SRC_SLOT_ERROR')
('POS_PAIR_ERROR', 'TGT_SLOT_ERROR')
('PARADIGM_ERROR',)
('POS_PAIR_ERROR', 'SRC_SLOT_ERROR', 'TGT_SLOT_ERROR')
('POS_PAIR_ERROR', 'SRC_POS_ERROR', 'TGT_SLOT_ERROR')
('POS_PAIR_ERROR', 'TGT_POS_ERROR', 'SRC_SLOT_ERROR')
('POS_PAIR_ERROR', 'SRC_POS_ERROR')
('POS_PAIR_ERROR', 'TGT_POS_ERROR')
('TGT_LEXICAL_ERROR',)
('SRC_LEXICAL_ERROR',)
('TGT_LEXICAL_ERROR', 'SRC_SLOT_ERROR')
('SRC_LEXICAL_ERROR', 'TGT_SLOT_ERROR')
('SRC_LEXICAL_ERROR', 'TGT_LEXICAL_ERROR')
('SRC_POS_ERROR', 'TGT_POS_ERROR', 'TGT_SLOT_ERROR')
('SRC_POS_ERROR', 'TGT_POS_ERROR', 'SRC_SLOT_ERROR')
('SRC_POS_ERROR', 'TGT_POS_ERROR', 'SRC_SLOT_ERROR', 'TGT_SLOT_ERROR')
('TGT_POS_ERROR', 'SRC_SLOT_ERROR', 'TGT_SLOT_ERROR')
('SRC_POS_ERROR', 'SRC_SLOT_ERROR', 'TGT_SLOT_ERROR')
('SRC_POS_ERROR', 'SRC_SLOT_ERROR')
('TGT_POS_ERROR', 'TGT_SLOT_ERROR')
('SRC_POS_ERROR', 'TGT_POS_ERROR')
('POS_PAIR_ERROR', 'SRC_POS_ERROR', 'SRC_SLOT_ERROR', 'TGT_SLOT_ERROR')
('POS_PAIR_ERROR', 'TGT_POS_ERROR', 'SRC_SLOT_ERROR', 'TGT_SLOT_ERROR')

 Existing samples distribution:
('TGT_SLOT_ERROR',) --- 1390 (11.0%)
('POS_PAIR_ERROR',) --- 322 (2.55%)
('SRC_SLOT_ERROR',) --- 1390 (11.0%)
('PARADIGM_ERROR', 'SRC_SLOT_ERROR') --- 64 (0.51%)
('PARADIGM_ERROR', 'SRC_SLOT_ERROR', 'TGT_SLOT_ERROR') --- 50 (0.4%)
('PARADIGM_ERROR', 'TGT_SLOT_ERROR') --- 64 (0.51%)
('SRC_SLOT_ERROR', 'TGT_SLOT_ERROR') --- 2462 (19.48%)
('C',) --- 5294 (41.88%)
('POS_PAIR_ERROR', 'SRC_SLOT_ERROR') --- 65 (0.51%)
('POS_PAIR_ERROR', 'TGT_SLOT_ERROR') --- 65 (0.51%)
('PARADIGM_ERROR',) --- 674 (5.33%)
('POS_PAIR_ERROR', 'SRC_SLOT_ERROR', 'TGT_SLOT_ERROR') --- 66 (0.52%)
('POS_PAIR_ERROR', 'SRC_POS_ERROR', 'TGT_SLOT_ERROR') --- 11 (0.09%)
('POS_PAIR_ERROR', 'TGT_POS_ERROR', 'SRC_SLOT_ERROR') --- 11 (0.09%)
('POS_PAIR_ERROR', 'SRC_POS_ERROR') --- 18 (0.14%)
('POS_PAIR_ERROR', 'TGT_POS_ERROR') --- 18 (0.14%)
('TGT_LEXICAL_ERROR',) --- 14 (0.11%)
('SRC_LEXICAL_ERROR',) --- 99 (0.78%)
('TGT_LEXICAL_ERROR', 'SRC_SLOT_ERROR') --- 4 (0.03%)
('SRC_LEXICAL_ERROR', 'TGT_SLOT_ERROR') --- 4 (0.03%)
('SRC_LEXICAL_ERROR', 'TGT_LEXICAL_ERROR') --- 18 (0.14%)
('SRC_POS_ERROR', 'TGT_POS_ERROR', 'TGT_SLOT_ERROR') --- 7 (0.06%)
('SRC_POS_ERROR', 'TGT_POS_ERROR', 'SRC_SLOT_ERROR') --- 7 (0.06%)
('SRC_POS_ERROR', 'TGT_POS_ERROR', 'SRC_SLOT_ERROR', 'TGT_SLOT_ERROR') --- 396 (3.13%)
('TGT_POS_ERROR', 'SRC_SLOT_ERROR', 'TGT_SLOT_ERROR') --- 40 (0.32%)
('SRC_POS_ERROR', 'SRC_SLOT_ERROR', 'TGT_SLOT_ERROR') --- 40 (0.32%)
('SRC_POS_ERROR', 'SRC_SLOT_ERROR') --- 8 (0.06%)
('TGT_POS_ERROR', 'TGT_SLOT_ERROR') --- 8 (0.06%)
('SRC_POS_ERROR', 'TGT_POS_ERROR') --- 6 (0.05%)
('POS_PAIR_ERROR', 'SRC_POS_ERROR', 'SRC_SLOT_ERROR', 'TGT_SLOT_ERROR') --- 13 (0.1%)
('POS_PAIR_ERROR', 'TGT_POS_ERROR', 'SRC_SLOT_ERROR', 'TGT_SLOT_ERROR') --- 13 (0.1%)
Summarizing sampled data...
12641 total samples

Found 2161 (17.1%) samples with an MSD that does not actually occur in UniMorph
Invalid tags:
{'PRN;INS;3;SG', 'PRN;NOM;2;SG', 'PRN;DAT;SG', 'DET;PL', 'PRN;NOM;3;SG', 'V.CVB', 'V;IMP;1;PL', 'V;2;PL', 'NUM;NOM;PL', 'DET;NOM;SG', 'PRN;ACC;3;SG', 'ADJ;ACC;PL', 'NUM;GEN;PL', 'PRN;DAT;3;SG', 'ADJ;ACC;MASC;SG', 'DET;ACC;PL'}

Output dataset full fine-grained annotation distribution:
C -- 5294 (41.88%)
SRC_SLOT_ERROR;TGT_SLOT_ERROR -- 2462 (19.48%)
TGT_SLOT_ERROR -- 1390 (11.0%)
SRC_SLOT_ERROR -- 1390 (11.0%)
PARADIGM_ERROR -- 674 (5.33%)
SRC_POS_ERROR;TGT_POS_ERROR;SRC_SLOT_ERROR;TGT_SLOT_ERROR -- 396 (3.13%)
POS_PAIR_ERROR -- 322 (2.55%)
SRC_LEXICAL_ERROR -- 99 (0.78%)
POS_PAIR_ERROR;SRC_SLOT_ERROR;TGT_SLOT_ERROR -- 66 (0.52%)
POS_PAIR_ERROR;SRC_SLOT_ERROR -- 65 (0.51%)
POS_PAIR_ERROR;TGT_SLOT_ERROR -- 65 (0.51%)
PARADIGM_ERROR;SRC_SLOT_ERROR -- 64 (0.51%)
PARADIGM_ERROR;TGT_SLOT_ERROR -- 64 (0.51%)
PARADIGM_ERROR;SRC_SLOT_ERROR;TGT_SLOT_ERROR -- 50 (0.4%)
TGT_POS_ERROR;SRC_SLOT_ERROR;TGT_SLOT_ERROR -- 40 (0.32%)
SRC_POS_ERROR;SRC_SLOT_ERROR;TGT_SLOT_ERROR -- 40 (0.32%)
POS_PAIR_ERROR;SRC_POS_ERROR -- 18 (0.14%)
POS_PAIR_ERROR;TGT_POS_ERROR -- 18 (0.14%)
SRC_LEXICAL_ERROR;TGT_LEXICAL_ERROR -- 18 (0.14%)
TGT_LEXICAL_ERROR -- 14 (0.11%)
POS_PAIR_ERROR;SRC_POS_ERROR;SRC_SLOT_ERROR;TGT_SLOT_ERROR -- 13 (0.1%)
POS_PAIR_ERROR;TGT_POS_ERROR;SRC_SLOT_ERROR;TGT_SLOT_ERROR -- 13 (0.1%)
POS_PAIR_ERROR;SRC_POS_ERROR;TGT_SLOT_ERROR -- 11 (0.09%)
POS_PAIR_ERROR;TGT_POS_ERROR;SRC_SLOT_ERROR -- 11 (0.09%)
SRC_POS_ERROR;SRC_SLOT_ERROR -- 8 (0.06%)
TGT_POS_ERROR;TGT_SLOT_ERROR -- 8 (0.06%)
SRC_POS_ERROR;TGT_POS_ERROR;TGT_SLOT_ERROR -- 7 (0.06%)
SRC_POS_ERROR;TGT_POS_ERROR;SRC_SLOT_ERROR -- 7 (0.06%)
SRC_POS_ERROR;TGT_POS_ERROR -- 6 (0.05%)
TGT_LEXICAL_ERROR;SRC_SLOT_ERROR -- 4 (0.03%)
SRC_LEXICAL_ERROR;TGT_SLOT_ERROR -- 4 (0.03%)

Output dataset percents of each coarse grained tag
C -- 5294 (41.88%)
SLOT_ERROR -- 5242 (41.47%)
PARADIGM_ERROR -- 674 (5.33%)
POS_ERROR;SLOT_ERROR -- 506 (4.0%)
POS_PAIR_ERROR -- 322 (2.55%)
POS_PAIR_ERROR;SLOT_ERROR -- 196 (1.55%)
PARADIGM_ERROR;SLOT_ERROR -- 178 (1.41%)
LEXICAL_ERROR -- 131 (1.04%)
POS_ERROR;POS_PAIR_ERROR;SLOT_ERROR -- 48 (0.38%)
POS_ERROR;POS_PAIR_ERROR -- 36 (0.28%)
LEXICAL_ERROR;SLOT_ERROR -- 8 (0.06%)
POS_ERROR -- 6 (0.05%)

Distribution of parts of speech in sampled data:
V -- 9627 (38.08%)
V.PTCP -- 283 (1.12%)
V.CVB -- 1372 (5.43%)
ADJ -- 6789 (26.85%)
N -- 7125 (28.18%)
PRN -- 59 (0.23%)
DET -- 23 (0.09%)
NUM -- 4 (0.02%)
Writing 12641 total samples to data/sampled/leave-one-out/MAPPED_POS_PAIR_ERROR/rus_sampled.tsv
