Loaded 29284 annotations
Filtering UNK/ERR annotations
Removed 23564, (80.47%) samples (due to Apertium analysis errors, unknown analyses, or invalid MSDs)
Found 98 lexical errors
Removing ('MAPPED_POS_PAIR_ERROR',) from the dataset
('SRC_SLOT_ERROR',)
('TGT_SLOT_ERROR',)
('C',)
('PARADIGM_ERROR', 'TGT_SLOT_ERROR')
('PARADIGM_ERROR', 'SRC_SLOT_ERROR')
('MAPPED_POS_PAIR_ERROR',)
Ignoring data for ('MAPPED_POS_PAIR_ERROR',)...
('TGT_POS_ERROR', 'SRC_SLOT_ERROR', 'TGT_SLOT_ERROR')
('SRC_SLOT_ERROR', 'TGT_SLOT_ERROR')
('SRC_POS_ERROR', 'SRC_SLOT_ERROR', 'TGT_SLOT_ERROR')
('SRC_POS_ERROR', 'TGT_POS_ERROR', 'SRC_SLOT_ERROR', 'TGT_SLOT_ERROR')
('POS_PAIR_ERROR', 'SRC_POS_ERROR', 'SRC_SLOT_ERROR', 'TGT_SLOT_ERROR')
('PARADIGM_ERROR', 'SRC_SLOT_ERROR', 'TGT_SLOT_ERROR')
('POS_PAIR_ERROR', 'TGT_POS_ERROR', 'SRC_SLOT_ERROR', 'TGT_SLOT_ERROR')
('POS_PAIR_ERROR',)
('POS_PAIR_ERROR', 'SRC_SLOT_ERROR', 'TGT_SLOT_ERROR')
('POS_PAIR_ERROR', 'TGT_SLOT_ERROR')
('POS_PAIR_ERROR', 'SRC_SLOT_ERROR')
('POS_PAIR_ERROR', 'SRC_POS_ERROR', 'TGT_SLOT_ERROR')
('POS_PAIR_ERROR', 'SRC_POS_ERROR', 'TGT_POS_ERROR')
('POS_PAIR_ERROR', 'TGT_POS_ERROR', 'SRC_SLOT_ERROR')
('POS_PAIR_ERROR', 'SRC_POS_ERROR', 'TGT_POS_ERROR', 'TGT_SLOT_ERROR')
('POS_PAIR_ERROR', 'SRC_POS_ERROR', 'TGT_POS_ERROR', 'SRC_SLOT_ERROR')
('PARADIGM_ERROR',)
('SRC_LEXICAL_ERROR',)
('POS_PAIR_ERROR', 'SRC_POS_ERROR', 'SRC_SLOT_ERROR')
('POS_PAIR_ERROR', 'TGT_POS_ERROR', 'TGT_SLOT_ERROR')
('SRC_LEXICAL_ERROR', 'TGT_LEXICAL_ERROR')
('POS_PAIR_ERROR', 'TGT_POS_ERROR')
('POS_PAIR_ERROR', 'SRC_POS_ERROR')
('TGT_POS_ERROR', 'TGT_SLOT_ERROR')
('SRC_POS_ERROR', 'SRC_SLOT_ERROR')
('TGT_LEXICAL_ERROR', 'SRC_SLOT_ERROR')
('SRC_LEXICAL_ERROR', 'TGT_SLOT_ERROR')
('TGT_LEXICAL_ERROR',)
('TGT_POS_ERROR',)
('SRC_POS_ERROR',)
('POS_PAIR_ERROR', 'SRC_POS_ERROR', 'TGT_POS_ERROR', 'SRC_SLOT_ERROR', 'TGT_SLOT_ERROR')
('SRC_POS_ERROR', 'TGT_POS_ERROR')
('SRC_POS_ERROR', 'TGT_POS_ERROR', 'TGT_SLOT_ERROR')
('SRC_POS_ERROR', 'TGT_POS_ERROR', 'SRC_SLOT_ERROR')

 Existing samples distribution:
('SRC_SLOT_ERROR',) --- 391 (8.12%)
('TGT_SLOT_ERROR',) --- 391 (8.12%)
('C',) --- 2662 (55.25%)
('PARADIGM_ERROR', 'TGT_SLOT_ERROR') --- 12 (0.25%)
('PARADIGM_ERROR', 'SRC_SLOT_ERROR') --- 12 (0.25%)
('TGT_POS_ERROR', 'SRC_SLOT_ERROR', 'TGT_SLOT_ERROR') --- 21 (0.44%)
('SRC_SLOT_ERROR', 'TGT_SLOT_ERROR') --- 304 (6.31%)
('SRC_POS_ERROR', 'SRC_SLOT_ERROR', 'TGT_SLOT_ERROR') --- 21 (0.44%)
('SRC_POS_ERROR', 'TGT_POS_ERROR', 'SRC_SLOT_ERROR', 'TGT_SLOT_ERROR') --- 298 (6.19%)
('POS_PAIR_ERROR', 'SRC_POS_ERROR', 'SRC_SLOT_ERROR', 'TGT_SLOT_ERROR') --- 7 (0.15%)
('PARADIGM_ERROR', 'SRC_SLOT_ERROR', 'TGT_SLOT_ERROR') --- 16 (0.33%)
('POS_PAIR_ERROR', 'TGT_POS_ERROR', 'SRC_SLOT_ERROR', 'TGT_SLOT_ERROR') --- 7 (0.15%)
('POS_PAIR_ERROR',) --- 374 (7.76%)
('POS_PAIR_ERROR', 'SRC_SLOT_ERROR', 'TGT_SLOT_ERROR') --- 22 (0.46%)
('POS_PAIR_ERROR', 'TGT_SLOT_ERROR') --- 6 (0.12%)
('POS_PAIR_ERROR', 'SRC_SLOT_ERROR') --- 6 (0.12%)
('POS_PAIR_ERROR', 'SRC_POS_ERROR', 'TGT_SLOT_ERROR') --- 13 (0.27%)
('POS_PAIR_ERROR', 'SRC_POS_ERROR', 'TGT_POS_ERROR') --- 2 (0.04%)
('POS_PAIR_ERROR', 'TGT_POS_ERROR', 'SRC_SLOT_ERROR') --- 13 (0.27%)
('POS_PAIR_ERROR', 'SRC_POS_ERROR', 'TGT_POS_ERROR', 'TGT_SLOT_ERROR') --- 20 (0.42%)
('POS_PAIR_ERROR', 'SRC_POS_ERROR', 'TGT_POS_ERROR', 'SRC_SLOT_ERROR') --- 20 (0.42%)
('PARADIGM_ERROR',) --- 4 (0.08%)
('SRC_LEXICAL_ERROR',) --- 73 (1.52%)
('POS_PAIR_ERROR', 'SRC_POS_ERROR', 'SRC_SLOT_ERROR') --- 15 (0.31%)
('POS_PAIR_ERROR', 'TGT_POS_ERROR', 'TGT_SLOT_ERROR') --- 15 (0.31%)
('SRC_LEXICAL_ERROR', 'TGT_LEXICAL_ERROR') --- 18 (0.37%)
('POS_PAIR_ERROR', 'TGT_POS_ERROR') --- 7 (0.15%)
('POS_PAIR_ERROR', 'SRC_POS_ERROR') --- 7 (0.15%)
('TGT_POS_ERROR', 'TGT_SLOT_ERROR') --- 12 (0.25%)
('SRC_POS_ERROR', 'SRC_SLOT_ERROR') --- 12 (0.25%)
('TGT_LEXICAL_ERROR', 'SRC_SLOT_ERROR') --- 3 (0.06%)
('SRC_LEXICAL_ERROR', 'TGT_SLOT_ERROR') --- 3 (0.06%)
('TGT_LEXICAL_ERROR',) --- 1 (0.02%)
('TGT_POS_ERROR',) --- 1 (0.02%)
('SRC_POS_ERROR',) --- 1 (0.02%)
('POS_PAIR_ERROR', 'SRC_POS_ERROR', 'TGT_POS_ERROR', 'SRC_SLOT_ERROR', 'TGT_SLOT_ERROR') --- 20 (0.42%)
('SRC_POS_ERROR', 'TGT_POS_ERROR') --- 4 (0.08%)
('SRC_POS_ERROR', 'TGT_POS_ERROR', 'TGT_SLOT_ERROR') --- 2 (0.04%)
('SRC_POS_ERROR', 'TGT_POS_ERROR', 'SRC_SLOT_ERROR') --- 2 (0.04%)
Summarizing sampled data...
4818 total samples

Found 394 (8.18%) samples with an MSD that does not actually occur in UniMorph
Invalid tags:
{'ADJ;ACC;SG', 'ADJ;GEN;SG', 'ADJ;ACC;PL', 'DET;NOM;SG', 'ADJ;DAT;SG', 'N;SG;COMPOUND', 'ADJ'}

Output dataset full fine-grained annotation distribution:
C -- 2662 (55.25%)
SRC_SLOT_ERROR -- 391 (8.12%)
TGT_SLOT_ERROR -- 391 (8.12%)
POS_PAIR_ERROR -- 374 (7.76%)
SRC_SLOT_ERROR;TGT_SLOT_ERROR -- 304 (6.31%)
SRC_POS_ERROR;TGT_POS_ERROR;SRC_SLOT_ERROR;TGT_SLOT_ERROR -- 298 (6.19%)
SRC_LEXICAL_ERROR -- 73 (1.52%)
POS_PAIR_ERROR;SRC_SLOT_ERROR;TGT_SLOT_ERROR -- 22 (0.46%)
TGT_POS_ERROR;SRC_SLOT_ERROR;TGT_SLOT_ERROR -- 21 (0.44%)
SRC_POS_ERROR;SRC_SLOT_ERROR;TGT_SLOT_ERROR -- 21 (0.44%)
POS_PAIR_ERROR;SRC_POS_ERROR;TGT_POS_ERROR;TGT_SLOT_ERROR -- 20 (0.42%)
POS_PAIR_ERROR;SRC_POS_ERROR;TGT_POS_ERROR;SRC_SLOT_ERROR -- 20 (0.42%)
POS_PAIR_ERROR;SRC_POS_ERROR;TGT_POS_ERROR;SRC_SLOT_ERROR;TGT_SLOT_ERROR -- 20 (0.42%)
SRC_LEXICAL_ERROR;TGT_LEXICAL_ERROR -- 18 (0.37%)
PARADIGM_ERROR;SRC_SLOT_ERROR;TGT_SLOT_ERROR -- 16 (0.33%)
POS_PAIR_ERROR;SRC_POS_ERROR;SRC_SLOT_ERROR -- 15 (0.31%)
POS_PAIR_ERROR;TGT_POS_ERROR;TGT_SLOT_ERROR -- 15 (0.31%)
POS_PAIR_ERROR;SRC_POS_ERROR;TGT_SLOT_ERROR -- 13 (0.27%)
POS_PAIR_ERROR;TGT_POS_ERROR;SRC_SLOT_ERROR -- 13 (0.27%)
PARADIGM_ERROR;TGT_SLOT_ERROR -- 12 (0.25%)
PARADIGM_ERROR;SRC_SLOT_ERROR -- 12 (0.25%)
TGT_POS_ERROR;TGT_SLOT_ERROR -- 12 (0.25%)
SRC_POS_ERROR;SRC_SLOT_ERROR -- 12 (0.25%)
POS_PAIR_ERROR;SRC_POS_ERROR;SRC_SLOT_ERROR;TGT_SLOT_ERROR -- 7 (0.15%)
POS_PAIR_ERROR;TGT_POS_ERROR;SRC_SLOT_ERROR;TGT_SLOT_ERROR -- 7 (0.15%)
POS_PAIR_ERROR;TGT_POS_ERROR -- 7 (0.15%)
POS_PAIR_ERROR;SRC_POS_ERROR -- 7 (0.15%)
POS_PAIR_ERROR;TGT_SLOT_ERROR -- 6 (0.12%)
POS_PAIR_ERROR;SRC_SLOT_ERROR -- 6 (0.12%)
PARADIGM_ERROR -- 4 (0.08%)
SRC_POS_ERROR;TGT_POS_ERROR -- 4 (0.08%)
TGT_LEXICAL_ERROR;SRC_SLOT_ERROR -- 3 (0.06%)
SRC_LEXICAL_ERROR;TGT_SLOT_ERROR -- 3 (0.06%)
POS_PAIR_ERROR;SRC_POS_ERROR;TGT_POS_ERROR -- 2 (0.04%)
SRC_POS_ERROR;TGT_POS_ERROR;TGT_SLOT_ERROR -- 2 (0.04%)
SRC_POS_ERROR;TGT_POS_ERROR;SRC_SLOT_ERROR -- 2 (0.04%)
TGT_LEXICAL_ERROR -- 1 (0.02%)
TGT_POS_ERROR -- 1 (0.02%)
SRC_POS_ERROR -- 1 (0.02%)

Output dataset percents of each coarse grained tag
C -- 2662 (55.25%)
SLOT_ERROR -- 1086 (22.54%)
POS_PAIR_ERROR -- 374 (7.76%)
POS_ERROR;SLOT_ERROR -- 368 (7.64%)
POS_ERROR;POS_PAIR_ERROR;SLOT_ERROR -- 130 (2.7%)
LEXICAL_ERROR -- 92 (1.91%)
PARADIGM_ERROR;SLOT_ERROR -- 40 (0.83%)
POS_PAIR_ERROR;SLOT_ERROR -- 34 (0.71%)
POS_ERROR;POS_PAIR_ERROR -- 16 (0.33%)
LEXICAL_ERROR;SLOT_ERROR -- 6 (0.12%)
POS_ERROR -- 6 (0.12%)
PARADIGM_ERROR -- 4 (0.08%)

Distribution of parts of speech in sampled data:
V -- 7020 (72.85%)
N -- 2183 (22.65%)
ADJ -- 431 (4.47%)
DET -- 2 (0.02%)
Writing 4818 total samples to data/sampled/leave-one-out/MAPPED_POS_PAIR_ERROR/deu_sampled.tsv
