Loaded 45096 annotations
Filtering UNK/ERR annotations
Removed 40392, (89.57%) samples (due to Apertium analysis errors, unknown analyses, or invalid MSDs)
Found 688 lexical errors
Removing ('MAPPED_POS_PAIR_ERROR',) from the dataset
('SRC_SLOT_ERROR', 'TGT_SLOT_ERROR')
('TGT_SLOT_ERROR',)
('C',)
('SRC_SLOT_ERROR',)
('PARADIGM_ERROR', 'SRC_SLOT_ERROR', 'TGT_SLOT_ERROR')
('PARADIGM_ERROR', 'TGT_SLOT_ERROR')
('PARADIGM_ERROR', 'SRC_SLOT_ERROR')
('SRC_POS_ERROR', 'TGT_POS_ERROR', 'SRC_SLOT_ERROR', 'TGT_SLOT_ERROR')
('MAPPED_POS_PAIR_ERROR',)
Ignoring data for ('MAPPED_POS_PAIR_ERROR',)...
('POS_PAIR_ERROR',)
('POS_PAIR_ERROR', 'TGT_SLOT_ERROR')
('POS_PAIR_ERROR', 'SRC_SLOT_ERROR')
('POS_PAIR_ERROR', 'SRC_POS_ERROR', 'TGT_POS_ERROR', 'SRC_SLOT_ERROR', 'TGT_SLOT_ERROR')
('TGT_LEXICAL_ERROR', 'SRC_SLOT_ERROR')
('TGT_LEXICAL_ERROR',)
('SRC_LEXICAL_ERROR', 'TGT_SLOT_ERROR')
('SRC_LEXICAL_ERROR',)
('POS_PAIR_ERROR', 'SRC_SLOT_ERROR', 'TGT_SLOT_ERROR')
('SRC_LEXICAL_ERROR', 'TGT_LEXICAL_ERROR')
('POS_PAIR_ERROR', 'TGT_POS_ERROR', 'SRC_SLOT_ERROR', 'TGT_SLOT_ERROR')
('POS_PAIR_ERROR', 'SRC_POS_ERROR', 'SRC_SLOT_ERROR', 'TGT_SLOT_ERROR')
('PARADIGM_ERROR',)
('TGT_POS_ERROR', 'SRC_SLOT_ERROR', 'TGT_SLOT_ERROR')
('SRC_POS_ERROR', 'SRC_SLOT_ERROR', 'TGT_SLOT_ERROR')
('POS_PAIR_ERROR', 'TGT_POS_ERROR', 'TGT_SLOT_ERROR')
('POS_PAIR_ERROR', 'SRC_POS_ERROR', 'SRC_SLOT_ERROR')
('SRC_POS_ERROR', 'TGT_POS_ERROR', 'SRC_SLOT_ERROR')
('SRC_POS_ERROR', 'TGT_POS_ERROR', 'TGT_SLOT_ERROR')
('TGT_POS_ERROR', 'TGT_SLOT_ERROR')
('SRC_POS_ERROR', 'SRC_SLOT_ERROR')
('POS_PAIR_ERROR', 'SRC_POS_ERROR', 'TGT_POS_ERROR', 'SRC_SLOT_ERROR')
('POS_PAIR_ERROR', 'SRC_POS_ERROR', 'TGT_POS_ERROR', 'TGT_SLOT_ERROR')
('POS_PAIR_ERROR', 'TGT_POS_ERROR', 'SRC_SLOT_ERROR')
('POS_PAIR_ERROR', 'SRC_POS_ERROR', 'TGT_SLOT_ERROR')

 Existing samples distribution:
('SRC_SLOT_ERROR', 'TGT_SLOT_ERROR') --- 208 (5.02%)
('TGT_SLOT_ERROR',) --- 363 (8.76%)
('C',) --- 768 (18.52%)
('SRC_SLOT_ERROR',) --- 363 (8.76%)
('PARADIGM_ERROR', 'SRC_SLOT_ERROR', 'TGT_SLOT_ERROR') --- 58 (1.4%)
('PARADIGM_ERROR', 'TGT_SLOT_ERROR') --- 99 (2.39%)
('PARADIGM_ERROR', 'SRC_SLOT_ERROR') --- 99 (2.39%)
('SRC_POS_ERROR', 'TGT_POS_ERROR', 'SRC_SLOT_ERROR', 'TGT_SLOT_ERROR') --- 388 (9.36%)
('POS_PAIR_ERROR',) --- 494 (11.92%)
('POS_PAIR_ERROR', 'TGT_SLOT_ERROR') --- 151 (3.64%)
('POS_PAIR_ERROR', 'SRC_SLOT_ERROR') --- 151 (3.64%)
('POS_PAIR_ERROR', 'SRC_POS_ERROR', 'TGT_POS_ERROR', 'SRC_SLOT_ERROR', 'TGT_SLOT_ERROR') --- 4 (0.1%)
('TGT_LEXICAL_ERROR', 'SRC_SLOT_ERROR') --- 66 (1.59%)
('TGT_LEXICAL_ERROR',) --- 225 (5.43%)
('SRC_LEXICAL_ERROR', 'TGT_SLOT_ERROR') --- 66 (1.59%)
('SRC_LEXICAL_ERROR',) --- 291 (7.02%)
('POS_PAIR_ERROR', 'SRC_SLOT_ERROR', 'TGT_SLOT_ERROR') --- 120 (2.89%)
('SRC_LEXICAL_ERROR', 'TGT_LEXICAL_ERROR') --- 40 (0.96%)
('POS_PAIR_ERROR', 'TGT_POS_ERROR', 'SRC_SLOT_ERROR', 'TGT_SLOT_ERROR') --- 7 (0.17%)
('POS_PAIR_ERROR', 'SRC_POS_ERROR', 'SRC_SLOT_ERROR', 'TGT_SLOT_ERROR') --- 7 (0.17%)
('PARADIGM_ERROR',) --- 76 (1.83%)
('TGT_POS_ERROR', 'SRC_SLOT_ERROR', 'TGT_SLOT_ERROR') --- 23 (0.55%)
('SRC_POS_ERROR', 'SRC_SLOT_ERROR', 'TGT_SLOT_ERROR') --- 23 (0.55%)
('POS_PAIR_ERROR', 'TGT_POS_ERROR', 'TGT_SLOT_ERROR') --- 4 (0.1%)
('POS_PAIR_ERROR', 'SRC_POS_ERROR', 'SRC_SLOT_ERROR') --- 4 (0.1%)
('SRC_POS_ERROR', 'TGT_POS_ERROR', 'SRC_SLOT_ERROR') --- 9 (0.22%)
('SRC_POS_ERROR', 'TGT_POS_ERROR', 'TGT_SLOT_ERROR') --- 9 (0.22%)
('TGT_POS_ERROR', 'TGT_SLOT_ERROR') --- 12 (0.29%)
('SRC_POS_ERROR', 'SRC_SLOT_ERROR') --- 12 (0.29%)
('POS_PAIR_ERROR', 'SRC_POS_ERROR', 'TGT_POS_ERROR', 'SRC_SLOT_ERROR') --- 2 (0.05%)
('POS_PAIR_ERROR', 'SRC_POS_ERROR', 'TGT_POS_ERROR', 'TGT_SLOT_ERROR') --- 2 (0.05%)
('POS_PAIR_ERROR', 'TGT_POS_ERROR', 'SRC_SLOT_ERROR') --- 1 (0.02%)
('POS_PAIR_ERROR', 'SRC_POS_ERROR', 'TGT_SLOT_ERROR') --- 1 (0.02%)
Summarizing sampled data...
4146 total samples

Found 1381 (33.31%) samples with an MSD that does not actually occur in UniMorph
Invalid tags:
{'V;ACT;NFIN;COMPOUND', 'V.CVB', 'ADJ;INDF;NOM;PL', 'N;INDF;NOM;SG;COMPOUND', 'PRN', 'ADJ;DEF;PL', 'PRN;NEUT;SG', 'N;DEF;PL', 'ADJ;PRS;GEN', 'ADJ;INDF;GEN;PL', 'ADJ;PRS', 'PRN;SG', 'DET;SG', 'PROPN;MASC', 'N;DEF;SG', 'PRN;INDF;GEN;PL', 'PRN;DEF;ACC;PL', 'N;INDF;PL', 'PRN;NOM;NEUT;SG', 'V.CVB;COMPV'}

Output dataset full fine-grained annotation distribution:
C -- 768 (18.52%)
POS_PAIR_ERROR -- 494 (11.92%)
SRC_POS_ERROR;TGT_POS_ERROR;SRC_SLOT_ERROR;TGT_SLOT_ERROR -- 388 (9.36%)
TGT_SLOT_ERROR -- 363 (8.76%)
SRC_SLOT_ERROR -- 363 (8.76%)
SRC_LEXICAL_ERROR -- 291 (7.02%)
TGT_LEXICAL_ERROR -- 225 (5.43%)
SRC_SLOT_ERROR;TGT_SLOT_ERROR -- 208 (5.02%)
POS_PAIR_ERROR;TGT_SLOT_ERROR -- 151 (3.64%)
POS_PAIR_ERROR;SRC_SLOT_ERROR -- 151 (3.64%)
POS_PAIR_ERROR;SRC_SLOT_ERROR;TGT_SLOT_ERROR -- 120 (2.89%)
PARADIGM_ERROR;TGT_SLOT_ERROR -- 99 (2.39%)
PARADIGM_ERROR;SRC_SLOT_ERROR -- 99 (2.39%)
PARADIGM_ERROR -- 76 (1.83%)
TGT_LEXICAL_ERROR;SRC_SLOT_ERROR -- 66 (1.59%)
SRC_LEXICAL_ERROR;TGT_SLOT_ERROR -- 66 (1.59%)
PARADIGM_ERROR;SRC_SLOT_ERROR;TGT_SLOT_ERROR -- 58 (1.4%)
SRC_LEXICAL_ERROR;TGT_LEXICAL_ERROR -- 40 (0.96%)
TGT_POS_ERROR;SRC_SLOT_ERROR;TGT_SLOT_ERROR -- 23 (0.55%)
SRC_POS_ERROR;SRC_SLOT_ERROR;TGT_SLOT_ERROR -- 23 (0.55%)
TGT_POS_ERROR;TGT_SLOT_ERROR -- 12 (0.29%)
SRC_POS_ERROR;SRC_SLOT_ERROR -- 12 (0.29%)
SRC_POS_ERROR;TGT_POS_ERROR;SRC_SLOT_ERROR -- 9 (0.22%)
SRC_POS_ERROR;TGT_POS_ERROR;TGT_SLOT_ERROR -- 9 (0.22%)
POS_PAIR_ERROR;TGT_POS_ERROR;SRC_SLOT_ERROR;TGT_SLOT_ERROR -- 7 (0.17%)
POS_PAIR_ERROR;SRC_POS_ERROR;SRC_SLOT_ERROR;TGT_SLOT_ERROR -- 7 (0.17%)
POS_PAIR_ERROR;SRC_POS_ERROR;TGT_POS_ERROR;SRC_SLOT_ERROR;TGT_SLOT_ERROR -- 4 (0.1%)
POS_PAIR_ERROR;TGT_POS_ERROR;TGT_SLOT_ERROR -- 4 (0.1%)
POS_PAIR_ERROR;SRC_POS_ERROR;SRC_SLOT_ERROR -- 4 (0.1%)
POS_PAIR_ERROR;SRC_POS_ERROR;TGT_POS_ERROR;SRC_SLOT_ERROR -- 2 (0.05%)
POS_PAIR_ERROR;SRC_POS_ERROR;TGT_POS_ERROR;TGT_SLOT_ERROR -- 2 (0.05%)
POS_PAIR_ERROR;TGT_POS_ERROR;SRC_SLOT_ERROR -- 1 (0.02%)
POS_PAIR_ERROR;SRC_POS_ERROR;TGT_SLOT_ERROR -- 1 (0.02%)

Output dataset percents of each coarse grained tag
SLOT_ERROR -- 934 (22.53%)
C -- 768 (18.52%)
LEXICAL_ERROR -- 556 (13.41%)
POS_PAIR_ERROR -- 494 (11.92%)
POS_ERROR;SLOT_ERROR -- 476 (11.48%)
POS_PAIR_ERROR;SLOT_ERROR -- 422 (10.18%)
PARADIGM_ERROR;SLOT_ERROR -- 256 (6.17%)
LEXICAL_ERROR;SLOT_ERROR -- 132 (3.18%)
PARADIGM_ERROR -- 76 (1.83%)
POS_ERROR;POS_PAIR_ERROR;SLOT_ERROR -- 32 (0.77%)

Distribution of parts of speech in sampled data:
V.PTCP -- 846 (10.2%)
V -- 3213 (38.75%)
ADJ -- 1774 (21.39%)
N -- 2099 (25.31%)
V.CVB -- 268 (3.23%)
PRN -- 36 (0.43%)
DET -- 46 (0.55%)
PROPN -- 10 (0.12%)
Writing 4146 total samples to data/sampled/leave-one-out/MAPPED_POS_PAIR_ERROR/swe_sampled.tsv
