Loaded 45096 annotations
Filtering UNK/ERR annotations
Removed 40392, (89.57%) samples (due to Apertium analysis errors, unknown analyses, or invalid MSDs)
Found 688 lexical errors
Including only ('POS_PAIR_ERROR;SLOT_ERROR', 'C') in the dataset
('SRC_SLOT_ERROR', 'TGT_SLOT_ERROR')
('TGT_SLOT_ERROR',)
('C',)
Including data for ('C',)...
('PARADIGM_ERROR', 'SRC_SLOT_ERROR', 'TGT_SLOT_ERROR')
('PARADIGM_ERROR', 'TGT_SLOT_ERROR')
('PARADIGM_ERROR', 'SRC_SLOT_ERROR')
('SRC_POS_ERROR', 'TGT_POS_ERROR', 'SRC_SLOT_ERROR', 'TGT_SLOT_ERROR')
('POS_PAIR_ERROR',)
('POS_PAIR_ERROR', 'TGT_SLOT_ERROR')
Including data for ('POS_PAIR_ERROR', 'SLOT_ERROR')...
('POS_PAIR_ERROR', 'SRC_SLOT_ERROR')
Including data for ('POS_PAIR_ERROR', 'SLOT_ERROR')...
('POS_PAIR_ERROR', 'SRC_POS_ERROR', 'TGT_POS_ERROR', 'SRC_SLOT_ERROR', 'TGT_SLOT_ERROR')
('TGT_LEXICAL_ERROR', 'SRC_SLOT_ERROR')
('TGT_LEXICAL_ERROR',)
('SRC_LEXICAL_ERROR', 'TGT_SLOT_ERROR')
('SRC_LEXICAL_ERROR',)
('POS_PAIR_ERROR', 'SRC_SLOT_ERROR', 'TGT_SLOT_ERROR')
Including data for ('POS_PAIR_ERROR', 'SLOT_ERROR')...
('SRC_LEXICAL_ERROR', 'TGT_LEXICAL_ERROR')
('POS_PAIR_ERROR', 'TGT_POS_ERROR', 'SRC_SLOT_ERROR', 'TGT_SLOT_ERROR')
('POS_PAIR_ERROR', 'SRC_POS_ERROR', 'SRC_SLOT_ERROR', 'TGT_SLOT_ERROR')
('PARADIGM_ERROR',)
('TGT_POS_ERROR', 'SRC_SLOT_ERROR', 'TGT_SLOT_ERROR')
('SRC_POS_ERROR', 'SRC_SLOT_ERROR', 'TGT_SLOT_ERROR')
('POS_PAIR_ERROR', 'TGT_POS_ERROR', 'TGT_SLOT_ERROR')
('POS_PAIR_ERROR', 'SRC_POS_ERROR', 'SRC_SLOT_ERROR')
('SRC_POS_ERROR', 'TGT_POS_ERROR', 'SRC_SLOT_ERROR')
('SRC_POS_ERROR', 'TGT_POS_ERROR', 'TGT_SLOT_ERROR')
('TGT_POS_ERROR', 'TGT_SLOT_ERROR')
('SRC_POS_ERROR', 'SRC_SLOT_ERROR')
('POS_PAIR_ERROR', 'SRC_POS_ERROR', 'TGT_POS_ERROR', 'SRC_SLOT_ERROR')
('POS_PAIR_ERROR', 'SRC_POS_ERROR', 'TGT_POS_ERROR', 'TGT_SLOT_ERROR')
('POS_PAIR_ERROR', 'TGT_POS_ERROR', 'SRC_SLOT_ERROR')
('POS_PAIR_ERROR', 'SRC_POS_ERROR', 'TGT_SLOT_ERROR')

 Existing samples distribution:
('C',) --- 1689 (80.01%)
('POS_PAIR_ERROR', 'TGT_SLOT_ERROR') --- 151 (7.15%)
('POS_PAIR_ERROR', 'SRC_SLOT_ERROR') --- 151 (7.15%)
('POS_PAIR_ERROR', 'SRC_SLOT_ERROR', 'TGT_SLOT_ERROR') --- 120 (5.68%)
Summarizing sampled data...
2111 total samples

Found 658 (31.17%) samples with an MSD that does not actually occur in UniMorph
Invalid tags:
{'ADJ;INDF;GEN;PL', 'N;INDF;PL', 'ADJ;DEF;PL', 'N;DEF;SG', 'N;DEF;PL', 'ADJ;PRS', 'V.CVB;COMPV', 'V.CVB'}

Output dataset full fine-grained annotation distribution:
C -- 1689 (80.01%)
POS_PAIR_ERROR;TGT_SLOT_ERROR -- 151 (7.15%)
POS_PAIR_ERROR;SRC_SLOT_ERROR -- 151 (7.15%)
POS_PAIR_ERROR;SRC_SLOT_ERROR;TGT_SLOT_ERROR -- 120 (5.68%)

Output dataset percents of each coarse grained tag
C -- 1689 (80.01%)
POS_PAIR_ERROR;SLOT_ERROR -- 422 (19.99%)

Distribution of parts of speech in sampled data:
V.PTCP -- 276 (6.54%)
V -- 1996 (47.28%)
ADJ -- 908 (21.51%)
N -- 911 (21.58%)
V.CVB -- 131 (3.1%)
Writing 2111 total samples to data/sampled/add-one-in/POS_PAIR_ERROR;SLOT_ERROR/swe_sampled.tsv
