Loaded 105492 annotations
Filtering UNK/ERR annotations
Removed 92341, (87.53%) samples (due to Apertium analysis errors, unknown analyses, or invalid MSDs)
Found 139 lexical errors
Removing ('POS_PAIR_ERROR',) from the dataset
('C',)
('TGT_SLOT_ERROR',)
('POS_PAIR_ERROR',)
Ignoring data for ('POS_PAIR_ERROR',)...
('PARADIGM_ERROR', 'SRC_SLOT_ERROR')
('PARADIGM_ERROR', 'SRC_SLOT_ERROR', 'TGT_SLOT_ERROR')
('PARADIGM_ERROR', 'TGT_SLOT_ERROR')
('SRC_SLOT_ERROR', 'TGT_SLOT_ERROR')
('POS_PAIR_ERROR', 'SRC_SLOT_ERROR')
('POS_PAIR_ERROR', 'TGT_SLOT_ERROR')
('PARADIGM_ERROR',)
('POS_PAIR_ERROR', 'SRC_SLOT_ERROR', 'TGT_SLOT_ERROR')
('POS_PAIR_ERROR', 'SRC_POS_ERROR', 'TGT_SLOT_ERROR')
('POS_PAIR_ERROR', 'TGT_POS_ERROR', 'SRC_SLOT_ERROR')
('POS_PAIR_ERROR', 'SRC_POS_ERROR')
('POS_PAIR_ERROR', 'TGT_POS_ERROR')
('TGT_LEXICAL_ERROR',)
('SRC_LEXICAL_ERROR',)
('TGT_LEXICAL_ERROR', 'SRC_SLOT_ERROR')
('SRC_LEXICAL_ERROR', 'TGT_SLOT_ERROR')
('SRC_LEXICAL_ERROR', 'TGT_LEXICAL_ERROR')
('SRC_POS_ERROR', 'TGT_POS_ERROR', 'TGT_SLOT_ERROR')
('SRC_POS_ERROR', 'TGT_POS_ERROR', 'SRC_SLOT_ERROR')
('SRC_POS_ERROR', 'TGT_POS_ERROR', 'SRC_SLOT_ERROR', 'TGT_SLOT_ERROR')
('TGT_POS_ERROR', 'SRC_SLOT_ERROR', 'TGT_SLOT_ERROR')
('SRC_POS_ERROR', 'SRC_SLOT_ERROR', 'TGT_SLOT_ERROR')
('SRC_POS_ERROR', 'SRC_SLOT_ERROR')
('TGT_POS_ERROR', 'TGT_SLOT_ERROR')
('SRC_POS_ERROR', 'TGT_POS_ERROR')
('POS_PAIR_ERROR', 'SRC_POS_ERROR', 'SRC_SLOT_ERROR', 'TGT_SLOT_ERROR')
('POS_PAIR_ERROR', 'TGT_POS_ERROR', 'SRC_SLOT_ERROR', 'TGT_SLOT_ERROR')

 Existing samples distribution:
('C',) --- 7194 (56.08%)
('TGT_SLOT_ERROR',) --- 1390 (10.83%)
('PARADIGM_ERROR', 'SRC_SLOT_ERROR') --- 64 (0.5%)
('PARADIGM_ERROR', 'SRC_SLOT_ERROR', 'TGT_SLOT_ERROR') --- 50 (0.39%)
('PARADIGM_ERROR', 'TGT_SLOT_ERROR') --- 64 (0.5%)
('SRC_SLOT_ERROR', 'TGT_SLOT_ERROR') --- 2462 (19.19%)
('POS_PAIR_ERROR', 'SRC_SLOT_ERROR') --- 65 (0.51%)
('POS_PAIR_ERROR', 'TGT_SLOT_ERROR') --- 65 (0.51%)
('PARADIGM_ERROR',) --- 674 (5.25%)
('POS_PAIR_ERROR', 'SRC_SLOT_ERROR', 'TGT_SLOT_ERROR') --- 66 (0.51%)
('POS_PAIR_ERROR', 'SRC_POS_ERROR', 'TGT_SLOT_ERROR') --- 11 (0.09%)
('POS_PAIR_ERROR', 'TGT_POS_ERROR', 'SRC_SLOT_ERROR') --- 11 (0.09%)
('POS_PAIR_ERROR', 'SRC_POS_ERROR') --- 18 (0.14%)
('POS_PAIR_ERROR', 'TGT_POS_ERROR') --- 18 (0.14%)
('TGT_LEXICAL_ERROR',) --- 14 (0.11%)
('SRC_LEXICAL_ERROR',) --- 99 (0.77%)
('TGT_LEXICAL_ERROR', 'SRC_SLOT_ERROR') --- 4 (0.03%)
('SRC_LEXICAL_ERROR', 'TGT_SLOT_ERROR') --- 4 (0.03%)
('SRC_LEXICAL_ERROR', 'TGT_LEXICAL_ERROR') --- 18 (0.14%)
('SRC_POS_ERROR', 'TGT_POS_ERROR', 'TGT_SLOT_ERROR') --- 7 (0.05%)
('SRC_POS_ERROR', 'TGT_POS_ERROR', 'SRC_SLOT_ERROR') --- 7 (0.05%)
('SRC_POS_ERROR', 'TGT_POS_ERROR', 'SRC_SLOT_ERROR', 'TGT_SLOT_ERROR') --- 396 (3.09%)
('TGT_POS_ERROR', 'SRC_SLOT_ERROR', 'TGT_SLOT_ERROR') --- 40 (0.31%)
('SRC_POS_ERROR', 'SRC_SLOT_ERROR', 'TGT_SLOT_ERROR') --- 40 (0.31%)
('SRC_POS_ERROR', 'SRC_SLOT_ERROR') --- 8 (0.06%)
('TGT_POS_ERROR', 'TGT_SLOT_ERROR') --- 8 (0.06%)
('SRC_POS_ERROR', 'TGT_POS_ERROR') --- 6 (0.05%)
('POS_PAIR_ERROR', 'SRC_POS_ERROR', 'SRC_SLOT_ERROR', 'TGT_SLOT_ERROR') --- 13 (0.1%)
('POS_PAIR_ERROR', 'TGT_POS_ERROR', 'SRC_SLOT_ERROR', 'TGT_SLOT_ERROR') --- 13 (0.1%)
Summarizing sampled data...
12829 total samples

Found 2257 (17.59%) samples with an MSD that does not actually occur in UniMorph
Invalid tags:
{'PRN;DAT;3;SG', 'PRN;INS;3;SG', 'DET;ACC;PL', 'V.CVB', 'ADJ;ACC;MASC;SG', 'PRN;NOM;2;SG', 'NUM;GEN;PL', 'V;2;PL', 'ADJ;ACC;PL', 'NUM;NOM;PL', 'PRN;NOM;3;SG', 'DET;PL', 'V;IMP;1;PL', 'DET;NOM;SG', 'PRN;ACC;3;SG', 'PRN;DAT;SG'}

Output dataset full fine-grained annotation distribution:
C -- 7194 (56.08%)
SRC_SLOT_ERROR;TGT_SLOT_ERROR -- 2462 (19.19%)
TGT_SLOT_ERROR -- 1390 (10.83%)
PARADIGM_ERROR -- 674 (5.25%)
SRC_POS_ERROR;TGT_POS_ERROR;SRC_SLOT_ERROR;TGT_SLOT_ERROR -- 396 (3.09%)
SRC_LEXICAL_ERROR -- 99 (0.77%)
POS_PAIR_ERROR;SRC_SLOT_ERROR;TGT_SLOT_ERROR -- 66 (0.51%)
POS_PAIR_ERROR;SRC_SLOT_ERROR -- 65 (0.51%)
POS_PAIR_ERROR;TGT_SLOT_ERROR -- 65 (0.51%)
PARADIGM_ERROR;SRC_SLOT_ERROR -- 64 (0.5%)
PARADIGM_ERROR;TGT_SLOT_ERROR -- 64 (0.5%)
PARADIGM_ERROR;SRC_SLOT_ERROR;TGT_SLOT_ERROR -- 50 (0.39%)
TGT_POS_ERROR;SRC_SLOT_ERROR;TGT_SLOT_ERROR -- 40 (0.31%)
SRC_POS_ERROR;SRC_SLOT_ERROR;TGT_SLOT_ERROR -- 40 (0.31%)
POS_PAIR_ERROR;SRC_POS_ERROR -- 18 (0.14%)
POS_PAIR_ERROR;TGT_POS_ERROR -- 18 (0.14%)
SRC_LEXICAL_ERROR;TGT_LEXICAL_ERROR -- 18 (0.14%)
TGT_LEXICAL_ERROR -- 14 (0.11%)
POS_PAIR_ERROR;SRC_POS_ERROR;SRC_SLOT_ERROR;TGT_SLOT_ERROR -- 13 (0.1%)
POS_PAIR_ERROR;TGT_POS_ERROR;SRC_SLOT_ERROR;TGT_SLOT_ERROR -- 13 (0.1%)
POS_PAIR_ERROR;SRC_POS_ERROR;TGT_SLOT_ERROR -- 11 (0.09%)
POS_PAIR_ERROR;TGT_POS_ERROR;SRC_SLOT_ERROR -- 11 (0.09%)
SRC_POS_ERROR;SRC_SLOT_ERROR -- 8 (0.06%)
TGT_POS_ERROR;TGT_SLOT_ERROR -- 8 (0.06%)
SRC_POS_ERROR;TGT_POS_ERROR;TGT_SLOT_ERROR -- 7 (0.05%)
SRC_POS_ERROR;TGT_POS_ERROR;SRC_SLOT_ERROR -- 7 (0.05%)
SRC_POS_ERROR;TGT_POS_ERROR -- 6 (0.05%)
TGT_LEXICAL_ERROR;SRC_SLOT_ERROR -- 4 (0.03%)
SRC_LEXICAL_ERROR;TGT_SLOT_ERROR -- 4 (0.03%)

Output dataset percents of each coarse grained tag
C -- 7194 (56.08%)
SLOT_ERROR -- 3852 (30.03%)
PARADIGM_ERROR -- 674 (5.25%)
POS_ERROR;SLOT_ERROR -- 506 (3.94%)
POS_PAIR_ERROR;SLOT_ERROR -- 196 (1.53%)
PARADIGM_ERROR;SLOT_ERROR -- 178 (1.39%)
LEXICAL_ERROR -- 131 (1.02%)
POS_ERROR;POS_PAIR_ERROR;SLOT_ERROR -- 48 (0.37%)
POS_ERROR;POS_PAIR_ERROR -- 36 (0.28%)
LEXICAL_ERROR;SLOT_ERROR -- 8 (0.06%)
POS_ERROR -- 6 (0.05%)

Distribution of parts of speech in sampled data:
V.CVB -- 1366 (5.32%)
V -- 9555 (37.24%)
V.PTCP -- 281 (1.1%)
ADJ -- 6979 (27.2%)
N -- 7391 (28.81%)
PRN -- 59 (0.23%)
DET -- 23 (0.09%)
NUM -- 4 (0.02%)
Writing 12829 total samples to data/sampled/leave-one-out/POS_PAIR_ERROR/rus_sampled.tsv
