Loaded 45096 annotations
Filtering UNK/ERR annotations
Removed 40392, (89.57%) samples (due to Apertium analysis errors, unknown analyses, or invalid MSDs)
Found 688 lexical errors
Removing ('POS_PAIR_ERROR',) from the dataset
('SRC_SLOT_ERROR', 'TGT_SLOT_ERROR')
('TGT_SLOT_ERROR',)
('C',)
('PARADIGM_ERROR', 'SRC_SLOT_ERROR', 'TGT_SLOT_ERROR')
('PARADIGM_ERROR', 'TGT_SLOT_ERROR')
('PARADIGM_ERROR', 'SRC_SLOT_ERROR')
('SRC_POS_ERROR', 'TGT_POS_ERROR', 'SRC_SLOT_ERROR', 'TGT_SLOT_ERROR')
('POS_PAIR_ERROR',)
Ignoring data for ('POS_PAIR_ERROR',)...
('POS_PAIR_ERROR', 'TGT_SLOT_ERROR')
('POS_PAIR_ERROR', 'SRC_SLOT_ERROR')
('POS_PAIR_ERROR', 'SRC_POS_ERROR', 'TGT_POS_ERROR', 'SRC_SLOT_ERROR', 'TGT_SLOT_ERROR')
('TGT_LEXICAL_ERROR', 'SRC_SLOT_ERROR')
('TGT_LEXICAL_ERROR',)
('SRC_LEXICAL_ERROR', 'TGT_SLOT_ERROR')
('SRC_LEXICAL_ERROR',)
('POS_PAIR_ERROR', 'SRC_SLOT_ERROR', 'TGT_SLOT_ERROR')
('SRC_LEXICAL_ERROR', 'TGT_LEXICAL_ERROR')
('POS_PAIR_ERROR', 'TGT_POS_ERROR', 'SRC_SLOT_ERROR', 'TGT_SLOT_ERROR')
('POS_PAIR_ERROR', 'SRC_POS_ERROR', 'SRC_SLOT_ERROR', 'TGT_SLOT_ERROR')
('PARADIGM_ERROR',)
('TGT_POS_ERROR', 'SRC_SLOT_ERROR', 'TGT_SLOT_ERROR')
('SRC_POS_ERROR', 'SRC_SLOT_ERROR', 'TGT_SLOT_ERROR')
('POS_PAIR_ERROR', 'TGT_POS_ERROR', 'TGT_SLOT_ERROR')
('POS_PAIR_ERROR', 'SRC_POS_ERROR', 'SRC_SLOT_ERROR')
('SRC_POS_ERROR', 'TGT_POS_ERROR', 'SRC_SLOT_ERROR')
('SRC_POS_ERROR', 'TGT_POS_ERROR', 'TGT_SLOT_ERROR')
('TGT_POS_ERROR', 'TGT_SLOT_ERROR')
('SRC_POS_ERROR', 'SRC_SLOT_ERROR')
('POS_PAIR_ERROR', 'SRC_POS_ERROR', 'TGT_POS_ERROR', 'SRC_SLOT_ERROR')
('POS_PAIR_ERROR', 'SRC_POS_ERROR', 'TGT_POS_ERROR', 'TGT_SLOT_ERROR')
('POS_PAIR_ERROR', 'TGT_POS_ERROR', 'SRC_SLOT_ERROR')
('POS_PAIR_ERROR', 'SRC_POS_ERROR', 'TGT_SLOT_ERROR')

 Existing samples distribution:
('SRC_SLOT_ERROR', 'TGT_SLOT_ERROR') --- 208 (4.94%)
('TGT_SLOT_ERROR',) --- 363 (8.62%)
('C',) --- 1689 (40.12%)
('PARADIGM_ERROR', 'SRC_SLOT_ERROR', 'TGT_SLOT_ERROR') --- 58 (1.38%)
('PARADIGM_ERROR', 'TGT_SLOT_ERROR') --- 99 (2.35%)
('PARADIGM_ERROR', 'SRC_SLOT_ERROR') --- 99 (2.35%)
('SRC_POS_ERROR', 'TGT_POS_ERROR', 'SRC_SLOT_ERROR', 'TGT_SLOT_ERROR') --- 388 (9.22%)
('POS_PAIR_ERROR', 'TGT_SLOT_ERROR') --- 151 (3.59%)
('POS_PAIR_ERROR', 'SRC_SLOT_ERROR') --- 151 (3.59%)
('POS_PAIR_ERROR', 'SRC_POS_ERROR', 'TGT_POS_ERROR', 'SRC_SLOT_ERROR', 'TGT_SLOT_ERROR') --- 4 (0.1%)
('TGT_LEXICAL_ERROR', 'SRC_SLOT_ERROR') --- 66 (1.57%)
('TGT_LEXICAL_ERROR',) --- 225 (5.34%)
('SRC_LEXICAL_ERROR', 'TGT_SLOT_ERROR') --- 66 (1.57%)
('SRC_LEXICAL_ERROR',) --- 291 (6.91%)
('POS_PAIR_ERROR', 'SRC_SLOT_ERROR', 'TGT_SLOT_ERROR') --- 120 (2.85%)
('SRC_LEXICAL_ERROR', 'TGT_LEXICAL_ERROR') --- 40 (0.95%)
('POS_PAIR_ERROR', 'TGT_POS_ERROR', 'SRC_SLOT_ERROR', 'TGT_SLOT_ERROR') --- 7 (0.17%)
('POS_PAIR_ERROR', 'SRC_POS_ERROR', 'SRC_SLOT_ERROR', 'TGT_SLOT_ERROR') --- 7 (0.17%)
('PARADIGM_ERROR',) --- 76 (1.81%)
('TGT_POS_ERROR', 'SRC_SLOT_ERROR', 'TGT_SLOT_ERROR') --- 23 (0.55%)
('SRC_POS_ERROR', 'SRC_SLOT_ERROR', 'TGT_SLOT_ERROR') --- 23 (0.55%)
('POS_PAIR_ERROR', 'TGT_POS_ERROR', 'TGT_SLOT_ERROR') --- 4 (0.1%)
('POS_PAIR_ERROR', 'SRC_POS_ERROR', 'SRC_SLOT_ERROR') --- 4 (0.1%)
('SRC_POS_ERROR', 'TGT_POS_ERROR', 'SRC_SLOT_ERROR') --- 9 (0.21%)
('SRC_POS_ERROR', 'TGT_POS_ERROR', 'TGT_SLOT_ERROR') --- 9 (0.21%)
('TGT_POS_ERROR', 'TGT_SLOT_ERROR') --- 12 (0.29%)
('SRC_POS_ERROR', 'SRC_SLOT_ERROR') --- 12 (0.29%)
('POS_PAIR_ERROR', 'SRC_POS_ERROR', 'TGT_POS_ERROR', 'SRC_SLOT_ERROR') --- 2 (0.05%)
('POS_PAIR_ERROR', 'SRC_POS_ERROR', 'TGT_POS_ERROR', 'TGT_SLOT_ERROR') --- 2 (0.05%)
('POS_PAIR_ERROR', 'TGT_POS_ERROR', 'SRC_SLOT_ERROR') --- 1 (0.02%)
('POS_PAIR_ERROR', 'SRC_POS_ERROR', 'TGT_SLOT_ERROR') --- 1 (0.02%)
Summarizing sampled data...
4210 total samples

Found 1605 (38.12%) samples with an MSD that does not actually occur in UniMorph
Invalid tags:
{'PRN;NEUT;SG', 'ADJ;PRS', 'N;INDF;PL', 'V;ACT;NFIN;COMPOUND', 'ADJ;DEF;PL', 'N;DEF;SG', 'N;INDF;NOM;SG;COMPOUND', 'ADJ;INDF;GEN;PL', 'ADJ;PRS;GEN', 'N;DEF;PL', 'ADJ;INDF;NOM;PL', 'PRN;SG', 'V.CVB', 'PRN;DEF;ACC;PL', 'PRN', 'PROPN;MASC', 'PRN;NOM;NEUT;SG', 'PRN;INDF;GEN;PL', 'DET;SG', 'V.CVB;COMPV'}

Output dataset full fine-grained annotation distribution:
C -- 1689 (40.12%)
SRC_POS_ERROR;TGT_POS_ERROR;SRC_SLOT_ERROR;TGT_SLOT_ERROR -- 388 (9.22%)
TGT_SLOT_ERROR -- 363 (8.62%)
SRC_LEXICAL_ERROR -- 291 (6.91%)
TGT_LEXICAL_ERROR -- 225 (5.34%)
SRC_SLOT_ERROR;TGT_SLOT_ERROR -- 208 (4.94%)
POS_PAIR_ERROR;TGT_SLOT_ERROR -- 151 (3.59%)
POS_PAIR_ERROR;SRC_SLOT_ERROR -- 151 (3.59%)
POS_PAIR_ERROR;SRC_SLOT_ERROR;TGT_SLOT_ERROR -- 120 (2.85%)
PARADIGM_ERROR;TGT_SLOT_ERROR -- 99 (2.35%)
PARADIGM_ERROR;SRC_SLOT_ERROR -- 99 (2.35%)
PARADIGM_ERROR -- 76 (1.81%)
TGT_LEXICAL_ERROR;SRC_SLOT_ERROR -- 66 (1.57%)
SRC_LEXICAL_ERROR;TGT_SLOT_ERROR -- 66 (1.57%)
PARADIGM_ERROR;SRC_SLOT_ERROR;TGT_SLOT_ERROR -- 58 (1.38%)
SRC_LEXICAL_ERROR;TGT_LEXICAL_ERROR -- 40 (0.95%)
TGT_POS_ERROR;SRC_SLOT_ERROR;TGT_SLOT_ERROR -- 23 (0.55%)
SRC_POS_ERROR;SRC_SLOT_ERROR;TGT_SLOT_ERROR -- 23 (0.55%)
TGT_POS_ERROR;TGT_SLOT_ERROR -- 12 (0.29%)
SRC_POS_ERROR;SRC_SLOT_ERROR -- 12 (0.29%)
SRC_POS_ERROR;TGT_POS_ERROR;SRC_SLOT_ERROR -- 9 (0.21%)
SRC_POS_ERROR;TGT_POS_ERROR;TGT_SLOT_ERROR -- 9 (0.21%)
POS_PAIR_ERROR;TGT_POS_ERROR;SRC_SLOT_ERROR;TGT_SLOT_ERROR -- 7 (0.17%)
POS_PAIR_ERROR;SRC_POS_ERROR;SRC_SLOT_ERROR;TGT_SLOT_ERROR -- 7 (0.17%)
POS_PAIR_ERROR;SRC_POS_ERROR;TGT_POS_ERROR;SRC_SLOT_ERROR;TGT_SLOT_ERROR -- 4 (0.1%)
POS_PAIR_ERROR;TGT_POS_ERROR;TGT_SLOT_ERROR -- 4 (0.1%)
POS_PAIR_ERROR;SRC_POS_ERROR;SRC_SLOT_ERROR -- 4 (0.1%)
POS_PAIR_ERROR;SRC_POS_ERROR;TGT_POS_ERROR;SRC_SLOT_ERROR -- 2 (0.05%)
POS_PAIR_ERROR;SRC_POS_ERROR;TGT_POS_ERROR;TGT_SLOT_ERROR -- 2 (0.05%)
POS_PAIR_ERROR;TGT_POS_ERROR;SRC_SLOT_ERROR -- 1 (0.02%)
POS_PAIR_ERROR;SRC_POS_ERROR;TGT_SLOT_ERROR -- 1 (0.02%)

Output dataset percents of each coarse grained tag
C -- 1689 (40.12%)
SLOT_ERROR -- 571 (13.56%)
LEXICAL_ERROR -- 556 (13.21%)
POS_ERROR;SLOT_ERROR -- 476 (11.31%)
POS_PAIR_ERROR;SLOT_ERROR -- 422 (10.02%)
PARADIGM_ERROR;SLOT_ERROR -- 256 (6.08%)
LEXICAL_ERROR;SLOT_ERROR -- 132 (3.14%)
PARADIGM_ERROR -- 76 (1.81%)
POS_ERROR;POS_PAIR_ERROR;SLOT_ERROR -- 32 (0.76%)

Distribution of parts of speech in sampled data:
V.PTCP -- 722 (8.57%)
V -- 3313 (39.35%)
ADJ -- 1976 (23.47%)
N -- 2049 (24.33%)
V.CVB -- 268 (3.18%)
PRN -- 36 (0.43%)
DET -- 46 (0.55%)
PROPN -- 10 (0.12%)
Writing 4210 total samples to data/sampled/leave-one-out/POS_PAIR_ERROR/swe_sampled.tsv
