Loaded 24958 annotations
Filtering UNK/ERR annotations
Removed 21083, (84.47%) samples (due to Apertium analysis errors, unknown analyses, or invalid MSDs)
Found 185 lexical errors
Removing ('POS_PAIR_ERROR',) from the dataset
('C',)
('SRC_LEXICAL_ERROR',)
('PARADIGM_ERROR',)
('PARADIGM_ERROR', 'TGT_SLOT_ERROR')
('TGT_SLOT_ERROR',)
('PARADIGM_ERROR', 'SRC_SLOT_ERROR')
('SRC_SLOT_ERROR', 'TGT_SLOT_ERROR')
('PARADIGM_ERROR', 'SRC_SLOT_ERROR', 'TGT_SLOT_ERROR')
('POS_PAIR_ERROR',)
Ignoring data for ('POS_PAIR_ERROR',)...
('SRC_POS_ERROR', 'TGT_POS_ERROR', 'SRC_SLOT_ERROR', 'TGT_SLOT_ERROR')
('SRC_POS_ERROR', 'TGT_POS_ERROR')
('SRC_POS_ERROR', 'TGT_POS_ERROR', 'SRC_SLOT_ERROR')
('SRC_POS_ERROR', 'TGT_POS_ERROR', 'TGT_SLOT_ERROR')
('POS_PAIR_ERROR', 'SRC_SLOT_ERROR')
('TGT_LEXICAL_ERROR', 'SRC_SLOT_ERROR')
('TGT_LEXICAL_ERROR',)
('POS_PAIR_ERROR', 'TGT_SLOT_ERROR')
('SRC_LEXICAL_ERROR', 'TGT_SLOT_ERROR')
('POS_PAIR_ERROR', 'SRC_POS_ERROR', 'SRC_SLOT_ERROR', 'TGT_SLOT_ERROR')
('POS_PAIR_ERROR', 'TGT_POS_ERROR', 'SRC_SLOT_ERROR', 'TGT_SLOT_ERROR')
('SRC_LEXICAL_ERROR', 'TGT_LEXICAL_ERROR')
('POS_PAIR_ERROR', 'TGT_POS_ERROR', 'SRC_SLOT_ERROR')
('POS_PAIR_ERROR', 'SRC_POS_ERROR', 'TGT_SLOT_ERROR')
('POS_PAIR_ERROR', 'SRC_POS_ERROR', 'TGT_POS_ERROR', 'TGT_SLOT_ERROR')
('POS_PAIR_ERROR', 'SRC_POS_ERROR', 'TGT_POS_ERROR', 'SRC_SLOT_ERROR')
('POS_PAIR_ERROR', 'SRC_SLOT_ERROR', 'TGT_SLOT_ERROR')
('TGT_POS_ERROR',)
('SRC_POS_ERROR',)
('SRC_POS_ERROR', 'TGT_SLOT_ERROR')
('TGT_POS_ERROR', 'SRC_SLOT_ERROR')
('POS_PAIR_ERROR', 'TGT_POS_ERROR', 'TGT_SLOT_ERROR')
('POS_PAIR_ERROR', 'SRC_POS_ERROR', 'SRC_SLOT_ERROR')
('SRC_POS_ERROR', 'SRC_SLOT_ERROR', 'TGT_SLOT_ERROR')
('TGT_POS_ERROR', 'SRC_SLOT_ERROR', 'TGT_SLOT_ERROR')
('POS_PAIR_ERROR', 'TGT_POS_ERROR')
('POS_PAIR_ERROR', 'SRC_POS_ERROR')
('SRC_POS_ERROR', 'SRC_SLOT_ERROR')
('TGT_POS_ERROR', 'TGT_SLOT_ERROR')
('POS_PAIR_ERROR', 'SRC_POS_ERROR', 'TGT_POS_ERROR')

 Existing samples distribution:
('C',) --- 1797 (50.03%)
('SRC_LEXICAL_ERROR',) --- 131 (3.65%)
('PARADIGM_ERROR',) --- 34 (0.95%)
('PARADIGM_ERROR', 'TGT_SLOT_ERROR') --- 29 (0.81%)
('TGT_SLOT_ERROR',) --- 330 (9.19%)
('PARADIGM_ERROR', 'SRC_SLOT_ERROR') --- 29 (0.81%)
('SRC_SLOT_ERROR', 'TGT_SLOT_ERROR') --- 402 (11.19%)
('PARADIGM_ERROR', 'SRC_SLOT_ERROR', 'TGT_SLOT_ERROR') --- 8 (0.22%)
('SRC_POS_ERROR', 'TGT_POS_ERROR', 'SRC_SLOT_ERROR', 'TGT_SLOT_ERROR') --- 534 (14.87%)
('SRC_POS_ERROR', 'TGT_POS_ERROR') --- 42 (1.17%)
('SRC_POS_ERROR', 'TGT_POS_ERROR', 'SRC_SLOT_ERROR') --- 33 (0.92%)
('SRC_POS_ERROR', 'TGT_POS_ERROR', 'TGT_SLOT_ERROR') --- 33 (0.92%)
('POS_PAIR_ERROR', 'SRC_SLOT_ERROR') --- 13 (0.36%)
('TGT_LEXICAL_ERROR', 'SRC_SLOT_ERROR') --- 5 (0.14%)
('TGT_LEXICAL_ERROR',) --- 4 (0.11%)
('POS_PAIR_ERROR', 'TGT_SLOT_ERROR') --- 13 (0.36%)
('SRC_LEXICAL_ERROR', 'TGT_SLOT_ERROR') --- 5 (0.14%)
('POS_PAIR_ERROR', 'SRC_POS_ERROR', 'SRC_SLOT_ERROR', 'TGT_SLOT_ERROR') --- 9 (0.25%)
('POS_PAIR_ERROR', 'TGT_POS_ERROR', 'SRC_SLOT_ERROR', 'TGT_SLOT_ERROR') --- 9 (0.25%)
('SRC_LEXICAL_ERROR', 'TGT_LEXICAL_ERROR') --- 40 (1.11%)
('POS_PAIR_ERROR', 'TGT_POS_ERROR', 'SRC_SLOT_ERROR') --- 5 (0.14%)
('POS_PAIR_ERROR', 'SRC_POS_ERROR', 'TGT_SLOT_ERROR') --- 5 (0.14%)
('POS_PAIR_ERROR', 'SRC_POS_ERROR', 'TGT_POS_ERROR', 'TGT_SLOT_ERROR') --- 8 (0.22%)
('POS_PAIR_ERROR', 'SRC_POS_ERROR', 'TGT_POS_ERROR', 'SRC_SLOT_ERROR') --- 8 (0.22%)
('POS_PAIR_ERROR', 'SRC_SLOT_ERROR', 'TGT_SLOT_ERROR') --- 14 (0.39%)
('TGT_POS_ERROR',) --- 4 (0.11%)
('SRC_POS_ERROR',) --- 4 (0.11%)
('SRC_POS_ERROR', 'TGT_SLOT_ERROR') --- 5 (0.14%)
('TGT_POS_ERROR', 'SRC_SLOT_ERROR') --- 5 (0.14%)
('POS_PAIR_ERROR', 'TGT_POS_ERROR', 'TGT_SLOT_ERROR') --- 6 (0.17%)
('POS_PAIR_ERROR', 'SRC_POS_ERROR', 'SRC_SLOT_ERROR') --- 6 (0.17%)
('SRC_POS_ERROR', 'SRC_SLOT_ERROR', 'TGT_SLOT_ERROR') --- 6 (0.17%)
('TGT_POS_ERROR', 'SRC_SLOT_ERROR', 'TGT_SLOT_ERROR') --- 6 (0.17%)
('POS_PAIR_ERROR', 'TGT_POS_ERROR') --- 3 (0.08%)
('POS_PAIR_ERROR', 'SRC_POS_ERROR') --- 3 (0.08%)
('SRC_POS_ERROR', 'SRC_SLOT_ERROR') --- 1 (0.03%)
('TGT_POS_ERROR', 'TGT_SLOT_ERROR') --- 1 (0.03%)
('POS_PAIR_ERROR', 'SRC_POS_ERROR', 'TGT_POS_ERROR') --- 2 (0.06%)
Summarizing sampled data...
3592 total samples

Found 991 (27.59%) samples with an MSD that does not actually occur in UniMorph
Invalid tags:
{'V.PTCP;PST;NOM;SG', 'PRN;INDF;ACC;PL', 'ADJ;NOM;SG', 'V.PTCP;PST;GEN;SG', 'ADJ;ACC;SG', 'PRN;INDF;ACC;SG', 'ADJ;NOM;PL', 'ADJ;ACC;PL', 'V.PTCP;PST;DAT;PL', 'V.PTCP;PST;ACC;PL', 'PRN;INDF;GEN;SG', 'V.PTCP;PST;ACC;SG'}

Output dataset full fine-grained annotation distribution:
C -- 1797 (50.03%)
SRC_POS_ERROR;TGT_POS_ERROR;SRC_SLOT_ERROR;TGT_SLOT_ERROR -- 534 (14.87%)
SRC_SLOT_ERROR;TGT_SLOT_ERROR -- 402 (11.19%)
TGT_SLOT_ERROR -- 330 (9.19%)
SRC_LEXICAL_ERROR -- 131 (3.65%)
SRC_POS_ERROR;TGT_POS_ERROR -- 42 (1.17%)
SRC_LEXICAL_ERROR;TGT_LEXICAL_ERROR -- 40 (1.11%)
PARADIGM_ERROR -- 34 (0.95%)
SRC_POS_ERROR;TGT_POS_ERROR;SRC_SLOT_ERROR -- 33 (0.92%)
SRC_POS_ERROR;TGT_POS_ERROR;TGT_SLOT_ERROR -- 33 (0.92%)
PARADIGM_ERROR;TGT_SLOT_ERROR -- 29 (0.81%)
PARADIGM_ERROR;SRC_SLOT_ERROR -- 29 (0.81%)
POS_PAIR_ERROR;SRC_SLOT_ERROR;TGT_SLOT_ERROR -- 14 (0.39%)
POS_PAIR_ERROR;SRC_SLOT_ERROR -- 13 (0.36%)
POS_PAIR_ERROR;TGT_SLOT_ERROR -- 13 (0.36%)
POS_PAIR_ERROR;SRC_POS_ERROR;SRC_SLOT_ERROR;TGT_SLOT_ERROR -- 9 (0.25%)
POS_PAIR_ERROR;TGT_POS_ERROR;SRC_SLOT_ERROR;TGT_SLOT_ERROR -- 9 (0.25%)
PARADIGM_ERROR;SRC_SLOT_ERROR;TGT_SLOT_ERROR -- 8 (0.22%)
POS_PAIR_ERROR;SRC_POS_ERROR;TGT_POS_ERROR;TGT_SLOT_ERROR -- 8 (0.22%)
POS_PAIR_ERROR;SRC_POS_ERROR;TGT_POS_ERROR;SRC_SLOT_ERROR -- 8 (0.22%)
POS_PAIR_ERROR;TGT_POS_ERROR;TGT_SLOT_ERROR -- 6 (0.17%)
POS_PAIR_ERROR;SRC_POS_ERROR;SRC_SLOT_ERROR -- 6 (0.17%)
SRC_POS_ERROR;SRC_SLOT_ERROR;TGT_SLOT_ERROR -- 6 (0.17%)
TGT_POS_ERROR;SRC_SLOT_ERROR;TGT_SLOT_ERROR -- 6 (0.17%)
TGT_LEXICAL_ERROR;SRC_SLOT_ERROR -- 5 (0.14%)
SRC_LEXICAL_ERROR;TGT_SLOT_ERROR -- 5 (0.14%)
POS_PAIR_ERROR;TGT_POS_ERROR;SRC_SLOT_ERROR -- 5 (0.14%)
POS_PAIR_ERROR;SRC_POS_ERROR;TGT_SLOT_ERROR -- 5 (0.14%)
SRC_POS_ERROR;TGT_SLOT_ERROR -- 5 (0.14%)
TGT_POS_ERROR;SRC_SLOT_ERROR -- 5 (0.14%)
TGT_LEXICAL_ERROR -- 4 (0.11%)
TGT_POS_ERROR -- 4 (0.11%)
SRC_POS_ERROR -- 4 (0.11%)
POS_PAIR_ERROR;TGT_POS_ERROR -- 3 (0.08%)
POS_PAIR_ERROR;SRC_POS_ERROR -- 3 (0.08%)
POS_PAIR_ERROR;SRC_POS_ERROR;TGT_POS_ERROR -- 2 (0.06%)
SRC_POS_ERROR;SRC_SLOT_ERROR -- 1 (0.03%)
TGT_POS_ERROR;TGT_SLOT_ERROR -- 1 (0.03%)

Output dataset percents of each coarse grained tag
C -- 1797 (50.03%)
SLOT_ERROR -- 732 (20.38%)
POS_ERROR;SLOT_ERROR -- 624 (17.37%)
LEXICAL_ERROR -- 175 (4.87%)
PARADIGM_ERROR;SLOT_ERROR -- 66 (1.84%)
POS_ERROR;POS_PAIR_ERROR;SLOT_ERROR -- 56 (1.56%)
POS_ERROR -- 50 (1.39%)
POS_PAIR_ERROR;SLOT_ERROR -- 40 (1.11%)
PARADIGM_ERROR -- 34 (0.95%)
LEXICAL_ERROR;SLOT_ERROR -- 10 (0.28%)
POS_ERROR;POS_PAIR_ERROR -- 8 (0.22%)

Distribution of parts of speech in sampled data:
V -- 3197 (44.5%)
V.PTCP -- 670 (9.33%)
N -- 2847 (39.63%)
V.CVB -- 47 (0.65%)
ADJ -- 271 (3.77%)
PRN -- 152 (2.12%)
Writing 3592 total samples to data/sampled/leave-one-out/POS_PAIR_ERROR/isl_sampled.tsv
