Loaded 24958 annotations
Filtering UNK/ERR annotations
Removed 21083, (84.47%) samples (due to Apertium analysis errors, unknown analyses, or invalid MSDs)
Found 185 lexical errors
Including only ('PARADIGM_ERROR;SLOT_ERROR', 'C') in the dataset
('C',)
Including data for ('C',)...
('SRC_LEXICAL_ERROR',)
('PARADIGM_ERROR',)
('PARADIGM_ERROR', 'TGT_SLOT_ERROR')
Including data for ('PARADIGM_ERROR', 'SLOT_ERROR')...
('TGT_SLOT_ERROR',)
('PARADIGM_ERROR', 'SRC_SLOT_ERROR')
Including data for ('PARADIGM_ERROR', 'SLOT_ERROR')...
('SRC_SLOT_ERROR', 'TGT_SLOT_ERROR')
('PARADIGM_ERROR', 'SRC_SLOT_ERROR', 'TGT_SLOT_ERROR')
Including data for ('PARADIGM_ERROR', 'SLOT_ERROR')...
('POS_PAIR_ERROR',)
('SRC_POS_ERROR', 'TGT_POS_ERROR', 'SRC_SLOT_ERROR', 'TGT_SLOT_ERROR')
('SRC_POS_ERROR', 'TGT_POS_ERROR')
('SRC_POS_ERROR', 'TGT_POS_ERROR', 'SRC_SLOT_ERROR')
('SRC_POS_ERROR', 'TGT_POS_ERROR', 'TGT_SLOT_ERROR')
('POS_PAIR_ERROR', 'SRC_SLOT_ERROR')
('TGT_LEXICAL_ERROR', 'SRC_SLOT_ERROR')
('TGT_LEXICAL_ERROR',)
('POS_PAIR_ERROR', 'TGT_SLOT_ERROR')
('SRC_LEXICAL_ERROR', 'TGT_SLOT_ERROR')
('POS_PAIR_ERROR', 'SRC_POS_ERROR', 'SRC_SLOT_ERROR', 'TGT_SLOT_ERROR')
('POS_PAIR_ERROR', 'TGT_POS_ERROR', 'SRC_SLOT_ERROR', 'TGT_SLOT_ERROR')
('SRC_LEXICAL_ERROR', 'TGT_LEXICAL_ERROR')
('POS_PAIR_ERROR', 'TGT_POS_ERROR', 'SRC_SLOT_ERROR')
('POS_PAIR_ERROR', 'SRC_POS_ERROR', 'TGT_SLOT_ERROR')
('POS_PAIR_ERROR', 'SRC_POS_ERROR', 'TGT_POS_ERROR', 'TGT_SLOT_ERROR')
('POS_PAIR_ERROR', 'SRC_POS_ERROR', 'TGT_POS_ERROR', 'SRC_SLOT_ERROR')
('POS_PAIR_ERROR', 'SRC_SLOT_ERROR', 'TGT_SLOT_ERROR')
('TGT_POS_ERROR',)
('SRC_POS_ERROR',)
('SRC_POS_ERROR', 'TGT_SLOT_ERROR')
('TGT_POS_ERROR', 'SRC_SLOT_ERROR')
('POS_PAIR_ERROR', 'TGT_POS_ERROR', 'TGT_SLOT_ERROR')
('POS_PAIR_ERROR', 'SRC_POS_ERROR', 'SRC_SLOT_ERROR')
('SRC_POS_ERROR', 'SRC_SLOT_ERROR', 'TGT_SLOT_ERROR')
('TGT_POS_ERROR', 'SRC_SLOT_ERROR', 'TGT_SLOT_ERROR')
('POS_PAIR_ERROR', 'TGT_POS_ERROR')
('POS_PAIR_ERROR', 'SRC_POS_ERROR')
('SRC_POS_ERROR', 'SRC_SLOT_ERROR')
('TGT_POS_ERROR', 'TGT_SLOT_ERROR')
('POS_PAIR_ERROR', 'SRC_POS_ERROR', 'TGT_POS_ERROR')

 Existing samples distribution:
('C',) --- 1797 (96.46%)
('PARADIGM_ERROR', 'TGT_SLOT_ERROR') --- 29 (1.56%)
('PARADIGM_ERROR', 'SRC_SLOT_ERROR') --- 29 (1.56%)
('PARADIGM_ERROR', 'SRC_SLOT_ERROR', 'TGT_SLOT_ERROR') --- 8 (0.43%)
Summarizing sampled data...
1863 total samples

Found 271 (14.55%) samples with an MSD that does not actually occur in UniMorph
Invalid tags:
{'V.PTCP;PST;ACC;PL', 'V.PTCP;PST;ACC;SG', 'V.PTCP;PST;DAT;PL', 'V.PTCP;PST;NOM;SG', 'V.PTCP;PST;GEN;SG'}

Output dataset full fine-grained annotation distribution:
C -- 1797 (96.46%)
PARADIGM_ERROR;TGT_SLOT_ERROR -- 29 (1.56%)
PARADIGM_ERROR;SRC_SLOT_ERROR -- 29 (1.56%)
PARADIGM_ERROR;SRC_SLOT_ERROR;TGT_SLOT_ERROR -- 8 (0.43%)

Output dataset percents of each coarse grained tag
C -- 1797 (96.46%)
PARADIGM_ERROR;SLOT_ERROR -- 66 (3.54%)

Distribution of parts of speech in sampled data:
V -- 2240 (60.12%)
V.PTCP -- 281 (7.54%)
N -- 1187 (31.86%)
V.CVB -- 18 (0.48%)
Writing 1863 total samples to data/sampled/add-one-in/PARADIGM_ERROR;SLOT_ERROR/isl_sampled.tsv
