Loaded 29284 annotations
Filtering UNK/ERR annotations
Removed 23564, (80.47%) samples (due to Apertium analysis errors, unknown analyses, or invalid MSDs)
Found 98 lexical errors
Including only ('PARADIGM_ERROR;SLOT_ERROR', 'C') in the dataset
('C',)
Including data for ('C',)...
('TGT_SLOT_ERROR',)
('PARADIGM_ERROR', 'TGT_SLOT_ERROR')
Including data for ('PARADIGM_ERROR', 'SLOT_ERROR')...
('PARADIGM_ERROR', 'SRC_SLOT_ERROR')
Including data for ('PARADIGM_ERROR', 'SLOT_ERROR')...
('TGT_POS_ERROR', 'SRC_SLOT_ERROR', 'TGT_SLOT_ERROR')
('SRC_SLOT_ERROR', 'TGT_SLOT_ERROR')
('SRC_POS_ERROR', 'SRC_SLOT_ERROR', 'TGT_SLOT_ERROR')
('SRC_POS_ERROR', 'TGT_POS_ERROR', 'SRC_SLOT_ERROR', 'TGT_SLOT_ERROR')
('POS_PAIR_ERROR', 'SRC_POS_ERROR', 'SRC_SLOT_ERROR', 'TGT_SLOT_ERROR')
('PARADIGM_ERROR', 'SRC_SLOT_ERROR', 'TGT_SLOT_ERROR')
Including data for ('PARADIGM_ERROR', 'SLOT_ERROR')...
('POS_PAIR_ERROR', 'TGT_POS_ERROR', 'SRC_SLOT_ERROR', 'TGT_SLOT_ERROR')
('POS_PAIR_ERROR',)
('POS_PAIR_ERROR', 'SRC_SLOT_ERROR', 'TGT_SLOT_ERROR')
('POS_PAIR_ERROR', 'TGT_SLOT_ERROR')
('POS_PAIR_ERROR', 'SRC_SLOT_ERROR')
('POS_PAIR_ERROR', 'SRC_POS_ERROR', 'TGT_SLOT_ERROR')
('POS_PAIR_ERROR', 'SRC_POS_ERROR', 'TGT_POS_ERROR')
('POS_PAIR_ERROR', 'TGT_POS_ERROR', 'SRC_SLOT_ERROR')
('POS_PAIR_ERROR', 'SRC_POS_ERROR', 'TGT_POS_ERROR', 'TGT_SLOT_ERROR')
('POS_PAIR_ERROR', 'SRC_POS_ERROR', 'TGT_POS_ERROR', 'SRC_SLOT_ERROR')
('PARADIGM_ERROR',)
('SRC_LEXICAL_ERROR',)
('POS_PAIR_ERROR', 'SRC_POS_ERROR', 'SRC_SLOT_ERROR')
('POS_PAIR_ERROR', 'TGT_POS_ERROR', 'TGT_SLOT_ERROR')
('SRC_LEXICAL_ERROR', 'TGT_LEXICAL_ERROR')
('POS_PAIR_ERROR', 'TGT_POS_ERROR')
('POS_PAIR_ERROR', 'SRC_POS_ERROR')
('TGT_POS_ERROR', 'TGT_SLOT_ERROR')
('SRC_POS_ERROR', 'SRC_SLOT_ERROR')
('TGT_LEXICAL_ERROR', 'SRC_SLOT_ERROR')
('SRC_LEXICAL_ERROR', 'TGT_SLOT_ERROR')
('TGT_LEXICAL_ERROR',)
('TGT_POS_ERROR',)
('SRC_POS_ERROR',)
('POS_PAIR_ERROR', 'SRC_POS_ERROR', 'TGT_POS_ERROR', 'SRC_SLOT_ERROR', 'TGT_SLOT_ERROR')
('SRC_POS_ERROR', 'TGT_POS_ERROR')
('SRC_POS_ERROR', 'TGT_POS_ERROR', 'TGT_SLOT_ERROR')
('SRC_POS_ERROR', 'TGT_POS_ERROR', 'SRC_SLOT_ERROR')

 Existing samples distribution:
('C',) --- 3955 (99.0%)
('PARADIGM_ERROR', 'TGT_SLOT_ERROR') --- 12 (0.3%)
('PARADIGM_ERROR', 'SRC_SLOT_ERROR') --- 12 (0.3%)
('PARADIGM_ERROR', 'SRC_SLOT_ERROR', 'TGT_SLOT_ERROR') --- 16 (0.4%)
Summarizing sampled data...
3995 total samples

Found 0 (0.0%) samples with an MSD that does not actually occur in UniMorph
Invalid tags:
set()

Output dataset full fine-grained annotation distribution:
C -- 3955 (99.0%)
PARADIGM_ERROR;SRC_SLOT_ERROR;TGT_SLOT_ERROR -- 16 (0.4%)
PARADIGM_ERROR;TGT_SLOT_ERROR -- 12 (0.3%)
PARADIGM_ERROR;SRC_SLOT_ERROR -- 12 (0.3%)

Output dataset percents of each coarse grained tag
C -- 3955 (99.0%)
PARADIGM_ERROR;SLOT_ERROR -- 40 (1.0%)

Distribution of parts of speech in sampled data:
V -- 6294 (78.77%)
N -- 1696 (21.23%)
Writing 3995 total samples to data/sampled/add-one-in/PARADIGM_ERROR;SLOT_ERROR/deu_sampled.tsv
