Loaded 105492 annotations
Filtering UNK/ERR annotations
Removed 92341, (87.53%) samples (due to Apertium analysis errors, unknown analyses, or invalid MSDs)
Found 139 lexical errors
Including only ('PARADIGM_ERROR;SLOT_ERROR', 'C') in the dataset
('C',)
Including data for ('C',)...
('TGT_SLOT_ERROR',)
('POS_PAIR_ERROR',)
('PARADIGM_ERROR', 'SRC_SLOT_ERROR')
Including data for ('PARADIGM_ERROR', 'SLOT_ERROR')...
('PARADIGM_ERROR', 'SRC_SLOT_ERROR', 'TGT_SLOT_ERROR')
Including data for ('PARADIGM_ERROR', 'SLOT_ERROR')...
('PARADIGM_ERROR', 'TGT_SLOT_ERROR')
Including data for ('PARADIGM_ERROR', 'SLOT_ERROR')...
('SRC_SLOT_ERROR', 'TGT_SLOT_ERROR')
('POS_PAIR_ERROR', 'SRC_SLOT_ERROR')
('POS_PAIR_ERROR', 'TGT_SLOT_ERROR')
('PARADIGM_ERROR',)
('POS_PAIR_ERROR', 'SRC_SLOT_ERROR', 'TGT_SLOT_ERROR')
('POS_PAIR_ERROR', 'SRC_POS_ERROR', 'TGT_SLOT_ERROR')
('POS_PAIR_ERROR', 'TGT_POS_ERROR', 'SRC_SLOT_ERROR')
('POS_PAIR_ERROR', 'SRC_POS_ERROR')
('POS_PAIR_ERROR', 'TGT_POS_ERROR')
('TGT_LEXICAL_ERROR',)
('SRC_LEXICAL_ERROR',)
('TGT_LEXICAL_ERROR', 'SRC_SLOT_ERROR')
('SRC_LEXICAL_ERROR', 'TGT_SLOT_ERROR')
('SRC_LEXICAL_ERROR', 'TGT_LEXICAL_ERROR')
('SRC_POS_ERROR', 'TGT_POS_ERROR', 'TGT_SLOT_ERROR')
('SRC_POS_ERROR', 'TGT_POS_ERROR', 'SRC_SLOT_ERROR')
('SRC_POS_ERROR', 'TGT_POS_ERROR', 'SRC_SLOT_ERROR', 'TGT_SLOT_ERROR')
('TGT_POS_ERROR', 'SRC_SLOT_ERROR', 'TGT_SLOT_ERROR')
('SRC_POS_ERROR', 'SRC_SLOT_ERROR', 'TGT_SLOT_ERROR')
('SRC_POS_ERROR', 'SRC_SLOT_ERROR')
('TGT_POS_ERROR', 'TGT_SLOT_ERROR')
('SRC_POS_ERROR', 'TGT_POS_ERROR')
('POS_PAIR_ERROR', 'SRC_POS_ERROR', 'SRC_SLOT_ERROR', 'TGT_SLOT_ERROR')
('POS_PAIR_ERROR', 'TGT_POS_ERROR', 'SRC_SLOT_ERROR', 'TGT_SLOT_ERROR')

 Existing samples distribution:
('C',) --- 7194 (97.59%)
('PARADIGM_ERROR', 'SRC_SLOT_ERROR') --- 64 (0.87%)
('PARADIGM_ERROR', 'SRC_SLOT_ERROR', 'TGT_SLOT_ERROR') --- 50 (0.68%)
('PARADIGM_ERROR', 'TGT_SLOT_ERROR') --- 64 (0.87%)
Summarizing sampled data...
7372 total samples

Found 895 (12.14%) samples with an MSD that does not actually occur in UniMorph
Invalid tags:
{'V;2;PL', 'V.CVB', 'V;IMP;1;PL', 'ADJ;ACC;MASC;SG', 'ADJ;ACC;PL'}

Output dataset full fine-grained annotation distribution:
C -- 7194 (97.59%)
PARADIGM_ERROR;SRC_SLOT_ERROR -- 64 (0.87%)
PARADIGM_ERROR;TGT_SLOT_ERROR -- 64 (0.87%)
PARADIGM_ERROR;SRC_SLOT_ERROR;TGT_SLOT_ERROR -- 50 (0.68%)

Output dataset percents of each coarse grained tag
C -- 7194 (97.59%)
PARADIGM_ERROR;SLOT_ERROR -- 178 (2.41%)

Distribution of parts of speech in sampled data:
V.CVB -- 274 (1.86%)
V -- 6742 (45.73%)
V.PTCP -- 142 (0.96%)
ADJ -- 3555 (24.11%)
N -- 4031 (27.34%)
Writing 7372 total samples to data/sampled/add-one-in/PARADIGM_ERROR;SLOT_ERROR/rus_sampled.tsv
