Loaded 45096 annotations
Filtering UNK/ERR annotations
Removed 40392, (89.57%) samples (due to Apertium analysis errors, unknown analyses, or invalid MSDs)
Found 688 lexical errors
Removing ('POS_ERROR;POS_PAIR_ERROR',) from the dataset
('SRC_SLOT_ERROR', 'TGT_SLOT_ERROR')
('TGT_SLOT_ERROR',)
('C',)
('PARADIGM_ERROR', 'SRC_SLOT_ERROR', 'TGT_SLOT_ERROR')
('PARADIGM_ERROR', 'TGT_SLOT_ERROR')
('PARADIGM_ERROR', 'SRC_SLOT_ERROR')
('SRC_POS_ERROR', 'TGT_POS_ERROR', 'SRC_SLOT_ERROR', 'TGT_SLOT_ERROR')
('POS_PAIR_ERROR',)
('POS_PAIR_ERROR', 'TGT_SLOT_ERROR')
('POS_PAIR_ERROR', 'SRC_SLOT_ERROR')
('POS_PAIR_ERROR', 'SRC_POS_ERROR', 'TGT_POS_ERROR', 'SRC_SLOT_ERROR', 'TGT_SLOT_ERROR')
('TGT_LEXICAL_ERROR', 'SRC_SLOT_ERROR')
('TGT_LEXICAL_ERROR',)
('SRC_LEXICAL_ERROR', 'TGT_SLOT_ERROR')
('SRC_LEXICAL_ERROR',)
('POS_PAIR_ERROR', 'SRC_SLOT_ERROR', 'TGT_SLOT_ERROR')
('SRC_LEXICAL_ERROR', 'TGT_LEXICAL_ERROR')
('POS_PAIR_ERROR', 'TGT_POS_ERROR', 'SRC_SLOT_ERROR', 'TGT_SLOT_ERROR')
('POS_PAIR_ERROR', 'SRC_POS_ERROR', 'SRC_SLOT_ERROR', 'TGT_SLOT_ERROR')
('PARADIGM_ERROR',)
('TGT_POS_ERROR', 'SRC_SLOT_ERROR', 'TGT_SLOT_ERROR')
('SRC_POS_ERROR', 'SRC_SLOT_ERROR', 'TGT_SLOT_ERROR')
('POS_PAIR_ERROR', 'TGT_POS_ERROR', 'TGT_SLOT_ERROR')
('POS_PAIR_ERROR', 'SRC_POS_ERROR', 'SRC_SLOT_ERROR')
('SRC_POS_ERROR', 'TGT_POS_ERROR', 'SRC_SLOT_ERROR')
('SRC_POS_ERROR', 'TGT_POS_ERROR', 'TGT_SLOT_ERROR')
('TGT_POS_ERROR', 'TGT_SLOT_ERROR')
('SRC_POS_ERROR', 'SRC_SLOT_ERROR')
('POS_PAIR_ERROR', 'SRC_POS_ERROR', 'TGT_POS_ERROR', 'SRC_SLOT_ERROR')
('POS_PAIR_ERROR', 'SRC_POS_ERROR', 'TGT_POS_ERROR', 'TGT_SLOT_ERROR')
('POS_PAIR_ERROR', 'TGT_POS_ERROR', 'SRC_SLOT_ERROR')
('POS_PAIR_ERROR', 'SRC_POS_ERROR', 'TGT_SLOT_ERROR')

 Existing samples distribution:
('SRC_SLOT_ERROR', 'TGT_SLOT_ERROR') --- 208 (4.42%)
('TGT_SLOT_ERROR',) --- 363 (7.72%)
('C',) --- 1689 (35.91%)
('PARADIGM_ERROR', 'SRC_SLOT_ERROR', 'TGT_SLOT_ERROR') --- 58 (1.23%)
('PARADIGM_ERROR', 'TGT_SLOT_ERROR') --- 99 (2.1%)
('PARADIGM_ERROR', 'SRC_SLOT_ERROR') --- 99 (2.1%)
('SRC_POS_ERROR', 'TGT_POS_ERROR', 'SRC_SLOT_ERROR', 'TGT_SLOT_ERROR') --- 388 (8.25%)
('POS_PAIR_ERROR',) --- 494 (10.5%)
('POS_PAIR_ERROR', 'TGT_SLOT_ERROR') --- 151 (3.21%)
('POS_PAIR_ERROR', 'SRC_SLOT_ERROR') --- 151 (3.21%)
('POS_PAIR_ERROR', 'SRC_POS_ERROR', 'TGT_POS_ERROR', 'SRC_SLOT_ERROR', 'TGT_SLOT_ERROR') --- 4 (0.09%)
('TGT_LEXICAL_ERROR', 'SRC_SLOT_ERROR') --- 66 (1.4%)
('TGT_LEXICAL_ERROR',) --- 225 (4.78%)
('SRC_LEXICAL_ERROR', 'TGT_SLOT_ERROR') --- 66 (1.4%)
('SRC_LEXICAL_ERROR',) --- 291 (6.19%)
('POS_PAIR_ERROR', 'SRC_SLOT_ERROR', 'TGT_SLOT_ERROR') --- 120 (2.55%)
('SRC_LEXICAL_ERROR', 'TGT_LEXICAL_ERROR') --- 40 (0.85%)
('POS_PAIR_ERROR', 'TGT_POS_ERROR', 'SRC_SLOT_ERROR', 'TGT_SLOT_ERROR') --- 7 (0.15%)
('POS_PAIR_ERROR', 'SRC_POS_ERROR', 'SRC_SLOT_ERROR', 'TGT_SLOT_ERROR') --- 7 (0.15%)
('PARADIGM_ERROR',) --- 76 (1.62%)
('TGT_POS_ERROR', 'SRC_SLOT_ERROR', 'TGT_SLOT_ERROR') --- 23 (0.49%)
('SRC_POS_ERROR', 'SRC_SLOT_ERROR', 'TGT_SLOT_ERROR') --- 23 (0.49%)
('POS_PAIR_ERROR', 'TGT_POS_ERROR', 'TGT_SLOT_ERROR') --- 4 (0.09%)
('POS_PAIR_ERROR', 'SRC_POS_ERROR', 'SRC_SLOT_ERROR') --- 4 (0.09%)
('SRC_POS_ERROR', 'TGT_POS_ERROR', 'SRC_SLOT_ERROR') --- 9 (0.19%)
('SRC_POS_ERROR', 'TGT_POS_ERROR', 'TGT_SLOT_ERROR') --- 9 (0.19%)
('TGT_POS_ERROR', 'TGT_SLOT_ERROR') --- 12 (0.26%)
('SRC_POS_ERROR', 'SRC_SLOT_ERROR') --- 12 (0.26%)
('POS_PAIR_ERROR', 'SRC_POS_ERROR', 'TGT_POS_ERROR', 'SRC_SLOT_ERROR') --- 2 (0.04%)
('POS_PAIR_ERROR', 'SRC_POS_ERROR', 'TGT_POS_ERROR', 'TGT_SLOT_ERROR') --- 2 (0.04%)
('POS_PAIR_ERROR', 'TGT_POS_ERROR', 'SRC_SLOT_ERROR') --- 1 (0.02%)
('POS_PAIR_ERROR', 'SRC_POS_ERROR', 'TGT_SLOT_ERROR') --- 1 (0.02%)
Summarizing sampled data...
4704 total samples

Found 1709 (36.33%) samples with an MSD that does not actually occur in UniMorph
Invalid tags:
{'ADJ;INDF;NOM;PL', 'N;INDF;NOM;SG;COMPOUND', 'PRN;SG', 'PRN', 'N;DEF;PL', 'V.CVB;COMPV', 'ADJ;PRS;GEN', 'PROPN;MASC', 'PRN;NOM;NEUT;SG', 'PRN;DEF;ACC;PL', 'V.CVB', 'ADJ;DEF;PL', 'N;DEF;SG', 'PRN;INDF;GEN;PL', 'V;ACT;NFIN;COMPOUND', 'ADJ;INDF;GEN;PL', 'N;INDF;PL', 'DET;SG', 'PRN;NEUT;SG', 'ADJ;PRS'}

Output dataset full fine-grained annotation distribution:
C -- 1689 (35.91%)
POS_PAIR_ERROR -- 494 (10.5%)
SRC_POS_ERROR;TGT_POS_ERROR;SRC_SLOT_ERROR;TGT_SLOT_ERROR -- 388 (8.25%)
TGT_SLOT_ERROR -- 363 (7.72%)
SRC_LEXICAL_ERROR -- 291 (6.19%)
TGT_LEXICAL_ERROR -- 225 (4.78%)
SRC_SLOT_ERROR;TGT_SLOT_ERROR -- 208 (4.42%)
POS_PAIR_ERROR;TGT_SLOT_ERROR -- 151 (3.21%)
POS_PAIR_ERROR;SRC_SLOT_ERROR -- 151 (3.21%)
POS_PAIR_ERROR;SRC_SLOT_ERROR;TGT_SLOT_ERROR -- 120 (2.55%)
PARADIGM_ERROR;TGT_SLOT_ERROR -- 99 (2.1%)
PARADIGM_ERROR;SRC_SLOT_ERROR -- 99 (2.1%)
PARADIGM_ERROR -- 76 (1.62%)
TGT_LEXICAL_ERROR;SRC_SLOT_ERROR -- 66 (1.4%)
SRC_LEXICAL_ERROR;TGT_SLOT_ERROR -- 66 (1.4%)
PARADIGM_ERROR;SRC_SLOT_ERROR;TGT_SLOT_ERROR -- 58 (1.23%)
SRC_LEXICAL_ERROR;TGT_LEXICAL_ERROR -- 40 (0.85%)
TGT_POS_ERROR;SRC_SLOT_ERROR;TGT_SLOT_ERROR -- 23 (0.49%)
SRC_POS_ERROR;SRC_SLOT_ERROR;TGT_SLOT_ERROR -- 23 (0.49%)
TGT_POS_ERROR;TGT_SLOT_ERROR -- 12 (0.26%)
SRC_POS_ERROR;SRC_SLOT_ERROR -- 12 (0.26%)
SRC_POS_ERROR;TGT_POS_ERROR;SRC_SLOT_ERROR -- 9 (0.19%)
SRC_POS_ERROR;TGT_POS_ERROR;TGT_SLOT_ERROR -- 9 (0.19%)
POS_PAIR_ERROR;TGT_POS_ERROR;SRC_SLOT_ERROR;TGT_SLOT_ERROR -- 7 (0.15%)
POS_PAIR_ERROR;SRC_POS_ERROR;SRC_SLOT_ERROR;TGT_SLOT_ERROR -- 7 (0.15%)
POS_PAIR_ERROR;SRC_POS_ERROR;TGT_POS_ERROR;SRC_SLOT_ERROR;TGT_SLOT_ERROR -- 4 (0.09%)
POS_PAIR_ERROR;TGT_POS_ERROR;TGT_SLOT_ERROR -- 4 (0.09%)
POS_PAIR_ERROR;SRC_POS_ERROR;SRC_SLOT_ERROR -- 4 (0.09%)
POS_PAIR_ERROR;SRC_POS_ERROR;TGT_POS_ERROR;SRC_SLOT_ERROR -- 2 (0.04%)
POS_PAIR_ERROR;SRC_POS_ERROR;TGT_POS_ERROR;TGT_SLOT_ERROR -- 2 (0.04%)
POS_PAIR_ERROR;TGT_POS_ERROR;SRC_SLOT_ERROR -- 1 (0.02%)
POS_PAIR_ERROR;SRC_POS_ERROR;TGT_SLOT_ERROR -- 1 (0.02%)

Output dataset percents of each coarse grained tag
C -- 1689 (35.91%)
SLOT_ERROR -- 571 (12.14%)
LEXICAL_ERROR -- 556 (11.82%)
POS_PAIR_ERROR -- 494 (10.5%)
POS_ERROR;SLOT_ERROR -- 476 (10.12%)
POS_PAIR_ERROR;SLOT_ERROR -- 422 (8.97%)
PARADIGM_ERROR;SLOT_ERROR -- 256 (5.44%)
LEXICAL_ERROR;SLOT_ERROR -- 132 (2.81%)
PARADIGM_ERROR -- 76 (1.62%)
POS_ERROR;POS_PAIR_ERROR;SLOT_ERROR -- 32 (0.68%)

Distribution of parts of speech in sampled data:
V.PTCP -- 874 (9.29%)
V -- 3738 (39.73%)
ADJ -- 2297 (24.42%)
N -- 2122 (22.56%)
V.CVB -- 285 (3.03%)
PRN -- 36 (0.38%)
DET -- 46 (0.49%)
PROPN -- 10 (0.11%)
Writing 4704 total samples to data/sampled/leave-one-out/POS_ERROR;POS_PAIR_ERROR/swe_sampled.tsv
