Loaded 105492 annotations
Filtering UNK/ERR annotations
Removed 92341, (87.53%) samples (due to Apertium analysis errors, unknown analyses, or invalid MSDs)
Found 139 lexical errors
Removing ('SLOT_ERROR',) from the dataset
('C',)
('TGT_SLOT_ERROR',)
Ignoring data for ('SLOT_ERROR',)...
('POS_PAIR_ERROR',)
('PARADIGM_ERROR', 'SRC_SLOT_ERROR')
('PARADIGM_ERROR', 'SRC_SLOT_ERROR', 'TGT_SLOT_ERROR')
('PARADIGM_ERROR', 'TGT_SLOT_ERROR')
('SRC_SLOT_ERROR', 'TGT_SLOT_ERROR')
Ignoring data for ('SLOT_ERROR',)...
('POS_PAIR_ERROR', 'SRC_SLOT_ERROR')
('POS_PAIR_ERROR', 'TGT_SLOT_ERROR')
('PARADIGM_ERROR',)
('POS_PAIR_ERROR', 'SRC_SLOT_ERROR', 'TGT_SLOT_ERROR')
('POS_PAIR_ERROR', 'SRC_POS_ERROR', 'TGT_SLOT_ERROR')
('POS_PAIR_ERROR', 'TGT_POS_ERROR', 'SRC_SLOT_ERROR')
('POS_PAIR_ERROR', 'SRC_POS_ERROR')
('POS_PAIR_ERROR', 'TGT_POS_ERROR')
('TGT_LEXICAL_ERROR',)
('SRC_LEXICAL_ERROR',)
('TGT_LEXICAL_ERROR', 'SRC_SLOT_ERROR')
('SRC_LEXICAL_ERROR', 'TGT_SLOT_ERROR')
('SRC_LEXICAL_ERROR', 'TGT_LEXICAL_ERROR')
('SRC_POS_ERROR', 'TGT_POS_ERROR', 'TGT_SLOT_ERROR')
('SRC_POS_ERROR', 'TGT_POS_ERROR', 'SRC_SLOT_ERROR')
('SRC_POS_ERROR', 'TGT_POS_ERROR', 'SRC_SLOT_ERROR', 'TGT_SLOT_ERROR')
('TGT_POS_ERROR', 'SRC_SLOT_ERROR', 'TGT_SLOT_ERROR')
('SRC_POS_ERROR', 'SRC_SLOT_ERROR', 'TGT_SLOT_ERROR')
('SRC_POS_ERROR', 'SRC_SLOT_ERROR')
('TGT_POS_ERROR', 'TGT_SLOT_ERROR')
('SRC_POS_ERROR', 'TGT_POS_ERROR')
('POS_PAIR_ERROR', 'SRC_POS_ERROR', 'SRC_SLOT_ERROR', 'TGT_SLOT_ERROR')
('POS_PAIR_ERROR', 'TGT_POS_ERROR', 'SRC_SLOT_ERROR', 'TGT_SLOT_ERROR')

 Existing samples distribution:
('C',) --- 7194 (77.36%)
('POS_PAIR_ERROR',) --- 322 (3.46%)
('PARADIGM_ERROR', 'SRC_SLOT_ERROR') --- 64 (0.69%)
('PARADIGM_ERROR', 'SRC_SLOT_ERROR', 'TGT_SLOT_ERROR') --- 50 (0.54%)
('PARADIGM_ERROR', 'TGT_SLOT_ERROR') --- 64 (0.69%)
('POS_PAIR_ERROR', 'SRC_SLOT_ERROR') --- 65 (0.7%)
('POS_PAIR_ERROR', 'TGT_SLOT_ERROR') --- 65 (0.7%)
('PARADIGM_ERROR',) --- 674 (7.25%)
('POS_PAIR_ERROR', 'SRC_SLOT_ERROR', 'TGT_SLOT_ERROR') --- 66 (0.71%)
('POS_PAIR_ERROR', 'SRC_POS_ERROR', 'TGT_SLOT_ERROR') --- 11 (0.12%)
('POS_PAIR_ERROR', 'TGT_POS_ERROR', 'SRC_SLOT_ERROR') --- 11 (0.12%)
('POS_PAIR_ERROR', 'SRC_POS_ERROR') --- 18 (0.19%)
('POS_PAIR_ERROR', 'TGT_POS_ERROR') --- 18 (0.19%)
('TGT_LEXICAL_ERROR',) --- 14 (0.15%)
('SRC_LEXICAL_ERROR',) --- 99 (1.06%)
('TGT_LEXICAL_ERROR', 'SRC_SLOT_ERROR') --- 4 (0.04%)
('SRC_LEXICAL_ERROR', 'TGT_SLOT_ERROR') --- 4 (0.04%)
('SRC_LEXICAL_ERROR', 'TGT_LEXICAL_ERROR') --- 18 (0.19%)
('SRC_POS_ERROR', 'TGT_POS_ERROR', 'TGT_SLOT_ERROR') --- 7 (0.08%)
('SRC_POS_ERROR', 'TGT_POS_ERROR', 'SRC_SLOT_ERROR') --- 7 (0.08%)
('SRC_POS_ERROR', 'TGT_POS_ERROR', 'SRC_SLOT_ERROR', 'TGT_SLOT_ERROR') --- 396 (4.26%)
('TGT_POS_ERROR', 'SRC_SLOT_ERROR', 'TGT_SLOT_ERROR') --- 40 (0.43%)
('SRC_POS_ERROR', 'SRC_SLOT_ERROR', 'TGT_SLOT_ERROR') --- 40 (0.43%)
('SRC_POS_ERROR', 'SRC_SLOT_ERROR') --- 8 (0.09%)
('TGT_POS_ERROR', 'TGT_SLOT_ERROR') --- 8 (0.09%)
('SRC_POS_ERROR', 'TGT_POS_ERROR') --- 6 (0.06%)
('POS_PAIR_ERROR', 'SRC_POS_ERROR', 'SRC_SLOT_ERROR', 'TGT_SLOT_ERROR') --- 13 (0.14%)
('POS_PAIR_ERROR', 'TGT_POS_ERROR', 'SRC_SLOT_ERROR', 'TGT_SLOT_ERROR') --- 13 (0.14%)
Summarizing sampled data...
9299 total samples

Found 1130 (12.15%) samples with an MSD that does not actually occur in UniMorph
Invalid tags:
{'PRN;DAT;3;SG', 'V;2;PL', 'PRN;ACC;3;SG', 'PRN;DAT;SG', 'NUM;NOM;PL', 'PRN;INS;3;SG', 'PRN;NOM;2;SG', 'DET;PL', 'NUM;GEN;PL', 'V;IMP;1;PL', 'V.CVB', 'PRN;NOM;3;SG', 'DET;NOM;SG', 'DET;ACC;PL', 'ADJ;ACC;PL', 'ADJ;ACC;MASC;SG'}

Output dataset full fine-grained annotation distribution:
C -- 7194 (77.36%)
PARADIGM_ERROR -- 674 (7.25%)
SRC_POS_ERROR;TGT_POS_ERROR;SRC_SLOT_ERROR;TGT_SLOT_ERROR -- 396 (4.26%)
POS_PAIR_ERROR -- 322 (3.46%)
SRC_LEXICAL_ERROR -- 99 (1.06%)
POS_PAIR_ERROR;SRC_SLOT_ERROR;TGT_SLOT_ERROR -- 66 (0.71%)
POS_PAIR_ERROR;SRC_SLOT_ERROR -- 65 (0.7%)
POS_PAIR_ERROR;TGT_SLOT_ERROR -- 65 (0.7%)
PARADIGM_ERROR;SRC_SLOT_ERROR -- 64 (0.69%)
PARADIGM_ERROR;TGT_SLOT_ERROR -- 64 (0.69%)
PARADIGM_ERROR;SRC_SLOT_ERROR;TGT_SLOT_ERROR -- 50 (0.54%)
TGT_POS_ERROR;SRC_SLOT_ERROR;TGT_SLOT_ERROR -- 40 (0.43%)
SRC_POS_ERROR;SRC_SLOT_ERROR;TGT_SLOT_ERROR -- 40 (0.43%)
POS_PAIR_ERROR;SRC_POS_ERROR -- 18 (0.19%)
POS_PAIR_ERROR;TGT_POS_ERROR -- 18 (0.19%)
SRC_LEXICAL_ERROR;TGT_LEXICAL_ERROR -- 18 (0.19%)
TGT_LEXICAL_ERROR -- 14 (0.15%)
POS_PAIR_ERROR;SRC_POS_ERROR;SRC_SLOT_ERROR;TGT_SLOT_ERROR -- 13 (0.14%)
POS_PAIR_ERROR;TGT_POS_ERROR;SRC_SLOT_ERROR;TGT_SLOT_ERROR -- 13 (0.14%)
POS_PAIR_ERROR;SRC_POS_ERROR;TGT_SLOT_ERROR -- 11 (0.12%)
POS_PAIR_ERROR;TGT_POS_ERROR;SRC_SLOT_ERROR -- 11 (0.12%)
SRC_POS_ERROR;SRC_SLOT_ERROR -- 8 (0.09%)
TGT_POS_ERROR;TGT_SLOT_ERROR -- 8 (0.09%)
SRC_POS_ERROR;TGT_POS_ERROR;TGT_SLOT_ERROR -- 7 (0.08%)
SRC_POS_ERROR;TGT_POS_ERROR;SRC_SLOT_ERROR -- 7 (0.08%)
SRC_POS_ERROR;TGT_POS_ERROR -- 6 (0.06%)
TGT_LEXICAL_ERROR;SRC_SLOT_ERROR -- 4 (0.04%)
SRC_LEXICAL_ERROR;TGT_SLOT_ERROR -- 4 (0.04%)

Output dataset percents of each coarse grained tag
C -- 7194 (77.36%)
PARADIGM_ERROR -- 674 (7.25%)
POS_ERROR;SLOT_ERROR -- 506 (5.44%)
POS_PAIR_ERROR -- 322 (3.46%)
POS_PAIR_ERROR;SLOT_ERROR -- 196 (2.11%)
PARADIGM_ERROR;SLOT_ERROR -- 178 (1.91%)
LEXICAL_ERROR -- 131 (1.41%)
POS_ERROR;POS_PAIR_ERROR;SLOT_ERROR -- 48 (0.52%)
POS_ERROR;POS_PAIR_ERROR -- 36 (0.39%)
LEXICAL_ERROR;SLOT_ERROR -- 8 (0.09%)
POS_ERROR -- 6 (0.06%)

Distribution of parts of speech in sampled data:
V.CVB -- 404 (2.17%)
V -- 8463 (45.5%)
V.PTCP -- 279 (1.5%)
ADJ -- 4594 (24.7%)
N -- 4772 (25.66%)
PRN -- 59 (0.32%)
DET -- 23 (0.12%)
NUM -- 4 (0.02%)
Writing 9299 total samples to data/sampled/leave-one-out/SLOT_ERROR/rus_sampled.tsv
