Loaded 24958 annotations
Filtering UNK/ERR annotations
Removed 21083, (84.47%) samples (due to Apertium analysis errors, unknown analyses, or invalid MSDs)
Found 185 lexical errors
Removing ('SLOT_ERROR',) from the dataset
('C',)
('SRC_LEXICAL_ERROR',)
('PARADIGM_ERROR',)
('PARADIGM_ERROR', 'TGT_SLOT_ERROR')
('TGT_SLOT_ERROR',)
Ignoring data for ('SLOT_ERROR',)...
('PARADIGM_ERROR', 'SRC_SLOT_ERROR')
('SRC_SLOT_ERROR', 'TGT_SLOT_ERROR')
Ignoring data for ('SLOT_ERROR',)...
('PARADIGM_ERROR', 'SRC_SLOT_ERROR', 'TGT_SLOT_ERROR')
('POS_PAIR_ERROR',)
('SRC_POS_ERROR', 'TGT_POS_ERROR', 'SRC_SLOT_ERROR', 'TGT_SLOT_ERROR')
('SRC_POS_ERROR', 'TGT_POS_ERROR')
('SRC_POS_ERROR', 'TGT_POS_ERROR', 'SRC_SLOT_ERROR')
('SRC_POS_ERROR', 'TGT_POS_ERROR', 'TGT_SLOT_ERROR')
('POS_PAIR_ERROR', 'SRC_SLOT_ERROR')
('TGT_LEXICAL_ERROR', 'SRC_SLOT_ERROR')
('TGT_LEXICAL_ERROR',)
('POS_PAIR_ERROR', 'TGT_SLOT_ERROR')
('SRC_LEXICAL_ERROR', 'TGT_SLOT_ERROR')
('POS_PAIR_ERROR', 'SRC_POS_ERROR', 'SRC_SLOT_ERROR', 'TGT_SLOT_ERROR')
('POS_PAIR_ERROR', 'TGT_POS_ERROR', 'SRC_SLOT_ERROR', 'TGT_SLOT_ERROR')
('SRC_LEXICAL_ERROR', 'TGT_LEXICAL_ERROR')
('POS_PAIR_ERROR', 'TGT_POS_ERROR', 'SRC_SLOT_ERROR')
('POS_PAIR_ERROR', 'SRC_POS_ERROR', 'TGT_SLOT_ERROR')
('POS_PAIR_ERROR', 'SRC_POS_ERROR', 'TGT_POS_ERROR', 'TGT_SLOT_ERROR')
('POS_PAIR_ERROR', 'SRC_POS_ERROR', 'TGT_POS_ERROR', 'SRC_SLOT_ERROR')
('POS_PAIR_ERROR', 'SRC_SLOT_ERROR', 'TGT_SLOT_ERROR')
('TGT_POS_ERROR',)
('SRC_POS_ERROR',)
('SRC_POS_ERROR', 'TGT_SLOT_ERROR')
('TGT_POS_ERROR', 'SRC_SLOT_ERROR')
('POS_PAIR_ERROR', 'TGT_POS_ERROR', 'TGT_SLOT_ERROR')
('POS_PAIR_ERROR', 'SRC_POS_ERROR', 'SRC_SLOT_ERROR')
('SRC_POS_ERROR', 'SRC_SLOT_ERROR', 'TGT_SLOT_ERROR')
('TGT_POS_ERROR', 'SRC_SLOT_ERROR', 'TGT_SLOT_ERROR')
('POS_PAIR_ERROR', 'TGT_POS_ERROR')
('POS_PAIR_ERROR', 'SRC_POS_ERROR')
('SRC_POS_ERROR', 'SRC_SLOT_ERROR')
('TGT_POS_ERROR', 'TGT_SLOT_ERROR')
('POS_PAIR_ERROR', 'SRC_POS_ERROR', 'TGT_POS_ERROR')

 Existing samples distribution:
('C',) --- 1797 (57.17%)
('SRC_LEXICAL_ERROR',) --- 131 (4.17%)
('PARADIGM_ERROR',) --- 34 (1.08%)
('PARADIGM_ERROR', 'TGT_SLOT_ERROR') --- 29 (0.92%)
('PARADIGM_ERROR', 'SRC_SLOT_ERROR') --- 29 (0.92%)
('PARADIGM_ERROR', 'SRC_SLOT_ERROR', 'TGT_SLOT_ERROR') --- 8 (0.25%)
('POS_PAIR_ERROR',) --- 283 (9.0%)
('SRC_POS_ERROR', 'TGT_POS_ERROR', 'SRC_SLOT_ERROR', 'TGT_SLOT_ERROR') --- 534 (16.99%)
('SRC_POS_ERROR', 'TGT_POS_ERROR') --- 42 (1.34%)
('SRC_POS_ERROR', 'TGT_POS_ERROR', 'SRC_SLOT_ERROR') --- 33 (1.05%)
('SRC_POS_ERROR', 'TGT_POS_ERROR', 'TGT_SLOT_ERROR') --- 33 (1.05%)
('POS_PAIR_ERROR', 'SRC_SLOT_ERROR') --- 13 (0.41%)
('TGT_LEXICAL_ERROR', 'SRC_SLOT_ERROR') --- 5 (0.16%)
('TGT_LEXICAL_ERROR',) --- 4 (0.13%)
('POS_PAIR_ERROR', 'TGT_SLOT_ERROR') --- 13 (0.41%)
('SRC_LEXICAL_ERROR', 'TGT_SLOT_ERROR') --- 5 (0.16%)
('POS_PAIR_ERROR', 'SRC_POS_ERROR', 'SRC_SLOT_ERROR', 'TGT_SLOT_ERROR') --- 9 (0.29%)
('POS_PAIR_ERROR', 'TGT_POS_ERROR', 'SRC_SLOT_ERROR', 'TGT_SLOT_ERROR') --- 9 (0.29%)
('SRC_LEXICAL_ERROR', 'TGT_LEXICAL_ERROR') --- 40 (1.27%)
('POS_PAIR_ERROR', 'TGT_POS_ERROR', 'SRC_SLOT_ERROR') --- 5 (0.16%)
('POS_PAIR_ERROR', 'SRC_POS_ERROR', 'TGT_SLOT_ERROR') --- 5 (0.16%)
('POS_PAIR_ERROR', 'SRC_POS_ERROR', 'TGT_POS_ERROR', 'TGT_SLOT_ERROR') --- 8 (0.25%)
('POS_PAIR_ERROR', 'SRC_POS_ERROR', 'TGT_POS_ERROR', 'SRC_SLOT_ERROR') --- 8 (0.25%)
('POS_PAIR_ERROR', 'SRC_SLOT_ERROR', 'TGT_SLOT_ERROR') --- 14 (0.45%)
('TGT_POS_ERROR',) --- 4 (0.13%)
('SRC_POS_ERROR',) --- 4 (0.13%)
('SRC_POS_ERROR', 'TGT_SLOT_ERROR') --- 5 (0.16%)
('TGT_POS_ERROR', 'SRC_SLOT_ERROR') --- 5 (0.16%)
('POS_PAIR_ERROR', 'TGT_POS_ERROR', 'TGT_SLOT_ERROR') --- 6 (0.19%)
('POS_PAIR_ERROR', 'SRC_POS_ERROR', 'SRC_SLOT_ERROR') --- 6 (0.19%)
('SRC_POS_ERROR', 'SRC_SLOT_ERROR', 'TGT_SLOT_ERROR') --- 6 (0.19%)
('TGT_POS_ERROR', 'SRC_SLOT_ERROR', 'TGT_SLOT_ERROR') --- 6 (0.19%)
('POS_PAIR_ERROR', 'TGT_POS_ERROR') --- 3 (0.1%)
('POS_PAIR_ERROR', 'SRC_POS_ERROR') --- 3 (0.1%)
('SRC_POS_ERROR', 'SRC_SLOT_ERROR') --- 1 (0.03%)
('TGT_POS_ERROR', 'TGT_SLOT_ERROR') --- 1 (0.03%)
('POS_PAIR_ERROR', 'SRC_POS_ERROR', 'TGT_POS_ERROR') --- 2 (0.06%)
Summarizing sampled data...
3143 total samples

Found 968 (30.8%) samples with an MSD that does not actually occur in UniMorph
Invalid tags:
{'V.PTCP;PST;ACC;PL', 'V.PTCP;PST;DAT;PL', 'ADJ;NOM;PL', 'V.PTCP;PST;NOM;SG', 'PRN;INDF;ACC;SG', 'PRN;INDF;GEN;SG', 'ADJ;NOM;SG', 'V.PTCP;PST;ACC;SG', 'ADJ;ACC;SG', 'V.PTCP;PST;GEN;SG', 'ADJ;ACC;PL', 'PRN;INDF;ACC;PL'}

Output dataset full fine-grained annotation distribution:
C -- 1797 (57.17%)
SRC_POS_ERROR;TGT_POS_ERROR;SRC_SLOT_ERROR;TGT_SLOT_ERROR -- 534 (16.99%)
POS_PAIR_ERROR -- 283 (9.0%)
SRC_LEXICAL_ERROR -- 131 (4.17%)
SRC_POS_ERROR;TGT_POS_ERROR -- 42 (1.34%)
SRC_LEXICAL_ERROR;TGT_LEXICAL_ERROR -- 40 (1.27%)
PARADIGM_ERROR -- 34 (1.08%)
SRC_POS_ERROR;TGT_POS_ERROR;SRC_SLOT_ERROR -- 33 (1.05%)
SRC_POS_ERROR;TGT_POS_ERROR;TGT_SLOT_ERROR -- 33 (1.05%)
PARADIGM_ERROR;TGT_SLOT_ERROR -- 29 (0.92%)
PARADIGM_ERROR;SRC_SLOT_ERROR -- 29 (0.92%)
POS_PAIR_ERROR;SRC_SLOT_ERROR;TGT_SLOT_ERROR -- 14 (0.45%)
POS_PAIR_ERROR;SRC_SLOT_ERROR -- 13 (0.41%)
POS_PAIR_ERROR;TGT_SLOT_ERROR -- 13 (0.41%)
POS_PAIR_ERROR;SRC_POS_ERROR;SRC_SLOT_ERROR;TGT_SLOT_ERROR -- 9 (0.29%)
POS_PAIR_ERROR;TGT_POS_ERROR;SRC_SLOT_ERROR;TGT_SLOT_ERROR -- 9 (0.29%)
PARADIGM_ERROR;SRC_SLOT_ERROR;TGT_SLOT_ERROR -- 8 (0.25%)
POS_PAIR_ERROR;SRC_POS_ERROR;TGT_POS_ERROR;TGT_SLOT_ERROR -- 8 (0.25%)
POS_PAIR_ERROR;SRC_POS_ERROR;TGT_POS_ERROR;SRC_SLOT_ERROR -- 8 (0.25%)
POS_PAIR_ERROR;TGT_POS_ERROR;TGT_SLOT_ERROR -- 6 (0.19%)
POS_PAIR_ERROR;SRC_POS_ERROR;SRC_SLOT_ERROR -- 6 (0.19%)
SRC_POS_ERROR;SRC_SLOT_ERROR;TGT_SLOT_ERROR -- 6 (0.19%)
TGT_POS_ERROR;SRC_SLOT_ERROR;TGT_SLOT_ERROR -- 6 (0.19%)
TGT_LEXICAL_ERROR;SRC_SLOT_ERROR -- 5 (0.16%)
SRC_LEXICAL_ERROR;TGT_SLOT_ERROR -- 5 (0.16%)
POS_PAIR_ERROR;TGT_POS_ERROR;SRC_SLOT_ERROR -- 5 (0.16%)
POS_PAIR_ERROR;SRC_POS_ERROR;TGT_SLOT_ERROR -- 5 (0.16%)
SRC_POS_ERROR;TGT_SLOT_ERROR -- 5 (0.16%)
TGT_POS_ERROR;SRC_SLOT_ERROR -- 5 (0.16%)
TGT_LEXICAL_ERROR -- 4 (0.13%)
TGT_POS_ERROR -- 4 (0.13%)
SRC_POS_ERROR -- 4 (0.13%)
POS_PAIR_ERROR;TGT_POS_ERROR -- 3 (0.1%)
POS_PAIR_ERROR;SRC_POS_ERROR -- 3 (0.1%)
POS_PAIR_ERROR;SRC_POS_ERROR;TGT_POS_ERROR -- 2 (0.06%)
SRC_POS_ERROR;SRC_SLOT_ERROR -- 1 (0.03%)
TGT_POS_ERROR;TGT_SLOT_ERROR -- 1 (0.03%)

Output dataset percents of each coarse grained tag
C -- 1797 (57.17%)
POS_ERROR;SLOT_ERROR -- 624 (19.85%)
POS_PAIR_ERROR -- 283 (9.0%)
LEXICAL_ERROR -- 175 (5.57%)
PARADIGM_ERROR;SLOT_ERROR -- 66 (2.1%)
POS_ERROR;POS_PAIR_ERROR;SLOT_ERROR -- 56 (1.78%)
POS_ERROR -- 50 (1.59%)
POS_PAIR_ERROR;SLOT_ERROR -- 40 (1.27%)
PARADIGM_ERROR -- 34 (1.08%)
LEXICAL_ERROR;SLOT_ERROR -- 10 (0.32%)
POS_ERROR;POS_PAIR_ERROR -- 8 (0.25%)

Distribution of parts of speech in sampled data:
V -- 2907 (46.25%)
V.PTCP -- 645 (10.26%)
N -- 2238 (35.6%)
V.CVB -- 73 (1.16%)
ADJ -- 271 (4.31%)
PRN -- 152 (2.42%)
Writing 3143 total samples to data/sampled/leave-one-out/SLOT_ERROR/isl_sampled.tsv
