Loaded 29284 annotations
Filtering UNK/ERR annotations
Removed 23564, (80.47%) samples (due to Apertium analysis errors, unknown analyses, or invalid MSDs)
Found 98 lexical errors
Removing ('SLOT_ERROR',) from the dataset
('C',)
('TGT_SLOT_ERROR',)
Ignoring data for ('SLOT_ERROR',)...
('PARADIGM_ERROR', 'TGT_SLOT_ERROR')
('PARADIGM_ERROR', 'SRC_SLOT_ERROR')
('TGT_POS_ERROR', 'SRC_SLOT_ERROR', 'TGT_SLOT_ERROR')
('SRC_SLOT_ERROR', 'TGT_SLOT_ERROR')
Ignoring data for ('SLOT_ERROR',)...
('SRC_POS_ERROR', 'SRC_SLOT_ERROR', 'TGT_SLOT_ERROR')
('SRC_POS_ERROR', 'TGT_POS_ERROR', 'SRC_SLOT_ERROR', 'TGT_SLOT_ERROR')
('POS_PAIR_ERROR', 'SRC_POS_ERROR', 'SRC_SLOT_ERROR', 'TGT_SLOT_ERROR')
('PARADIGM_ERROR', 'SRC_SLOT_ERROR', 'TGT_SLOT_ERROR')
('POS_PAIR_ERROR', 'TGT_POS_ERROR', 'SRC_SLOT_ERROR', 'TGT_SLOT_ERROR')
('POS_PAIR_ERROR',)
('POS_PAIR_ERROR', 'SRC_SLOT_ERROR', 'TGT_SLOT_ERROR')
('POS_PAIR_ERROR', 'TGT_SLOT_ERROR')
('POS_PAIR_ERROR', 'SRC_SLOT_ERROR')
('POS_PAIR_ERROR', 'SRC_POS_ERROR', 'TGT_SLOT_ERROR')
('POS_PAIR_ERROR', 'SRC_POS_ERROR', 'TGT_POS_ERROR')
('POS_PAIR_ERROR', 'TGT_POS_ERROR', 'SRC_SLOT_ERROR')
('POS_PAIR_ERROR', 'SRC_POS_ERROR', 'TGT_POS_ERROR', 'TGT_SLOT_ERROR')
('POS_PAIR_ERROR', 'SRC_POS_ERROR', 'TGT_POS_ERROR', 'SRC_SLOT_ERROR')
('PARADIGM_ERROR',)
('SRC_LEXICAL_ERROR',)
('POS_PAIR_ERROR', 'SRC_POS_ERROR', 'SRC_SLOT_ERROR')
('POS_PAIR_ERROR', 'TGT_POS_ERROR', 'TGT_SLOT_ERROR')
('SRC_LEXICAL_ERROR', 'TGT_LEXICAL_ERROR')
('POS_PAIR_ERROR', 'TGT_POS_ERROR')
('POS_PAIR_ERROR', 'SRC_POS_ERROR')
('TGT_POS_ERROR', 'TGT_SLOT_ERROR')
('SRC_POS_ERROR', 'SRC_SLOT_ERROR')
('TGT_LEXICAL_ERROR', 'SRC_SLOT_ERROR')
('SRC_LEXICAL_ERROR', 'TGT_SLOT_ERROR')
('TGT_LEXICAL_ERROR',)
('TGT_POS_ERROR',)
('SRC_POS_ERROR',)
('POS_PAIR_ERROR', 'SRC_POS_ERROR', 'TGT_POS_ERROR', 'SRC_SLOT_ERROR', 'TGT_SLOT_ERROR')
('SRC_POS_ERROR', 'TGT_POS_ERROR')
('SRC_POS_ERROR', 'TGT_POS_ERROR', 'TGT_SLOT_ERROR')
('SRC_POS_ERROR', 'TGT_POS_ERROR', 'SRC_SLOT_ERROR')

 Existing samples distribution:
('C',) --- 3955 (78.71%)
('PARADIGM_ERROR', 'TGT_SLOT_ERROR') --- 12 (0.24%)
('PARADIGM_ERROR', 'SRC_SLOT_ERROR') --- 12 (0.24%)
('TGT_POS_ERROR', 'SRC_SLOT_ERROR', 'TGT_SLOT_ERROR') --- 21 (0.42%)
('SRC_POS_ERROR', 'SRC_SLOT_ERROR', 'TGT_SLOT_ERROR') --- 21 (0.42%)
('SRC_POS_ERROR', 'TGT_POS_ERROR', 'SRC_SLOT_ERROR', 'TGT_SLOT_ERROR') --- 298 (5.93%)
('POS_PAIR_ERROR', 'SRC_POS_ERROR', 'SRC_SLOT_ERROR', 'TGT_SLOT_ERROR') --- 7 (0.14%)
('PARADIGM_ERROR', 'SRC_SLOT_ERROR', 'TGT_SLOT_ERROR') --- 16 (0.32%)
('POS_PAIR_ERROR', 'TGT_POS_ERROR', 'SRC_SLOT_ERROR', 'TGT_SLOT_ERROR') --- 7 (0.14%)
('POS_PAIR_ERROR',) --- 374 (7.44%)
('POS_PAIR_ERROR', 'SRC_SLOT_ERROR', 'TGT_SLOT_ERROR') --- 22 (0.44%)
('POS_PAIR_ERROR', 'TGT_SLOT_ERROR') --- 6 (0.12%)
('POS_PAIR_ERROR', 'SRC_SLOT_ERROR') --- 6 (0.12%)
('POS_PAIR_ERROR', 'SRC_POS_ERROR', 'TGT_SLOT_ERROR') --- 13 (0.26%)
('POS_PAIR_ERROR', 'SRC_POS_ERROR', 'TGT_POS_ERROR') --- 2 (0.04%)
('POS_PAIR_ERROR', 'TGT_POS_ERROR', 'SRC_SLOT_ERROR') --- 13 (0.26%)
('POS_PAIR_ERROR', 'SRC_POS_ERROR', 'TGT_POS_ERROR', 'TGT_SLOT_ERROR') --- 20 (0.4%)
('POS_PAIR_ERROR', 'SRC_POS_ERROR', 'TGT_POS_ERROR', 'SRC_SLOT_ERROR') --- 20 (0.4%)
('PARADIGM_ERROR',) --- 4 (0.08%)
('SRC_LEXICAL_ERROR',) --- 73 (1.45%)
('POS_PAIR_ERROR', 'SRC_POS_ERROR', 'SRC_SLOT_ERROR') --- 15 (0.3%)
('POS_PAIR_ERROR', 'TGT_POS_ERROR', 'TGT_SLOT_ERROR') --- 15 (0.3%)
('SRC_LEXICAL_ERROR', 'TGT_LEXICAL_ERROR') --- 18 (0.36%)
('POS_PAIR_ERROR', 'TGT_POS_ERROR') --- 7 (0.14%)
('POS_PAIR_ERROR', 'SRC_POS_ERROR') --- 7 (0.14%)
('TGT_POS_ERROR', 'TGT_SLOT_ERROR') --- 12 (0.24%)
('SRC_POS_ERROR', 'SRC_SLOT_ERROR') --- 12 (0.24%)
('TGT_LEXICAL_ERROR', 'SRC_SLOT_ERROR') --- 3 (0.06%)
('SRC_LEXICAL_ERROR', 'TGT_SLOT_ERROR') --- 3 (0.06%)
('TGT_LEXICAL_ERROR',) --- 1 (0.02%)
('TGT_POS_ERROR',) --- 1 (0.02%)
('SRC_POS_ERROR',) --- 1 (0.02%)
('POS_PAIR_ERROR', 'SRC_POS_ERROR', 'TGT_POS_ERROR', 'SRC_SLOT_ERROR', 'TGT_SLOT_ERROR') --- 20 (0.4%)
('SRC_POS_ERROR', 'TGT_POS_ERROR') --- 4 (0.08%)
('SRC_POS_ERROR', 'TGT_POS_ERROR', 'TGT_SLOT_ERROR') --- 2 (0.04%)
('SRC_POS_ERROR', 'TGT_POS_ERROR', 'SRC_SLOT_ERROR') --- 2 (0.04%)
Summarizing sampled data...
5025 total samples

Found 394 (7.84%) samples with an MSD that does not actually occur in UniMorph
Invalid tags:
{'ADJ', 'ADJ;ACC;PL', 'ADJ;ACC;SG', 'ADJ;DAT;SG', 'N;SG;COMPOUND', 'ADJ;GEN;SG', 'DET;NOM;SG'}

Output dataset full fine-grained annotation distribution:
C -- 3955 (78.71%)
POS_PAIR_ERROR -- 374 (7.44%)
SRC_POS_ERROR;TGT_POS_ERROR;SRC_SLOT_ERROR;TGT_SLOT_ERROR -- 298 (5.93%)
SRC_LEXICAL_ERROR -- 73 (1.45%)
POS_PAIR_ERROR;SRC_SLOT_ERROR;TGT_SLOT_ERROR -- 22 (0.44%)
TGT_POS_ERROR;SRC_SLOT_ERROR;TGT_SLOT_ERROR -- 21 (0.42%)
SRC_POS_ERROR;SRC_SLOT_ERROR;TGT_SLOT_ERROR -- 21 (0.42%)
POS_PAIR_ERROR;SRC_POS_ERROR;TGT_POS_ERROR;TGT_SLOT_ERROR -- 20 (0.4%)
POS_PAIR_ERROR;SRC_POS_ERROR;TGT_POS_ERROR;SRC_SLOT_ERROR -- 20 (0.4%)
POS_PAIR_ERROR;SRC_POS_ERROR;TGT_POS_ERROR;SRC_SLOT_ERROR;TGT_SLOT_ERROR -- 20 (0.4%)
SRC_LEXICAL_ERROR;TGT_LEXICAL_ERROR -- 18 (0.36%)
PARADIGM_ERROR;SRC_SLOT_ERROR;TGT_SLOT_ERROR -- 16 (0.32%)
POS_PAIR_ERROR;SRC_POS_ERROR;SRC_SLOT_ERROR -- 15 (0.3%)
POS_PAIR_ERROR;TGT_POS_ERROR;TGT_SLOT_ERROR -- 15 (0.3%)
POS_PAIR_ERROR;SRC_POS_ERROR;TGT_SLOT_ERROR -- 13 (0.26%)
POS_PAIR_ERROR;TGT_POS_ERROR;SRC_SLOT_ERROR -- 13 (0.26%)
PARADIGM_ERROR;TGT_SLOT_ERROR -- 12 (0.24%)
PARADIGM_ERROR;SRC_SLOT_ERROR -- 12 (0.24%)
TGT_POS_ERROR;TGT_SLOT_ERROR -- 12 (0.24%)
SRC_POS_ERROR;SRC_SLOT_ERROR -- 12 (0.24%)
POS_PAIR_ERROR;SRC_POS_ERROR;SRC_SLOT_ERROR;TGT_SLOT_ERROR -- 7 (0.14%)
POS_PAIR_ERROR;TGT_POS_ERROR;SRC_SLOT_ERROR;TGT_SLOT_ERROR -- 7 (0.14%)
POS_PAIR_ERROR;TGT_POS_ERROR -- 7 (0.14%)
POS_PAIR_ERROR;SRC_POS_ERROR -- 7 (0.14%)
POS_PAIR_ERROR;TGT_SLOT_ERROR -- 6 (0.12%)
POS_PAIR_ERROR;SRC_SLOT_ERROR -- 6 (0.12%)
PARADIGM_ERROR -- 4 (0.08%)
SRC_POS_ERROR;TGT_POS_ERROR -- 4 (0.08%)
TGT_LEXICAL_ERROR;SRC_SLOT_ERROR -- 3 (0.06%)
SRC_LEXICAL_ERROR;TGT_SLOT_ERROR -- 3 (0.06%)
POS_PAIR_ERROR;SRC_POS_ERROR;TGT_POS_ERROR -- 2 (0.04%)
SRC_POS_ERROR;TGT_POS_ERROR;TGT_SLOT_ERROR -- 2 (0.04%)
SRC_POS_ERROR;TGT_POS_ERROR;SRC_SLOT_ERROR -- 2 (0.04%)
TGT_LEXICAL_ERROR -- 1 (0.02%)
TGT_POS_ERROR -- 1 (0.02%)
SRC_POS_ERROR -- 1 (0.02%)

Output dataset percents of each coarse grained tag
C -- 3955 (78.71%)
POS_PAIR_ERROR -- 374 (7.44%)
POS_ERROR;SLOT_ERROR -- 368 (7.32%)
POS_ERROR;POS_PAIR_ERROR;SLOT_ERROR -- 130 (2.59%)
LEXICAL_ERROR -- 92 (1.83%)
PARADIGM_ERROR;SLOT_ERROR -- 40 (0.8%)
POS_PAIR_ERROR;SLOT_ERROR -- 34 (0.68%)
POS_ERROR;POS_PAIR_ERROR -- 16 (0.32%)
LEXICAL_ERROR;SLOT_ERROR -- 6 (0.12%)
POS_ERROR -- 6 (0.12%)
PARADIGM_ERROR -- 4 (0.08%)

Distribution of parts of speech in sampled data:
V -- 7122 (70.87%)
N -- 2495 (24.83%)
ADJ -- 431 (4.29%)
DET -- 2 (0.02%)
Writing 5025 total samples to data/sampled/leave-one-out/SLOT_ERROR/deu_sampled.tsv
