Loaded 45096 annotations
Filtering UNK/ERR annotations
Removed 40392, (89.57%) samples (due to Apertium analysis errors, unknown analyses, or invalid MSDs)
Found 688 lexical errors
Removing ('SLOT_ERROR',) from the dataset
('SRC_SLOT_ERROR', 'TGT_SLOT_ERROR')
Ignoring data for ('SLOT_ERROR',)...
('TGT_SLOT_ERROR',)
Ignoring data for ('SLOT_ERROR',)...
('C',)
('PARADIGM_ERROR', 'SRC_SLOT_ERROR', 'TGT_SLOT_ERROR')
('PARADIGM_ERROR', 'TGT_SLOT_ERROR')
('PARADIGM_ERROR', 'SRC_SLOT_ERROR')
('SRC_POS_ERROR', 'TGT_POS_ERROR', 'SRC_SLOT_ERROR', 'TGT_SLOT_ERROR')
('POS_PAIR_ERROR',)
('POS_PAIR_ERROR', 'TGT_SLOT_ERROR')
('POS_PAIR_ERROR', 'SRC_SLOT_ERROR')
('POS_PAIR_ERROR', 'SRC_POS_ERROR', 'TGT_POS_ERROR', 'SRC_SLOT_ERROR', 'TGT_SLOT_ERROR')
('TGT_LEXICAL_ERROR', 'SRC_SLOT_ERROR')
('TGT_LEXICAL_ERROR',)
('SRC_LEXICAL_ERROR', 'TGT_SLOT_ERROR')
('SRC_LEXICAL_ERROR',)
('POS_PAIR_ERROR', 'SRC_SLOT_ERROR', 'TGT_SLOT_ERROR')
('SRC_LEXICAL_ERROR', 'TGT_LEXICAL_ERROR')
('POS_PAIR_ERROR', 'TGT_POS_ERROR', 'SRC_SLOT_ERROR', 'TGT_SLOT_ERROR')
('POS_PAIR_ERROR', 'SRC_POS_ERROR', 'SRC_SLOT_ERROR', 'TGT_SLOT_ERROR')
('PARADIGM_ERROR',)
('TGT_POS_ERROR', 'SRC_SLOT_ERROR', 'TGT_SLOT_ERROR')
('SRC_POS_ERROR', 'SRC_SLOT_ERROR', 'TGT_SLOT_ERROR')
('POS_PAIR_ERROR', 'TGT_POS_ERROR', 'TGT_SLOT_ERROR')
('POS_PAIR_ERROR', 'SRC_POS_ERROR', 'SRC_SLOT_ERROR')
('SRC_POS_ERROR', 'TGT_POS_ERROR', 'SRC_SLOT_ERROR')
('SRC_POS_ERROR', 'TGT_POS_ERROR', 'TGT_SLOT_ERROR')
('TGT_POS_ERROR', 'TGT_SLOT_ERROR')
('SRC_POS_ERROR', 'SRC_SLOT_ERROR')
('POS_PAIR_ERROR', 'SRC_POS_ERROR', 'TGT_POS_ERROR', 'SRC_SLOT_ERROR')
('POS_PAIR_ERROR', 'SRC_POS_ERROR', 'TGT_POS_ERROR', 'TGT_SLOT_ERROR')
('POS_PAIR_ERROR', 'TGT_POS_ERROR', 'SRC_SLOT_ERROR')
('POS_PAIR_ERROR', 'SRC_POS_ERROR', 'TGT_SLOT_ERROR')

 Existing samples distribution:
('C',) --- 1689 (40.87%)
('PARADIGM_ERROR', 'SRC_SLOT_ERROR', 'TGT_SLOT_ERROR') --- 58 (1.4%)
('PARADIGM_ERROR', 'TGT_SLOT_ERROR') --- 99 (2.4%)
('PARADIGM_ERROR', 'SRC_SLOT_ERROR') --- 99 (2.4%)
('SRC_POS_ERROR', 'TGT_POS_ERROR', 'SRC_SLOT_ERROR', 'TGT_SLOT_ERROR') --- 388 (9.39%)
('POS_PAIR_ERROR',) --- 494 (11.95%)
('POS_PAIR_ERROR', 'TGT_SLOT_ERROR') --- 151 (3.65%)
('POS_PAIR_ERROR', 'SRC_SLOT_ERROR') --- 151 (3.65%)
('POS_PAIR_ERROR', 'SRC_POS_ERROR', 'TGT_POS_ERROR', 'SRC_SLOT_ERROR', 'TGT_SLOT_ERROR') --- 4 (0.1%)
('TGT_LEXICAL_ERROR', 'SRC_SLOT_ERROR') --- 66 (1.6%)
('TGT_LEXICAL_ERROR',) --- 225 (5.44%)
('SRC_LEXICAL_ERROR', 'TGT_SLOT_ERROR') --- 66 (1.6%)
('SRC_LEXICAL_ERROR',) --- 291 (7.04%)
('POS_PAIR_ERROR', 'SRC_SLOT_ERROR', 'TGT_SLOT_ERROR') --- 120 (2.9%)
('SRC_LEXICAL_ERROR', 'TGT_LEXICAL_ERROR') --- 40 (0.97%)
('POS_PAIR_ERROR', 'TGT_POS_ERROR', 'SRC_SLOT_ERROR', 'TGT_SLOT_ERROR') --- 7 (0.17%)
('POS_PAIR_ERROR', 'SRC_POS_ERROR', 'SRC_SLOT_ERROR', 'TGT_SLOT_ERROR') --- 7 (0.17%)
('PARADIGM_ERROR',) --- 76 (1.84%)
('TGT_POS_ERROR', 'SRC_SLOT_ERROR', 'TGT_SLOT_ERROR') --- 23 (0.56%)
('SRC_POS_ERROR', 'SRC_SLOT_ERROR', 'TGT_SLOT_ERROR') --- 23 (0.56%)
('POS_PAIR_ERROR', 'TGT_POS_ERROR', 'TGT_SLOT_ERROR') --- 4 (0.1%)
('POS_PAIR_ERROR', 'SRC_POS_ERROR', 'SRC_SLOT_ERROR') --- 4 (0.1%)
('SRC_POS_ERROR', 'TGT_POS_ERROR', 'SRC_SLOT_ERROR') --- 9 (0.22%)
('SRC_POS_ERROR', 'TGT_POS_ERROR', 'TGT_SLOT_ERROR') --- 9 (0.22%)
('TGT_POS_ERROR', 'TGT_SLOT_ERROR') --- 12 (0.29%)
('SRC_POS_ERROR', 'SRC_SLOT_ERROR') --- 12 (0.29%)
('POS_PAIR_ERROR', 'SRC_POS_ERROR', 'TGT_POS_ERROR', 'SRC_SLOT_ERROR') --- 2 (0.05%)
('POS_PAIR_ERROR', 'SRC_POS_ERROR', 'TGT_POS_ERROR', 'TGT_SLOT_ERROR') --- 2 (0.05%)
('POS_PAIR_ERROR', 'TGT_POS_ERROR', 'SRC_SLOT_ERROR') --- 1 (0.02%)
('POS_PAIR_ERROR', 'SRC_POS_ERROR', 'TGT_SLOT_ERROR') --- 1 (0.02%)
Summarizing sampled data...
4133 total samples

Found 1539 (37.24%) samples with an MSD that does not actually occur in UniMorph
Invalid tags:
{'N;DEF;PL', 'V.CVB;COMPV', 'ADJ;DEF;PL', 'PROPN;MASC', 'ADJ;INDF;GEN;PL', 'N;DEF;SG', 'V.CVB', 'N;INDF;NOM;SG;COMPOUND', 'DET;SG', 'PRN;DEF;ACC;PL', 'PRN;NOM;NEUT;SG', 'PRN', 'ADJ;PRS', 'ADJ;PRS;GEN', 'ADJ;INDF;NOM;PL', 'PRN;INDF;GEN;PL', 'PRN;NEUT;SG', 'V;ACT;NFIN;COMPOUND', 'PRN;SG', 'N;INDF;PL'}

Output dataset full fine-grained annotation distribution:
C -- 1689 (40.87%)
POS_PAIR_ERROR -- 494 (11.95%)
SRC_POS_ERROR;TGT_POS_ERROR;SRC_SLOT_ERROR;TGT_SLOT_ERROR -- 388 (9.39%)
SRC_LEXICAL_ERROR -- 291 (7.04%)
TGT_LEXICAL_ERROR -- 225 (5.44%)
POS_PAIR_ERROR;TGT_SLOT_ERROR -- 151 (3.65%)
POS_PAIR_ERROR;SRC_SLOT_ERROR -- 151 (3.65%)
POS_PAIR_ERROR;SRC_SLOT_ERROR;TGT_SLOT_ERROR -- 120 (2.9%)
PARADIGM_ERROR;TGT_SLOT_ERROR -- 99 (2.4%)
PARADIGM_ERROR;SRC_SLOT_ERROR -- 99 (2.4%)
PARADIGM_ERROR -- 76 (1.84%)
TGT_LEXICAL_ERROR;SRC_SLOT_ERROR -- 66 (1.6%)
SRC_LEXICAL_ERROR;TGT_SLOT_ERROR -- 66 (1.6%)
PARADIGM_ERROR;SRC_SLOT_ERROR;TGT_SLOT_ERROR -- 58 (1.4%)
SRC_LEXICAL_ERROR;TGT_LEXICAL_ERROR -- 40 (0.97%)
TGT_POS_ERROR;SRC_SLOT_ERROR;TGT_SLOT_ERROR -- 23 (0.56%)
SRC_POS_ERROR;SRC_SLOT_ERROR;TGT_SLOT_ERROR -- 23 (0.56%)
TGT_POS_ERROR;TGT_SLOT_ERROR -- 12 (0.29%)
SRC_POS_ERROR;SRC_SLOT_ERROR -- 12 (0.29%)
SRC_POS_ERROR;TGT_POS_ERROR;SRC_SLOT_ERROR -- 9 (0.22%)
SRC_POS_ERROR;TGT_POS_ERROR;TGT_SLOT_ERROR -- 9 (0.22%)
POS_PAIR_ERROR;TGT_POS_ERROR;SRC_SLOT_ERROR;TGT_SLOT_ERROR -- 7 (0.17%)
POS_PAIR_ERROR;SRC_POS_ERROR;SRC_SLOT_ERROR;TGT_SLOT_ERROR -- 7 (0.17%)
POS_PAIR_ERROR;SRC_POS_ERROR;TGT_POS_ERROR;SRC_SLOT_ERROR;TGT_SLOT_ERROR -- 4 (0.1%)
POS_PAIR_ERROR;TGT_POS_ERROR;TGT_SLOT_ERROR -- 4 (0.1%)
POS_PAIR_ERROR;SRC_POS_ERROR;SRC_SLOT_ERROR -- 4 (0.1%)
POS_PAIR_ERROR;SRC_POS_ERROR;TGT_POS_ERROR;SRC_SLOT_ERROR -- 2 (0.05%)
POS_PAIR_ERROR;SRC_POS_ERROR;TGT_POS_ERROR;TGT_SLOT_ERROR -- 2 (0.05%)
POS_PAIR_ERROR;TGT_POS_ERROR;SRC_SLOT_ERROR -- 1 (0.02%)
POS_PAIR_ERROR;SRC_POS_ERROR;TGT_SLOT_ERROR -- 1 (0.02%)

Output dataset percents of each coarse grained tag
C -- 1689 (40.87%)
LEXICAL_ERROR -- 556 (13.45%)
POS_PAIR_ERROR -- 494 (11.95%)
POS_ERROR;SLOT_ERROR -- 476 (11.52%)
POS_PAIR_ERROR;SLOT_ERROR -- 422 (10.21%)
PARADIGM_ERROR;SLOT_ERROR -- 256 (6.19%)
LEXICAL_ERROR;SLOT_ERROR -- 132 (3.19%)
PARADIGM_ERROR -- 76 (1.84%)
POS_ERROR;POS_PAIR_ERROR;SLOT_ERROR -- 32 (0.77%)

Distribution of parts of speech in sampled data:
V.PTCP -- 676 (8.18%)
V -- 3295 (39.86%)
ADJ -- 2074 (25.09%)
N -- 1868 (22.6%)
V.CVB -- 261 (3.16%)
PRN -- 36 (0.44%)
DET -- 46 (0.56%)
PROPN -- 10 (0.12%)
Writing 4133 total samples to data/sampled/leave-one-out/SLOT_ERROR/swe_sampled.tsv
