Loaded 105492 annotations
Filtering UNK/ERR annotations
Removed 92341, (87.53%) samples (due to Apertium analysis errors, unknown analyses, or invalid MSDs)
Found 139 lexical errors
Including only ('PARADIGM_ERROR', 'C') in the dataset
('C',)
Including data for ('C',)...
('TGT_SLOT_ERROR',)
('POS_PAIR_ERROR',)
('PARADIGM_ERROR', 'SRC_SLOT_ERROR')
('PARADIGM_ERROR', 'SRC_SLOT_ERROR', 'TGT_SLOT_ERROR')
('PARADIGM_ERROR', 'TGT_SLOT_ERROR')
('SRC_SLOT_ERROR', 'TGT_SLOT_ERROR')
('POS_PAIR_ERROR', 'SRC_SLOT_ERROR')
('POS_PAIR_ERROR', 'TGT_SLOT_ERROR')
('PARADIGM_ERROR',)
Including data for ('PARADIGM_ERROR',)...
('POS_PAIR_ERROR', 'SRC_SLOT_ERROR', 'TGT_SLOT_ERROR')
('POS_PAIR_ERROR', 'SRC_POS_ERROR', 'TGT_SLOT_ERROR')
('POS_PAIR_ERROR', 'TGT_POS_ERROR', 'SRC_SLOT_ERROR')
('POS_PAIR_ERROR', 'SRC_POS_ERROR')
('POS_PAIR_ERROR', 'TGT_POS_ERROR')
('TGT_LEXICAL_ERROR',)
('SRC_LEXICAL_ERROR',)
('TGT_LEXICAL_ERROR', 'SRC_SLOT_ERROR')
('SRC_LEXICAL_ERROR', 'TGT_SLOT_ERROR')
('SRC_LEXICAL_ERROR', 'TGT_LEXICAL_ERROR')
('SRC_POS_ERROR', 'TGT_POS_ERROR', 'TGT_SLOT_ERROR')
('SRC_POS_ERROR', 'TGT_POS_ERROR', 'SRC_SLOT_ERROR')
('SRC_POS_ERROR', 'TGT_POS_ERROR', 'SRC_SLOT_ERROR', 'TGT_SLOT_ERROR')
('TGT_POS_ERROR', 'SRC_SLOT_ERROR', 'TGT_SLOT_ERROR')
('SRC_POS_ERROR', 'SRC_SLOT_ERROR', 'TGT_SLOT_ERROR')
('SRC_POS_ERROR', 'SRC_SLOT_ERROR')
('TGT_POS_ERROR', 'TGT_SLOT_ERROR')
('SRC_POS_ERROR', 'TGT_POS_ERROR')
('POS_PAIR_ERROR', 'SRC_POS_ERROR', 'SRC_SLOT_ERROR', 'TGT_SLOT_ERROR')
('POS_PAIR_ERROR', 'TGT_POS_ERROR', 'SRC_SLOT_ERROR', 'TGT_SLOT_ERROR')

 Existing samples distribution:
('C',) --- 7194 (91.43%)
('PARADIGM_ERROR',) --- 674 (8.57%)
Summarizing sampled data...
7868 total samples

Found 881 (11.2%) samples with an MSD that does not actually occur in UniMorph
Invalid tags:
{'ADJ;ACC;MASC;SG', 'V;2;PL', 'ADJ;ACC;PL', 'V;IMP;1;PL', 'V.CVB'}

Output dataset full fine-grained annotation distribution:
C -- 7194 (91.43%)
PARADIGM_ERROR -- 674 (8.57%)

Output dataset percents of each coarse grained tag
C -- 7194 (91.43%)
PARADIGM_ERROR -- 674 (8.57%)

Distribution of parts of speech in sampled data:
V.CVB -- 264 (1.68%)
V -- 7798 (49.56%)
V.PTCP -- 180 (1.14%)
ADJ -- 3521 (22.38%)
N -- 3973 (25.25%)
Writing 7868 total samples to data/sampled/add-one-in/PARADIGM_ERROR/rus_sampled.tsv
