Removing ('POS_ERROR;POS_PAIR_ERROR;SLOT_ERROR',) from the dataset
C -- 70.75%
SRC_POS_ERROR;TGT_POS_ERROR;SRC_SLOT_ERROR;TGT_SLOT_ERROR -- 5.33%
SRC_LEXICAL_ERROR -- 1.31%
TGT_SLOT_ERROR -- 6.99%
POS_PAIR_ERROR -- 6.69%
SRC_SLOT_ERROR;TGT_SLOT_ERROR -- 5.44%
POS_PAIR_ERROR;TGT_POS_ERROR -- 0.13%
TGT_POS_ERROR;TGT_SLOT_ERROR -- 0.21%
POS_PAIR_ERROR;SRC_SLOT_ERROR -- 0.11%
POS_PAIR_ERROR;SRC_SLOT_ERROR;TGT_SLOT_ERROR -- 0.39%
SRC_LEXICAL_ERROR;TGT_LEXICAL_ERROR -- 0.32%
TGT_POS_ERROR;SRC_SLOT_ERROR;TGT_SLOT_ERROR -- 0.38%
PARADIGM_ERROR;TGT_SLOT_ERROR -- 0.21%
PARADIGM_ERROR;SRC_SLOT_ERROR;TGT_SLOT_ERROR -- 0.29%
POS_PAIR_ERROR;SRC_POS_ERROR;TGT_POS_ERROR -- 0.04%
SRC_POS_ERROR;SRC_SLOT_ERROR;TGT_SLOT_ERROR -- 0.38%
SRC_POS_ERROR;SRC_SLOT_ERROR -- 0.21%
TGT_LEXICAL_ERROR;SRC_SLOT_ERROR -- 0.05%
SRC_LEXICAL_ERROR;TGT_SLOT_ERROR -- 0.05%
PARADIGM_ERROR;SRC_SLOT_ERROR -- 0.21%
PARADIGM_ERROR -- 0.07%
SRC_POS_ERROR;TGT_POS_ERROR;TGT_SLOT_ERROR -- 0.04%
POS_PAIR_ERROR;SRC_POS_ERROR -- 0.13%
SRC_POS_ERROR;TGT_POS_ERROR -- 0.07%
SRC_POS_ERROR;TGT_POS_ERROR;SRC_SLOT_ERROR -- 0.04%
SRC_POS_ERROR -- 0.02%
POS_PAIR_ERROR;TGT_SLOT_ERROR -- 0.11%
TGT_POS_ERROR -- 0.02%
TGT_LEXICAL_ERROR -- 0.02%
Writing 5590 total samples to data/sampled/MSD-reinflection-resampled-leave-one-out/POS_ERROR;POS_PAIR_ERROR;SLOT_ERROR/deu_sampled.tsv
