Removing ('POS_ERROR;POS_PAIR_ERROR;SLOT_ERROR',) from the dataset
SRC_POS_ERROR;TGT_POS_ERROR;SRC_SLOT_ERROR;TGT_SLOT_ERROR -- 3.02%
C -- 54.9%
SRC_SLOT_ERROR;TGT_SLOT_ERROR -- 18.79%
PARADIGM_ERROR -- 5.14%
TGT_SLOT_ERROR -- 10.61%
SRC_LEXICAL_ERROR -- 0.76%
POS_PAIR_ERROR;SRC_SLOT_ERROR;TGT_SLOT_ERROR -- 0.5%
POS_PAIR_ERROR -- 2.46%
PARADIGM_ERROR;TGT_SLOT_ERROR -- 0.49%
POS_PAIR_ERROR;TGT_SLOT_ERROR -- 0.5%
POS_PAIR_ERROR;TGT_POS_ERROR -- 0.14%
TGT_POS_ERROR;SRC_SLOT_ERROR;TGT_SLOT_ERROR -- 0.31%
TGT_LEXICAL_ERROR -- 0.11%
SRC_POS_ERROR;SRC_SLOT_ERROR;TGT_SLOT_ERROR -- 0.31%
PARADIGM_ERROR;SRC_SLOT_ERROR;TGT_SLOT_ERROR -- 0.38%
PARADIGM_ERROR;SRC_SLOT_ERROR -- 0.49%
POS_PAIR_ERROR;SRC_SLOT_ERROR -- 0.5%
SRC_POS_ERROR;TGT_POS_ERROR -- 0.05%
SRC_POS_ERROR;SRC_SLOT_ERROR -- 0.06%
POS_PAIR_ERROR;SRC_POS_ERROR -- 0.14%
SRC_LEXICAL_ERROR;TGT_LEXICAL_ERROR -- 0.14%
SRC_LEXICAL_ERROR;TGT_SLOT_ERROR -- 0.03%
TGT_POS_ERROR;TGT_SLOT_ERROR -- 0.06%
SRC_POS_ERROR;TGT_POS_ERROR;SRC_SLOT_ERROR -- 0.05%
TGT_LEXICAL_ERROR;SRC_SLOT_ERROR -- 0.03%
SRC_POS_ERROR;TGT_POS_ERROR;TGT_SLOT_ERROR -- 0.05%
Writing 13103 total samples to data/sampled/MSD-reinflection-resampled-leave-one-out/POS_ERROR;POS_PAIR_ERROR;SLOT_ERROR/rus_sampled.tsv
