Removing ('POS_ERROR;POS_PAIR_ERROR;SLOT_ERROR',) from the dataset
POS_PAIR_ERROR;SRC_SLOT_ERROR;TGT_SLOT_ERROR -- 2.57%
C -- 36.15%
TGT_SLOT_ERROR -- 7.77%
POS_PAIR_ERROR;TGT_SLOT_ERROR -- 3.23%
SRC_SLOT_ERROR;TGT_SLOT_ERROR -- 4.45%
PARADIGM_ERROR;SRC_SLOT_ERROR -- 2.12%
TGT_LEXICAL_ERROR;SRC_SLOT_ERROR -- 1.41%
PARADIGM_ERROR;SRC_SLOT_ERROR;TGT_SLOT_ERROR -- 1.24%
TGT_LEXICAL_ERROR -- 4.82%
POS_PAIR_ERROR -- 10.57%
SRC_POS_ERROR;TGT_POS_ERROR;SRC_SLOT_ERROR;TGT_SLOT_ERROR -- 8.3%
SRC_LEXICAL_ERROR -- 6.23%
PARADIGM_ERROR -- 1.63%
SRC_LEXICAL_ERROR;TGT_LEXICAL_ERROR -- 0.86%
PARADIGM_ERROR;TGT_SLOT_ERROR -- 2.12%
TGT_POS_ERROR;SRC_SLOT_ERROR;TGT_SLOT_ERROR -- 0.49%
SRC_LEXICAL_ERROR;TGT_SLOT_ERROR -- 1.41%
POS_PAIR_ERROR;SRC_SLOT_ERROR -- 3.23%
SRC_POS_ERROR;TGT_POS_ERROR;TGT_SLOT_ERROR -- 0.19%
SRC_POS_ERROR;SRC_SLOT_ERROR;TGT_SLOT_ERROR -- 0.49%
SRC_POS_ERROR;TGT_POS_ERROR;SRC_SLOT_ERROR -- 0.19%
TGT_POS_ERROR;TGT_SLOT_ERROR -- 0.26%
SRC_POS_ERROR;SRC_SLOT_ERROR -- 0.26%
Writing 4672 total samples to data/sampled/MSD-reinflection-resampled-leave-one-out/POS_ERROR;POS_PAIR_ERROR;SLOT_ERROR/swe_sampled.tsv
