Removing ('POS_PAIR_ERROR',) from the dataset
C -- 50.03%
SRC_POS_ERROR;TGT_POS_ERROR -- 1.17%
TGT_SLOT_ERROR -- 9.19%
SRC_POS_ERROR;TGT_POS_ERROR;SRC_SLOT_ERROR;TGT_SLOT_ERROR -- 14.87%
SRC_POS_ERROR;TGT_POS_ERROR;SRC_SLOT_ERROR -- 0.92%
SRC_SLOT_ERROR;TGT_SLOT_ERROR -- 11.19%
SRC_LEXICAL_ERROR -- 3.65%
POS_PAIR_ERROR;TGT_SLOT_ERROR -- 0.36%
SRC_POS_ERROR -- 0.11%
SRC_POS_ERROR;TGT_POS_ERROR;TGT_SLOT_ERROR -- 0.92%
PARADIGM_ERROR -- 0.95%
TGT_LEXICAL_ERROR -- 0.11%
TGT_POS_ERROR;SRC_SLOT_ERROR;TGT_SLOT_ERROR -- 0.17%
PARADIGM_ERROR;SRC_SLOT_ERROR -- 0.81%
POS_PAIR_ERROR;SRC_POS_ERROR;TGT_POS_ERROR;SRC_SLOT_ERROR -- 0.22%
POS_PAIR_ERROR;SRC_SLOT_ERROR;TGT_SLOT_ERROR -- 0.39%
PARADIGM_ERROR;SRC_SLOT_ERROR;TGT_SLOT_ERROR -- 0.22%
SRC_LEXICAL_ERROR;TGT_LEXICAL_ERROR -- 1.11%
PARADIGM_ERROR;TGT_SLOT_ERROR -- 0.81%
TGT_POS_ERROR;SRC_SLOT_ERROR -- 0.14%
POS_PAIR_ERROR;SRC_POS_ERROR;SRC_SLOT_ERROR;TGT_SLOT_ERROR -- 0.25%
POS_PAIR_ERROR;SRC_POS_ERROR;SRC_SLOT_ERROR -- 0.17%
TGT_LEXICAL_ERROR;SRC_SLOT_ERROR -- 0.14%
SRC_POS_ERROR;TGT_SLOT_ERROR -- 0.14%
POS_PAIR_ERROR;TGT_POS_ERROR;SRC_SLOT_ERROR -- 0.14%
POS_PAIR_ERROR;TGT_POS_ERROR;SRC_SLOT_ERROR;TGT_SLOT_ERROR -- 0.25%
SRC_POS_ERROR;SRC_SLOT_ERROR;TGT_SLOT_ERROR -- 0.17%
TGT_POS_ERROR -- 0.11%
POS_PAIR_ERROR;SRC_POS_ERROR;TGT_SLOT_ERROR -- 0.14%
POS_PAIR_ERROR;TGT_POS_ERROR -- 0.08%
POS_PAIR_ERROR;SRC_POS_ERROR -- 0.08%
POS_PAIR_ERROR;SRC_POS_ERROR;TGT_POS_ERROR;TGT_SLOT_ERROR -- 0.22%
POS_PAIR_ERROR;TGT_POS_ERROR;TGT_SLOT_ERROR -- 0.17%
POS_PAIR_ERROR;SRC_SLOT_ERROR -- 0.36%
POS_PAIR_ERROR;SRC_POS_ERROR;TGT_POS_ERROR -- 0.06%
TGT_POS_ERROR;TGT_SLOT_ERROR -- 0.03%
SRC_LEXICAL_ERROR;TGT_SLOT_ERROR -- 0.14%
SRC_POS_ERROR;SRC_SLOT_ERROR -- 0.03%
Writing 3592 total samples to data/sampled/MSD-reinflection-resampled-leave-one-out/POS_PAIR_ERROR/isl_sampled.tsv
