Removing ('POS_PAIR_ERROR',) from the dataset
C -- 73.98%
SRC_POS_ERROR;TGT_POS_ERROR;SRC_SLOT_ERROR;TGT_SLOT_ERROR -- 5.57%
SRC_LEXICAL_ERROR -- 1.37%
TGT_SLOT_ERROR -- 7.31%
SRC_SLOT_ERROR;TGT_SLOT_ERROR -- 5.69%
POS_PAIR_ERROR;SRC_POS_ERROR;TGT_POS_ERROR;TGT_SLOT_ERROR -- 0.37%
POS_PAIR_ERROR;SRC_POS_ERROR;SRC_SLOT_ERROR;TGT_SLOT_ERROR -- 0.13%
POS_PAIR_ERROR;TGT_POS_ERROR -- 0.13%
TGT_POS_ERROR;TGT_SLOT_ERROR -- 0.22%
POS_PAIR_ERROR;SRC_SLOT_ERROR -- 0.11%
POS_PAIR_ERROR;SRC_SLOT_ERROR;TGT_SLOT_ERROR -- 0.41%
POS_PAIR_ERROR;SRC_POS_ERROR;SRC_SLOT_ERROR -- 0.28%
POS_PAIR_ERROR;TGT_POS_ERROR;TGT_SLOT_ERROR -- 0.28%
SRC_LEXICAL_ERROR;TGT_LEXICAL_ERROR -- 0.34%
POS_PAIR_ERROR;SRC_POS_ERROR;TGT_SLOT_ERROR -- 0.24%
TGT_POS_ERROR;SRC_SLOT_ERROR;TGT_SLOT_ERROR -- 0.39%
PARADIGM_ERROR;TGT_SLOT_ERROR -- 0.22%
POS_PAIR_ERROR;TGT_POS_ERROR;SRC_SLOT_ERROR -- 0.24%
POS_PAIR_ERROR;TGT_POS_ERROR;SRC_SLOT_ERROR;TGT_SLOT_ERROR -- 0.13%
POS_PAIR_ERROR;SRC_POS_ERROR;TGT_POS_ERROR;SRC_SLOT_ERROR;TGT_SLOT_ERROR -- 0.37%
PARADIGM_ERROR;SRC_SLOT_ERROR;TGT_SLOT_ERROR -- 0.3%
POS_PAIR_ERROR;SRC_POS_ERROR;TGT_POS_ERROR -- 0.04%
SRC_POS_ERROR;SRC_SLOT_ERROR;TGT_SLOT_ERROR -- 0.39%
POS_PAIR_ERROR;SRC_POS_ERROR;TGT_POS_ERROR;SRC_SLOT_ERROR -- 0.37%
SRC_POS_ERROR;SRC_SLOT_ERROR -- 0.22%
TGT_LEXICAL_ERROR;SRC_SLOT_ERROR -- 0.06%
SRC_LEXICAL_ERROR;TGT_SLOT_ERROR -- 0.06%
PARADIGM_ERROR;SRC_SLOT_ERROR -- 0.22%
PARADIGM_ERROR -- 0.07%
SRC_POS_ERROR;TGT_POS_ERROR;TGT_SLOT_ERROR -- 0.04%
POS_PAIR_ERROR;SRC_POS_ERROR -- 0.13%
SRC_POS_ERROR;TGT_POS_ERROR -- 0.07%
SRC_POS_ERROR;TGT_POS_ERROR;SRC_SLOT_ERROR -- 0.04%
SRC_POS_ERROR -- 0.02%
POS_PAIR_ERROR;TGT_SLOT_ERROR -- 0.11%
TGT_POS_ERROR -- 0.02%
TGT_LEXICAL_ERROR -- 0.02%
Writing 5346 total samples to data/sampled/MSD-reinflection-resampled-leave-one-out/POS_PAIR_ERROR/deu_sampled.tsv
