Removing ('POS_PAIR_ERROR',) from the dataset
SRC_POS_ERROR;TGT_POS_ERROR;SRC_SLOT_ERROR;TGT_SLOT_ERROR -- 3.09%
C -- 56.08%
SRC_SLOT_ERROR;TGT_SLOT_ERROR -- 19.19%
PARADIGM_ERROR -- 5.25%
TGT_SLOT_ERROR -- 10.83%
POS_PAIR_ERROR;SRC_POS_ERROR;SRC_SLOT_ERROR;TGT_SLOT_ERROR -- 0.1%
SRC_LEXICAL_ERROR -- 0.77%
POS_PAIR_ERROR;SRC_SLOT_ERROR;TGT_SLOT_ERROR -- 0.51%
PARADIGM_ERROR;TGT_SLOT_ERROR -- 0.5%
POS_PAIR_ERROR;TGT_SLOT_ERROR -- 0.51%
POS_PAIR_ERROR;TGT_POS_ERROR -- 0.14%
TGT_POS_ERROR;SRC_SLOT_ERROR;TGT_SLOT_ERROR -- 0.31%
TGT_LEXICAL_ERROR -- 0.11%
SRC_POS_ERROR;SRC_SLOT_ERROR;TGT_SLOT_ERROR -- 0.31%
PARADIGM_ERROR;SRC_SLOT_ERROR;TGT_SLOT_ERROR -- 0.39%
POS_PAIR_ERROR;TGT_POS_ERROR;SRC_SLOT_ERROR;TGT_SLOT_ERROR -- 0.1%
PARADIGM_ERROR;SRC_SLOT_ERROR -- 0.5%
POS_PAIR_ERROR;SRC_POS_ERROR;TGT_SLOT_ERROR -- 0.09%
POS_PAIR_ERROR;SRC_SLOT_ERROR -- 0.51%
POS_PAIR_ERROR;TGT_POS_ERROR;SRC_SLOT_ERROR -- 0.09%
SRC_POS_ERROR;TGT_POS_ERROR -- 0.05%
SRC_POS_ERROR;SRC_SLOT_ERROR -- 0.06%
POS_PAIR_ERROR;SRC_POS_ERROR -- 0.14%
SRC_LEXICAL_ERROR;TGT_LEXICAL_ERROR -- 0.14%
SRC_LEXICAL_ERROR;TGT_SLOT_ERROR -- 0.03%
TGT_POS_ERROR;TGT_SLOT_ERROR -- 0.06%
SRC_POS_ERROR;TGT_POS_ERROR;SRC_SLOT_ERROR -- 0.05%
TGT_LEXICAL_ERROR;SRC_SLOT_ERROR -- 0.03%
SRC_POS_ERROR;TGT_POS_ERROR;TGT_SLOT_ERROR -- 0.05%
Writing 12829 total samples to data/sampled/MSD-reinflection-resampled-leave-one-out/POS_PAIR_ERROR/rus_sampled.tsv
