Removing ('POS_PAIR_ERROR',) from the dataset
POS_PAIR_ERROR;SRC_SLOT_ERROR;TGT_SLOT_ERROR -- 2.85%
C -- 40.12%
TGT_SLOT_ERROR -- 8.62%
POS_PAIR_ERROR;TGT_SLOT_ERROR -- 3.59%
SRC_SLOT_ERROR;TGT_SLOT_ERROR -- 4.94%
PARADIGM_ERROR;SRC_SLOT_ERROR -- 2.35%
TGT_LEXICAL_ERROR;SRC_SLOT_ERROR -- 1.57%
PARADIGM_ERROR;SRC_SLOT_ERROR;TGT_SLOT_ERROR -- 1.38%
TGT_LEXICAL_ERROR -- 5.34%
SRC_POS_ERROR;TGT_POS_ERROR;SRC_SLOT_ERROR;TGT_SLOT_ERROR -- 9.22%
SRC_LEXICAL_ERROR -- 6.91%
PARADIGM_ERROR -- 1.81%
SRC_LEXICAL_ERROR;TGT_LEXICAL_ERROR -- 0.95%
PARADIGM_ERROR;TGT_SLOT_ERROR -- 2.35%
TGT_POS_ERROR;SRC_SLOT_ERROR;TGT_SLOT_ERROR -- 0.55%
SRC_LEXICAL_ERROR;TGT_SLOT_ERROR -- 1.57%
POS_PAIR_ERROR;SRC_SLOT_ERROR -- 3.59%
SRC_POS_ERROR;TGT_POS_ERROR;TGT_SLOT_ERROR -- 0.21%
SRC_POS_ERROR;SRC_SLOT_ERROR;TGT_SLOT_ERROR -- 0.55%
SRC_POS_ERROR;TGT_POS_ERROR;SRC_SLOT_ERROR -- 0.21%
TGT_POS_ERROR;TGT_SLOT_ERROR -- 0.29%
POS_PAIR_ERROR;SRC_POS_ERROR;TGT_SLOT_ERROR -- 0.02%
SRC_POS_ERROR;SRC_SLOT_ERROR -- 0.29%
POS_PAIR_ERROR;SRC_POS_ERROR;SRC_SLOT_ERROR;TGT_SLOT_ERROR -- 0.17%
POS_PAIR_ERROR;SRC_POS_ERROR;TGT_POS_ERROR;TGT_SLOT_ERROR -- 0.05%
POS_PAIR_ERROR;TGT_POS_ERROR;SRC_SLOT_ERROR;TGT_SLOT_ERROR -- 0.17%
POS_PAIR_ERROR;TGT_POS_ERROR;TGT_SLOT_ERROR -- 0.1%
POS_PAIR_ERROR;SRC_POS_ERROR;TGT_POS_ERROR;SRC_SLOT_ERROR -- 0.05%
POS_PAIR_ERROR;SRC_POS_ERROR;SRC_SLOT_ERROR -- 0.1%
POS_PAIR_ERROR;TGT_POS_ERROR;SRC_SLOT_ERROR -- 0.02%
POS_PAIR_ERROR;SRC_POS_ERROR;TGT_POS_ERROR;SRC_SLOT_ERROR;TGT_SLOT_ERROR -- 0.1%
Writing 4210 total samples to data/sampled/MSD-reinflection-resampled-leave-one-out/POS_PAIR_ERROR/swe_sampled.tsv
