Loaded 45096 annotations
Filtering UNK/ERR annotations
Removed 40392, (89.57%) samples (due to Apertium analysis errors, unknown analyses, or invalid MSDs)
Found 688 lexical errors
Removing ('POS_PAIR_ERROR;SLOT_ERROR',) from the dataset
('SRC_SLOT_ERROR', 'TGT_SLOT_ERROR')
('TGT_SLOT_ERROR',)
('C',)
('PARADIGM_ERROR', 'SRC_SLOT_ERROR', 'TGT_SLOT_ERROR')
('PARADIGM_ERROR', 'TGT_SLOT_ERROR')
('PARADIGM_ERROR', 'SRC_SLOT_ERROR')
('SRC_POS_ERROR', 'TGT_POS_ERROR', 'SRC_SLOT_ERROR', 'TGT_SLOT_ERROR')
('POS_PAIR_ERROR',)
('POS_PAIR_ERROR', 'TGT_SLOT_ERROR')
Ignoring data for ('POS_PAIR_ERROR', 'SLOT_ERROR')...
('POS_PAIR_ERROR', 'SRC_SLOT_ERROR')
Ignoring data for ('POS_PAIR_ERROR', 'SLOT_ERROR')...
('POS_PAIR_ERROR', 'SRC_POS_ERROR', 'TGT_POS_ERROR', 'SRC_SLOT_ERROR', 'TGT_SLOT_ERROR')
('TGT_LEXICAL_ERROR', 'SRC_SLOT_ERROR')
('TGT_LEXICAL_ERROR',)
('SRC_LEXICAL_ERROR', 'TGT_SLOT_ERROR')
('SRC_LEXICAL_ERROR',)
('POS_PAIR_ERROR', 'SRC_SLOT_ERROR', 'TGT_SLOT_ERROR')
Ignoring data for ('POS_PAIR_ERROR', 'SLOT_ERROR')...
('SRC_LEXICAL_ERROR', 'TGT_LEXICAL_ERROR')
('POS_PAIR_ERROR', 'TGT_POS_ERROR', 'SRC_SLOT_ERROR', 'TGT_SLOT_ERROR')
('POS_PAIR_ERROR', 'SRC_POS_ERROR', 'SRC_SLOT_ERROR', 'TGT_SLOT_ERROR')
('PARADIGM_ERROR',)
('TGT_POS_ERROR', 'SRC_SLOT_ERROR', 'TGT_SLOT_ERROR')
('SRC_POS_ERROR', 'SRC_SLOT_ERROR', 'TGT_SLOT_ERROR')
('POS_PAIR_ERROR', 'TGT_POS_ERROR', 'TGT_SLOT_ERROR')
('POS_PAIR_ERROR', 'SRC_POS_ERROR', 'SRC_SLOT_ERROR')
('SRC_POS_ERROR', 'TGT_POS_ERROR', 'SRC_SLOT_ERROR')
('SRC_POS_ERROR', 'TGT_POS_ERROR', 'TGT_SLOT_ERROR')
('TGT_POS_ERROR', 'TGT_SLOT_ERROR')
('SRC_POS_ERROR', 'SRC_SLOT_ERROR')
('POS_PAIR_ERROR', 'SRC_POS_ERROR', 'TGT_POS_ERROR', 'SRC_SLOT_ERROR')
('POS_PAIR_ERROR', 'SRC_POS_ERROR', 'TGT_POS_ERROR', 'TGT_SLOT_ERROR')
('POS_PAIR_ERROR', 'TGT_POS_ERROR', 'SRC_SLOT_ERROR')
('POS_PAIR_ERROR', 'SRC_POS_ERROR', 'TGT_SLOT_ERROR')

 Existing samples distribution:
('SRC_SLOT_ERROR', 'TGT_SLOT_ERROR') --- 208 (4.86%)
('TGT_SLOT_ERROR',) --- 363 (8.48%)
('C',) --- 1689 (39.44%)
('PARADIGM_ERROR', 'SRC_SLOT_ERROR', 'TGT_SLOT_ERROR') --- 58 (1.35%)
('PARADIGM_ERROR', 'TGT_SLOT_ERROR') --- 99 (2.31%)
('PARADIGM_ERROR', 'SRC_SLOT_ERROR') --- 99 (2.31%)
('SRC_POS_ERROR', 'TGT_POS_ERROR', 'SRC_SLOT_ERROR', 'TGT_SLOT_ERROR') --- 388 (9.06%)
('POS_PAIR_ERROR',) --- 494 (11.54%)
('POS_PAIR_ERROR', 'SRC_POS_ERROR', 'TGT_POS_ERROR', 'SRC_SLOT_ERROR', 'TGT_SLOT_ERROR') --- 4 (0.09%)
('TGT_LEXICAL_ERROR', 'SRC_SLOT_ERROR') --- 66 (1.54%)
('TGT_LEXICAL_ERROR',) --- 225 (5.25%)
('SRC_LEXICAL_ERROR', 'TGT_SLOT_ERROR') --- 66 (1.54%)
('SRC_LEXICAL_ERROR',) --- 291 (6.8%)
('SRC_LEXICAL_ERROR', 'TGT_LEXICAL_ERROR') --- 40 (0.93%)
('POS_PAIR_ERROR', 'TGT_POS_ERROR', 'SRC_SLOT_ERROR', 'TGT_SLOT_ERROR') --- 7 (0.16%)
('POS_PAIR_ERROR', 'SRC_POS_ERROR', 'SRC_SLOT_ERROR', 'TGT_SLOT_ERROR') --- 7 (0.16%)
('PARADIGM_ERROR',) --- 76 (1.77%)
('TGT_POS_ERROR', 'SRC_SLOT_ERROR', 'TGT_SLOT_ERROR') --- 23 (0.54%)
('SRC_POS_ERROR', 'SRC_SLOT_ERROR', 'TGT_SLOT_ERROR') --- 23 (0.54%)
('POS_PAIR_ERROR', 'TGT_POS_ERROR', 'TGT_SLOT_ERROR') --- 4 (0.09%)
('POS_PAIR_ERROR', 'SRC_POS_ERROR', 'SRC_SLOT_ERROR') --- 4 (0.09%)
('SRC_POS_ERROR', 'TGT_POS_ERROR', 'SRC_SLOT_ERROR') --- 9 (0.21%)
('SRC_POS_ERROR', 'TGT_POS_ERROR', 'TGT_SLOT_ERROR') --- 9 (0.21%)
('TGT_POS_ERROR', 'TGT_SLOT_ERROR') --- 12 (0.28%)
('SRC_POS_ERROR', 'SRC_SLOT_ERROR') --- 12 (0.28%)
('POS_PAIR_ERROR', 'SRC_POS_ERROR', 'TGT_POS_ERROR', 'SRC_SLOT_ERROR') --- 2 (0.05%)
('POS_PAIR_ERROR', 'SRC_POS_ERROR', 'TGT_POS_ERROR', 'TGT_SLOT_ERROR') --- 2 (0.05%)
('POS_PAIR_ERROR', 'TGT_POS_ERROR', 'SRC_SLOT_ERROR') --- 1 (0.02%)
('POS_PAIR_ERROR', 'SRC_POS_ERROR', 'TGT_SLOT_ERROR') --- 1 (0.02%)
Summarizing sampled data...
4282 total samples

Found 1525 (35.61%) samples with an MSD that does not actually occur in UniMorph
Invalid tags:
{'N;DEF;PL', 'PRN;NOM;NEUT;SG', 'V.CVB', 'ADJ;PRS', 'N;INDF;NOM;SG;COMPOUND', 'N;INDF;PL', 'N;DEF;SG', 'ADJ;DEF;PL', 'V.CVB;COMPV', 'PRN;SG', 'PRN;INDF;GEN;PL', 'ADJ;INDF;NOM;PL', 'PRN;DEF;ACC;PL', 'PRN;NEUT;SG', 'PROPN;MASC', 'ADJ;PRS;GEN', 'DET;SG', 'ADJ;INDF;GEN;PL', 'PRN', 'V;ACT;NFIN;COMPOUND'}

Output dataset full fine-grained annotation distribution:
C -- 1689 (39.44%)
POS_PAIR_ERROR -- 494 (11.54%)
SRC_POS_ERROR;TGT_POS_ERROR;SRC_SLOT_ERROR;TGT_SLOT_ERROR -- 388 (9.06%)
TGT_SLOT_ERROR -- 363 (8.48%)
SRC_LEXICAL_ERROR -- 291 (6.8%)
TGT_LEXICAL_ERROR -- 225 (5.25%)
SRC_SLOT_ERROR;TGT_SLOT_ERROR -- 208 (4.86%)
PARADIGM_ERROR;TGT_SLOT_ERROR -- 99 (2.31%)
PARADIGM_ERROR;SRC_SLOT_ERROR -- 99 (2.31%)
PARADIGM_ERROR -- 76 (1.77%)
TGT_LEXICAL_ERROR;SRC_SLOT_ERROR -- 66 (1.54%)
SRC_LEXICAL_ERROR;TGT_SLOT_ERROR -- 66 (1.54%)
PARADIGM_ERROR;SRC_SLOT_ERROR;TGT_SLOT_ERROR -- 58 (1.35%)
SRC_LEXICAL_ERROR;TGT_LEXICAL_ERROR -- 40 (0.93%)
TGT_POS_ERROR;SRC_SLOT_ERROR;TGT_SLOT_ERROR -- 23 (0.54%)
SRC_POS_ERROR;SRC_SLOT_ERROR;TGT_SLOT_ERROR -- 23 (0.54%)
TGT_POS_ERROR;TGT_SLOT_ERROR -- 12 (0.28%)
SRC_POS_ERROR;SRC_SLOT_ERROR -- 12 (0.28%)
SRC_POS_ERROR;TGT_POS_ERROR;SRC_SLOT_ERROR -- 9 (0.21%)
SRC_POS_ERROR;TGT_POS_ERROR;TGT_SLOT_ERROR -- 9 (0.21%)
POS_PAIR_ERROR;TGT_POS_ERROR;SRC_SLOT_ERROR;TGT_SLOT_ERROR -- 7 (0.16%)
POS_PAIR_ERROR;SRC_POS_ERROR;SRC_SLOT_ERROR;TGT_SLOT_ERROR -- 7 (0.16%)
POS_PAIR_ERROR;SRC_POS_ERROR;TGT_POS_ERROR;SRC_SLOT_ERROR;TGT_SLOT_ERROR -- 4 (0.09%)
POS_PAIR_ERROR;TGT_POS_ERROR;TGT_SLOT_ERROR -- 4 (0.09%)
POS_PAIR_ERROR;SRC_POS_ERROR;SRC_SLOT_ERROR -- 4 (0.09%)
POS_PAIR_ERROR;SRC_POS_ERROR;TGT_POS_ERROR;SRC_SLOT_ERROR -- 2 (0.05%)
POS_PAIR_ERROR;SRC_POS_ERROR;TGT_POS_ERROR;TGT_SLOT_ERROR -- 2 (0.05%)
POS_PAIR_ERROR;TGT_POS_ERROR;SRC_SLOT_ERROR -- 1 (0.02%)
POS_PAIR_ERROR;SRC_POS_ERROR;TGT_SLOT_ERROR -- 1 (0.02%)

Output dataset percents of each coarse grained tag
C -- 1689 (39.44%)
SLOT_ERROR -- 571 (13.33%)
LEXICAL_ERROR -- 556 (12.98%)
POS_PAIR_ERROR -- 494 (11.54%)
POS_ERROR;SLOT_ERROR -- 476 (11.12%)
PARADIGM_ERROR;SLOT_ERROR -- 256 (5.98%)
LEXICAL_ERROR;SLOT_ERROR -- 132 (3.08%)
PARADIGM_ERROR -- 76 (1.77%)
POS_ERROR;POS_PAIR_ERROR;SLOT_ERROR -- 32 (0.75%)

Distribution of parts of speech in sampled data:
V.PTCP -- 740 (8.64%)
V -- 3380 (39.47%)
ADJ -- 2109 (24.63%)
N -- 2056 (24.01%)
V.CVB -- 187 (2.18%)
PRN -- 36 (0.42%)
DET -- 46 (0.54%)
PROPN -- 10 (0.12%)
Writing 4282 total samples to data/sampled/leave-one-out/POS_PAIR_ERROR;SLOT_ERROR/swe_sampled.tsv
