Loaded 105492 annotations
Filtering UNK/ERR annotations
Removed 92341, (87.53%) samples (due to Apertium analysis errors, unknown analyses, or invalid MSDs)
Found 139 lexical errors
Removing ('POS_PAIR_ERROR;SLOT_ERROR',) from the dataset
('C',)
('TGT_SLOT_ERROR',)
('POS_PAIR_ERROR',)
('PARADIGM_ERROR', 'SRC_SLOT_ERROR')
('PARADIGM_ERROR', 'SRC_SLOT_ERROR', 'TGT_SLOT_ERROR')
('PARADIGM_ERROR', 'TGT_SLOT_ERROR')
('SRC_SLOT_ERROR', 'TGT_SLOT_ERROR')
('POS_PAIR_ERROR', 'SRC_SLOT_ERROR')
Ignoring data for ('POS_PAIR_ERROR', 'SLOT_ERROR')...
('POS_PAIR_ERROR', 'TGT_SLOT_ERROR')
Ignoring data for ('POS_PAIR_ERROR', 'SLOT_ERROR')...
('PARADIGM_ERROR',)
('POS_PAIR_ERROR', 'SRC_SLOT_ERROR', 'TGT_SLOT_ERROR')
Ignoring data for ('POS_PAIR_ERROR', 'SLOT_ERROR')...
('POS_PAIR_ERROR', 'SRC_POS_ERROR', 'TGT_SLOT_ERROR')
('POS_PAIR_ERROR', 'TGT_POS_ERROR', 'SRC_SLOT_ERROR')
('POS_PAIR_ERROR', 'SRC_POS_ERROR')
('POS_PAIR_ERROR', 'TGT_POS_ERROR')
('TGT_LEXICAL_ERROR',)
('SRC_LEXICAL_ERROR',)
('TGT_LEXICAL_ERROR', 'SRC_SLOT_ERROR')
('SRC_LEXICAL_ERROR', 'TGT_SLOT_ERROR')
('SRC_LEXICAL_ERROR', 'TGT_LEXICAL_ERROR')
('SRC_POS_ERROR', 'TGT_POS_ERROR', 'TGT_SLOT_ERROR')
('SRC_POS_ERROR', 'TGT_POS_ERROR', 'SRC_SLOT_ERROR')
('SRC_POS_ERROR', 'TGT_POS_ERROR', 'SRC_SLOT_ERROR', 'TGT_SLOT_ERROR')
('TGT_POS_ERROR', 'SRC_SLOT_ERROR', 'TGT_SLOT_ERROR')
('SRC_POS_ERROR', 'SRC_SLOT_ERROR', 'TGT_SLOT_ERROR')
('SRC_POS_ERROR', 'SRC_SLOT_ERROR')
('TGT_POS_ERROR', 'TGT_SLOT_ERROR')
('SRC_POS_ERROR', 'TGT_POS_ERROR')
('POS_PAIR_ERROR', 'SRC_POS_ERROR', 'SRC_SLOT_ERROR', 'TGT_SLOT_ERROR')
('POS_PAIR_ERROR', 'TGT_POS_ERROR', 'SRC_SLOT_ERROR', 'TGT_SLOT_ERROR')

 Existing samples distribution:
('C',) --- 7194 (55.53%)
('TGT_SLOT_ERROR',) --- 1390 (10.73%)
('POS_PAIR_ERROR',) --- 322 (2.49%)
('PARADIGM_ERROR', 'SRC_SLOT_ERROR') --- 64 (0.49%)
('PARADIGM_ERROR', 'SRC_SLOT_ERROR', 'TGT_SLOT_ERROR') --- 50 (0.39%)
('PARADIGM_ERROR', 'TGT_SLOT_ERROR') --- 64 (0.49%)
('SRC_SLOT_ERROR', 'TGT_SLOT_ERROR') --- 2462 (19.0%)
('PARADIGM_ERROR',) --- 674 (5.2%)
('POS_PAIR_ERROR', 'SRC_POS_ERROR', 'TGT_SLOT_ERROR') --- 11 (0.08%)
('POS_PAIR_ERROR', 'TGT_POS_ERROR', 'SRC_SLOT_ERROR') --- 11 (0.08%)
('POS_PAIR_ERROR', 'SRC_POS_ERROR') --- 18 (0.14%)
('POS_PAIR_ERROR', 'TGT_POS_ERROR') --- 18 (0.14%)
('TGT_LEXICAL_ERROR',) --- 14 (0.11%)
('SRC_LEXICAL_ERROR',) --- 99 (0.76%)
('TGT_LEXICAL_ERROR', 'SRC_SLOT_ERROR') --- 4 (0.03%)
('SRC_LEXICAL_ERROR', 'TGT_SLOT_ERROR') --- 4 (0.03%)
('SRC_LEXICAL_ERROR', 'TGT_LEXICAL_ERROR') --- 18 (0.14%)
('SRC_POS_ERROR', 'TGT_POS_ERROR', 'TGT_SLOT_ERROR') --- 7 (0.05%)
('SRC_POS_ERROR', 'TGT_POS_ERROR', 'SRC_SLOT_ERROR') --- 7 (0.05%)
('SRC_POS_ERROR', 'TGT_POS_ERROR', 'SRC_SLOT_ERROR', 'TGT_SLOT_ERROR') --- 396 (3.06%)
('TGT_POS_ERROR', 'SRC_SLOT_ERROR', 'TGT_SLOT_ERROR') --- 40 (0.31%)
('SRC_POS_ERROR', 'SRC_SLOT_ERROR', 'TGT_SLOT_ERROR') --- 40 (0.31%)
('SRC_POS_ERROR', 'SRC_SLOT_ERROR') --- 8 (0.06%)
('TGT_POS_ERROR', 'TGT_SLOT_ERROR') --- 8 (0.06%)
('SRC_POS_ERROR', 'TGT_POS_ERROR') --- 6 (0.05%)
('POS_PAIR_ERROR', 'SRC_POS_ERROR', 'SRC_SLOT_ERROR', 'TGT_SLOT_ERROR') --- 13 (0.1%)
('POS_PAIR_ERROR', 'TGT_POS_ERROR', 'SRC_SLOT_ERROR', 'TGT_SLOT_ERROR') --- 13 (0.1%)
Summarizing sampled data...
12955 total samples

Found 2246 (17.34%) samples with an MSD that does not actually occur in UniMorph
Invalid tags:
{'ADJ;ACC;MASC;SG', 'PRN;INS;3;SG', 'NUM;NOM;PL', 'ADJ;ACC;PL', 'DET;NOM;SG', 'PRN;DAT;SG', 'PRN;NOM;2;SG', 'V;IMP;1;PL', 'PRN;DAT;3;SG', 'NUM;GEN;PL', 'V.CVB', 'DET;PL', 'V;2;PL', 'PRN;ACC;3;SG', 'PRN;NOM;3;SG', 'DET;ACC;PL'}

Output dataset full fine-grained annotation distribution:
C -- 7194 (55.53%)
SRC_SLOT_ERROR;TGT_SLOT_ERROR -- 2462 (19.0%)
TGT_SLOT_ERROR -- 1390 (10.73%)
PARADIGM_ERROR -- 674 (5.2%)
SRC_POS_ERROR;TGT_POS_ERROR;SRC_SLOT_ERROR;TGT_SLOT_ERROR -- 396 (3.06%)
POS_PAIR_ERROR -- 322 (2.49%)
SRC_LEXICAL_ERROR -- 99 (0.76%)
PARADIGM_ERROR;SRC_SLOT_ERROR -- 64 (0.49%)
PARADIGM_ERROR;TGT_SLOT_ERROR -- 64 (0.49%)
PARADIGM_ERROR;SRC_SLOT_ERROR;TGT_SLOT_ERROR -- 50 (0.39%)
TGT_POS_ERROR;SRC_SLOT_ERROR;TGT_SLOT_ERROR -- 40 (0.31%)
SRC_POS_ERROR;SRC_SLOT_ERROR;TGT_SLOT_ERROR -- 40 (0.31%)
POS_PAIR_ERROR;SRC_POS_ERROR -- 18 (0.14%)
POS_PAIR_ERROR;TGT_POS_ERROR -- 18 (0.14%)
SRC_LEXICAL_ERROR;TGT_LEXICAL_ERROR -- 18 (0.14%)
TGT_LEXICAL_ERROR -- 14 (0.11%)
POS_PAIR_ERROR;SRC_POS_ERROR;SRC_SLOT_ERROR;TGT_SLOT_ERROR -- 13 (0.1%)
POS_PAIR_ERROR;TGT_POS_ERROR;SRC_SLOT_ERROR;TGT_SLOT_ERROR -- 13 (0.1%)
POS_PAIR_ERROR;SRC_POS_ERROR;TGT_SLOT_ERROR -- 11 (0.08%)
POS_PAIR_ERROR;TGT_POS_ERROR;SRC_SLOT_ERROR -- 11 (0.08%)
SRC_POS_ERROR;SRC_SLOT_ERROR -- 8 (0.06%)
TGT_POS_ERROR;TGT_SLOT_ERROR -- 8 (0.06%)
SRC_POS_ERROR;TGT_POS_ERROR;TGT_SLOT_ERROR -- 7 (0.05%)
SRC_POS_ERROR;TGT_POS_ERROR;SRC_SLOT_ERROR -- 7 (0.05%)
SRC_POS_ERROR;TGT_POS_ERROR -- 6 (0.05%)
TGT_LEXICAL_ERROR;SRC_SLOT_ERROR -- 4 (0.03%)
SRC_LEXICAL_ERROR;TGT_SLOT_ERROR -- 4 (0.03%)

Output dataset percents of each coarse grained tag
C -- 7194 (55.53%)
SLOT_ERROR -- 3852 (29.73%)
PARADIGM_ERROR -- 674 (5.2%)
POS_ERROR;SLOT_ERROR -- 506 (3.91%)
POS_PAIR_ERROR -- 322 (2.49%)
PARADIGM_ERROR;SLOT_ERROR -- 178 (1.37%)
LEXICAL_ERROR -- 131 (1.01%)
POS_ERROR;POS_PAIR_ERROR;SLOT_ERROR -- 48 (0.37%)
POS_ERROR;POS_PAIR_ERROR -- 36 (0.28%)
LEXICAL_ERROR;SLOT_ERROR -- 8 (0.06%)
POS_ERROR -- 6 (0.05%)

Distribution of parts of speech in sampled data:
V.CVB -- 1418 (5.47%)
V -- 9636 (37.19%)
V.PTCP -- 358 (1.38%)
ADJ -- 7075 (27.31%)
N -- 7337 (28.32%)
PRN -- 59 (0.23%)
DET -- 23 (0.09%)
NUM -- 4 (0.02%)
Writing 12955 total samples to data/sampled/leave-one-out/POS_PAIR_ERROR;SLOT_ERROR/rus_sampled.tsv
