Loaded 29284 annotations
Filtering UNK/ERR annotations
Removed 23564, (80.47%) samples (due to Apertium analysis errors, unknown analyses, or invalid MSDs)
Found 98 lexical errors
Removing ('POS_PAIR_ERROR;SLOT_ERROR',) from the dataset
('C',)
('TGT_SLOT_ERROR',)
('PARADIGM_ERROR', 'TGT_SLOT_ERROR')
('PARADIGM_ERROR', 'SRC_SLOT_ERROR')
('TGT_POS_ERROR', 'SRC_SLOT_ERROR', 'TGT_SLOT_ERROR')
('SRC_SLOT_ERROR', 'TGT_SLOT_ERROR')
('SRC_POS_ERROR', 'SRC_SLOT_ERROR', 'TGT_SLOT_ERROR')
('SRC_POS_ERROR', 'TGT_POS_ERROR', 'SRC_SLOT_ERROR', 'TGT_SLOT_ERROR')
('POS_PAIR_ERROR', 'SRC_POS_ERROR', 'SRC_SLOT_ERROR', 'TGT_SLOT_ERROR')
('PARADIGM_ERROR', 'SRC_SLOT_ERROR', 'TGT_SLOT_ERROR')
('POS_PAIR_ERROR', 'TGT_POS_ERROR', 'SRC_SLOT_ERROR', 'TGT_SLOT_ERROR')
('POS_PAIR_ERROR',)
('POS_PAIR_ERROR', 'SRC_SLOT_ERROR', 'TGT_SLOT_ERROR')
Ignoring data for ('POS_PAIR_ERROR', 'SLOT_ERROR')...
('POS_PAIR_ERROR', 'TGT_SLOT_ERROR')
Ignoring data for ('POS_PAIR_ERROR', 'SLOT_ERROR')...
('POS_PAIR_ERROR', 'SRC_SLOT_ERROR')
Ignoring data for ('POS_PAIR_ERROR', 'SLOT_ERROR')...
('POS_PAIR_ERROR', 'SRC_POS_ERROR', 'TGT_SLOT_ERROR')
('POS_PAIR_ERROR', 'SRC_POS_ERROR', 'TGT_POS_ERROR')
('POS_PAIR_ERROR', 'TGT_POS_ERROR', 'SRC_SLOT_ERROR')
('POS_PAIR_ERROR', 'SRC_POS_ERROR', 'TGT_POS_ERROR', 'TGT_SLOT_ERROR')
('POS_PAIR_ERROR', 'SRC_POS_ERROR', 'TGT_POS_ERROR', 'SRC_SLOT_ERROR')
('PARADIGM_ERROR',)
('SRC_LEXICAL_ERROR',)
('POS_PAIR_ERROR', 'SRC_POS_ERROR', 'SRC_SLOT_ERROR')
('POS_PAIR_ERROR', 'TGT_POS_ERROR', 'TGT_SLOT_ERROR')
('SRC_LEXICAL_ERROR', 'TGT_LEXICAL_ERROR')
('POS_PAIR_ERROR', 'TGT_POS_ERROR')
('POS_PAIR_ERROR', 'SRC_POS_ERROR')
('TGT_POS_ERROR', 'TGT_SLOT_ERROR')
('SRC_POS_ERROR', 'SRC_SLOT_ERROR')
('TGT_LEXICAL_ERROR', 'SRC_SLOT_ERROR')
('SRC_LEXICAL_ERROR', 'TGT_SLOT_ERROR')
('TGT_LEXICAL_ERROR',)
('TGT_POS_ERROR',)
('SRC_POS_ERROR',)
('POS_PAIR_ERROR', 'SRC_POS_ERROR', 'TGT_POS_ERROR', 'SRC_SLOT_ERROR', 'TGT_SLOT_ERROR')
('SRC_POS_ERROR', 'TGT_POS_ERROR')
('SRC_POS_ERROR', 'TGT_POS_ERROR', 'TGT_SLOT_ERROR')
('SRC_POS_ERROR', 'TGT_POS_ERROR', 'SRC_SLOT_ERROR')

 Existing samples distribution:
('C',) --- 3955 (69.56%)
('TGT_SLOT_ERROR',) --- 391 (6.88%)
('PARADIGM_ERROR', 'TGT_SLOT_ERROR') --- 12 (0.21%)
('PARADIGM_ERROR', 'SRC_SLOT_ERROR') --- 12 (0.21%)
('TGT_POS_ERROR', 'SRC_SLOT_ERROR', 'TGT_SLOT_ERROR') --- 21 (0.37%)
('SRC_SLOT_ERROR', 'TGT_SLOT_ERROR') --- 304 (5.35%)
('SRC_POS_ERROR', 'SRC_SLOT_ERROR', 'TGT_SLOT_ERROR') --- 21 (0.37%)
('SRC_POS_ERROR', 'TGT_POS_ERROR', 'SRC_SLOT_ERROR', 'TGT_SLOT_ERROR') --- 298 (5.24%)
('POS_PAIR_ERROR', 'SRC_POS_ERROR', 'SRC_SLOT_ERROR', 'TGT_SLOT_ERROR') --- 7 (0.12%)
('PARADIGM_ERROR', 'SRC_SLOT_ERROR', 'TGT_SLOT_ERROR') --- 16 (0.28%)
('POS_PAIR_ERROR', 'TGT_POS_ERROR', 'SRC_SLOT_ERROR', 'TGT_SLOT_ERROR') --- 7 (0.12%)
('POS_PAIR_ERROR',) --- 374 (6.58%)
('POS_PAIR_ERROR', 'SRC_POS_ERROR', 'TGT_SLOT_ERROR') --- 13 (0.23%)
('POS_PAIR_ERROR', 'SRC_POS_ERROR', 'TGT_POS_ERROR') --- 2 (0.04%)
('POS_PAIR_ERROR', 'TGT_POS_ERROR', 'SRC_SLOT_ERROR') --- 13 (0.23%)
('POS_PAIR_ERROR', 'SRC_POS_ERROR', 'TGT_POS_ERROR', 'TGT_SLOT_ERROR') --- 20 (0.35%)
('POS_PAIR_ERROR', 'SRC_POS_ERROR', 'TGT_POS_ERROR', 'SRC_SLOT_ERROR') --- 20 (0.35%)
('PARADIGM_ERROR',) --- 4 (0.07%)
('SRC_LEXICAL_ERROR',) --- 73 (1.28%)
('POS_PAIR_ERROR', 'SRC_POS_ERROR', 'SRC_SLOT_ERROR') --- 15 (0.26%)
('POS_PAIR_ERROR', 'TGT_POS_ERROR', 'TGT_SLOT_ERROR') --- 15 (0.26%)
('SRC_LEXICAL_ERROR', 'TGT_LEXICAL_ERROR') --- 18 (0.32%)
('POS_PAIR_ERROR', 'TGT_POS_ERROR') --- 7 (0.12%)
('POS_PAIR_ERROR', 'SRC_POS_ERROR') --- 7 (0.12%)
('TGT_POS_ERROR', 'TGT_SLOT_ERROR') --- 12 (0.21%)
('SRC_POS_ERROR', 'SRC_SLOT_ERROR') --- 12 (0.21%)
('TGT_LEXICAL_ERROR', 'SRC_SLOT_ERROR') --- 3 (0.05%)
('SRC_LEXICAL_ERROR', 'TGT_SLOT_ERROR') --- 3 (0.05%)
('TGT_LEXICAL_ERROR',) --- 1 (0.02%)
('TGT_POS_ERROR',) --- 1 (0.02%)
('SRC_POS_ERROR',) --- 1 (0.02%)
('POS_PAIR_ERROR', 'SRC_POS_ERROR', 'TGT_POS_ERROR', 'SRC_SLOT_ERROR', 'TGT_SLOT_ERROR') --- 20 (0.35%)
('SRC_POS_ERROR', 'TGT_POS_ERROR') --- 4 (0.07%)
('SRC_POS_ERROR', 'TGT_POS_ERROR', 'TGT_SLOT_ERROR') --- 2 (0.04%)
('SRC_POS_ERROR', 'TGT_POS_ERROR', 'SRC_SLOT_ERROR') --- 2 (0.04%)
Summarizing sampled data...
5686 total samples

Found 394 (6.93%) samples with an MSD that does not actually occur in UniMorph
Invalid tags:
{'N;SG;COMPOUND', 'ADJ;GEN;SG', 'ADJ;ACC;PL', 'ADJ', 'ADJ;DAT;SG', 'ADJ;ACC;SG', 'DET;NOM;SG'}

Output dataset full fine-grained annotation distribution:
C -- 3955 (69.56%)
TGT_SLOT_ERROR -- 391 (6.88%)
POS_PAIR_ERROR -- 374 (6.58%)
SRC_SLOT_ERROR;TGT_SLOT_ERROR -- 304 (5.35%)
SRC_POS_ERROR;TGT_POS_ERROR;SRC_SLOT_ERROR;TGT_SLOT_ERROR -- 298 (5.24%)
SRC_LEXICAL_ERROR -- 73 (1.28%)
TGT_POS_ERROR;SRC_SLOT_ERROR;TGT_SLOT_ERROR -- 21 (0.37%)
SRC_POS_ERROR;SRC_SLOT_ERROR;TGT_SLOT_ERROR -- 21 (0.37%)
POS_PAIR_ERROR;SRC_POS_ERROR;TGT_POS_ERROR;TGT_SLOT_ERROR -- 20 (0.35%)
POS_PAIR_ERROR;SRC_POS_ERROR;TGT_POS_ERROR;SRC_SLOT_ERROR -- 20 (0.35%)
POS_PAIR_ERROR;SRC_POS_ERROR;TGT_POS_ERROR;SRC_SLOT_ERROR;TGT_SLOT_ERROR -- 20 (0.35%)
SRC_LEXICAL_ERROR;TGT_LEXICAL_ERROR -- 18 (0.32%)
PARADIGM_ERROR;SRC_SLOT_ERROR;TGT_SLOT_ERROR -- 16 (0.28%)
POS_PAIR_ERROR;SRC_POS_ERROR;SRC_SLOT_ERROR -- 15 (0.26%)
POS_PAIR_ERROR;TGT_POS_ERROR;TGT_SLOT_ERROR -- 15 (0.26%)
POS_PAIR_ERROR;SRC_POS_ERROR;TGT_SLOT_ERROR -- 13 (0.23%)
POS_PAIR_ERROR;TGT_POS_ERROR;SRC_SLOT_ERROR -- 13 (0.23%)
PARADIGM_ERROR;TGT_SLOT_ERROR -- 12 (0.21%)
PARADIGM_ERROR;SRC_SLOT_ERROR -- 12 (0.21%)
TGT_POS_ERROR;TGT_SLOT_ERROR -- 12 (0.21%)
SRC_POS_ERROR;SRC_SLOT_ERROR -- 12 (0.21%)
POS_PAIR_ERROR;SRC_POS_ERROR;SRC_SLOT_ERROR;TGT_SLOT_ERROR -- 7 (0.12%)
POS_PAIR_ERROR;TGT_POS_ERROR;SRC_SLOT_ERROR;TGT_SLOT_ERROR -- 7 (0.12%)
POS_PAIR_ERROR;TGT_POS_ERROR -- 7 (0.12%)
POS_PAIR_ERROR;SRC_POS_ERROR -- 7 (0.12%)
PARADIGM_ERROR -- 4 (0.07%)
SRC_POS_ERROR;TGT_POS_ERROR -- 4 (0.07%)
TGT_LEXICAL_ERROR;SRC_SLOT_ERROR -- 3 (0.05%)
SRC_LEXICAL_ERROR;TGT_SLOT_ERROR -- 3 (0.05%)
POS_PAIR_ERROR;SRC_POS_ERROR;TGT_POS_ERROR -- 2 (0.04%)
SRC_POS_ERROR;TGT_POS_ERROR;TGT_SLOT_ERROR -- 2 (0.04%)
SRC_POS_ERROR;TGT_POS_ERROR;SRC_SLOT_ERROR -- 2 (0.04%)
TGT_LEXICAL_ERROR -- 1 (0.02%)
TGT_POS_ERROR -- 1 (0.02%)
SRC_POS_ERROR -- 1 (0.02%)

Output dataset percents of each coarse grained tag
C -- 3955 (69.56%)
SLOT_ERROR -- 695 (12.22%)
POS_PAIR_ERROR -- 374 (6.58%)
POS_ERROR;SLOT_ERROR -- 368 (6.47%)
POS_ERROR;POS_PAIR_ERROR;SLOT_ERROR -- 130 (2.29%)
LEXICAL_ERROR -- 92 (1.62%)
PARADIGM_ERROR;SLOT_ERROR -- 40 (0.7%)
POS_ERROR;POS_PAIR_ERROR -- 16 (0.28%)
LEXICAL_ERROR;SLOT_ERROR -- 6 (0.11%)
POS_ERROR -- 6 (0.11%)
PARADIGM_ERROR -- 4 (0.07%)

Distribution of parts of speech in sampled data:
V -- 7878 (69.28%)
N -- 3061 (26.92%)
ADJ -- 431 (3.79%)
DET -- 2 (0.02%)
Writing 5686 total samples to data/sampled/leave-one-out/POS_PAIR_ERROR;SLOT_ERROR/deu_sampled.tsv
