Loaded 29284 annotations
Filtering UNK/ERR annotations
Removed 23564, (80.47%) samples (due to Apertium analysis errors, unknown analyses, or invalid MSDs)
Found 98 lexical errors
Removing ('LEXICAL_ERROR',) from the dataset
('C',)
('TGT_SLOT_ERROR',)
('PARADIGM_ERROR', 'TGT_SLOT_ERROR')
('PARADIGM_ERROR', 'SRC_SLOT_ERROR')
('TGT_POS_ERROR', 'SRC_SLOT_ERROR', 'TGT_SLOT_ERROR')
('SRC_SLOT_ERROR', 'TGT_SLOT_ERROR')
('SRC_POS_ERROR', 'SRC_SLOT_ERROR', 'TGT_SLOT_ERROR')
('SRC_POS_ERROR', 'TGT_POS_ERROR', 'SRC_SLOT_ERROR', 'TGT_SLOT_ERROR')
('POS_PAIR_ERROR', 'SRC_POS_ERROR', 'SRC_SLOT_ERROR', 'TGT_SLOT_ERROR')
('PARADIGM_ERROR', 'SRC_SLOT_ERROR', 'TGT_SLOT_ERROR')
('POS_PAIR_ERROR', 'TGT_POS_ERROR', 'SRC_SLOT_ERROR', 'TGT_SLOT_ERROR')
('POS_PAIR_ERROR',)
('POS_PAIR_ERROR', 'SRC_SLOT_ERROR', 'TGT_SLOT_ERROR')
('POS_PAIR_ERROR', 'TGT_SLOT_ERROR')
('POS_PAIR_ERROR', 'SRC_SLOT_ERROR')
('POS_PAIR_ERROR', 'SRC_POS_ERROR', 'TGT_SLOT_ERROR')
('POS_PAIR_ERROR', 'SRC_POS_ERROR', 'TGT_POS_ERROR')
('POS_PAIR_ERROR', 'TGT_POS_ERROR', 'SRC_SLOT_ERROR')
('POS_PAIR_ERROR', 'SRC_POS_ERROR', 'TGT_POS_ERROR', 'TGT_SLOT_ERROR')
('POS_PAIR_ERROR', 'SRC_POS_ERROR', 'TGT_POS_ERROR', 'SRC_SLOT_ERROR')
('PARADIGM_ERROR',)
('SRC_LEXICAL_ERROR',)
Ignoring data for ('LEXICAL_ERROR',)...
('POS_PAIR_ERROR', 'SRC_POS_ERROR', 'SRC_SLOT_ERROR')
('POS_PAIR_ERROR', 'TGT_POS_ERROR', 'TGT_SLOT_ERROR')
('SRC_LEXICAL_ERROR', 'TGT_LEXICAL_ERROR')
Ignoring data for ('LEXICAL_ERROR',)...
('POS_PAIR_ERROR', 'TGT_POS_ERROR')
('POS_PAIR_ERROR', 'SRC_POS_ERROR')
('TGT_POS_ERROR', 'TGT_SLOT_ERROR')
('SRC_POS_ERROR', 'SRC_SLOT_ERROR')
('TGT_LEXICAL_ERROR', 'SRC_SLOT_ERROR')
('SRC_LEXICAL_ERROR', 'TGT_SLOT_ERROR')
('TGT_LEXICAL_ERROR',)
Ignoring data for ('LEXICAL_ERROR',)...
('TGT_POS_ERROR',)
('SRC_POS_ERROR',)
('POS_PAIR_ERROR', 'SRC_POS_ERROR', 'TGT_POS_ERROR', 'SRC_SLOT_ERROR', 'TGT_SLOT_ERROR')
('SRC_POS_ERROR', 'TGT_POS_ERROR')
('SRC_POS_ERROR', 'TGT_POS_ERROR', 'TGT_SLOT_ERROR')
('SRC_POS_ERROR', 'TGT_POS_ERROR', 'SRC_SLOT_ERROR')

 Existing samples distribution:
('C',) --- 3955 (70.27%)
('TGT_SLOT_ERROR',) --- 391 (6.95%)
('PARADIGM_ERROR', 'TGT_SLOT_ERROR') --- 12 (0.21%)
('PARADIGM_ERROR', 'SRC_SLOT_ERROR') --- 12 (0.21%)
('TGT_POS_ERROR', 'SRC_SLOT_ERROR', 'TGT_SLOT_ERROR') --- 21 (0.37%)
('SRC_SLOT_ERROR', 'TGT_SLOT_ERROR') --- 304 (5.4%)
('SRC_POS_ERROR', 'SRC_SLOT_ERROR', 'TGT_SLOT_ERROR') --- 21 (0.37%)
('SRC_POS_ERROR', 'TGT_POS_ERROR', 'SRC_SLOT_ERROR', 'TGT_SLOT_ERROR') --- 298 (5.29%)
('POS_PAIR_ERROR', 'SRC_POS_ERROR', 'SRC_SLOT_ERROR', 'TGT_SLOT_ERROR') --- 7 (0.12%)
('PARADIGM_ERROR', 'SRC_SLOT_ERROR', 'TGT_SLOT_ERROR') --- 16 (0.28%)
('POS_PAIR_ERROR', 'TGT_POS_ERROR', 'SRC_SLOT_ERROR', 'TGT_SLOT_ERROR') --- 7 (0.12%)
('POS_PAIR_ERROR',) --- 374 (6.65%)
('POS_PAIR_ERROR', 'SRC_SLOT_ERROR', 'TGT_SLOT_ERROR') --- 22 (0.39%)
('POS_PAIR_ERROR', 'TGT_SLOT_ERROR') --- 6 (0.11%)
('POS_PAIR_ERROR', 'SRC_SLOT_ERROR') --- 6 (0.11%)
('POS_PAIR_ERROR', 'SRC_POS_ERROR', 'TGT_SLOT_ERROR') --- 13 (0.23%)
('POS_PAIR_ERROR', 'SRC_POS_ERROR', 'TGT_POS_ERROR') --- 2 (0.04%)
('POS_PAIR_ERROR', 'TGT_POS_ERROR', 'SRC_SLOT_ERROR') --- 13 (0.23%)
('POS_PAIR_ERROR', 'SRC_POS_ERROR', 'TGT_POS_ERROR', 'TGT_SLOT_ERROR') --- 20 (0.36%)
('POS_PAIR_ERROR', 'SRC_POS_ERROR', 'TGT_POS_ERROR', 'SRC_SLOT_ERROR') --- 20 (0.36%)
('PARADIGM_ERROR',) --- 4 (0.07%)
('POS_PAIR_ERROR', 'SRC_POS_ERROR', 'SRC_SLOT_ERROR') --- 15 (0.27%)
('POS_PAIR_ERROR', 'TGT_POS_ERROR', 'TGT_SLOT_ERROR') --- 15 (0.27%)
('POS_PAIR_ERROR', 'TGT_POS_ERROR') --- 7 (0.12%)
('POS_PAIR_ERROR', 'SRC_POS_ERROR') --- 7 (0.12%)
('TGT_POS_ERROR', 'TGT_SLOT_ERROR') --- 12 (0.21%)
('SRC_POS_ERROR', 'SRC_SLOT_ERROR') --- 12 (0.21%)
('TGT_LEXICAL_ERROR', 'SRC_SLOT_ERROR') --- 3 (0.05%)
('SRC_LEXICAL_ERROR', 'TGT_SLOT_ERROR') --- 3 (0.05%)
('TGT_POS_ERROR',) --- 1 (0.02%)
('SRC_POS_ERROR',) --- 1 (0.02%)
('POS_PAIR_ERROR', 'SRC_POS_ERROR', 'TGT_POS_ERROR', 'SRC_SLOT_ERROR', 'TGT_SLOT_ERROR') --- 20 (0.36%)
('SRC_POS_ERROR', 'TGT_POS_ERROR') --- 4 (0.07%)
('SRC_POS_ERROR', 'TGT_POS_ERROR', 'TGT_SLOT_ERROR') --- 2 (0.04%)
('SRC_POS_ERROR', 'TGT_POS_ERROR', 'SRC_SLOT_ERROR') --- 2 (0.04%)
Summarizing sampled data...
5628 total samples

Found 386 (6.86%) samples with an MSD that does not actually occur in UniMorph
Invalid tags:
{'ADJ;GEN;SG', 'ADJ;ACC;SG', 'DET;NOM;SG', 'ADJ;ACC;PL', 'ADJ;DAT;SG', 'N;SG;COMPOUND', 'ADJ'}

Output dataset full fine-grained annotation distribution:
C -- 3955 (70.27%)
TGT_SLOT_ERROR -- 391 (6.95%)
POS_PAIR_ERROR -- 374 (6.65%)
SRC_SLOT_ERROR;TGT_SLOT_ERROR -- 304 (5.4%)
SRC_POS_ERROR;TGT_POS_ERROR;SRC_SLOT_ERROR;TGT_SLOT_ERROR -- 298 (5.29%)
POS_PAIR_ERROR;SRC_SLOT_ERROR;TGT_SLOT_ERROR -- 22 (0.39%)
TGT_POS_ERROR;SRC_SLOT_ERROR;TGT_SLOT_ERROR -- 21 (0.37%)
SRC_POS_ERROR;SRC_SLOT_ERROR;TGT_SLOT_ERROR -- 21 (0.37%)
POS_PAIR_ERROR;SRC_POS_ERROR;TGT_POS_ERROR;TGT_SLOT_ERROR -- 20 (0.36%)
POS_PAIR_ERROR;SRC_POS_ERROR;TGT_POS_ERROR;SRC_SLOT_ERROR -- 20 (0.36%)
POS_PAIR_ERROR;SRC_POS_ERROR;TGT_POS_ERROR;SRC_SLOT_ERROR;TGT_SLOT_ERROR -- 20 (0.36%)
PARADIGM_ERROR;SRC_SLOT_ERROR;TGT_SLOT_ERROR -- 16 (0.28%)
POS_PAIR_ERROR;SRC_POS_ERROR;SRC_SLOT_ERROR -- 15 (0.27%)
POS_PAIR_ERROR;TGT_POS_ERROR;TGT_SLOT_ERROR -- 15 (0.27%)
POS_PAIR_ERROR;SRC_POS_ERROR;TGT_SLOT_ERROR -- 13 (0.23%)
POS_PAIR_ERROR;TGT_POS_ERROR;SRC_SLOT_ERROR -- 13 (0.23%)
PARADIGM_ERROR;TGT_SLOT_ERROR -- 12 (0.21%)
PARADIGM_ERROR;SRC_SLOT_ERROR -- 12 (0.21%)
TGT_POS_ERROR;TGT_SLOT_ERROR -- 12 (0.21%)
SRC_POS_ERROR;SRC_SLOT_ERROR -- 12 (0.21%)
POS_PAIR_ERROR;SRC_POS_ERROR;SRC_SLOT_ERROR;TGT_SLOT_ERROR -- 7 (0.12%)
POS_PAIR_ERROR;TGT_POS_ERROR;SRC_SLOT_ERROR;TGT_SLOT_ERROR -- 7 (0.12%)
POS_PAIR_ERROR;TGT_POS_ERROR -- 7 (0.12%)
POS_PAIR_ERROR;SRC_POS_ERROR -- 7 (0.12%)
POS_PAIR_ERROR;TGT_SLOT_ERROR -- 6 (0.11%)
POS_PAIR_ERROR;SRC_SLOT_ERROR -- 6 (0.11%)
PARADIGM_ERROR -- 4 (0.07%)
SRC_POS_ERROR;TGT_POS_ERROR -- 4 (0.07%)
TGT_LEXICAL_ERROR;SRC_SLOT_ERROR -- 3 (0.05%)
SRC_LEXICAL_ERROR;TGT_SLOT_ERROR -- 3 (0.05%)
POS_PAIR_ERROR;SRC_POS_ERROR;TGT_POS_ERROR -- 2 (0.04%)
SRC_POS_ERROR;TGT_POS_ERROR;TGT_SLOT_ERROR -- 2 (0.04%)
SRC_POS_ERROR;TGT_POS_ERROR;SRC_SLOT_ERROR -- 2 (0.04%)
TGT_POS_ERROR -- 1 (0.02%)
SRC_POS_ERROR -- 1 (0.02%)

Output dataset percents of each coarse grained tag
C -- 3955 (70.27%)
SLOT_ERROR -- 695 (12.35%)
POS_PAIR_ERROR -- 374 (6.65%)
POS_ERROR;SLOT_ERROR -- 368 (6.54%)
POS_ERROR;POS_PAIR_ERROR;SLOT_ERROR -- 130 (2.31%)
PARADIGM_ERROR;SLOT_ERROR -- 40 (0.71%)
POS_PAIR_ERROR;SLOT_ERROR -- 34 (0.6%)
POS_ERROR;POS_PAIR_ERROR -- 16 (0.28%)
LEXICAL_ERROR;SLOT_ERROR -- 6 (0.11%)
POS_ERROR -- 6 (0.11%)
PARADIGM_ERROR -- 4 (0.07%)

Distribution of parts of speech in sampled data:
V -- 7776 (69.08%)
N -- 3058 (27.17%)
ADJ -- 420 (3.73%)
DET -- 2 (0.02%)
Writing 5628 total samples to data/sampled/leave-one-out/LEXICAL_ERROR/deu_sampled.tsv
