Loaded 24958 annotations
Filtering UNK/ERR annotations
Removed 21083, (84.47%) samples (due to Apertium analysis errors, unknown analyses, or invalid MSDs)
Found 185 lexical errors
Removing ('LEXICAL_ERROR',) from the dataset
('C',)
('SRC_LEXICAL_ERROR',)
Ignoring data for ('LEXICAL_ERROR',)...
('PARADIGM_ERROR',)
('PARADIGM_ERROR', 'TGT_SLOT_ERROR')
('TGT_SLOT_ERROR',)
('PARADIGM_ERROR', 'SRC_SLOT_ERROR')
('SRC_SLOT_ERROR', 'TGT_SLOT_ERROR')
('PARADIGM_ERROR', 'SRC_SLOT_ERROR', 'TGT_SLOT_ERROR')
('POS_PAIR_ERROR',)
('SRC_POS_ERROR', 'TGT_POS_ERROR', 'SRC_SLOT_ERROR', 'TGT_SLOT_ERROR')
('SRC_POS_ERROR', 'TGT_POS_ERROR')
('SRC_POS_ERROR', 'TGT_POS_ERROR', 'SRC_SLOT_ERROR')
('SRC_POS_ERROR', 'TGT_POS_ERROR', 'TGT_SLOT_ERROR')
('POS_PAIR_ERROR', 'SRC_SLOT_ERROR')
('TGT_LEXICAL_ERROR', 'SRC_SLOT_ERROR')
('TGT_LEXICAL_ERROR',)
Ignoring data for ('LEXICAL_ERROR',)...
('POS_PAIR_ERROR', 'TGT_SLOT_ERROR')
('SRC_LEXICAL_ERROR', 'TGT_SLOT_ERROR')
('POS_PAIR_ERROR', 'SRC_POS_ERROR', 'SRC_SLOT_ERROR', 'TGT_SLOT_ERROR')
('POS_PAIR_ERROR', 'TGT_POS_ERROR', 'SRC_SLOT_ERROR', 'TGT_SLOT_ERROR')
('SRC_LEXICAL_ERROR', 'TGT_LEXICAL_ERROR')
Ignoring data for ('LEXICAL_ERROR',)...
('POS_PAIR_ERROR', 'TGT_POS_ERROR', 'SRC_SLOT_ERROR')
('POS_PAIR_ERROR', 'SRC_POS_ERROR', 'TGT_SLOT_ERROR')
('POS_PAIR_ERROR', 'SRC_POS_ERROR', 'TGT_POS_ERROR', 'TGT_SLOT_ERROR')
('POS_PAIR_ERROR', 'SRC_POS_ERROR', 'TGT_POS_ERROR', 'SRC_SLOT_ERROR')
('POS_PAIR_ERROR', 'SRC_SLOT_ERROR', 'TGT_SLOT_ERROR')
('TGT_POS_ERROR',)
('SRC_POS_ERROR',)
('SRC_POS_ERROR', 'TGT_SLOT_ERROR')
('TGT_POS_ERROR', 'SRC_SLOT_ERROR')
('POS_PAIR_ERROR', 'TGT_POS_ERROR', 'TGT_SLOT_ERROR')
('POS_PAIR_ERROR', 'SRC_POS_ERROR', 'SRC_SLOT_ERROR')
('SRC_POS_ERROR', 'SRC_SLOT_ERROR', 'TGT_SLOT_ERROR')
('TGT_POS_ERROR', 'SRC_SLOT_ERROR', 'TGT_SLOT_ERROR')
('POS_PAIR_ERROR', 'TGT_POS_ERROR')
('POS_PAIR_ERROR', 'SRC_POS_ERROR')
('SRC_POS_ERROR', 'SRC_SLOT_ERROR')
('TGT_POS_ERROR', 'TGT_SLOT_ERROR')
('POS_PAIR_ERROR', 'SRC_POS_ERROR', 'TGT_POS_ERROR')

 Existing samples distribution:
('C',) --- 1797 (48.57%)
('PARADIGM_ERROR',) --- 34 (0.92%)
('PARADIGM_ERROR', 'TGT_SLOT_ERROR') --- 29 (0.78%)
('TGT_SLOT_ERROR',) --- 330 (8.92%)
('PARADIGM_ERROR', 'SRC_SLOT_ERROR') --- 29 (0.78%)
('SRC_SLOT_ERROR', 'TGT_SLOT_ERROR') --- 402 (10.86%)
('PARADIGM_ERROR', 'SRC_SLOT_ERROR', 'TGT_SLOT_ERROR') --- 8 (0.22%)
('POS_PAIR_ERROR',) --- 283 (7.65%)
('SRC_POS_ERROR', 'TGT_POS_ERROR', 'SRC_SLOT_ERROR', 'TGT_SLOT_ERROR') --- 534 (14.43%)
('SRC_POS_ERROR', 'TGT_POS_ERROR') --- 42 (1.14%)
('SRC_POS_ERROR', 'TGT_POS_ERROR', 'SRC_SLOT_ERROR') --- 33 (0.89%)
('SRC_POS_ERROR', 'TGT_POS_ERROR', 'TGT_SLOT_ERROR') --- 33 (0.89%)
('POS_PAIR_ERROR', 'SRC_SLOT_ERROR') --- 13 (0.35%)
('TGT_LEXICAL_ERROR', 'SRC_SLOT_ERROR') --- 5 (0.14%)
('POS_PAIR_ERROR', 'TGT_SLOT_ERROR') --- 13 (0.35%)
('SRC_LEXICAL_ERROR', 'TGT_SLOT_ERROR') --- 5 (0.14%)
('POS_PAIR_ERROR', 'SRC_POS_ERROR', 'SRC_SLOT_ERROR', 'TGT_SLOT_ERROR') --- 9 (0.24%)
('POS_PAIR_ERROR', 'TGT_POS_ERROR', 'SRC_SLOT_ERROR', 'TGT_SLOT_ERROR') --- 9 (0.24%)
('POS_PAIR_ERROR', 'TGT_POS_ERROR', 'SRC_SLOT_ERROR') --- 5 (0.14%)
('POS_PAIR_ERROR', 'SRC_POS_ERROR', 'TGT_SLOT_ERROR') --- 5 (0.14%)
('POS_PAIR_ERROR', 'SRC_POS_ERROR', 'TGT_POS_ERROR', 'TGT_SLOT_ERROR') --- 8 (0.22%)
('POS_PAIR_ERROR', 'SRC_POS_ERROR', 'TGT_POS_ERROR', 'SRC_SLOT_ERROR') --- 8 (0.22%)
('POS_PAIR_ERROR', 'SRC_SLOT_ERROR', 'TGT_SLOT_ERROR') --- 14 (0.38%)
('TGT_POS_ERROR',) --- 4 (0.11%)
('SRC_POS_ERROR',) --- 4 (0.11%)
('SRC_POS_ERROR', 'TGT_SLOT_ERROR') --- 5 (0.14%)
('TGT_POS_ERROR', 'SRC_SLOT_ERROR') --- 5 (0.14%)
('POS_PAIR_ERROR', 'TGT_POS_ERROR', 'TGT_SLOT_ERROR') --- 6 (0.16%)
('POS_PAIR_ERROR', 'SRC_POS_ERROR', 'SRC_SLOT_ERROR') --- 6 (0.16%)
('SRC_POS_ERROR', 'SRC_SLOT_ERROR', 'TGT_SLOT_ERROR') --- 6 (0.16%)
('TGT_POS_ERROR', 'SRC_SLOT_ERROR', 'TGT_SLOT_ERROR') --- 6 (0.16%)
('POS_PAIR_ERROR', 'TGT_POS_ERROR') --- 3 (0.08%)
('POS_PAIR_ERROR', 'SRC_POS_ERROR') --- 3 (0.08%)
('SRC_POS_ERROR', 'SRC_SLOT_ERROR') --- 1 (0.03%)
('TGT_POS_ERROR', 'TGT_SLOT_ERROR') --- 1 (0.03%)
('POS_PAIR_ERROR', 'SRC_POS_ERROR', 'TGT_POS_ERROR') --- 2 (0.05%)
Summarizing sampled data...
3700 total samples

Found 1068 (28.86%) samples with an MSD that does not actually occur in UniMorph
Invalid tags:
{'V.PTCP;PST;NOM;SG', 'PRN;INDF;GEN;SG', 'PRN;INDF;ACC;PL', 'PRN;INDF;ACC;SG', 'V.PTCP;PST;DAT;PL', 'V.PTCP;PST;ACC;SG', 'ADJ;ACC;SG', 'V.PTCP;PST;GEN;SG', 'V.PTCP;PST;ACC;PL', 'ADJ;NOM;PL'}

Output dataset full fine-grained annotation distribution:
C -- 1797 (48.57%)
SRC_POS_ERROR;TGT_POS_ERROR;SRC_SLOT_ERROR;TGT_SLOT_ERROR -- 534 (14.43%)
SRC_SLOT_ERROR;TGT_SLOT_ERROR -- 402 (10.86%)
TGT_SLOT_ERROR -- 330 (8.92%)
POS_PAIR_ERROR -- 283 (7.65%)
SRC_POS_ERROR;TGT_POS_ERROR -- 42 (1.14%)
PARADIGM_ERROR -- 34 (0.92%)
SRC_POS_ERROR;TGT_POS_ERROR;SRC_SLOT_ERROR -- 33 (0.89%)
SRC_POS_ERROR;TGT_POS_ERROR;TGT_SLOT_ERROR -- 33 (0.89%)
PARADIGM_ERROR;TGT_SLOT_ERROR -- 29 (0.78%)
PARADIGM_ERROR;SRC_SLOT_ERROR -- 29 (0.78%)
POS_PAIR_ERROR;SRC_SLOT_ERROR;TGT_SLOT_ERROR -- 14 (0.38%)
POS_PAIR_ERROR;SRC_SLOT_ERROR -- 13 (0.35%)
POS_PAIR_ERROR;TGT_SLOT_ERROR -- 13 (0.35%)
POS_PAIR_ERROR;SRC_POS_ERROR;SRC_SLOT_ERROR;TGT_SLOT_ERROR -- 9 (0.24%)
POS_PAIR_ERROR;TGT_POS_ERROR;SRC_SLOT_ERROR;TGT_SLOT_ERROR -- 9 (0.24%)
PARADIGM_ERROR;SRC_SLOT_ERROR;TGT_SLOT_ERROR -- 8 (0.22%)
POS_PAIR_ERROR;SRC_POS_ERROR;TGT_POS_ERROR;TGT_SLOT_ERROR -- 8 (0.22%)
POS_PAIR_ERROR;SRC_POS_ERROR;TGT_POS_ERROR;SRC_SLOT_ERROR -- 8 (0.22%)
POS_PAIR_ERROR;TGT_POS_ERROR;TGT_SLOT_ERROR -- 6 (0.16%)
POS_PAIR_ERROR;SRC_POS_ERROR;SRC_SLOT_ERROR -- 6 (0.16%)
SRC_POS_ERROR;SRC_SLOT_ERROR;TGT_SLOT_ERROR -- 6 (0.16%)
TGT_POS_ERROR;SRC_SLOT_ERROR;TGT_SLOT_ERROR -- 6 (0.16%)
TGT_LEXICAL_ERROR;SRC_SLOT_ERROR -- 5 (0.14%)
SRC_LEXICAL_ERROR;TGT_SLOT_ERROR -- 5 (0.14%)
POS_PAIR_ERROR;TGT_POS_ERROR;SRC_SLOT_ERROR -- 5 (0.14%)
POS_PAIR_ERROR;SRC_POS_ERROR;TGT_SLOT_ERROR -- 5 (0.14%)
SRC_POS_ERROR;TGT_SLOT_ERROR -- 5 (0.14%)
TGT_POS_ERROR;SRC_SLOT_ERROR -- 5 (0.14%)
TGT_POS_ERROR -- 4 (0.11%)
SRC_POS_ERROR -- 4 (0.11%)
POS_PAIR_ERROR;TGT_POS_ERROR -- 3 (0.08%)
POS_PAIR_ERROR;SRC_POS_ERROR -- 3 (0.08%)
POS_PAIR_ERROR;SRC_POS_ERROR;TGT_POS_ERROR -- 2 (0.05%)
SRC_POS_ERROR;SRC_SLOT_ERROR -- 1 (0.03%)
TGT_POS_ERROR;TGT_SLOT_ERROR -- 1 (0.03%)

Output dataset percents of each coarse grained tag
C -- 1797 (48.57%)
SLOT_ERROR -- 732 (19.78%)
POS_ERROR;SLOT_ERROR -- 624 (16.86%)
POS_PAIR_ERROR -- 283 (7.65%)
PARADIGM_ERROR;SLOT_ERROR -- 66 (1.78%)
POS_ERROR;POS_PAIR_ERROR;SLOT_ERROR -- 56 (1.51%)
POS_ERROR -- 50 (1.35%)
POS_PAIR_ERROR;SLOT_ERROR -- 40 (1.08%)
PARADIGM_ERROR -- 34 (0.92%)
LEXICAL_ERROR;SLOT_ERROR -- 10 (0.27%)
POS_ERROR;POS_PAIR_ERROR -- 8 (0.22%)

Distribution of parts of speech in sampled data:
V -- 3316 (44.81%)
V.PTCP -- 788 (10.65%)
N -- 2862 (38.68%)
V.CVB -- 64 (0.86%)
PRN -- 136 (1.84%)
ADJ -- 234 (3.16%)
Writing 3700 total samples to data/sampled/leave-one-out/LEXICAL_ERROR/isl_sampled.tsv
