Loaded 45096 annotations
Filtering UNK/ERR annotations
Removed 40392, (89.57%) samples (due to Apertium analysis errors, unknown analyses, or invalid MSDs)
Found 688 lexical errors
Removing ('LEXICAL_ERROR',) from the dataset
('SRC_SLOT_ERROR', 'TGT_SLOT_ERROR')
('TGT_SLOT_ERROR',)
('C',)
('PARADIGM_ERROR', 'SRC_SLOT_ERROR', 'TGT_SLOT_ERROR')
('PARADIGM_ERROR', 'TGT_SLOT_ERROR')
('PARADIGM_ERROR', 'SRC_SLOT_ERROR')
('SRC_POS_ERROR', 'TGT_POS_ERROR', 'SRC_SLOT_ERROR', 'TGT_SLOT_ERROR')
('POS_PAIR_ERROR',)
('POS_PAIR_ERROR', 'TGT_SLOT_ERROR')
('POS_PAIR_ERROR', 'SRC_SLOT_ERROR')
('POS_PAIR_ERROR', 'SRC_POS_ERROR', 'TGT_POS_ERROR', 'SRC_SLOT_ERROR', 'TGT_SLOT_ERROR')
('TGT_LEXICAL_ERROR', 'SRC_SLOT_ERROR')
('TGT_LEXICAL_ERROR',)
Ignoring data for ('LEXICAL_ERROR',)...
('SRC_LEXICAL_ERROR', 'TGT_SLOT_ERROR')
('SRC_LEXICAL_ERROR',)
Ignoring data for ('LEXICAL_ERROR',)...
('POS_PAIR_ERROR', 'SRC_SLOT_ERROR', 'TGT_SLOT_ERROR')
('SRC_LEXICAL_ERROR', 'TGT_LEXICAL_ERROR')
Ignoring data for ('LEXICAL_ERROR',)...
('POS_PAIR_ERROR', 'TGT_POS_ERROR', 'SRC_SLOT_ERROR', 'TGT_SLOT_ERROR')
('POS_PAIR_ERROR', 'SRC_POS_ERROR', 'SRC_SLOT_ERROR', 'TGT_SLOT_ERROR')
('PARADIGM_ERROR',)
('TGT_POS_ERROR', 'SRC_SLOT_ERROR', 'TGT_SLOT_ERROR')
('SRC_POS_ERROR', 'SRC_SLOT_ERROR', 'TGT_SLOT_ERROR')
('POS_PAIR_ERROR', 'TGT_POS_ERROR', 'TGT_SLOT_ERROR')
('POS_PAIR_ERROR', 'SRC_POS_ERROR', 'SRC_SLOT_ERROR')
('SRC_POS_ERROR', 'TGT_POS_ERROR', 'SRC_SLOT_ERROR')
('SRC_POS_ERROR', 'TGT_POS_ERROR', 'TGT_SLOT_ERROR')
('TGT_POS_ERROR', 'TGT_SLOT_ERROR')
('SRC_POS_ERROR', 'SRC_SLOT_ERROR')
('POS_PAIR_ERROR', 'SRC_POS_ERROR', 'TGT_POS_ERROR', 'SRC_SLOT_ERROR')
('POS_PAIR_ERROR', 'SRC_POS_ERROR', 'TGT_POS_ERROR', 'TGT_SLOT_ERROR')
('POS_PAIR_ERROR', 'TGT_POS_ERROR', 'SRC_SLOT_ERROR')
('POS_PAIR_ERROR', 'SRC_POS_ERROR', 'TGT_SLOT_ERROR')

 Existing samples distribution:
('SRC_SLOT_ERROR', 'TGT_SLOT_ERROR') --- 208 (5.01%)
('TGT_SLOT_ERROR',) --- 363 (8.75%)
('C',) --- 1689 (40.72%)
('PARADIGM_ERROR', 'SRC_SLOT_ERROR', 'TGT_SLOT_ERROR') --- 58 (1.4%)
('PARADIGM_ERROR', 'TGT_SLOT_ERROR') --- 99 (2.39%)
('PARADIGM_ERROR', 'SRC_SLOT_ERROR') --- 99 (2.39%)
('SRC_POS_ERROR', 'TGT_POS_ERROR', 'SRC_SLOT_ERROR', 'TGT_SLOT_ERROR') --- 388 (9.35%)
('POS_PAIR_ERROR',) --- 494 (11.91%)
('POS_PAIR_ERROR', 'TGT_SLOT_ERROR') --- 151 (3.64%)
('POS_PAIR_ERROR', 'SRC_SLOT_ERROR') --- 151 (3.64%)
('POS_PAIR_ERROR', 'SRC_POS_ERROR', 'TGT_POS_ERROR', 'SRC_SLOT_ERROR', 'TGT_SLOT_ERROR') --- 4 (0.1%)
('TGT_LEXICAL_ERROR', 'SRC_SLOT_ERROR') --- 66 (1.59%)
('SRC_LEXICAL_ERROR', 'TGT_SLOT_ERROR') --- 66 (1.59%)
('POS_PAIR_ERROR', 'SRC_SLOT_ERROR', 'TGT_SLOT_ERROR') --- 120 (2.89%)
('POS_PAIR_ERROR', 'TGT_POS_ERROR', 'SRC_SLOT_ERROR', 'TGT_SLOT_ERROR') --- 7 (0.17%)
('POS_PAIR_ERROR', 'SRC_POS_ERROR', 'SRC_SLOT_ERROR', 'TGT_SLOT_ERROR') --- 7 (0.17%)
('PARADIGM_ERROR',) --- 76 (1.83%)
('TGT_POS_ERROR', 'SRC_SLOT_ERROR', 'TGT_SLOT_ERROR') --- 23 (0.55%)
('SRC_POS_ERROR', 'SRC_SLOT_ERROR', 'TGT_SLOT_ERROR') --- 23 (0.55%)
('POS_PAIR_ERROR', 'TGT_POS_ERROR', 'TGT_SLOT_ERROR') --- 4 (0.1%)
('POS_PAIR_ERROR', 'SRC_POS_ERROR', 'SRC_SLOT_ERROR') --- 4 (0.1%)
('SRC_POS_ERROR', 'TGT_POS_ERROR', 'SRC_SLOT_ERROR') --- 9 (0.22%)
('SRC_POS_ERROR', 'TGT_POS_ERROR', 'TGT_SLOT_ERROR') --- 9 (0.22%)
('TGT_POS_ERROR', 'TGT_SLOT_ERROR') --- 12 (0.29%)
('SRC_POS_ERROR', 'SRC_SLOT_ERROR') --- 12 (0.29%)
('POS_PAIR_ERROR', 'SRC_POS_ERROR', 'TGT_POS_ERROR', 'SRC_SLOT_ERROR') --- 2 (0.05%)
('POS_PAIR_ERROR', 'SRC_POS_ERROR', 'TGT_POS_ERROR', 'TGT_SLOT_ERROR') --- 2 (0.05%)
('POS_PAIR_ERROR', 'TGT_POS_ERROR', 'SRC_SLOT_ERROR') --- 1 (0.02%)
('POS_PAIR_ERROR', 'SRC_POS_ERROR', 'TGT_SLOT_ERROR') --- 1 (0.02%)
Summarizing sampled data...
4148 total samples

Found 1396 (33.65%) samples with an MSD that does not actually occur in UniMorph
Invalid tags:
{'ADJ;INDF;NOM;PL', 'PROPN;MASC', 'V;ACT;NFIN;COMPOUND', 'ADJ;PRS;GEN', 'DET;SG', 'ADJ;DEF;PL', 'ADJ;PRS', 'PRN;NOM;NEUT;SG', 'N;DEF;PL', 'PRN', 'N;INDF;NOM;SG;COMPOUND', 'N;INDF;PL', 'ADJ;INDF;GEN;PL', 'V.CVB;COMPV', 'N;DEF;SG', 'V.CVB', 'PRN;NEUT;SG'}

Output dataset full fine-grained annotation distribution:
C -- 1689 (40.72%)
POS_PAIR_ERROR -- 494 (11.91%)
SRC_POS_ERROR;TGT_POS_ERROR;SRC_SLOT_ERROR;TGT_SLOT_ERROR -- 388 (9.35%)
TGT_SLOT_ERROR -- 363 (8.75%)
SRC_SLOT_ERROR;TGT_SLOT_ERROR -- 208 (5.01%)
POS_PAIR_ERROR;TGT_SLOT_ERROR -- 151 (3.64%)
POS_PAIR_ERROR;SRC_SLOT_ERROR -- 151 (3.64%)
POS_PAIR_ERROR;SRC_SLOT_ERROR;TGT_SLOT_ERROR -- 120 (2.89%)
PARADIGM_ERROR;TGT_SLOT_ERROR -- 99 (2.39%)
PARADIGM_ERROR;SRC_SLOT_ERROR -- 99 (2.39%)
PARADIGM_ERROR -- 76 (1.83%)
TGT_LEXICAL_ERROR;SRC_SLOT_ERROR -- 66 (1.59%)
SRC_LEXICAL_ERROR;TGT_SLOT_ERROR -- 66 (1.59%)
PARADIGM_ERROR;SRC_SLOT_ERROR;TGT_SLOT_ERROR -- 58 (1.4%)
TGT_POS_ERROR;SRC_SLOT_ERROR;TGT_SLOT_ERROR -- 23 (0.55%)
SRC_POS_ERROR;SRC_SLOT_ERROR;TGT_SLOT_ERROR -- 23 (0.55%)
TGT_POS_ERROR;TGT_SLOT_ERROR -- 12 (0.29%)
SRC_POS_ERROR;SRC_SLOT_ERROR -- 12 (0.29%)
SRC_POS_ERROR;TGT_POS_ERROR;SRC_SLOT_ERROR -- 9 (0.22%)
SRC_POS_ERROR;TGT_POS_ERROR;TGT_SLOT_ERROR -- 9 (0.22%)
POS_PAIR_ERROR;TGT_POS_ERROR;SRC_SLOT_ERROR;TGT_SLOT_ERROR -- 7 (0.17%)
POS_PAIR_ERROR;SRC_POS_ERROR;SRC_SLOT_ERROR;TGT_SLOT_ERROR -- 7 (0.17%)
POS_PAIR_ERROR;SRC_POS_ERROR;TGT_POS_ERROR;SRC_SLOT_ERROR;TGT_SLOT_ERROR -- 4 (0.1%)
POS_PAIR_ERROR;TGT_POS_ERROR;TGT_SLOT_ERROR -- 4 (0.1%)
POS_PAIR_ERROR;SRC_POS_ERROR;SRC_SLOT_ERROR -- 4 (0.1%)
POS_PAIR_ERROR;SRC_POS_ERROR;TGT_POS_ERROR;SRC_SLOT_ERROR -- 2 (0.05%)
POS_PAIR_ERROR;SRC_POS_ERROR;TGT_POS_ERROR;TGT_SLOT_ERROR -- 2 (0.05%)
POS_PAIR_ERROR;TGT_POS_ERROR;SRC_SLOT_ERROR -- 1 (0.02%)
POS_PAIR_ERROR;SRC_POS_ERROR;TGT_SLOT_ERROR -- 1 (0.02%)

Output dataset percents of each coarse grained tag
C -- 1689 (40.72%)
SLOT_ERROR -- 571 (13.77%)
POS_PAIR_ERROR -- 494 (11.91%)
POS_ERROR;SLOT_ERROR -- 476 (11.48%)
POS_PAIR_ERROR;SLOT_ERROR -- 422 (10.17%)
PARADIGM_ERROR;SLOT_ERROR -- 256 (6.17%)
LEXICAL_ERROR;SLOT_ERROR -- 132 (3.18%)
PARADIGM_ERROR -- 76 (1.83%)
POS_ERROR;POS_PAIR_ERROR;SLOT_ERROR -- 32 (0.77%)

Distribution of parts of speech in sampled data:
V.PTCP -- 764 (9.21%)
V -- 3398 (40.96%)
ADJ -- 1900 (22.9%)
N -- 1924 (23.19%)
V.CVB -- 248 (2.99%)
PRN -- 18 (0.22%)
DET -- 34 (0.41%)
PROPN -- 10 (0.12%)
Writing 4148 total samples to data/sampled/leave-one-out/LEXICAL_ERROR/swe_sampled.tsv
