Removing ('PARADIGM_ERROR',) from the dataset
SRC_POS_ERROR;TGT_POS_ERROR;SRC_SLOT_ERROR;TGT_SLOT_ERROR -- 3.17%
C -- 57.66%
SRC_SLOT_ERROR;TGT_SLOT_ERROR -- 19.73%
TGT_SLOT_ERROR -- 11.14%
POS_PAIR_ERROR;SRC_POS_ERROR;SRC_SLOT_ERROR;TGT_SLOT_ERROR -- 0.1%
SRC_LEXICAL_ERROR -- 0.79%
POS_PAIR_ERROR;SRC_SLOT_ERROR;TGT_SLOT_ERROR -- 0.53%
POS_PAIR_ERROR -- 2.58%
PARADIGM_ERROR;TGT_SLOT_ERROR -- 0.51%
POS_PAIR_ERROR;TGT_SLOT_ERROR -- 0.52%
POS_PAIR_ERROR;TGT_POS_ERROR -- 0.14%
TGT_POS_ERROR;SRC_SLOT_ERROR;TGT_SLOT_ERROR -- 0.32%
TGT_LEXICAL_ERROR -- 0.11%
SRC_POS_ERROR;SRC_SLOT_ERROR;TGT_SLOT_ERROR -- 0.32%
PARADIGM_ERROR;SRC_SLOT_ERROR;TGT_SLOT_ERROR -- 0.4%
POS_PAIR_ERROR;TGT_POS_ERROR;SRC_SLOT_ERROR;TGT_SLOT_ERROR -- 0.1%
PARADIGM_ERROR;SRC_SLOT_ERROR -- 0.51%
POS_PAIR_ERROR;SRC_POS_ERROR;TGT_SLOT_ERROR -- 0.09%
POS_PAIR_ERROR;SRC_SLOT_ERROR -- 0.52%
POS_PAIR_ERROR;TGT_POS_ERROR;SRC_SLOT_ERROR -- 0.09%
SRC_POS_ERROR;TGT_POS_ERROR -- 0.05%
SRC_POS_ERROR;SRC_SLOT_ERROR -- 0.06%
POS_PAIR_ERROR;SRC_POS_ERROR -- 0.14%
SRC_LEXICAL_ERROR;TGT_LEXICAL_ERROR -- 0.14%
SRC_LEXICAL_ERROR;TGT_SLOT_ERROR -- 0.03%
TGT_POS_ERROR;TGT_SLOT_ERROR -- 0.06%
SRC_POS_ERROR;TGT_POS_ERROR;SRC_SLOT_ERROR -- 0.06%
TGT_LEXICAL_ERROR;SRC_SLOT_ERROR -- 0.03%
SRC_POS_ERROR;TGT_POS_ERROR;TGT_SLOT_ERROR -- 0.06%
Writing 12477 total samples to data/sampled/MSD-reinflection-resampled-leave-one-out/PARADIGM_ERROR/rus_sampled.tsv
