Removing ('PARADIGM_ERROR',) from the dataset
C -- 69.19%
SRC_POS_ERROR;TGT_POS_ERROR;SRC_SLOT_ERROR;TGT_SLOT_ERROR -- 5.21%
SRC_LEXICAL_ERROR -- 1.28%
TGT_SLOT_ERROR -- 6.84%
POS_PAIR_ERROR -- 6.54%
SRC_SLOT_ERROR;TGT_SLOT_ERROR -- 5.32%
POS_PAIR_ERROR;SRC_POS_ERROR;TGT_POS_ERROR;TGT_SLOT_ERROR -- 0.35%
POS_PAIR_ERROR;SRC_POS_ERROR;SRC_SLOT_ERROR;TGT_SLOT_ERROR -- 0.12%
POS_PAIR_ERROR;TGT_POS_ERROR -- 0.12%
TGT_POS_ERROR;TGT_SLOT_ERROR -- 0.21%
POS_PAIR_ERROR;SRC_SLOT_ERROR -- 0.1%
POS_PAIR_ERROR;SRC_SLOT_ERROR;TGT_SLOT_ERROR -- 0.38%
POS_PAIR_ERROR;SRC_POS_ERROR;SRC_SLOT_ERROR -- 0.26%
POS_PAIR_ERROR;TGT_POS_ERROR;TGT_SLOT_ERROR -- 0.26%
SRC_LEXICAL_ERROR;TGT_LEXICAL_ERROR -- 0.31%
POS_PAIR_ERROR;SRC_POS_ERROR;TGT_SLOT_ERROR -- 0.23%
TGT_POS_ERROR;SRC_SLOT_ERROR;TGT_SLOT_ERROR -- 0.37%
PARADIGM_ERROR;TGT_SLOT_ERROR -- 0.21%
POS_PAIR_ERROR;TGT_POS_ERROR;SRC_SLOT_ERROR -- 0.23%
POS_PAIR_ERROR;TGT_POS_ERROR;SRC_SLOT_ERROR;TGT_SLOT_ERROR -- 0.12%
POS_PAIR_ERROR;SRC_POS_ERROR;TGT_POS_ERROR;SRC_SLOT_ERROR;TGT_SLOT_ERROR -- 0.35%
PARADIGM_ERROR;SRC_SLOT_ERROR;TGT_SLOT_ERROR -- 0.28%
POS_PAIR_ERROR;SRC_POS_ERROR;TGT_POS_ERROR -- 0.03%
SRC_POS_ERROR;SRC_SLOT_ERROR;TGT_SLOT_ERROR -- 0.37%
POS_PAIR_ERROR;SRC_POS_ERROR;TGT_POS_ERROR;SRC_SLOT_ERROR -- 0.35%
SRC_POS_ERROR;SRC_SLOT_ERROR -- 0.21%
TGT_LEXICAL_ERROR;SRC_SLOT_ERROR -- 0.05%
SRC_LEXICAL_ERROR;TGT_SLOT_ERROR -- 0.05%
PARADIGM_ERROR;SRC_SLOT_ERROR -- 0.21%
SRC_POS_ERROR;TGT_POS_ERROR;TGT_SLOT_ERROR -- 0.03%
POS_PAIR_ERROR;SRC_POS_ERROR -- 0.12%
SRC_POS_ERROR;TGT_POS_ERROR -- 0.07%
SRC_POS_ERROR;TGT_POS_ERROR;SRC_SLOT_ERROR -- 0.03%
SRC_POS_ERROR -- 0.02%
POS_PAIR_ERROR;TGT_SLOT_ERROR -- 0.1%
TGT_POS_ERROR -- 0.02%
TGT_LEXICAL_ERROR -- 0.02%
Writing 5716 total samples to data/sampled/MSD-reinflection-resampled-leave-one-out/PARADIGM_ERROR/deu_sampled.tsv
