Removing ('PARADIGM_ERROR',) from the dataset
POS_PAIR_ERROR;SRC_SLOT_ERROR;TGT_SLOT_ERROR -- 2.59%
C -- 36.5%
TGT_SLOT_ERROR -- 7.84%
POS_PAIR_ERROR;TGT_SLOT_ERROR -- 3.26%
SRC_SLOT_ERROR;TGT_SLOT_ERROR -- 4.49%
PARADIGM_ERROR;SRC_SLOT_ERROR -- 2.14%
TGT_LEXICAL_ERROR;SRC_SLOT_ERROR -- 1.43%
PARADIGM_ERROR;SRC_SLOT_ERROR;TGT_SLOT_ERROR -- 1.25%
TGT_LEXICAL_ERROR -- 4.86%
POS_PAIR_ERROR -- 10.67%
SRC_POS_ERROR;TGT_POS_ERROR;SRC_SLOT_ERROR;TGT_SLOT_ERROR -- 8.38%
SRC_LEXICAL_ERROR -- 6.29%
SRC_LEXICAL_ERROR;TGT_LEXICAL_ERROR -- 0.86%
PARADIGM_ERROR;TGT_SLOT_ERROR -- 2.14%
TGT_POS_ERROR;SRC_SLOT_ERROR;TGT_SLOT_ERROR -- 0.5%
SRC_LEXICAL_ERROR;TGT_SLOT_ERROR -- 1.43%
POS_PAIR_ERROR;SRC_SLOT_ERROR -- 3.26%
SRC_POS_ERROR;TGT_POS_ERROR;TGT_SLOT_ERROR -- 0.19%
SRC_POS_ERROR;SRC_SLOT_ERROR;TGT_SLOT_ERROR -- 0.5%
SRC_POS_ERROR;TGT_POS_ERROR;SRC_SLOT_ERROR -- 0.19%
TGT_POS_ERROR;TGT_SLOT_ERROR -- 0.26%
POS_PAIR_ERROR;SRC_POS_ERROR;TGT_SLOT_ERROR -- 0.02%
SRC_POS_ERROR;SRC_SLOT_ERROR -- 0.26%
POS_PAIR_ERROR;SRC_POS_ERROR;SRC_SLOT_ERROR;TGT_SLOT_ERROR -- 0.15%
POS_PAIR_ERROR;SRC_POS_ERROR;TGT_POS_ERROR;TGT_SLOT_ERROR -- 0.04%
POS_PAIR_ERROR;TGT_POS_ERROR;SRC_SLOT_ERROR;TGT_SLOT_ERROR -- 0.15%
POS_PAIR_ERROR;TGT_POS_ERROR;TGT_SLOT_ERROR -- 0.09%
POS_PAIR_ERROR;SRC_POS_ERROR;TGT_POS_ERROR;SRC_SLOT_ERROR -- 0.04%
POS_PAIR_ERROR;SRC_POS_ERROR;SRC_SLOT_ERROR -- 0.09%
POS_PAIR_ERROR;TGT_POS_ERROR;SRC_SLOT_ERROR -- 0.02%
POS_PAIR_ERROR;SRC_POS_ERROR;TGT_POS_ERROR;SRC_SLOT_ERROR;TGT_SLOT_ERROR -- 0.09%
Writing 4628 total samples to data/sampled/MSD-reinflection-resampled-leave-one-out/PARADIGM_ERROR/swe_sampled.tsv
