Loaded 24958 annotations
Filtering UNK/ERR annotations
Removed 21083, (84.47%) samples (due to Apertium analysis errors, unknown analyses, or invalid MSDs)
Found 185 lexical errors
Including only ('SLOT_ERROR', 'C') in the dataset
('C',)
Including data for ('C',)...
('SRC_LEXICAL_ERROR',)
('PARADIGM_ERROR',)
('PARADIGM_ERROR', 'TGT_SLOT_ERROR')
('TGT_SLOT_ERROR',)
Including data for ('SLOT_ERROR',)...
('PARADIGM_ERROR', 'SRC_SLOT_ERROR')
('SRC_SLOT_ERROR', 'TGT_SLOT_ERROR')
Including data for ('SLOT_ERROR',)...
('PARADIGM_ERROR', 'SRC_SLOT_ERROR', 'TGT_SLOT_ERROR')
('POS_PAIR_ERROR',)
('SRC_POS_ERROR', 'TGT_POS_ERROR', 'SRC_SLOT_ERROR', 'TGT_SLOT_ERROR')
('SRC_POS_ERROR', 'TGT_POS_ERROR')
('SRC_POS_ERROR', 'TGT_POS_ERROR', 'SRC_SLOT_ERROR')
('SRC_POS_ERROR', 'TGT_POS_ERROR', 'TGT_SLOT_ERROR')
('POS_PAIR_ERROR', 'SRC_SLOT_ERROR')
('TGT_LEXICAL_ERROR', 'SRC_SLOT_ERROR')
('TGT_LEXICAL_ERROR',)
('POS_PAIR_ERROR', 'TGT_SLOT_ERROR')
('SRC_LEXICAL_ERROR', 'TGT_SLOT_ERROR')
('POS_PAIR_ERROR', 'SRC_POS_ERROR', 'SRC_SLOT_ERROR', 'TGT_SLOT_ERROR')
('POS_PAIR_ERROR', 'TGT_POS_ERROR', 'SRC_SLOT_ERROR', 'TGT_SLOT_ERROR')
('SRC_LEXICAL_ERROR', 'TGT_LEXICAL_ERROR')
('POS_PAIR_ERROR', 'TGT_POS_ERROR', 'SRC_SLOT_ERROR')
('POS_PAIR_ERROR', 'SRC_POS_ERROR', 'TGT_SLOT_ERROR')
('POS_PAIR_ERROR', 'SRC_POS_ERROR', 'TGT_POS_ERROR', 'TGT_SLOT_ERROR')
('POS_PAIR_ERROR', 'SRC_POS_ERROR', 'TGT_POS_ERROR', 'SRC_SLOT_ERROR')
('POS_PAIR_ERROR', 'SRC_SLOT_ERROR', 'TGT_SLOT_ERROR')
('TGT_POS_ERROR',)
('SRC_POS_ERROR',)
('SRC_POS_ERROR', 'TGT_SLOT_ERROR')
('TGT_POS_ERROR', 'SRC_SLOT_ERROR')
('POS_PAIR_ERROR', 'TGT_POS_ERROR', 'TGT_SLOT_ERROR')
('POS_PAIR_ERROR', 'SRC_POS_ERROR', 'SRC_SLOT_ERROR')
('SRC_POS_ERROR', 'SRC_SLOT_ERROR', 'TGT_SLOT_ERROR')
('TGT_POS_ERROR', 'SRC_SLOT_ERROR', 'TGT_SLOT_ERROR')
('POS_PAIR_ERROR', 'TGT_POS_ERROR')
('POS_PAIR_ERROR', 'SRC_POS_ERROR')
('SRC_POS_ERROR', 'SRC_SLOT_ERROR')
('TGT_POS_ERROR', 'TGT_SLOT_ERROR')
('POS_PAIR_ERROR', 'SRC_POS_ERROR', 'TGT_POS_ERROR')

 Existing samples distribution:
('C',) --- 1797 (71.06%)
('TGT_SLOT_ERROR',) --- 330 (13.05%)
('SRC_SLOT_ERROR', 'TGT_SLOT_ERROR') --- 402 (15.9%)
Summarizing sampled data...
2529 total samples

Found 433 (17.12%) samples with an MSD that does not actually occur in UniMorph
Invalid tags:
{'V.PTCP;PST;DAT;PL', 'V.PTCP;PST;GEN;SG', 'V.PTCP;PST;ACC;PL', 'V.PTCP;PST;NOM;SG', 'V.PTCP;PST;ACC;SG'}

Output dataset full fine-grained annotation distribution:
C -- 1797 (71.06%)
SRC_SLOT_ERROR;TGT_SLOT_ERROR -- 402 (15.9%)
TGT_SLOT_ERROR -- 330 (13.05%)

Output dataset percents of each coarse grained tag
C -- 1797 (71.06%)
SLOT_ERROR -- 732 (28.94%)

Distribution of parts of speech in sampled data:
V -- 2689 (53.16%)
V.PTCP -- 443 (8.76%)
N -- 1904 (37.64%)
V.CVB -- 22 (0.43%)
Writing 2529 total samples to data/sampled/add-one-in/SLOT_ERROR/isl_sampled.tsv
