Loaded 29284 annotations
Filtering UNK/ERR annotations
Removed 23564, (80.47%) samples (due to Apertium analysis errors, unknown analyses, or invalid MSDs)
Found 98 lexical errors
Including only ('SLOT_ERROR', 'C') in the dataset
('C',)
Including data for ('C',)...
('TGT_SLOT_ERROR',)
Including data for ('SLOT_ERROR',)...
('PARADIGM_ERROR', 'TGT_SLOT_ERROR')
('PARADIGM_ERROR', 'SRC_SLOT_ERROR')
('TGT_POS_ERROR', 'SRC_SLOT_ERROR', 'TGT_SLOT_ERROR')
('SRC_SLOT_ERROR', 'TGT_SLOT_ERROR')
Including data for ('SLOT_ERROR',)...
('SRC_POS_ERROR', 'SRC_SLOT_ERROR', 'TGT_SLOT_ERROR')
('SRC_POS_ERROR', 'TGT_POS_ERROR', 'SRC_SLOT_ERROR', 'TGT_SLOT_ERROR')
('POS_PAIR_ERROR', 'SRC_POS_ERROR', 'SRC_SLOT_ERROR', 'TGT_SLOT_ERROR')
('PARADIGM_ERROR', 'SRC_SLOT_ERROR', 'TGT_SLOT_ERROR')
('POS_PAIR_ERROR', 'TGT_POS_ERROR', 'SRC_SLOT_ERROR', 'TGT_SLOT_ERROR')
('POS_PAIR_ERROR',)
('POS_PAIR_ERROR', 'SRC_SLOT_ERROR', 'TGT_SLOT_ERROR')
('POS_PAIR_ERROR', 'TGT_SLOT_ERROR')
('POS_PAIR_ERROR', 'SRC_SLOT_ERROR')
('POS_PAIR_ERROR', 'SRC_POS_ERROR', 'TGT_SLOT_ERROR')
('POS_PAIR_ERROR', 'SRC_POS_ERROR', 'TGT_POS_ERROR')
('POS_PAIR_ERROR', 'TGT_POS_ERROR', 'SRC_SLOT_ERROR')
('POS_PAIR_ERROR', 'SRC_POS_ERROR', 'TGT_POS_ERROR', 'TGT_SLOT_ERROR')
('POS_PAIR_ERROR', 'SRC_POS_ERROR', 'TGT_POS_ERROR', 'SRC_SLOT_ERROR')
('PARADIGM_ERROR',)
('SRC_LEXICAL_ERROR',)
('POS_PAIR_ERROR', 'SRC_POS_ERROR', 'SRC_SLOT_ERROR')
('POS_PAIR_ERROR', 'TGT_POS_ERROR', 'TGT_SLOT_ERROR')
('SRC_LEXICAL_ERROR', 'TGT_LEXICAL_ERROR')
('POS_PAIR_ERROR', 'TGT_POS_ERROR')
('POS_PAIR_ERROR', 'SRC_POS_ERROR')
('TGT_POS_ERROR', 'TGT_SLOT_ERROR')
('SRC_POS_ERROR', 'SRC_SLOT_ERROR')
('TGT_LEXICAL_ERROR', 'SRC_SLOT_ERROR')
('SRC_LEXICAL_ERROR', 'TGT_SLOT_ERROR')
('TGT_LEXICAL_ERROR',)
('TGT_POS_ERROR',)
('SRC_POS_ERROR',)
('POS_PAIR_ERROR', 'SRC_POS_ERROR', 'TGT_POS_ERROR', 'SRC_SLOT_ERROR', 'TGT_SLOT_ERROR')
('SRC_POS_ERROR', 'TGT_POS_ERROR')
('SRC_POS_ERROR', 'TGT_POS_ERROR', 'TGT_SLOT_ERROR')
('SRC_POS_ERROR', 'TGT_POS_ERROR', 'SRC_SLOT_ERROR')

 Existing samples distribution:
('C',) --- 3955 (85.05%)
('TGT_SLOT_ERROR',) --- 391 (8.41%)
('SRC_SLOT_ERROR', 'TGT_SLOT_ERROR') --- 304 (6.54%)
Summarizing sampled data...
4650 total samples

Found 0 (0.0%) samples with an MSD that does not actually occur in UniMorph
Invalid tags:
set()

Output dataset full fine-grained annotation distribution:
C -- 3955 (85.05%)
TGT_SLOT_ERROR -- 391 (8.41%)
SRC_SLOT_ERROR;TGT_SLOT_ERROR -- 304 (6.54%)

Output dataset percents of each coarse grained tag
C -- 3955 (85.05%)
SLOT_ERROR -- 695 (14.95%)

Distribution of parts of speech in sampled data:
V -- 7042 (75.72%)
N -- 2258 (24.28%)
Writing 4650 total samples to data/sampled/add-one-in/SLOT_ERROR/deu_sampled.tsv
