Removing ('POS_ERROR',) from the dataset
SRC_POS_ERROR;TGT_POS_ERROR;SRC_SLOT_ERROR;TGT_SLOT_ERROR -- 3.01%
C -- 54.73%
SRC_SLOT_ERROR;TGT_SLOT_ERROR -- 18.73%
PARADIGM_ERROR -- 5.13%
TGT_SLOT_ERROR -- 10.57%
POS_PAIR_ERROR;SRC_POS_ERROR;SRC_SLOT_ERROR;TGT_SLOT_ERROR -- 0.1%
SRC_LEXICAL_ERROR -- 0.75%
POS_PAIR_ERROR;SRC_SLOT_ERROR;TGT_SLOT_ERROR -- 0.5%
POS_PAIR_ERROR -- 2.45%
PARADIGM_ERROR;TGT_SLOT_ERROR -- 0.49%
POS_PAIR_ERROR;TGT_SLOT_ERROR -- 0.49%
POS_PAIR_ERROR;TGT_POS_ERROR -- 0.14%
TGT_POS_ERROR;SRC_SLOT_ERROR;TGT_SLOT_ERROR -- 0.3%
TGT_LEXICAL_ERROR -- 0.11%
SRC_POS_ERROR;SRC_SLOT_ERROR;TGT_SLOT_ERROR -- 0.3%
PARADIGM_ERROR;SRC_SLOT_ERROR;TGT_SLOT_ERROR -- 0.38%
POS_PAIR_ERROR;TGT_POS_ERROR;SRC_SLOT_ERROR;TGT_SLOT_ERROR -- 0.1%
PARADIGM_ERROR;SRC_SLOT_ERROR -- 0.49%
POS_PAIR_ERROR;SRC_POS_ERROR;TGT_SLOT_ERROR -- 0.08%
POS_PAIR_ERROR;SRC_SLOT_ERROR -- 0.49%
POS_PAIR_ERROR;TGT_POS_ERROR;SRC_SLOT_ERROR -- 0.08%
SRC_POS_ERROR;SRC_SLOT_ERROR -- 0.06%
POS_PAIR_ERROR;SRC_POS_ERROR -- 0.14%
SRC_LEXICAL_ERROR;TGT_LEXICAL_ERROR -- 0.14%
SRC_LEXICAL_ERROR;TGT_SLOT_ERROR -- 0.03%
TGT_POS_ERROR;TGT_SLOT_ERROR -- 0.06%
SRC_POS_ERROR;TGT_POS_ERROR;SRC_SLOT_ERROR -- 0.05%
TGT_LEXICAL_ERROR;SRC_SLOT_ERROR -- 0.03%
SRC_POS_ERROR;TGT_POS_ERROR;TGT_SLOT_ERROR -- 0.05%
Writing 13145 total samples to data/sampled/MSD-reinflection-resampled-leave-one-out/POS_ERROR/rus_sampled.tsv
