Removing ('POS_ERROR',) from the dataset
POS_PAIR_ERROR;SRC_SLOT_ERROR;TGT_SLOT_ERROR -- 2.55%
C -- 35.91%
TGT_SLOT_ERROR -- 7.72%
POS_PAIR_ERROR;TGT_SLOT_ERROR -- 3.21%
SRC_SLOT_ERROR;TGT_SLOT_ERROR -- 4.42%
PARADIGM_ERROR;SRC_SLOT_ERROR -- 2.1%
TGT_LEXICAL_ERROR;SRC_SLOT_ERROR -- 1.4%
PARADIGM_ERROR;SRC_SLOT_ERROR;TGT_SLOT_ERROR -- 1.23%
TGT_LEXICAL_ERROR -- 4.78%
POS_PAIR_ERROR -- 10.5%
SRC_POS_ERROR;TGT_POS_ERROR;SRC_SLOT_ERROR;TGT_SLOT_ERROR -- 8.25%
SRC_LEXICAL_ERROR -- 6.19%
PARADIGM_ERROR -- 1.62%
SRC_LEXICAL_ERROR;TGT_LEXICAL_ERROR -- 0.85%
PARADIGM_ERROR;TGT_SLOT_ERROR -- 2.1%
TGT_POS_ERROR;SRC_SLOT_ERROR;TGT_SLOT_ERROR -- 0.49%
SRC_LEXICAL_ERROR;TGT_SLOT_ERROR -- 1.4%
POS_PAIR_ERROR;SRC_SLOT_ERROR -- 3.21%
SRC_POS_ERROR;TGT_POS_ERROR;TGT_SLOT_ERROR -- 0.19%
SRC_POS_ERROR;SRC_SLOT_ERROR;TGT_SLOT_ERROR -- 0.49%
SRC_POS_ERROR;TGT_POS_ERROR;SRC_SLOT_ERROR -- 0.19%
TGT_POS_ERROR;TGT_SLOT_ERROR -- 0.26%
POS_PAIR_ERROR;SRC_POS_ERROR;TGT_SLOT_ERROR -- 0.02%
SRC_POS_ERROR;SRC_SLOT_ERROR -- 0.26%
POS_PAIR_ERROR;SRC_POS_ERROR;SRC_SLOT_ERROR;TGT_SLOT_ERROR -- 0.15%
POS_PAIR_ERROR;SRC_POS_ERROR;TGT_POS_ERROR;TGT_SLOT_ERROR -- 0.04%
POS_PAIR_ERROR;TGT_POS_ERROR;SRC_SLOT_ERROR;TGT_SLOT_ERROR -- 0.15%
POS_PAIR_ERROR;TGT_POS_ERROR;TGT_SLOT_ERROR -- 0.09%
POS_PAIR_ERROR;SRC_POS_ERROR;TGT_POS_ERROR;SRC_SLOT_ERROR -- 0.04%
POS_PAIR_ERROR;SRC_POS_ERROR;SRC_SLOT_ERROR -- 0.09%
POS_PAIR_ERROR;TGT_POS_ERROR;SRC_SLOT_ERROR -- 0.02%
POS_PAIR_ERROR;SRC_POS_ERROR;TGT_POS_ERROR;SRC_SLOT_ERROR;TGT_SLOT_ERROR -- 0.09%
Writing 4704 total samples to data/sampled/MSD-reinflection-resampled-leave-one-out/POS_ERROR/swe_sampled.tsv
