Loaded 29284 annotations
Filtering UNK/ERR annotations
Removed 23564, (80.47%) samples (due to Apertium analysis errors, unknown analyses, or invalid MSDs)
Found 98 lexical errors
Removing ('POS_ERROR;SLOT_ERROR',) from the dataset
('C',)
('TGT_SLOT_ERROR',)
('PARADIGM_ERROR', 'TGT_SLOT_ERROR')
('PARADIGM_ERROR', 'SRC_SLOT_ERROR')
('TGT_POS_ERROR', 'SRC_SLOT_ERROR', 'TGT_SLOT_ERROR')
Ignoring data for ('POS_ERROR', 'SLOT_ERROR')...
('SRC_SLOT_ERROR', 'TGT_SLOT_ERROR')
('SRC_POS_ERROR', 'SRC_SLOT_ERROR', 'TGT_SLOT_ERROR')
Ignoring data for ('POS_ERROR', 'SLOT_ERROR')...
('SRC_POS_ERROR', 'TGT_POS_ERROR', 'SRC_SLOT_ERROR', 'TGT_SLOT_ERROR')
Ignoring data for ('POS_ERROR', 'SLOT_ERROR')...
('POS_PAIR_ERROR', 'SRC_POS_ERROR', 'SRC_SLOT_ERROR', 'TGT_SLOT_ERROR')
('PARADIGM_ERROR', 'SRC_SLOT_ERROR', 'TGT_SLOT_ERROR')
('POS_PAIR_ERROR', 'TGT_POS_ERROR', 'SRC_SLOT_ERROR', 'TGT_SLOT_ERROR')
('POS_PAIR_ERROR',)
('POS_PAIR_ERROR', 'SRC_SLOT_ERROR', 'TGT_SLOT_ERROR')
('POS_PAIR_ERROR', 'TGT_SLOT_ERROR')
('POS_PAIR_ERROR', 'SRC_SLOT_ERROR')
('POS_PAIR_ERROR', 'SRC_POS_ERROR', 'TGT_SLOT_ERROR')
('POS_PAIR_ERROR', 'SRC_POS_ERROR', 'TGT_POS_ERROR')
('POS_PAIR_ERROR', 'TGT_POS_ERROR', 'SRC_SLOT_ERROR')
('POS_PAIR_ERROR', 'SRC_POS_ERROR', 'TGT_POS_ERROR', 'TGT_SLOT_ERROR')
('POS_PAIR_ERROR', 'SRC_POS_ERROR', 'TGT_POS_ERROR', 'SRC_SLOT_ERROR')
('PARADIGM_ERROR',)
('SRC_LEXICAL_ERROR',)
('POS_PAIR_ERROR', 'SRC_POS_ERROR', 'SRC_SLOT_ERROR')
('POS_PAIR_ERROR', 'TGT_POS_ERROR', 'TGT_SLOT_ERROR')
('SRC_LEXICAL_ERROR', 'TGT_LEXICAL_ERROR')
('POS_PAIR_ERROR', 'TGT_POS_ERROR')
('POS_PAIR_ERROR', 'SRC_POS_ERROR')
('TGT_POS_ERROR', 'TGT_SLOT_ERROR')
Ignoring data for ('POS_ERROR', 'SLOT_ERROR')...
('SRC_POS_ERROR', 'SRC_SLOT_ERROR')
Ignoring data for ('POS_ERROR', 'SLOT_ERROR')...
('TGT_LEXICAL_ERROR', 'SRC_SLOT_ERROR')
('SRC_LEXICAL_ERROR', 'TGT_SLOT_ERROR')
('TGT_LEXICAL_ERROR',)
('TGT_POS_ERROR',)
('SRC_POS_ERROR',)
('POS_PAIR_ERROR', 'SRC_POS_ERROR', 'TGT_POS_ERROR', 'SRC_SLOT_ERROR', 'TGT_SLOT_ERROR')
('SRC_POS_ERROR', 'TGT_POS_ERROR')
('SRC_POS_ERROR', 'TGT_POS_ERROR', 'TGT_SLOT_ERROR')
Ignoring data for ('POS_ERROR', 'SLOT_ERROR')...
('SRC_POS_ERROR', 'TGT_POS_ERROR', 'SRC_SLOT_ERROR')
Ignoring data for ('POS_ERROR', 'SLOT_ERROR')...

 Existing samples distribution:
('C',) --- 3955 (73.9%)
('TGT_SLOT_ERROR',) --- 391 (7.31%)
('PARADIGM_ERROR', 'TGT_SLOT_ERROR') --- 12 (0.22%)
('PARADIGM_ERROR', 'SRC_SLOT_ERROR') --- 12 (0.22%)
('SRC_SLOT_ERROR', 'TGT_SLOT_ERROR') --- 304 (5.68%)
('POS_PAIR_ERROR', 'SRC_POS_ERROR', 'SRC_SLOT_ERROR', 'TGT_SLOT_ERROR') --- 7 (0.13%)
('PARADIGM_ERROR', 'SRC_SLOT_ERROR', 'TGT_SLOT_ERROR') --- 16 (0.3%)
('POS_PAIR_ERROR', 'TGT_POS_ERROR', 'SRC_SLOT_ERROR', 'TGT_SLOT_ERROR') --- 7 (0.13%)
('POS_PAIR_ERROR',) --- 374 (6.99%)
('POS_PAIR_ERROR', 'SRC_SLOT_ERROR', 'TGT_SLOT_ERROR') --- 22 (0.41%)
('POS_PAIR_ERROR', 'TGT_SLOT_ERROR') --- 6 (0.11%)
('POS_PAIR_ERROR', 'SRC_SLOT_ERROR') --- 6 (0.11%)
('POS_PAIR_ERROR', 'SRC_POS_ERROR', 'TGT_SLOT_ERROR') --- 13 (0.24%)
('POS_PAIR_ERROR', 'SRC_POS_ERROR', 'TGT_POS_ERROR') --- 2 (0.04%)
('POS_PAIR_ERROR', 'TGT_POS_ERROR', 'SRC_SLOT_ERROR') --- 13 (0.24%)
('POS_PAIR_ERROR', 'SRC_POS_ERROR', 'TGT_POS_ERROR', 'TGT_SLOT_ERROR') --- 20 (0.37%)
('POS_PAIR_ERROR', 'SRC_POS_ERROR', 'TGT_POS_ERROR', 'SRC_SLOT_ERROR') --- 20 (0.37%)
('PARADIGM_ERROR',) --- 4 (0.07%)
('SRC_LEXICAL_ERROR',) --- 73 (1.36%)
('POS_PAIR_ERROR', 'SRC_POS_ERROR', 'SRC_SLOT_ERROR') --- 15 (0.28%)
('POS_PAIR_ERROR', 'TGT_POS_ERROR', 'TGT_SLOT_ERROR') --- 15 (0.28%)
('SRC_LEXICAL_ERROR', 'TGT_LEXICAL_ERROR') --- 18 (0.34%)
('POS_PAIR_ERROR', 'TGT_POS_ERROR') --- 7 (0.13%)
('POS_PAIR_ERROR', 'SRC_POS_ERROR') --- 7 (0.13%)
('TGT_LEXICAL_ERROR', 'SRC_SLOT_ERROR') --- 3 (0.06%)
('SRC_LEXICAL_ERROR', 'TGT_SLOT_ERROR') --- 3 (0.06%)
('TGT_LEXICAL_ERROR',) --- 1 (0.02%)
('TGT_POS_ERROR',) --- 1 (0.02%)
('SRC_POS_ERROR',) --- 1 (0.02%)
('POS_PAIR_ERROR', 'SRC_POS_ERROR', 'TGT_POS_ERROR', 'SRC_SLOT_ERROR', 'TGT_SLOT_ERROR') --- 20 (0.37%)
('SRC_POS_ERROR', 'TGT_POS_ERROR') --- 4 (0.07%)
Summarizing sampled data...
5352 total samples

Found 104 (1.94%) samples with an MSD that does not actually occur in UniMorph
Invalid tags:
{'ADJ;GEN;SG', 'ADJ;DAT;SG', 'N;SG;COMPOUND', 'ADJ;ACC;PL', 'DET;NOM;SG', 'ADJ;ACC;SG'}

Output dataset full fine-grained annotation distribution:
C -- 3955 (73.9%)
TGT_SLOT_ERROR -- 391 (7.31%)
POS_PAIR_ERROR -- 374 (6.99%)
SRC_SLOT_ERROR;TGT_SLOT_ERROR -- 304 (5.68%)
SRC_LEXICAL_ERROR -- 73 (1.36%)
POS_PAIR_ERROR;SRC_SLOT_ERROR;TGT_SLOT_ERROR -- 22 (0.41%)
POS_PAIR_ERROR;SRC_POS_ERROR;TGT_POS_ERROR;TGT_SLOT_ERROR -- 20 (0.37%)
POS_PAIR_ERROR;SRC_POS_ERROR;TGT_POS_ERROR;SRC_SLOT_ERROR -- 20 (0.37%)
POS_PAIR_ERROR;SRC_POS_ERROR;TGT_POS_ERROR;SRC_SLOT_ERROR;TGT_SLOT_ERROR -- 20 (0.37%)
SRC_LEXICAL_ERROR;TGT_LEXICAL_ERROR -- 18 (0.34%)
PARADIGM_ERROR;SRC_SLOT_ERROR;TGT_SLOT_ERROR -- 16 (0.3%)
POS_PAIR_ERROR;SRC_POS_ERROR;SRC_SLOT_ERROR -- 15 (0.28%)
POS_PAIR_ERROR;TGT_POS_ERROR;TGT_SLOT_ERROR -- 15 (0.28%)
POS_PAIR_ERROR;SRC_POS_ERROR;TGT_SLOT_ERROR -- 13 (0.24%)
POS_PAIR_ERROR;TGT_POS_ERROR;SRC_SLOT_ERROR -- 13 (0.24%)
PARADIGM_ERROR;TGT_SLOT_ERROR -- 12 (0.22%)
PARADIGM_ERROR;SRC_SLOT_ERROR -- 12 (0.22%)
POS_PAIR_ERROR;SRC_POS_ERROR;SRC_SLOT_ERROR;TGT_SLOT_ERROR -- 7 (0.13%)
POS_PAIR_ERROR;TGT_POS_ERROR;SRC_SLOT_ERROR;TGT_SLOT_ERROR -- 7 (0.13%)
POS_PAIR_ERROR;TGT_POS_ERROR -- 7 (0.13%)
POS_PAIR_ERROR;SRC_POS_ERROR -- 7 (0.13%)
POS_PAIR_ERROR;TGT_SLOT_ERROR -- 6 (0.11%)
POS_PAIR_ERROR;SRC_SLOT_ERROR -- 6 (0.11%)
PARADIGM_ERROR -- 4 (0.07%)
SRC_POS_ERROR;TGT_POS_ERROR -- 4 (0.07%)
TGT_LEXICAL_ERROR;SRC_SLOT_ERROR -- 3 (0.06%)
SRC_LEXICAL_ERROR;TGT_SLOT_ERROR -- 3 (0.06%)
POS_PAIR_ERROR;SRC_POS_ERROR;TGT_POS_ERROR -- 2 (0.04%)
TGT_LEXICAL_ERROR -- 1 (0.02%)
TGT_POS_ERROR -- 1 (0.02%)
SRC_POS_ERROR -- 1 (0.02%)

Output dataset percents of each coarse grained tag
C -- 3955 (73.9%)
SLOT_ERROR -- 695 (12.99%)
POS_PAIR_ERROR -- 374 (6.99%)
POS_ERROR;POS_PAIR_ERROR;SLOT_ERROR -- 130 (2.43%)
LEXICAL_ERROR -- 92 (1.72%)
PARADIGM_ERROR;SLOT_ERROR -- 40 (0.75%)
POS_PAIR_ERROR;SLOT_ERROR -- 34 (0.64%)
POS_ERROR;POS_PAIR_ERROR -- 16 (0.3%)
LEXICAL_ERROR;SLOT_ERROR -- 6 (0.11%)
POS_ERROR -- 6 (0.11%)
PARADIGM_ERROR -- 4 (0.07%)

Distribution of parts of speech in sampled data:
V -- 7772 (72.61%)
N -- 2855 (26.67%)
ADJ -- 75 (0.7%)
DET -- 2 (0.02%)
Writing 5352 total samples to data/sampled/leave-one-out/POS_ERROR;SLOT_ERROR/deu_sampled.tsv
