Loaded 105492 annotations
Filtering UNK/ERR annotations
Removed 92341, (87.53%) samples (due to Apertium analysis errors, unknown analyses, or invalid MSDs)
Found 139 lexical errors
Removing ('POS_ERROR;SLOT_ERROR',) from the dataset
('C',)
('TGT_SLOT_ERROR',)
('POS_PAIR_ERROR',)
('PARADIGM_ERROR', 'SRC_SLOT_ERROR')
('PARADIGM_ERROR', 'SRC_SLOT_ERROR', 'TGT_SLOT_ERROR')
('PARADIGM_ERROR', 'TGT_SLOT_ERROR')
('SRC_SLOT_ERROR', 'TGT_SLOT_ERROR')
('POS_PAIR_ERROR', 'SRC_SLOT_ERROR')
('POS_PAIR_ERROR', 'TGT_SLOT_ERROR')
('PARADIGM_ERROR',)
('POS_PAIR_ERROR', 'SRC_SLOT_ERROR', 'TGT_SLOT_ERROR')
('POS_PAIR_ERROR', 'SRC_POS_ERROR', 'TGT_SLOT_ERROR')
('POS_PAIR_ERROR', 'TGT_POS_ERROR', 'SRC_SLOT_ERROR')
('POS_PAIR_ERROR', 'SRC_POS_ERROR')
('POS_PAIR_ERROR', 'TGT_POS_ERROR')
('TGT_LEXICAL_ERROR',)
('SRC_LEXICAL_ERROR',)
('TGT_LEXICAL_ERROR', 'SRC_SLOT_ERROR')
('SRC_LEXICAL_ERROR', 'TGT_SLOT_ERROR')
('SRC_LEXICAL_ERROR', 'TGT_LEXICAL_ERROR')
('SRC_POS_ERROR', 'TGT_POS_ERROR', 'TGT_SLOT_ERROR')
Ignoring data for ('POS_ERROR', 'SLOT_ERROR')...
('SRC_POS_ERROR', 'TGT_POS_ERROR', 'SRC_SLOT_ERROR')
Ignoring data for ('POS_ERROR', 'SLOT_ERROR')...
('SRC_POS_ERROR', 'TGT_POS_ERROR', 'SRC_SLOT_ERROR', 'TGT_SLOT_ERROR')
Ignoring data for ('POS_ERROR', 'SLOT_ERROR')...
('TGT_POS_ERROR', 'SRC_SLOT_ERROR', 'TGT_SLOT_ERROR')
Ignoring data for ('POS_ERROR', 'SLOT_ERROR')...
('SRC_POS_ERROR', 'SRC_SLOT_ERROR', 'TGT_SLOT_ERROR')
Ignoring data for ('POS_ERROR', 'SLOT_ERROR')...
('SRC_POS_ERROR', 'SRC_SLOT_ERROR')
Ignoring data for ('POS_ERROR', 'SLOT_ERROR')...
('TGT_POS_ERROR', 'TGT_SLOT_ERROR')
Ignoring data for ('POS_ERROR', 'SLOT_ERROR')...
('SRC_POS_ERROR', 'TGT_POS_ERROR')
('POS_PAIR_ERROR', 'SRC_POS_ERROR', 'SRC_SLOT_ERROR', 'TGT_SLOT_ERROR')
('POS_PAIR_ERROR', 'TGT_POS_ERROR', 'SRC_SLOT_ERROR', 'TGT_SLOT_ERROR')

 Existing samples distribution:
('C',) --- 7194 (56.89%)
('TGT_SLOT_ERROR',) --- 1390 (10.99%)
('POS_PAIR_ERROR',) --- 322 (2.55%)
('PARADIGM_ERROR', 'SRC_SLOT_ERROR') --- 64 (0.51%)
('PARADIGM_ERROR', 'SRC_SLOT_ERROR', 'TGT_SLOT_ERROR') --- 50 (0.4%)
('PARADIGM_ERROR', 'TGT_SLOT_ERROR') --- 64 (0.51%)
('SRC_SLOT_ERROR', 'TGT_SLOT_ERROR') --- 2462 (19.47%)
('POS_PAIR_ERROR', 'SRC_SLOT_ERROR') --- 65 (0.51%)
('POS_PAIR_ERROR', 'TGT_SLOT_ERROR') --- 65 (0.51%)
('PARADIGM_ERROR',) --- 674 (5.33%)
('POS_PAIR_ERROR', 'SRC_SLOT_ERROR', 'TGT_SLOT_ERROR') --- 66 (0.52%)
('POS_PAIR_ERROR', 'SRC_POS_ERROR', 'TGT_SLOT_ERROR') --- 11 (0.09%)
('POS_PAIR_ERROR', 'TGT_POS_ERROR', 'SRC_SLOT_ERROR') --- 11 (0.09%)
('POS_PAIR_ERROR', 'SRC_POS_ERROR') --- 18 (0.14%)
('POS_PAIR_ERROR', 'TGT_POS_ERROR') --- 18 (0.14%)
('TGT_LEXICAL_ERROR',) --- 14 (0.11%)
('SRC_LEXICAL_ERROR',) --- 99 (0.78%)
('TGT_LEXICAL_ERROR', 'SRC_SLOT_ERROR') --- 4 (0.03%)
('SRC_LEXICAL_ERROR', 'TGT_SLOT_ERROR') --- 4 (0.03%)
('SRC_LEXICAL_ERROR', 'TGT_LEXICAL_ERROR') --- 18 (0.14%)
('SRC_POS_ERROR', 'TGT_POS_ERROR') --- 6 (0.05%)
('POS_PAIR_ERROR', 'SRC_POS_ERROR', 'SRC_SLOT_ERROR', 'TGT_SLOT_ERROR') --- 13 (0.1%)
('POS_PAIR_ERROR', 'TGT_POS_ERROR', 'SRC_SLOT_ERROR', 'TGT_SLOT_ERROR') --- 13 (0.1%)
Summarizing sampled data...
12645 total samples

Found 2142 (16.94%) samples with an MSD that does not actually occur in UniMorph
Invalid tags:
{'V;IMP;1;PL', 'ADJ;ACC;MASC;SG', 'PRN;DAT;SG', 'DET;PL', 'DET;ACC;PL', 'NUM;GEN;PL', 'V;2;PL', 'PRN;ACC;3;SG', 'NUM;NOM;PL', 'PRN;NOM;2;SG', 'PRN;INS;3;SG', 'PRN;DAT;3;SG', 'ADJ;ACC;PL', 'V.CVB', 'PRN;NOM;3;SG'}

Output dataset full fine-grained annotation distribution:
C -- 7194 (56.89%)
SRC_SLOT_ERROR;TGT_SLOT_ERROR -- 2462 (19.47%)
TGT_SLOT_ERROR -- 1390 (10.99%)
PARADIGM_ERROR -- 674 (5.33%)
POS_PAIR_ERROR -- 322 (2.55%)
SRC_LEXICAL_ERROR -- 99 (0.78%)
POS_PAIR_ERROR;SRC_SLOT_ERROR;TGT_SLOT_ERROR -- 66 (0.52%)
POS_PAIR_ERROR;SRC_SLOT_ERROR -- 65 (0.51%)
POS_PAIR_ERROR;TGT_SLOT_ERROR -- 65 (0.51%)
PARADIGM_ERROR;SRC_SLOT_ERROR -- 64 (0.51%)
PARADIGM_ERROR;TGT_SLOT_ERROR -- 64 (0.51%)
PARADIGM_ERROR;SRC_SLOT_ERROR;TGT_SLOT_ERROR -- 50 (0.4%)
POS_PAIR_ERROR;SRC_POS_ERROR -- 18 (0.14%)
POS_PAIR_ERROR;TGT_POS_ERROR -- 18 (0.14%)
SRC_LEXICAL_ERROR;TGT_LEXICAL_ERROR -- 18 (0.14%)
TGT_LEXICAL_ERROR -- 14 (0.11%)
POS_PAIR_ERROR;SRC_POS_ERROR;SRC_SLOT_ERROR;TGT_SLOT_ERROR -- 13 (0.1%)
POS_PAIR_ERROR;TGT_POS_ERROR;SRC_SLOT_ERROR;TGT_SLOT_ERROR -- 13 (0.1%)
POS_PAIR_ERROR;SRC_POS_ERROR;TGT_SLOT_ERROR -- 11 (0.09%)
POS_PAIR_ERROR;TGT_POS_ERROR;SRC_SLOT_ERROR -- 11 (0.09%)
SRC_POS_ERROR;TGT_POS_ERROR -- 6 (0.05%)
TGT_LEXICAL_ERROR;SRC_SLOT_ERROR -- 4 (0.03%)
SRC_LEXICAL_ERROR;TGT_SLOT_ERROR -- 4 (0.03%)

Output dataset percents of each coarse grained tag
C -- 7194 (56.89%)
SLOT_ERROR -- 3852 (30.46%)
PARADIGM_ERROR -- 674 (5.33%)
POS_PAIR_ERROR -- 322 (2.55%)
POS_PAIR_ERROR;SLOT_ERROR -- 196 (1.55%)
PARADIGM_ERROR;SLOT_ERROR -- 178 (1.41%)
LEXICAL_ERROR -- 131 (1.04%)
POS_ERROR;POS_PAIR_ERROR;SLOT_ERROR -- 48 (0.38%)
POS_ERROR;POS_PAIR_ERROR -- 36 (0.28%)
LEXICAL_ERROR;SLOT_ERROR -- 8 (0.06%)
POS_ERROR -- 6 (0.05%)

Distribution of parts of speech in sampled data:
V.CVB -- 1426 (5.64%)
V -- 9780 (38.67%)
V.PTCP -- 354 (1.4%)
ADJ -- 6497 (25.69%)
N -- 7155 (28.29%)
PRN -- 59 (0.23%)
DET -- 15 (0.06%)
NUM -- 4 (0.02%)
Writing 12645 total samples to data/sampled/leave-one-out/POS_ERROR;SLOT_ERROR/rus_sampled.tsv
