Loaded 24958 annotations
Filtering UNK/ERR annotations
Removed 21083, (84.47%) samples (due to Apertium analysis errors, unknown analyses, or invalid MSDs)
Found 185 lexical errors
Removing ('POS_ERROR;SLOT_ERROR',) from the dataset
('C',)
('SRC_LEXICAL_ERROR',)
('PARADIGM_ERROR',)
('PARADIGM_ERROR', 'TGT_SLOT_ERROR')
('TGT_SLOT_ERROR',)
('PARADIGM_ERROR', 'SRC_SLOT_ERROR')
('SRC_SLOT_ERROR', 'TGT_SLOT_ERROR')
('PARADIGM_ERROR', 'SRC_SLOT_ERROR', 'TGT_SLOT_ERROR')
('POS_PAIR_ERROR',)
('SRC_POS_ERROR', 'TGT_POS_ERROR', 'SRC_SLOT_ERROR', 'TGT_SLOT_ERROR')
Ignoring data for ('POS_ERROR', 'SLOT_ERROR')...
('SRC_POS_ERROR', 'TGT_POS_ERROR')
('SRC_POS_ERROR', 'TGT_POS_ERROR', 'SRC_SLOT_ERROR')
Ignoring data for ('POS_ERROR', 'SLOT_ERROR')...
('SRC_POS_ERROR', 'TGT_POS_ERROR', 'TGT_SLOT_ERROR')
Ignoring data for ('POS_ERROR', 'SLOT_ERROR')...
('POS_PAIR_ERROR', 'SRC_SLOT_ERROR')
('TGT_LEXICAL_ERROR', 'SRC_SLOT_ERROR')
('TGT_LEXICAL_ERROR',)
('POS_PAIR_ERROR', 'TGT_SLOT_ERROR')
('SRC_LEXICAL_ERROR', 'TGT_SLOT_ERROR')
('POS_PAIR_ERROR', 'SRC_POS_ERROR', 'SRC_SLOT_ERROR', 'TGT_SLOT_ERROR')
('POS_PAIR_ERROR', 'TGT_POS_ERROR', 'SRC_SLOT_ERROR', 'TGT_SLOT_ERROR')
('SRC_LEXICAL_ERROR', 'TGT_LEXICAL_ERROR')
('POS_PAIR_ERROR', 'TGT_POS_ERROR', 'SRC_SLOT_ERROR')
('POS_PAIR_ERROR', 'SRC_POS_ERROR', 'TGT_SLOT_ERROR')
('POS_PAIR_ERROR', 'SRC_POS_ERROR', 'TGT_POS_ERROR', 'TGT_SLOT_ERROR')
('POS_PAIR_ERROR', 'SRC_POS_ERROR', 'TGT_POS_ERROR', 'SRC_SLOT_ERROR')
('POS_PAIR_ERROR', 'SRC_SLOT_ERROR', 'TGT_SLOT_ERROR')
('TGT_POS_ERROR',)
('SRC_POS_ERROR',)
('SRC_POS_ERROR', 'TGT_SLOT_ERROR')
Ignoring data for ('POS_ERROR', 'SLOT_ERROR')...
('TGT_POS_ERROR', 'SRC_SLOT_ERROR')
Ignoring data for ('POS_ERROR', 'SLOT_ERROR')...
('POS_PAIR_ERROR', 'TGT_POS_ERROR', 'TGT_SLOT_ERROR')
('POS_PAIR_ERROR', 'SRC_POS_ERROR', 'SRC_SLOT_ERROR')
('SRC_POS_ERROR', 'SRC_SLOT_ERROR', 'TGT_SLOT_ERROR')
Ignoring data for ('POS_ERROR', 'SLOT_ERROR')...
('TGT_POS_ERROR', 'SRC_SLOT_ERROR', 'TGT_SLOT_ERROR')
Ignoring data for ('POS_ERROR', 'SLOT_ERROR')...
('POS_PAIR_ERROR', 'TGT_POS_ERROR')
('POS_PAIR_ERROR', 'SRC_POS_ERROR')
('SRC_POS_ERROR', 'SRC_SLOT_ERROR')
Ignoring data for ('POS_ERROR', 'SLOT_ERROR')...
('TGT_POS_ERROR', 'TGT_SLOT_ERROR')
Ignoring data for ('POS_ERROR', 'SLOT_ERROR')...
('POS_PAIR_ERROR', 'SRC_POS_ERROR', 'TGT_POS_ERROR')

 Existing samples distribution:
('C',) --- 1797 (55.28%)
('SRC_LEXICAL_ERROR',) --- 131 (4.03%)
('PARADIGM_ERROR',) --- 34 (1.05%)
('PARADIGM_ERROR', 'TGT_SLOT_ERROR') --- 29 (0.89%)
('TGT_SLOT_ERROR',) --- 330 (10.15%)
('PARADIGM_ERROR', 'SRC_SLOT_ERROR') --- 29 (0.89%)
('SRC_SLOT_ERROR', 'TGT_SLOT_ERROR') --- 402 (12.37%)
('PARADIGM_ERROR', 'SRC_SLOT_ERROR', 'TGT_SLOT_ERROR') --- 8 (0.25%)
('POS_PAIR_ERROR',) --- 283 (8.71%)
('SRC_POS_ERROR', 'TGT_POS_ERROR') --- 42 (1.29%)
('POS_PAIR_ERROR', 'SRC_SLOT_ERROR') --- 13 (0.4%)
('TGT_LEXICAL_ERROR', 'SRC_SLOT_ERROR') --- 5 (0.15%)
('TGT_LEXICAL_ERROR',) --- 4 (0.12%)
('POS_PAIR_ERROR', 'TGT_SLOT_ERROR') --- 13 (0.4%)
('SRC_LEXICAL_ERROR', 'TGT_SLOT_ERROR') --- 5 (0.15%)
('POS_PAIR_ERROR', 'SRC_POS_ERROR', 'SRC_SLOT_ERROR', 'TGT_SLOT_ERROR') --- 9 (0.28%)
('POS_PAIR_ERROR', 'TGT_POS_ERROR', 'SRC_SLOT_ERROR', 'TGT_SLOT_ERROR') --- 9 (0.28%)
('SRC_LEXICAL_ERROR', 'TGT_LEXICAL_ERROR') --- 40 (1.23%)
('POS_PAIR_ERROR', 'TGT_POS_ERROR', 'SRC_SLOT_ERROR') --- 5 (0.15%)
('POS_PAIR_ERROR', 'SRC_POS_ERROR', 'TGT_SLOT_ERROR') --- 5 (0.15%)
('POS_PAIR_ERROR', 'SRC_POS_ERROR', 'TGT_POS_ERROR', 'TGT_SLOT_ERROR') --- 8 (0.25%)
('POS_PAIR_ERROR', 'SRC_POS_ERROR', 'TGT_POS_ERROR', 'SRC_SLOT_ERROR') --- 8 (0.25%)
('POS_PAIR_ERROR', 'SRC_SLOT_ERROR', 'TGT_SLOT_ERROR') --- 14 (0.43%)
('TGT_POS_ERROR',) --- 4 (0.12%)
('SRC_POS_ERROR',) --- 4 (0.12%)
('POS_PAIR_ERROR', 'TGT_POS_ERROR', 'TGT_SLOT_ERROR') --- 6 (0.18%)
('POS_PAIR_ERROR', 'SRC_POS_ERROR', 'SRC_SLOT_ERROR') --- 6 (0.18%)
('POS_PAIR_ERROR', 'TGT_POS_ERROR') --- 3 (0.09%)
('POS_PAIR_ERROR', 'SRC_POS_ERROR') --- 3 (0.09%)
('POS_PAIR_ERROR', 'SRC_POS_ERROR', 'TGT_POS_ERROR') --- 2 (0.06%)
Summarizing sampled data...
3251 total samples

Found 816 (25.1%) samples with an MSD that does not actually occur in UniMorph
Invalid tags:
{'ADJ;NOM;SG', 'PRN;INDF;ACC;SG', 'V.PTCP;PST;NOM;SG', 'V.PTCP;PST;GEN;SG', 'ADJ;NOM;PL', 'V.PTCP;PST;ACC;PL', 'PRN;INDF;ACC;PL', 'V.PTCP;PST;DAT;PL', 'PRN;INDF;GEN;SG', 'V.PTCP;PST;ACC;SG', 'ADJ;ACC;SG', 'ADJ;ACC;PL'}

Output dataset full fine-grained annotation distribution:
C -- 1797 (55.28%)
SRC_SLOT_ERROR;TGT_SLOT_ERROR -- 402 (12.37%)
TGT_SLOT_ERROR -- 330 (10.15%)
POS_PAIR_ERROR -- 283 (8.71%)
SRC_LEXICAL_ERROR -- 131 (4.03%)
SRC_POS_ERROR;TGT_POS_ERROR -- 42 (1.29%)
SRC_LEXICAL_ERROR;TGT_LEXICAL_ERROR -- 40 (1.23%)
PARADIGM_ERROR -- 34 (1.05%)
PARADIGM_ERROR;TGT_SLOT_ERROR -- 29 (0.89%)
PARADIGM_ERROR;SRC_SLOT_ERROR -- 29 (0.89%)
POS_PAIR_ERROR;SRC_SLOT_ERROR;TGT_SLOT_ERROR -- 14 (0.43%)
POS_PAIR_ERROR;SRC_SLOT_ERROR -- 13 (0.4%)
POS_PAIR_ERROR;TGT_SLOT_ERROR -- 13 (0.4%)
POS_PAIR_ERROR;SRC_POS_ERROR;SRC_SLOT_ERROR;TGT_SLOT_ERROR -- 9 (0.28%)
POS_PAIR_ERROR;TGT_POS_ERROR;SRC_SLOT_ERROR;TGT_SLOT_ERROR -- 9 (0.28%)
PARADIGM_ERROR;SRC_SLOT_ERROR;TGT_SLOT_ERROR -- 8 (0.25%)
POS_PAIR_ERROR;SRC_POS_ERROR;TGT_POS_ERROR;TGT_SLOT_ERROR -- 8 (0.25%)
POS_PAIR_ERROR;SRC_POS_ERROR;TGT_POS_ERROR;SRC_SLOT_ERROR -- 8 (0.25%)
POS_PAIR_ERROR;TGT_POS_ERROR;TGT_SLOT_ERROR -- 6 (0.18%)
POS_PAIR_ERROR;SRC_POS_ERROR;SRC_SLOT_ERROR -- 6 (0.18%)
TGT_LEXICAL_ERROR;SRC_SLOT_ERROR -- 5 (0.15%)
SRC_LEXICAL_ERROR;TGT_SLOT_ERROR -- 5 (0.15%)
POS_PAIR_ERROR;TGT_POS_ERROR;SRC_SLOT_ERROR -- 5 (0.15%)
POS_PAIR_ERROR;SRC_POS_ERROR;TGT_SLOT_ERROR -- 5 (0.15%)
TGT_LEXICAL_ERROR -- 4 (0.12%)
TGT_POS_ERROR -- 4 (0.12%)
SRC_POS_ERROR -- 4 (0.12%)
POS_PAIR_ERROR;TGT_POS_ERROR -- 3 (0.09%)
POS_PAIR_ERROR;SRC_POS_ERROR -- 3 (0.09%)
POS_PAIR_ERROR;SRC_POS_ERROR;TGT_POS_ERROR -- 2 (0.06%)

Output dataset percents of each coarse grained tag
C -- 1797 (55.28%)
SLOT_ERROR -- 732 (22.52%)
POS_PAIR_ERROR -- 283 (8.71%)
LEXICAL_ERROR -- 175 (5.38%)
PARADIGM_ERROR;SLOT_ERROR -- 66 (2.03%)
POS_ERROR;POS_PAIR_ERROR;SLOT_ERROR -- 56 (1.72%)
POS_ERROR -- 50 (1.54%)
POS_PAIR_ERROR;SLOT_ERROR -- 40 (1.23%)
PARADIGM_ERROR -- 34 (1.05%)
LEXICAL_ERROR;SLOT_ERROR -- 10 (0.31%)
POS_ERROR;POS_PAIR_ERROR -- 8 (0.25%)

Distribution of parts of speech in sampled data:
V -- 3232 (49.71%)
V.PTCP -- 743 (11.43%)
N -- 2333 (35.88%)
V.CVB -- 75 (1.15%)
ADJ -- 79 (1.22%)
PRN -- 40 (0.62%)
Writing 3251 total samples to data/sampled/leave-one-out/POS_ERROR;SLOT_ERROR/isl_sampled.tsv
