Loaded 45096 annotations
Filtering UNK/ERR annotations
Removed 40392, (89.57%) samples (due to Apertium analysis errors, unknown analyses, or invalid MSDs)
Found 688 lexical errors
Removing ('POS_ERROR;SLOT_ERROR',) from the dataset
('SRC_SLOT_ERROR', 'TGT_SLOT_ERROR')
('TGT_SLOT_ERROR',)
('C',)
('PARADIGM_ERROR', 'SRC_SLOT_ERROR', 'TGT_SLOT_ERROR')
('PARADIGM_ERROR', 'TGT_SLOT_ERROR')
('PARADIGM_ERROR', 'SRC_SLOT_ERROR')
('SRC_POS_ERROR', 'TGT_POS_ERROR', 'SRC_SLOT_ERROR', 'TGT_SLOT_ERROR')
Ignoring data for ('POS_ERROR', 'SLOT_ERROR')...
('POS_PAIR_ERROR',)
('POS_PAIR_ERROR', 'TGT_SLOT_ERROR')
('POS_PAIR_ERROR', 'SRC_SLOT_ERROR')
('POS_PAIR_ERROR', 'SRC_POS_ERROR', 'TGT_POS_ERROR', 'SRC_SLOT_ERROR', 'TGT_SLOT_ERROR')
('TGT_LEXICAL_ERROR', 'SRC_SLOT_ERROR')
('TGT_LEXICAL_ERROR',)
('SRC_LEXICAL_ERROR', 'TGT_SLOT_ERROR')
('SRC_LEXICAL_ERROR',)
('POS_PAIR_ERROR', 'SRC_SLOT_ERROR', 'TGT_SLOT_ERROR')
('SRC_LEXICAL_ERROR', 'TGT_LEXICAL_ERROR')
('POS_PAIR_ERROR', 'TGT_POS_ERROR', 'SRC_SLOT_ERROR', 'TGT_SLOT_ERROR')
('POS_PAIR_ERROR', 'SRC_POS_ERROR', 'SRC_SLOT_ERROR', 'TGT_SLOT_ERROR')
('PARADIGM_ERROR',)
('TGT_POS_ERROR', 'SRC_SLOT_ERROR', 'TGT_SLOT_ERROR')
Ignoring data for ('POS_ERROR', 'SLOT_ERROR')...
('SRC_POS_ERROR', 'SRC_SLOT_ERROR', 'TGT_SLOT_ERROR')
Ignoring data for ('POS_ERROR', 'SLOT_ERROR')...
('POS_PAIR_ERROR', 'TGT_POS_ERROR', 'TGT_SLOT_ERROR')
('POS_PAIR_ERROR', 'SRC_POS_ERROR', 'SRC_SLOT_ERROR')
('SRC_POS_ERROR', 'TGT_POS_ERROR', 'SRC_SLOT_ERROR')
Ignoring data for ('POS_ERROR', 'SLOT_ERROR')...
('SRC_POS_ERROR', 'TGT_POS_ERROR', 'TGT_SLOT_ERROR')
Ignoring data for ('POS_ERROR', 'SLOT_ERROR')...
('TGT_POS_ERROR', 'TGT_SLOT_ERROR')
Ignoring data for ('POS_ERROR', 'SLOT_ERROR')...
('SRC_POS_ERROR', 'SRC_SLOT_ERROR')
Ignoring data for ('POS_ERROR', 'SLOT_ERROR')...
('POS_PAIR_ERROR', 'SRC_POS_ERROR', 'TGT_POS_ERROR', 'SRC_SLOT_ERROR')
('POS_PAIR_ERROR', 'SRC_POS_ERROR', 'TGT_POS_ERROR', 'TGT_SLOT_ERROR')
('POS_PAIR_ERROR', 'TGT_POS_ERROR', 'SRC_SLOT_ERROR')
('POS_PAIR_ERROR', 'SRC_POS_ERROR', 'TGT_SLOT_ERROR')

 Existing samples distribution:
('SRC_SLOT_ERROR', 'TGT_SLOT_ERROR') --- 208 (4.92%)
('TGT_SLOT_ERROR',) --- 363 (8.59%)
('C',) --- 1689 (39.95%)
('PARADIGM_ERROR', 'SRC_SLOT_ERROR', 'TGT_SLOT_ERROR') --- 58 (1.37%)
('PARADIGM_ERROR', 'TGT_SLOT_ERROR') --- 99 (2.34%)
('PARADIGM_ERROR', 'SRC_SLOT_ERROR') --- 99 (2.34%)
('POS_PAIR_ERROR',) --- 494 (11.68%)
('POS_PAIR_ERROR', 'TGT_SLOT_ERROR') --- 151 (3.57%)
('POS_PAIR_ERROR', 'SRC_SLOT_ERROR') --- 151 (3.57%)
('POS_PAIR_ERROR', 'SRC_POS_ERROR', 'TGT_POS_ERROR', 'SRC_SLOT_ERROR', 'TGT_SLOT_ERROR') --- 4 (0.09%)
('TGT_LEXICAL_ERROR', 'SRC_SLOT_ERROR') --- 66 (1.56%)
('TGT_LEXICAL_ERROR',) --- 225 (5.32%)
('SRC_LEXICAL_ERROR', 'TGT_SLOT_ERROR') --- 66 (1.56%)
('SRC_LEXICAL_ERROR',) --- 291 (6.88%)
('POS_PAIR_ERROR', 'SRC_SLOT_ERROR', 'TGT_SLOT_ERROR') --- 120 (2.84%)
('SRC_LEXICAL_ERROR', 'TGT_LEXICAL_ERROR') --- 40 (0.95%)
('POS_PAIR_ERROR', 'TGT_POS_ERROR', 'SRC_SLOT_ERROR', 'TGT_SLOT_ERROR') --- 7 (0.17%)
('POS_PAIR_ERROR', 'SRC_POS_ERROR', 'SRC_SLOT_ERROR', 'TGT_SLOT_ERROR') --- 7 (0.17%)
('PARADIGM_ERROR',) --- 76 (1.8%)
('POS_PAIR_ERROR', 'TGT_POS_ERROR', 'TGT_SLOT_ERROR') --- 4 (0.09%)
('POS_PAIR_ERROR', 'SRC_POS_ERROR', 'SRC_SLOT_ERROR') --- 4 (0.09%)
('POS_PAIR_ERROR', 'SRC_POS_ERROR', 'TGT_POS_ERROR', 'SRC_SLOT_ERROR') --- 2 (0.05%)
('POS_PAIR_ERROR', 'SRC_POS_ERROR', 'TGT_POS_ERROR', 'TGT_SLOT_ERROR') --- 2 (0.05%)
('POS_PAIR_ERROR', 'TGT_POS_ERROR', 'SRC_SLOT_ERROR') --- 1 (0.02%)
('POS_PAIR_ERROR', 'SRC_POS_ERROR', 'TGT_SLOT_ERROR') --- 1 (0.02%)
Summarizing sampled data...
4228 total samples

Found 1497 (35.41%) samples with an MSD that does not actually occur in UniMorph
Invalid tags:
{'PROPN;MASC', 'N;DEF;SG', 'ADJ;PRS', 'PRN;DEF;ACC;PL', 'PRN;INDF;GEN;PL', 'V.CVB;COMPV', 'N;INDF;NOM;SG;COMPOUND', 'N;INDF;PL', 'V;ACT;NFIN;COMPOUND', 'ADJ;INDF;NOM;PL', 'ADJ;PRS;GEN', 'V.CVB', 'PRN', 'PRN;NOM;NEUT;SG', 'ADJ;DEF;PL', 'PRN;SG', 'DET;SG', 'ADJ;INDF;GEN;PL', 'N;DEF;PL'}

Output dataset full fine-grained annotation distribution:
C -- 1689 (39.95%)
POS_PAIR_ERROR -- 494 (11.68%)
TGT_SLOT_ERROR -- 363 (8.59%)
SRC_LEXICAL_ERROR -- 291 (6.88%)
TGT_LEXICAL_ERROR -- 225 (5.32%)
SRC_SLOT_ERROR;TGT_SLOT_ERROR -- 208 (4.92%)
POS_PAIR_ERROR;TGT_SLOT_ERROR -- 151 (3.57%)
POS_PAIR_ERROR;SRC_SLOT_ERROR -- 151 (3.57%)
POS_PAIR_ERROR;SRC_SLOT_ERROR;TGT_SLOT_ERROR -- 120 (2.84%)
PARADIGM_ERROR;TGT_SLOT_ERROR -- 99 (2.34%)
PARADIGM_ERROR;SRC_SLOT_ERROR -- 99 (2.34%)
PARADIGM_ERROR -- 76 (1.8%)
TGT_LEXICAL_ERROR;SRC_SLOT_ERROR -- 66 (1.56%)
SRC_LEXICAL_ERROR;TGT_SLOT_ERROR -- 66 (1.56%)
PARADIGM_ERROR;SRC_SLOT_ERROR;TGT_SLOT_ERROR -- 58 (1.37%)
SRC_LEXICAL_ERROR;TGT_LEXICAL_ERROR -- 40 (0.95%)
POS_PAIR_ERROR;TGT_POS_ERROR;SRC_SLOT_ERROR;TGT_SLOT_ERROR -- 7 (0.17%)
POS_PAIR_ERROR;SRC_POS_ERROR;SRC_SLOT_ERROR;TGT_SLOT_ERROR -- 7 (0.17%)
POS_PAIR_ERROR;SRC_POS_ERROR;TGT_POS_ERROR;SRC_SLOT_ERROR;TGT_SLOT_ERROR -- 4 (0.09%)
POS_PAIR_ERROR;TGT_POS_ERROR;TGT_SLOT_ERROR -- 4 (0.09%)
POS_PAIR_ERROR;SRC_POS_ERROR;SRC_SLOT_ERROR -- 4 (0.09%)
POS_PAIR_ERROR;SRC_POS_ERROR;TGT_POS_ERROR;SRC_SLOT_ERROR -- 2 (0.05%)
POS_PAIR_ERROR;SRC_POS_ERROR;TGT_POS_ERROR;TGT_SLOT_ERROR -- 2 (0.05%)
POS_PAIR_ERROR;TGT_POS_ERROR;SRC_SLOT_ERROR -- 1 (0.02%)
POS_PAIR_ERROR;SRC_POS_ERROR;TGT_SLOT_ERROR -- 1 (0.02%)

Output dataset percents of each coarse grained tag
C -- 1689 (39.95%)
SLOT_ERROR -- 571 (13.51%)
LEXICAL_ERROR -- 556 (13.15%)
POS_PAIR_ERROR -- 494 (11.68%)
POS_PAIR_ERROR;SLOT_ERROR -- 422 (9.98%)
PARADIGM_ERROR;SLOT_ERROR -- 256 (6.05%)
LEXICAL_ERROR;SLOT_ERROR -- 132 (3.12%)
PARADIGM_ERROR -- 76 (1.8%)
POS_ERROR;POS_PAIR_ERROR;SLOT_ERROR -- 32 (0.76%)

Distribution of parts of speech in sampled data:
V.PTCP -- 836 (9.89%)
V -- 3456 (40.87%)
ADJ -- 2161 (25.56%)
N -- 1672 (19.77%)
V.CVB -- 273 (3.23%)
DET -- 20 (0.24%)
PRN -- 28 (0.33%)
PROPN -- 10 (0.12%)
Writing 4228 total samples to data/sampled/leave-one-out/POS_ERROR;SLOT_ERROR/swe_sampled.tsv
