Loaded 29284 annotations
Filtering UNK/ERR annotations
Removed 23564, (80.47%) samples (due to Apertium analysis errors, unknown analyses, or invalid MSDs)
Found 98 lexical errors
Removing ('POS_ERROR;POS_PAIR_ERROR;SLOT_ERROR',) from the dataset
('C',)
('TGT_SLOT_ERROR',)
('PARADIGM_ERROR', 'TGT_SLOT_ERROR')
('PARADIGM_ERROR', 'SRC_SLOT_ERROR')
('TGT_POS_ERROR', 'SRC_SLOT_ERROR', 'TGT_SLOT_ERROR')
('SRC_SLOT_ERROR', 'TGT_SLOT_ERROR')
('SRC_POS_ERROR', 'SRC_SLOT_ERROR', 'TGT_SLOT_ERROR')
('SRC_POS_ERROR', 'TGT_POS_ERROR', 'SRC_SLOT_ERROR', 'TGT_SLOT_ERROR')
('POS_PAIR_ERROR', 'SRC_POS_ERROR', 'SRC_SLOT_ERROR', 'TGT_SLOT_ERROR')
Ignoring data for ('POS_ERROR', 'POS_PAIR_ERROR', 'SLOT_ERROR')...
('PARADIGM_ERROR', 'SRC_SLOT_ERROR', 'TGT_SLOT_ERROR')
('POS_PAIR_ERROR', 'TGT_POS_ERROR', 'SRC_SLOT_ERROR', 'TGT_SLOT_ERROR')
Ignoring data for ('POS_ERROR', 'POS_PAIR_ERROR', 'SLOT_ERROR')...
('POS_PAIR_ERROR',)
('POS_PAIR_ERROR', 'SRC_SLOT_ERROR', 'TGT_SLOT_ERROR')
('POS_PAIR_ERROR', 'TGT_SLOT_ERROR')
('POS_PAIR_ERROR', 'SRC_SLOT_ERROR')
('POS_PAIR_ERROR', 'SRC_POS_ERROR', 'TGT_SLOT_ERROR')
Ignoring data for ('POS_ERROR', 'POS_PAIR_ERROR', 'SLOT_ERROR')...
('POS_PAIR_ERROR', 'SRC_POS_ERROR', 'TGT_POS_ERROR')
('POS_PAIR_ERROR', 'TGT_POS_ERROR', 'SRC_SLOT_ERROR')
Ignoring data for ('POS_ERROR', 'POS_PAIR_ERROR', 'SLOT_ERROR')...
('POS_PAIR_ERROR', 'SRC_POS_ERROR', 'TGT_POS_ERROR', 'TGT_SLOT_ERROR')
Ignoring data for ('POS_ERROR', 'POS_PAIR_ERROR', 'SLOT_ERROR')...
('POS_PAIR_ERROR', 'SRC_POS_ERROR', 'TGT_POS_ERROR', 'SRC_SLOT_ERROR')
Ignoring data for ('POS_ERROR', 'POS_PAIR_ERROR', 'SLOT_ERROR')...
('PARADIGM_ERROR',)
('SRC_LEXICAL_ERROR',)
('POS_PAIR_ERROR', 'SRC_POS_ERROR', 'SRC_SLOT_ERROR')
Ignoring data for ('POS_ERROR', 'POS_PAIR_ERROR', 'SLOT_ERROR')...
('POS_PAIR_ERROR', 'TGT_POS_ERROR', 'TGT_SLOT_ERROR')
Ignoring data for ('POS_ERROR', 'POS_PAIR_ERROR', 'SLOT_ERROR')...
('SRC_LEXICAL_ERROR', 'TGT_LEXICAL_ERROR')
('POS_PAIR_ERROR', 'TGT_POS_ERROR')
('POS_PAIR_ERROR', 'SRC_POS_ERROR')
('TGT_POS_ERROR', 'TGT_SLOT_ERROR')
('SRC_POS_ERROR', 'SRC_SLOT_ERROR')
('TGT_LEXICAL_ERROR', 'SRC_SLOT_ERROR')
('SRC_LEXICAL_ERROR', 'TGT_SLOT_ERROR')
('TGT_LEXICAL_ERROR',)
('TGT_POS_ERROR',)
('SRC_POS_ERROR',)
('POS_PAIR_ERROR', 'SRC_POS_ERROR', 'TGT_POS_ERROR', 'SRC_SLOT_ERROR', 'TGT_SLOT_ERROR')
Ignoring data for ('POS_ERROR', 'POS_PAIR_ERROR', 'SLOT_ERROR')...
('SRC_POS_ERROR', 'TGT_POS_ERROR')
('SRC_POS_ERROR', 'TGT_POS_ERROR', 'TGT_SLOT_ERROR')
('SRC_POS_ERROR', 'TGT_POS_ERROR', 'SRC_SLOT_ERROR')

 Existing samples distribution:
('C',) --- 3955 (70.75%)
('TGT_SLOT_ERROR',) --- 391 (6.99%)
('PARADIGM_ERROR', 'TGT_SLOT_ERROR') --- 12 (0.21%)
('PARADIGM_ERROR', 'SRC_SLOT_ERROR') --- 12 (0.21%)
('TGT_POS_ERROR', 'SRC_SLOT_ERROR', 'TGT_SLOT_ERROR') --- 21 (0.38%)
('SRC_SLOT_ERROR', 'TGT_SLOT_ERROR') --- 304 (5.44%)
('SRC_POS_ERROR', 'SRC_SLOT_ERROR', 'TGT_SLOT_ERROR') --- 21 (0.38%)
('SRC_POS_ERROR', 'TGT_POS_ERROR', 'SRC_SLOT_ERROR', 'TGT_SLOT_ERROR') --- 298 (5.33%)
('PARADIGM_ERROR', 'SRC_SLOT_ERROR', 'TGT_SLOT_ERROR') --- 16 (0.29%)
('POS_PAIR_ERROR',) --- 374 (6.69%)
('POS_PAIR_ERROR', 'SRC_SLOT_ERROR', 'TGT_SLOT_ERROR') --- 22 (0.39%)
('POS_PAIR_ERROR', 'TGT_SLOT_ERROR') --- 6 (0.11%)
('POS_PAIR_ERROR', 'SRC_SLOT_ERROR') --- 6 (0.11%)
('POS_PAIR_ERROR', 'SRC_POS_ERROR', 'TGT_POS_ERROR') --- 2 (0.04%)
('PARADIGM_ERROR',) --- 4 (0.07%)
('SRC_LEXICAL_ERROR',) --- 73 (1.31%)
('SRC_LEXICAL_ERROR', 'TGT_LEXICAL_ERROR') --- 18 (0.32%)
('POS_PAIR_ERROR', 'TGT_POS_ERROR') --- 7 (0.13%)
('POS_PAIR_ERROR', 'SRC_POS_ERROR') --- 7 (0.13%)
('TGT_POS_ERROR', 'TGT_SLOT_ERROR') --- 12 (0.21%)
('SRC_POS_ERROR', 'SRC_SLOT_ERROR') --- 12 (0.21%)
('TGT_LEXICAL_ERROR', 'SRC_SLOT_ERROR') --- 3 (0.05%)
('SRC_LEXICAL_ERROR', 'TGT_SLOT_ERROR') --- 3 (0.05%)
('TGT_LEXICAL_ERROR',) --- 1 (0.02%)
('TGT_POS_ERROR',) --- 1 (0.02%)
('SRC_POS_ERROR',) --- 1 (0.02%)
('SRC_POS_ERROR', 'TGT_POS_ERROR') --- 4 (0.07%)
('SRC_POS_ERROR', 'TGT_POS_ERROR', 'TGT_SLOT_ERROR') --- 2 (0.04%)
('SRC_POS_ERROR', 'TGT_POS_ERROR', 'SRC_SLOT_ERROR') --- 2 (0.04%)
Summarizing sampled data...
5590 total samples

Found 312 (5.58%) samples with an MSD that does not actually occur in UniMorph
Invalid tags:
{'ADJ;DAT;SG', 'N;SG;COMPOUND', 'ADJ;ACC;PL', 'ADJ;GEN;SG', 'ADJ', 'ADJ;ACC;SG'}

Output dataset full fine-grained annotation distribution:
C -- 3955 (70.75%)
TGT_SLOT_ERROR -- 391 (6.99%)
POS_PAIR_ERROR -- 374 (6.69%)
SRC_SLOT_ERROR;TGT_SLOT_ERROR -- 304 (5.44%)
SRC_POS_ERROR;TGT_POS_ERROR;SRC_SLOT_ERROR;TGT_SLOT_ERROR -- 298 (5.33%)
SRC_LEXICAL_ERROR -- 73 (1.31%)
POS_PAIR_ERROR;SRC_SLOT_ERROR;TGT_SLOT_ERROR -- 22 (0.39%)
TGT_POS_ERROR;SRC_SLOT_ERROR;TGT_SLOT_ERROR -- 21 (0.38%)
SRC_POS_ERROR;SRC_SLOT_ERROR;TGT_SLOT_ERROR -- 21 (0.38%)
SRC_LEXICAL_ERROR;TGT_LEXICAL_ERROR -- 18 (0.32%)
PARADIGM_ERROR;SRC_SLOT_ERROR;TGT_SLOT_ERROR -- 16 (0.29%)
PARADIGM_ERROR;TGT_SLOT_ERROR -- 12 (0.21%)
PARADIGM_ERROR;SRC_SLOT_ERROR -- 12 (0.21%)
TGT_POS_ERROR;TGT_SLOT_ERROR -- 12 (0.21%)
SRC_POS_ERROR;SRC_SLOT_ERROR -- 12 (0.21%)
POS_PAIR_ERROR;TGT_POS_ERROR -- 7 (0.13%)
POS_PAIR_ERROR;SRC_POS_ERROR -- 7 (0.13%)
POS_PAIR_ERROR;TGT_SLOT_ERROR -- 6 (0.11%)
POS_PAIR_ERROR;SRC_SLOT_ERROR -- 6 (0.11%)
PARADIGM_ERROR -- 4 (0.07%)
SRC_POS_ERROR;TGT_POS_ERROR -- 4 (0.07%)
TGT_LEXICAL_ERROR;SRC_SLOT_ERROR -- 3 (0.05%)
SRC_LEXICAL_ERROR;TGT_SLOT_ERROR -- 3 (0.05%)
POS_PAIR_ERROR;SRC_POS_ERROR;TGT_POS_ERROR -- 2 (0.04%)
SRC_POS_ERROR;TGT_POS_ERROR;TGT_SLOT_ERROR -- 2 (0.04%)
SRC_POS_ERROR;TGT_POS_ERROR;SRC_SLOT_ERROR -- 2 (0.04%)
TGT_LEXICAL_ERROR -- 1 (0.02%)
TGT_POS_ERROR -- 1 (0.02%)
SRC_POS_ERROR -- 1 (0.02%)

Output dataset percents of each coarse grained tag
C -- 3955 (70.75%)
SLOT_ERROR -- 695 (12.43%)
POS_PAIR_ERROR -- 374 (6.69%)
POS_ERROR;SLOT_ERROR -- 368 (6.58%)
LEXICAL_ERROR -- 92 (1.65%)
PARADIGM_ERROR;SLOT_ERROR -- 40 (0.72%)
POS_PAIR_ERROR;SLOT_ERROR -- 34 (0.61%)
POS_ERROR;POS_PAIR_ERROR -- 16 (0.29%)
LEXICAL_ERROR;SLOT_ERROR -- 6 (0.11%)
POS_ERROR -- 6 (0.11%)
PARADIGM_ERROR -- 4 (0.07%)

Distribution of parts of speech in sampled data:
V -- 7836 (70.09%)
N -- 2969 (26.56%)
ADJ -- 375 (3.35%)
Writing 5590 total samples to data/sampled/leave-one-out/POS_ERROR;POS_PAIR_ERROR;SLOT_ERROR/deu_sampled.tsv
