Loaded 45096 annotations
Filtering UNK/ERR annotations
Removed 40392, (89.57%) samples (due to Apertium analysis errors, unknown analyses, or invalid MSDs)
Found 688 lexical errors
Removing ('POS_ERROR;POS_PAIR_ERROR;SLOT_ERROR',) from the dataset
('SRC_SLOT_ERROR', 'TGT_SLOT_ERROR')
('TGT_SLOT_ERROR',)
('C',)
('PARADIGM_ERROR', 'SRC_SLOT_ERROR', 'TGT_SLOT_ERROR')
('PARADIGM_ERROR', 'TGT_SLOT_ERROR')
('PARADIGM_ERROR', 'SRC_SLOT_ERROR')
('SRC_POS_ERROR', 'TGT_POS_ERROR', 'SRC_SLOT_ERROR', 'TGT_SLOT_ERROR')
('POS_PAIR_ERROR',)
('POS_PAIR_ERROR', 'TGT_SLOT_ERROR')
('POS_PAIR_ERROR', 'SRC_SLOT_ERROR')
('POS_PAIR_ERROR', 'SRC_POS_ERROR', 'TGT_POS_ERROR', 'SRC_SLOT_ERROR', 'TGT_SLOT_ERROR')
Ignoring data for ('POS_ERROR', 'POS_PAIR_ERROR', 'SLOT_ERROR')...
('TGT_LEXICAL_ERROR', 'SRC_SLOT_ERROR')
('TGT_LEXICAL_ERROR',)
('SRC_LEXICAL_ERROR', 'TGT_SLOT_ERROR')
('SRC_LEXICAL_ERROR',)
('POS_PAIR_ERROR', 'SRC_SLOT_ERROR', 'TGT_SLOT_ERROR')
('SRC_LEXICAL_ERROR', 'TGT_LEXICAL_ERROR')
('POS_PAIR_ERROR', 'TGT_POS_ERROR', 'SRC_SLOT_ERROR', 'TGT_SLOT_ERROR')
Ignoring data for ('POS_ERROR', 'POS_PAIR_ERROR', 'SLOT_ERROR')...
('POS_PAIR_ERROR', 'SRC_POS_ERROR', 'SRC_SLOT_ERROR', 'TGT_SLOT_ERROR')
Ignoring data for ('POS_ERROR', 'POS_PAIR_ERROR', 'SLOT_ERROR')...
('PARADIGM_ERROR',)
('TGT_POS_ERROR', 'SRC_SLOT_ERROR', 'TGT_SLOT_ERROR')
('SRC_POS_ERROR', 'SRC_SLOT_ERROR', 'TGT_SLOT_ERROR')
('POS_PAIR_ERROR', 'TGT_POS_ERROR', 'TGT_SLOT_ERROR')
Ignoring data for ('POS_ERROR', 'POS_PAIR_ERROR', 'SLOT_ERROR')...
('POS_PAIR_ERROR', 'SRC_POS_ERROR', 'SRC_SLOT_ERROR')
Ignoring data for ('POS_ERROR', 'POS_PAIR_ERROR', 'SLOT_ERROR')...
('SRC_POS_ERROR', 'TGT_POS_ERROR', 'SRC_SLOT_ERROR')
('SRC_POS_ERROR', 'TGT_POS_ERROR', 'TGT_SLOT_ERROR')
('TGT_POS_ERROR', 'TGT_SLOT_ERROR')
('SRC_POS_ERROR', 'SRC_SLOT_ERROR')
('POS_PAIR_ERROR', 'SRC_POS_ERROR', 'TGT_POS_ERROR', 'SRC_SLOT_ERROR')
Ignoring data for ('POS_ERROR', 'POS_PAIR_ERROR', 'SLOT_ERROR')...
('POS_PAIR_ERROR', 'SRC_POS_ERROR', 'TGT_POS_ERROR', 'TGT_SLOT_ERROR')
Ignoring data for ('POS_ERROR', 'POS_PAIR_ERROR', 'SLOT_ERROR')...
('POS_PAIR_ERROR', 'TGT_POS_ERROR', 'SRC_SLOT_ERROR')
Ignoring data for ('POS_ERROR', 'POS_PAIR_ERROR', 'SLOT_ERROR')...
('POS_PAIR_ERROR', 'SRC_POS_ERROR', 'TGT_SLOT_ERROR')
Ignoring data for ('POS_ERROR', 'POS_PAIR_ERROR', 'SLOT_ERROR')...

 Existing samples distribution:
('SRC_SLOT_ERROR', 'TGT_SLOT_ERROR') --- 208 (4.45%)
('TGT_SLOT_ERROR',) --- 363 (7.77%)
('C',) --- 1689 (36.15%)
('PARADIGM_ERROR', 'SRC_SLOT_ERROR', 'TGT_SLOT_ERROR') --- 58 (1.24%)
('PARADIGM_ERROR', 'TGT_SLOT_ERROR') --- 99 (2.12%)
('PARADIGM_ERROR', 'SRC_SLOT_ERROR') --- 99 (2.12%)
('SRC_POS_ERROR', 'TGT_POS_ERROR', 'SRC_SLOT_ERROR', 'TGT_SLOT_ERROR') --- 388 (8.3%)
('POS_PAIR_ERROR',) --- 494 (10.57%)
('POS_PAIR_ERROR', 'TGT_SLOT_ERROR') --- 151 (3.23%)
('POS_PAIR_ERROR', 'SRC_SLOT_ERROR') --- 151 (3.23%)
('TGT_LEXICAL_ERROR', 'SRC_SLOT_ERROR') --- 66 (1.41%)
('TGT_LEXICAL_ERROR',) --- 225 (4.82%)
('SRC_LEXICAL_ERROR', 'TGT_SLOT_ERROR') --- 66 (1.41%)
('SRC_LEXICAL_ERROR',) --- 291 (6.23%)
('POS_PAIR_ERROR', 'SRC_SLOT_ERROR', 'TGT_SLOT_ERROR') --- 120 (2.57%)
('SRC_LEXICAL_ERROR', 'TGT_LEXICAL_ERROR') --- 40 (0.86%)
('PARADIGM_ERROR',) --- 76 (1.63%)
('TGT_POS_ERROR', 'SRC_SLOT_ERROR', 'TGT_SLOT_ERROR') --- 23 (0.49%)
('SRC_POS_ERROR', 'SRC_SLOT_ERROR', 'TGT_SLOT_ERROR') --- 23 (0.49%)
('SRC_POS_ERROR', 'TGT_POS_ERROR', 'SRC_SLOT_ERROR') --- 9 (0.19%)
('SRC_POS_ERROR', 'TGT_POS_ERROR', 'TGT_SLOT_ERROR') --- 9 (0.19%)
('TGT_POS_ERROR', 'TGT_SLOT_ERROR') --- 12 (0.26%)
('SRC_POS_ERROR', 'SRC_SLOT_ERROR') --- 12 (0.26%)
Summarizing sampled data...
4672 total samples

Found 1685 (36.07%) samples with an MSD that does not actually occur in UniMorph
Invalid tags:
{'ADJ;PRS;GEN', 'N;INDF;NOM;SG;COMPOUND', 'PRN;DEF;ACC;PL', 'V;ACT;NFIN;COMPOUND', 'PRN;NOM;NEUT;SG', 'PRN;SG', 'V.CVB;COMPV', 'N;DEF;PL', 'PRN', 'PROPN;MASC', 'N;DEF;SG', 'V.CVB', 'N;INDF;PL', 'ADJ;PRS', 'DET;SG', 'PRN;NEUT;SG', 'PRN;INDF;GEN;PL', 'ADJ;INDF;GEN;PL', 'ADJ;DEF;PL', 'ADJ;INDF;NOM;PL'}

Output dataset full fine-grained annotation distribution:
C -- 1689 (36.15%)
POS_PAIR_ERROR -- 494 (10.57%)
SRC_POS_ERROR;TGT_POS_ERROR;SRC_SLOT_ERROR;TGT_SLOT_ERROR -- 388 (8.3%)
TGT_SLOT_ERROR -- 363 (7.77%)
SRC_LEXICAL_ERROR -- 291 (6.23%)
TGT_LEXICAL_ERROR -- 225 (4.82%)
SRC_SLOT_ERROR;TGT_SLOT_ERROR -- 208 (4.45%)
POS_PAIR_ERROR;TGT_SLOT_ERROR -- 151 (3.23%)
POS_PAIR_ERROR;SRC_SLOT_ERROR -- 151 (3.23%)
POS_PAIR_ERROR;SRC_SLOT_ERROR;TGT_SLOT_ERROR -- 120 (2.57%)
PARADIGM_ERROR;TGT_SLOT_ERROR -- 99 (2.12%)
PARADIGM_ERROR;SRC_SLOT_ERROR -- 99 (2.12%)
PARADIGM_ERROR -- 76 (1.63%)
TGT_LEXICAL_ERROR;SRC_SLOT_ERROR -- 66 (1.41%)
SRC_LEXICAL_ERROR;TGT_SLOT_ERROR -- 66 (1.41%)
PARADIGM_ERROR;SRC_SLOT_ERROR;TGT_SLOT_ERROR -- 58 (1.24%)
SRC_LEXICAL_ERROR;TGT_LEXICAL_ERROR -- 40 (0.86%)
TGT_POS_ERROR;SRC_SLOT_ERROR;TGT_SLOT_ERROR -- 23 (0.49%)
SRC_POS_ERROR;SRC_SLOT_ERROR;TGT_SLOT_ERROR -- 23 (0.49%)
TGT_POS_ERROR;TGT_SLOT_ERROR -- 12 (0.26%)
SRC_POS_ERROR;SRC_SLOT_ERROR -- 12 (0.26%)
SRC_POS_ERROR;TGT_POS_ERROR;SRC_SLOT_ERROR -- 9 (0.19%)
SRC_POS_ERROR;TGT_POS_ERROR;TGT_SLOT_ERROR -- 9 (0.19%)

Output dataset percents of each coarse grained tag
C -- 1689 (36.15%)
SLOT_ERROR -- 571 (12.22%)
LEXICAL_ERROR -- 556 (11.9%)
POS_PAIR_ERROR -- 494 (10.57%)
POS_ERROR;SLOT_ERROR -- 476 (10.19%)
POS_PAIR_ERROR;SLOT_ERROR -- 422 (9.03%)
PARADIGM_ERROR;SLOT_ERROR -- 256 (5.48%)
LEXICAL_ERROR;SLOT_ERROR -- 132 (2.83%)
PARADIGM_ERROR -- 76 (1.63%)

Distribution of parts of speech in sampled data:
V.PTCP -- 870 (9.31%)
V -- 3714 (39.75%)
ADJ -- 2273 (24.33%)
N -- 2112 (22.6%)
V.CVB -- 285 (3.05%)
PRN -- 34 (0.36%)
DET -- 46 (0.49%)
PROPN -- 10 (0.11%)
Writing 4672 total samples to data/sampled/leave-one-out/POS_ERROR;POS_PAIR_ERROR;SLOT_ERROR/swe_sampled.tsv
