Loaded 105492 annotations
Filtering UNK/ERR annotations
Removed 92341, (87.53%) samples (due to Apertium analysis errors, unknown analyses, or invalid MSDs)
Found 139 lexical errors
Removing ('POS_ERROR;POS_PAIR_ERROR;SLOT_ERROR',) from the dataset
('C',)
('TGT_SLOT_ERROR',)
('POS_PAIR_ERROR',)
('PARADIGM_ERROR', 'SRC_SLOT_ERROR')
('PARADIGM_ERROR', 'SRC_SLOT_ERROR', 'TGT_SLOT_ERROR')
('PARADIGM_ERROR', 'TGT_SLOT_ERROR')
('SRC_SLOT_ERROR', 'TGT_SLOT_ERROR')
('POS_PAIR_ERROR', 'SRC_SLOT_ERROR')
('POS_PAIR_ERROR', 'TGT_SLOT_ERROR')
('PARADIGM_ERROR',)
('POS_PAIR_ERROR', 'SRC_SLOT_ERROR', 'TGT_SLOT_ERROR')
('POS_PAIR_ERROR', 'SRC_POS_ERROR', 'TGT_SLOT_ERROR')
Ignoring data for ('POS_ERROR', 'POS_PAIR_ERROR', 'SLOT_ERROR')...
('POS_PAIR_ERROR', 'TGT_POS_ERROR', 'SRC_SLOT_ERROR')
Ignoring data for ('POS_ERROR', 'POS_PAIR_ERROR', 'SLOT_ERROR')...
('POS_PAIR_ERROR', 'SRC_POS_ERROR')
('POS_PAIR_ERROR', 'TGT_POS_ERROR')
('TGT_LEXICAL_ERROR',)
('SRC_LEXICAL_ERROR',)
('TGT_LEXICAL_ERROR', 'SRC_SLOT_ERROR')
('SRC_LEXICAL_ERROR', 'TGT_SLOT_ERROR')
('SRC_LEXICAL_ERROR', 'TGT_LEXICAL_ERROR')
('SRC_POS_ERROR', 'TGT_POS_ERROR', 'TGT_SLOT_ERROR')
('SRC_POS_ERROR', 'TGT_POS_ERROR', 'SRC_SLOT_ERROR')
('SRC_POS_ERROR', 'TGT_POS_ERROR', 'SRC_SLOT_ERROR', 'TGT_SLOT_ERROR')
('TGT_POS_ERROR', 'SRC_SLOT_ERROR', 'TGT_SLOT_ERROR')
('SRC_POS_ERROR', 'SRC_SLOT_ERROR', 'TGT_SLOT_ERROR')
('SRC_POS_ERROR', 'SRC_SLOT_ERROR')
('TGT_POS_ERROR', 'TGT_SLOT_ERROR')
('SRC_POS_ERROR', 'TGT_POS_ERROR')
('POS_PAIR_ERROR', 'SRC_POS_ERROR', 'SRC_SLOT_ERROR', 'TGT_SLOT_ERROR')
Ignoring data for ('POS_ERROR', 'POS_PAIR_ERROR', 'SLOT_ERROR')...
('POS_PAIR_ERROR', 'TGT_POS_ERROR', 'SRC_SLOT_ERROR', 'TGT_SLOT_ERROR')
Ignoring data for ('POS_ERROR', 'POS_PAIR_ERROR', 'SLOT_ERROR')...

 Existing samples distribution:
('C',) --- 7194 (54.9%)
('TGT_SLOT_ERROR',) --- 1390 (10.61%)
('POS_PAIR_ERROR',) --- 322 (2.46%)
('PARADIGM_ERROR', 'SRC_SLOT_ERROR') --- 64 (0.49%)
('PARADIGM_ERROR', 'SRC_SLOT_ERROR', 'TGT_SLOT_ERROR') --- 50 (0.38%)
('PARADIGM_ERROR', 'TGT_SLOT_ERROR') --- 64 (0.49%)
('SRC_SLOT_ERROR', 'TGT_SLOT_ERROR') --- 2462 (18.79%)
('POS_PAIR_ERROR', 'SRC_SLOT_ERROR') --- 65 (0.5%)
('POS_PAIR_ERROR', 'TGT_SLOT_ERROR') --- 65 (0.5%)
('PARADIGM_ERROR',) --- 674 (5.14%)
('POS_PAIR_ERROR', 'SRC_SLOT_ERROR', 'TGT_SLOT_ERROR') --- 66 (0.5%)
('POS_PAIR_ERROR', 'SRC_POS_ERROR') --- 18 (0.14%)
('POS_PAIR_ERROR', 'TGT_POS_ERROR') --- 18 (0.14%)
('TGT_LEXICAL_ERROR',) --- 14 (0.11%)
('SRC_LEXICAL_ERROR',) --- 99 (0.76%)
('TGT_LEXICAL_ERROR', 'SRC_SLOT_ERROR') --- 4 (0.03%)
('SRC_LEXICAL_ERROR', 'TGT_SLOT_ERROR') --- 4 (0.03%)
('SRC_LEXICAL_ERROR', 'TGT_LEXICAL_ERROR') --- 18 (0.14%)
('SRC_POS_ERROR', 'TGT_POS_ERROR', 'TGT_SLOT_ERROR') --- 7 (0.05%)
('SRC_POS_ERROR', 'TGT_POS_ERROR', 'SRC_SLOT_ERROR') --- 7 (0.05%)
('SRC_POS_ERROR', 'TGT_POS_ERROR', 'SRC_SLOT_ERROR', 'TGT_SLOT_ERROR') --- 396 (3.02%)
('TGT_POS_ERROR', 'SRC_SLOT_ERROR', 'TGT_SLOT_ERROR') --- 40 (0.31%)
('SRC_POS_ERROR', 'SRC_SLOT_ERROR', 'TGT_SLOT_ERROR') --- 40 (0.31%)
('SRC_POS_ERROR', 'SRC_SLOT_ERROR') --- 8 (0.06%)
('TGT_POS_ERROR', 'TGT_SLOT_ERROR') --- 8 (0.06%)
('SRC_POS_ERROR', 'TGT_POS_ERROR') --- 6 (0.05%)
Summarizing sampled data...
13103 total samples

Found 2250 (17.17%) samples with an MSD that does not actually occur in UniMorph
Invalid tags:
{'DET;PL', 'PRN;ACC;3;SG', 'PRN;NOM;3;SG', 'PRN;NOM;2;SG', 'PRN;INS;3;SG', 'DET;ACC;PL', 'V;2;PL', 'NUM;NOM;PL', 'ADJ;ACC;MASC;SG', 'ADJ;ACC;PL', 'V.CVB', 'PRN;DAT;3;SG', 'NUM;GEN;PL', 'PRN;DAT;SG', 'V;IMP;1;PL', 'DET;NOM;SG'}

Output dataset full fine-grained annotation distribution:
C -- 7194 (54.9%)
SRC_SLOT_ERROR;TGT_SLOT_ERROR -- 2462 (18.79%)
TGT_SLOT_ERROR -- 1390 (10.61%)
PARADIGM_ERROR -- 674 (5.14%)
SRC_POS_ERROR;TGT_POS_ERROR;SRC_SLOT_ERROR;TGT_SLOT_ERROR -- 396 (3.02%)
POS_PAIR_ERROR -- 322 (2.46%)
SRC_LEXICAL_ERROR -- 99 (0.76%)
POS_PAIR_ERROR;SRC_SLOT_ERROR;TGT_SLOT_ERROR -- 66 (0.5%)
POS_PAIR_ERROR;SRC_SLOT_ERROR -- 65 (0.5%)
POS_PAIR_ERROR;TGT_SLOT_ERROR -- 65 (0.5%)
PARADIGM_ERROR;SRC_SLOT_ERROR -- 64 (0.49%)
PARADIGM_ERROR;TGT_SLOT_ERROR -- 64 (0.49%)
PARADIGM_ERROR;SRC_SLOT_ERROR;TGT_SLOT_ERROR -- 50 (0.38%)
TGT_POS_ERROR;SRC_SLOT_ERROR;TGT_SLOT_ERROR -- 40 (0.31%)
SRC_POS_ERROR;SRC_SLOT_ERROR;TGT_SLOT_ERROR -- 40 (0.31%)
POS_PAIR_ERROR;SRC_POS_ERROR -- 18 (0.14%)
POS_PAIR_ERROR;TGT_POS_ERROR -- 18 (0.14%)
SRC_LEXICAL_ERROR;TGT_LEXICAL_ERROR -- 18 (0.14%)
TGT_LEXICAL_ERROR -- 14 (0.11%)
SRC_POS_ERROR;SRC_SLOT_ERROR -- 8 (0.06%)
TGT_POS_ERROR;TGT_SLOT_ERROR -- 8 (0.06%)
SRC_POS_ERROR;TGT_POS_ERROR;TGT_SLOT_ERROR -- 7 (0.05%)
SRC_POS_ERROR;TGT_POS_ERROR;SRC_SLOT_ERROR -- 7 (0.05%)
SRC_POS_ERROR;TGT_POS_ERROR -- 6 (0.05%)
TGT_LEXICAL_ERROR;SRC_SLOT_ERROR -- 4 (0.03%)
SRC_LEXICAL_ERROR;TGT_SLOT_ERROR -- 4 (0.03%)

Output dataset percents of each coarse grained tag
C -- 7194 (54.9%)
SLOT_ERROR -- 3852 (29.4%)
PARADIGM_ERROR -- 674 (5.14%)
POS_ERROR;SLOT_ERROR -- 506 (3.86%)
POS_PAIR_ERROR -- 322 (2.46%)
POS_PAIR_ERROR;SLOT_ERROR -- 196 (1.5%)
PARADIGM_ERROR;SLOT_ERROR -- 178 (1.36%)
LEXICAL_ERROR -- 131 (1.0%)
POS_ERROR;POS_PAIR_ERROR -- 36 (0.27%)
LEXICAL_ERROR;SLOT_ERROR -- 8 (0.06%)
POS_ERROR -- 6 (0.05%)

Distribution of parts of speech in sampled data:
V.CVB -- 1424 (5.43%)
V -- 9796 (37.38%)
V.PTCP -- 360 (1.37%)
ADJ -- 7131 (27.21%)
N -- 7409 (28.27%)
PRN -- 59 (0.23%)
DET -- 23 (0.09%)
NUM -- 4 (0.02%)
Writing 13103 total samples to data/sampled/leave-one-out/POS_ERROR;POS_PAIR_ERROR;SLOT_ERROR/rus_sampled.tsv
