Loaded 24958 annotations
Filtering UNK/ERR annotations
Removed 21083, (84.47%) samples (due to Apertium analysis errors, unknown analyses, or invalid MSDs)
Found 185 lexical errors
Removing ('POS_ERROR;POS_PAIR_ERROR;SLOT_ERROR',) from the dataset
('C',)
('SRC_LEXICAL_ERROR',)
('PARADIGM_ERROR',)
('PARADIGM_ERROR', 'TGT_SLOT_ERROR')
('TGT_SLOT_ERROR',)
('PARADIGM_ERROR', 'SRC_SLOT_ERROR')
('SRC_SLOT_ERROR', 'TGT_SLOT_ERROR')
('PARADIGM_ERROR', 'SRC_SLOT_ERROR', 'TGT_SLOT_ERROR')
('POS_PAIR_ERROR',)
('SRC_POS_ERROR', 'TGT_POS_ERROR', 'SRC_SLOT_ERROR', 'TGT_SLOT_ERROR')
('SRC_POS_ERROR', 'TGT_POS_ERROR')
('SRC_POS_ERROR', 'TGT_POS_ERROR', 'SRC_SLOT_ERROR')
('SRC_POS_ERROR', 'TGT_POS_ERROR', 'TGT_SLOT_ERROR')
('POS_PAIR_ERROR', 'SRC_SLOT_ERROR')
('TGT_LEXICAL_ERROR', 'SRC_SLOT_ERROR')
('TGT_LEXICAL_ERROR',)
('POS_PAIR_ERROR', 'TGT_SLOT_ERROR')
('SRC_LEXICAL_ERROR', 'TGT_SLOT_ERROR')
('POS_PAIR_ERROR', 'SRC_POS_ERROR', 'SRC_SLOT_ERROR', 'TGT_SLOT_ERROR')
Ignoring data for ('POS_ERROR', 'POS_PAIR_ERROR', 'SLOT_ERROR')...
('POS_PAIR_ERROR', 'TGT_POS_ERROR', 'SRC_SLOT_ERROR', 'TGT_SLOT_ERROR')
Ignoring data for ('POS_ERROR', 'POS_PAIR_ERROR', 'SLOT_ERROR')...
('SRC_LEXICAL_ERROR', 'TGT_LEXICAL_ERROR')
('POS_PAIR_ERROR', 'TGT_POS_ERROR', 'SRC_SLOT_ERROR')
Ignoring data for ('POS_ERROR', 'POS_PAIR_ERROR', 'SLOT_ERROR')...
('POS_PAIR_ERROR', 'SRC_POS_ERROR', 'TGT_SLOT_ERROR')
Ignoring data for ('POS_ERROR', 'POS_PAIR_ERROR', 'SLOT_ERROR')...
('POS_PAIR_ERROR', 'SRC_POS_ERROR', 'TGT_POS_ERROR', 'TGT_SLOT_ERROR')
Ignoring data for ('POS_ERROR', 'POS_PAIR_ERROR', 'SLOT_ERROR')...
('POS_PAIR_ERROR', 'SRC_POS_ERROR', 'TGT_POS_ERROR', 'SRC_SLOT_ERROR')
Ignoring data for ('POS_ERROR', 'POS_PAIR_ERROR', 'SLOT_ERROR')...
('POS_PAIR_ERROR', 'SRC_SLOT_ERROR', 'TGT_SLOT_ERROR')
('TGT_POS_ERROR',)
('SRC_POS_ERROR',)
('SRC_POS_ERROR', 'TGT_SLOT_ERROR')
('TGT_POS_ERROR', 'SRC_SLOT_ERROR')
('POS_PAIR_ERROR', 'TGT_POS_ERROR', 'TGT_SLOT_ERROR')
Ignoring data for ('POS_ERROR', 'POS_PAIR_ERROR', 'SLOT_ERROR')...
('POS_PAIR_ERROR', 'SRC_POS_ERROR', 'SRC_SLOT_ERROR')
Ignoring data for ('POS_ERROR', 'POS_PAIR_ERROR', 'SLOT_ERROR')...
('SRC_POS_ERROR', 'SRC_SLOT_ERROR', 'TGT_SLOT_ERROR')
('TGT_POS_ERROR', 'SRC_SLOT_ERROR', 'TGT_SLOT_ERROR')
('POS_PAIR_ERROR', 'TGT_POS_ERROR')
('POS_PAIR_ERROR', 'SRC_POS_ERROR')
('SRC_POS_ERROR', 'SRC_SLOT_ERROR')
('TGT_POS_ERROR', 'TGT_SLOT_ERROR')
('POS_PAIR_ERROR', 'SRC_POS_ERROR', 'TGT_POS_ERROR')

 Existing samples distribution:
('C',) --- 1797 (47.05%)
('SRC_LEXICAL_ERROR',) --- 131 (3.43%)
('PARADIGM_ERROR',) --- 34 (0.89%)
('PARADIGM_ERROR', 'TGT_SLOT_ERROR') --- 29 (0.76%)
('TGT_SLOT_ERROR',) --- 330 (8.64%)
('PARADIGM_ERROR', 'SRC_SLOT_ERROR') --- 29 (0.76%)
('SRC_SLOT_ERROR', 'TGT_SLOT_ERROR') --- 402 (10.53%)
('PARADIGM_ERROR', 'SRC_SLOT_ERROR', 'TGT_SLOT_ERROR') --- 8 (0.21%)
('POS_PAIR_ERROR',) --- 283 (7.41%)
('SRC_POS_ERROR', 'TGT_POS_ERROR', 'SRC_SLOT_ERROR', 'TGT_SLOT_ERROR') --- 534 (13.98%)
('SRC_POS_ERROR', 'TGT_POS_ERROR') --- 42 (1.1%)
('SRC_POS_ERROR', 'TGT_POS_ERROR', 'SRC_SLOT_ERROR') --- 33 (0.86%)
('SRC_POS_ERROR', 'TGT_POS_ERROR', 'TGT_SLOT_ERROR') --- 33 (0.86%)
('POS_PAIR_ERROR', 'SRC_SLOT_ERROR') --- 13 (0.34%)
('TGT_LEXICAL_ERROR', 'SRC_SLOT_ERROR') --- 5 (0.13%)
('TGT_LEXICAL_ERROR',) --- 4 (0.1%)
('POS_PAIR_ERROR', 'TGT_SLOT_ERROR') --- 13 (0.34%)
('SRC_LEXICAL_ERROR', 'TGT_SLOT_ERROR') --- 5 (0.13%)
('SRC_LEXICAL_ERROR', 'TGT_LEXICAL_ERROR') --- 40 (1.05%)
('POS_PAIR_ERROR', 'SRC_SLOT_ERROR', 'TGT_SLOT_ERROR') --- 14 (0.37%)
('TGT_POS_ERROR',) --- 4 (0.1%)
('SRC_POS_ERROR',) --- 4 (0.1%)
('SRC_POS_ERROR', 'TGT_SLOT_ERROR') --- 5 (0.13%)
('TGT_POS_ERROR', 'SRC_SLOT_ERROR') --- 5 (0.13%)
('SRC_POS_ERROR', 'SRC_SLOT_ERROR', 'TGT_SLOT_ERROR') --- 6 (0.16%)
('TGT_POS_ERROR', 'SRC_SLOT_ERROR', 'TGT_SLOT_ERROR') --- 6 (0.16%)
('POS_PAIR_ERROR', 'TGT_POS_ERROR') --- 3 (0.08%)
('POS_PAIR_ERROR', 'SRC_POS_ERROR') --- 3 (0.08%)
('SRC_POS_ERROR', 'SRC_SLOT_ERROR') --- 1 (0.03%)
('TGT_POS_ERROR', 'TGT_SLOT_ERROR') --- 1 (0.03%)
('POS_PAIR_ERROR', 'SRC_POS_ERROR', 'TGT_POS_ERROR') --- 2 (0.05%)
Summarizing sampled data...
3819 total samples

Found 1116 (29.22%) samples with an MSD that does not actually occur in UniMorph
Invalid tags:
{'V.PTCP;PST;ACC;SG', 'V.PTCP;PST;ACC;PL', 'ADJ;ACC;PL', 'PRN;INDF;ACC;PL', 'V.PTCP;PST;DAT;PL', 'V.PTCP;PST;NOM;SG', 'ADJ;NOM;PL', 'ADJ;NOM;SG', 'PRN;INDF;ACC;SG', 'ADJ;ACC;SG', 'PRN;INDF;GEN;SG', 'V.PTCP;PST;GEN;SG'}

Output dataset full fine-grained annotation distribution:
C -- 1797 (47.05%)
SRC_POS_ERROR;TGT_POS_ERROR;SRC_SLOT_ERROR;TGT_SLOT_ERROR -- 534 (13.98%)
SRC_SLOT_ERROR;TGT_SLOT_ERROR -- 402 (10.53%)
TGT_SLOT_ERROR -- 330 (8.64%)
POS_PAIR_ERROR -- 283 (7.41%)
SRC_LEXICAL_ERROR -- 131 (3.43%)
SRC_POS_ERROR;TGT_POS_ERROR -- 42 (1.1%)
SRC_LEXICAL_ERROR;TGT_LEXICAL_ERROR -- 40 (1.05%)
PARADIGM_ERROR -- 34 (0.89%)
SRC_POS_ERROR;TGT_POS_ERROR;SRC_SLOT_ERROR -- 33 (0.86%)
SRC_POS_ERROR;TGT_POS_ERROR;TGT_SLOT_ERROR -- 33 (0.86%)
PARADIGM_ERROR;TGT_SLOT_ERROR -- 29 (0.76%)
PARADIGM_ERROR;SRC_SLOT_ERROR -- 29 (0.76%)
POS_PAIR_ERROR;SRC_SLOT_ERROR;TGT_SLOT_ERROR -- 14 (0.37%)
POS_PAIR_ERROR;SRC_SLOT_ERROR -- 13 (0.34%)
POS_PAIR_ERROR;TGT_SLOT_ERROR -- 13 (0.34%)
PARADIGM_ERROR;SRC_SLOT_ERROR;TGT_SLOT_ERROR -- 8 (0.21%)
SRC_POS_ERROR;SRC_SLOT_ERROR;TGT_SLOT_ERROR -- 6 (0.16%)
TGT_POS_ERROR;SRC_SLOT_ERROR;TGT_SLOT_ERROR -- 6 (0.16%)
TGT_LEXICAL_ERROR;SRC_SLOT_ERROR -- 5 (0.13%)
SRC_LEXICAL_ERROR;TGT_SLOT_ERROR -- 5 (0.13%)
SRC_POS_ERROR;TGT_SLOT_ERROR -- 5 (0.13%)
TGT_POS_ERROR;SRC_SLOT_ERROR -- 5 (0.13%)
TGT_LEXICAL_ERROR -- 4 (0.1%)
TGT_POS_ERROR -- 4 (0.1%)
SRC_POS_ERROR -- 4 (0.1%)
POS_PAIR_ERROR;TGT_POS_ERROR -- 3 (0.08%)
POS_PAIR_ERROR;SRC_POS_ERROR -- 3 (0.08%)
POS_PAIR_ERROR;SRC_POS_ERROR;TGT_POS_ERROR -- 2 (0.05%)
SRC_POS_ERROR;SRC_SLOT_ERROR -- 1 (0.03%)
TGT_POS_ERROR;TGT_SLOT_ERROR -- 1 (0.03%)

Output dataset percents of each coarse grained tag
C -- 1797 (47.05%)
SLOT_ERROR -- 732 (19.17%)
POS_ERROR;SLOT_ERROR -- 624 (16.34%)
POS_PAIR_ERROR -- 283 (7.41%)
LEXICAL_ERROR -- 175 (4.58%)
PARADIGM_ERROR;SLOT_ERROR -- 66 (1.73%)
POS_ERROR -- 50 (1.31%)
POS_PAIR_ERROR;SLOT_ERROR -- 40 (1.05%)
PARADIGM_ERROR -- 34 (0.89%)
LEXICAL_ERROR;SLOT_ERROR -- 10 (0.26%)
POS_ERROR;POS_PAIR_ERROR -- 8 (0.21%)

Distribution of parts of speech in sampled data:
V -- 3388 (44.36%)
V.PTCP -- 807 (10.57%)
N -- 2967 (38.85%)
V.CVB -- 71 (0.93%)
ADJ -- 257 (3.36%)
PRN -- 148 (1.94%)
Writing 3819 total samples to data/sampled/leave-one-out/POS_ERROR;POS_PAIR_ERROR;SLOT_ERROR/isl_sampled.tsv
