Removing ('POS_PAIR_ERROR;SLOT_ERROR',) from the dataset
C -- 39.44%
TGT_SLOT_ERROR -- 8.48%
SRC_SLOT_ERROR;TGT_SLOT_ERROR -- 4.86%
PARADIGM_ERROR;SRC_SLOT_ERROR -- 2.31%
TGT_LEXICAL_ERROR;SRC_SLOT_ERROR -- 1.54%
PARADIGM_ERROR;SRC_SLOT_ERROR;TGT_SLOT_ERROR -- 1.35%
TGT_LEXICAL_ERROR -- 5.25%
POS_PAIR_ERROR -- 11.54%
SRC_POS_ERROR;TGT_POS_ERROR;SRC_SLOT_ERROR;TGT_SLOT_ERROR -- 9.06%
SRC_LEXICAL_ERROR -- 6.8%
PARADIGM_ERROR -- 1.77%
SRC_LEXICAL_ERROR;TGT_LEXICAL_ERROR -- 0.93%
PARADIGM_ERROR;TGT_SLOT_ERROR -- 2.31%
TGT_POS_ERROR;SRC_SLOT_ERROR;TGT_SLOT_ERROR -- 0.54%
SRC_LEXICAL_ERROR;TGT_SLOT_ERROR -- 1.54%
SRC_POS_ERROR;TGT_POS_ERROR;TGT_SLOT_ERROR -- 0.21%
SRC_POS_ERROR;SRC_SLOT_ERROR;TGT_SLOT_ERROR -- 0.54%
SRC_POS_ERROR;TGT_POS_ERROR;SRC_SLOT_ERROR -- 0.21%
TGT_POS_ERROR;TGT_SLOT_ERROR -- 0.28%
POS_PAIR_ERROR;SRC_POS_ERROR;TGT_SLOT_ERROR -- 0.02%
SRC_POS_ERROR;SRC_SLOT_ERROR -- 0.28%
POS_PAIR_ERROR;SRC_POS_ERROR;SRC_SLOT_ERROR;TGT_SLOT_ERROR -- 0.16%
POS_PAIR_ERROR;SRC_POS_ERROR;TGT_POS_ERROR;TGT_SLOT_ERROR -- 0.05%
POS_PAIR_ERROR;TGT_POS_ERROR;SRC_SLOT_ERROR;TGT_SLOT_ERROR -- 0.16%
POS_PAIR_ERROR;TGT_POS_ERROR;TGT_SLOT_ERROR -- 0.09%
POS_PAIR_ERROR;SRC_POS_ERROR;TGT_POS_ERROR;SRC_SLOT_ERROR -- 0.05%
POS_PAIR_ERROR;SRC_POS_ERROR;SRC_SLOT_ERROR -- 0.09%
POS_PAIR_ERROR;TGT_POS_ERROR;SRC_SLOT_ERROR -- 0.02%
POS_PAIR_ERROR;SRC_POS_ERROR;TGT_POS_ERROR;SRC_SLOT_ERROR;TGT_SLOT_ERROR -- 0.09%
Writing 4282 total samples to data/sampled/MSD-reinflection-resampled-leave-one-out/POS_PAIR_ERROR;SLOT_ERROR/swe_sampled.tsv
