Removing ('POS_PAIR_ERROR;SLOT_ERROR',) from the dataset
POS_PAIR_ERROR -- 7.38%
C -- 46.86%
SRC_POS_ERROR;TGT_POS_ERROR -- 1.1%
TGT_SLOT_ERROR -- 8.6%
SRC_POS_ERROR;TGT_POS_ERROR;SRC_SLOT_ERROR;TGT_SLOT_ERROR -- 13.92%
SRC_POS_ERROR;TGT_POS_ERROR;SRC_SLOT_ERROR -- 0.86%
SRC_SLOT_ERROR;TGT_SLOT_ERROR -- 10.48%
SRC_LEXICAL_ERROR -- 3.42%
SRC_POS_ERROR -- 0.1%
SRC_POS_ERROR;TGT_POS_ERROR;TGT_SLOT_ERROR -- 0.86%
PARADIGM_ERROR -- 0.89%
TGT_LEXICAL_ERROR -- 0.1%
TGT_POS_ERROR;SRC_SLOT_ERROR;TGT_SLOT_ERROR -- 0.16%
PARADIGM_ERROR;SRC_SLOT_ERROR -- 0.76%
POS_PAIR_ERROR;SRC_POS_ERROR;TGT_POS_ERROR;SRC_SLOT_ERROR -- 0.21%
PARADIGM_ERROR;SRC_SLOT_ERROR;TGT_SLOT_ERROR -- 0.21%
SRC_LEXICAL_ERROR;TGT_LEXICAL_ERROR -- 1.04%
PARADIGM_ERROR;TGT_SLOT_ERROR -- 0.76%
TGT_POS_ERROR;SRC_SLOT_ERROR -- 0.13%
POS_PAIR_ERROR;SRC_POS_ERROR;SRC_SLOT_ERROR;TGT_SLOT_ERROR -- 0.23%
POS_PAIR_ERROR;SRC_POS_ERROR;SRC_SLOT_ERROR -- 0.16%
TGT_LEXICAL_ERROR;SRC_SLOT_ERROR -- 0.13%
SRC_POS_ERROR;TGT_SLOT_ERROR -- 0.13%
POS_PAIR_ERROR;TGT_POS_ERROR;SRC_SLOT_ERROR -- 0.13%
POS_PAIR_ERROR;TGT_POS_ERROR;SRC_SLOT_ERROR;TGT_SLOT_ERROR -- 0.23%
SRC_POS_ERROR;SRC_SLOT_ERROR;TGT_SLOT_ERROR -- 0.16%
TGT_POS_ERROR -- 0.1%
POS_PAIR_ERROR;SRC_POS_ERROR;TGT_SLOT_ERROR -- 0.13%
POS_PAIR_ERROR;TGT_POS_ERROR -- 0.08%
POS_PAIR_ERROR;SRC_POS_ERROR -- 0.08%
POS_PAIR_ERROR;SRC_POS_ERROR;TGT_POS_ERROR;TGT_SLOT_ERROR -- 0.21%
POS_PAIR_ERROR;TGT_POS_ERROR;TGT_SLOT_ERROR -- 0.16%
POS_PAIR_ERROR;SRC_POS_ERROR;TGT_POS_ERROR -- 0.05%
TGT_POS_ERROR;TGT_SLOT_ERROR -- 0.03%
SRC_LEXICAL_ERROR;TGT_SLOT_ERROR -- 0.13%
SRC_POS_ERROR;SRC_SLOT_ERROR -- 0.03%
Writing 3835 total samples to data/sampled/MSD-reinflection-resampled-leave-one-out/POS_PAIR_ERROR;SLOT_ERROR/isl_sampled.tsv
