Loaded 45096 annotations
Filtering UNK/ERR annotations
Removed 40392, (89.57%) samples (due to Apertium analysis errors, unknown analyses, or invalid MSDs)
Found 688 lexical errors
Removing ('PARADIGM_ERROR;SLOT_ERROR',) from the dataset
('SRC_SLOT_ERROR', 'TGT_SLOT_ERROR')
('TGT_SLOT_ERROR',)
('C',)
('PARADIGM_ERROR', 'SRC_SLOT_ERROR', 'TGT_SLOT_ERROR')
Ignoring data for ('PARADIGM_ERROR', 'SLOT_ERROR')...
('PARADIGM_ERROR', 'TGT_SLOT_ERROR')
Ignoring data for ('PARADIGM_ERROR', 'SLOT_ERROR')...
('PARADIGM_ERROR', 'SRC_SLOT_ERROR')
Ignoring data for ('PARADIGM_ERROR', 'SLOT_ERROR')...
('SRC_POS_ERROR', 'TGT_POS_ERROR', 'SRC_SLOT_ERROR', 'TGT_SLOT_ERROR')
('POS_PAIR_ERROR',)
('POS_PAIR_ERROR', 'TGT_SLOT_ERROR')
('POS_PAIR_ERROR', 'SRC_SLOT_ERROR')
('POS_PAIR_ERROR', 'SRC_POS_ERROR', 'TGT_POS_ERROR', 'SRC_SLOT_ERROR', 'TGT_SLOT_ERROR')
('TGT_LEXICAL_ERROR', 'SRC_SLOT_ERROR')
('TGT_LEXICAL_ERROR',)
('SRC_LEXICAL_ERROR', 'TGT_SLOT_ERROR')
('SRC_LEXICAL_ERROR',)
('POS_PAIR_ERROR', 'SRC_SLOT_ERROR', 'TGT_SLOT_ERROR')
('SRC_LEXICAL_ERROR', 'TGT_LEXICAL_ERROR')
('POS_PAIR_ERROR', 'TGT_POS_ERROR', 'SRC_SLOT_ERROR', 'TGT_SLOT_ERROR')
('POS_PAIR_ERROR', 'SRC_POS_ERROR', 'SRC_SLOT_ERROR', 'TGT_SLOT_ERROR')
('PARADIGM_ERROR',)
('TGT_POS_ERROR', 'SRC_SLOT_ERROR', 'TGT_SLOT_ERROR')
('SRC_POS_ERROR', 'SRC_SLOT_ERROR', 'TGT_SLOT_ERROR')
('POS_PAIR_ERROR', 'TGT_POS_ERROR', 'TGT_SLOT_ERROR')
('POS_PAIR_ERROR', 'SRC_POS_ERROR', 'SRC_SLOT_ERROR')
('SRC_POS_ERROR', 'TGT_POS_ERROR', 'SRC_SLOT_ERROR')
('SRC_POS_ERROR', 'TGT_POS_ERROR', 'TGT_SLOT_ERROR')
('TGT_POS_ERROR', 'TGT_SLOT_ERROR')
('SRC_POS_ERROR', 'SRC_SLOT_ERROR')
('POS_PAIR_ERROR', 'SRC_POS_ERROR', 'TGT_POS_ERROR', 'SRC_SLOT_ERROR')
('POS_PAIR_ERROR', 'SRC_POS_ERROR', 'TGT_POS_ERROR', 'TGT_SLOT_ERROR')
('POS_PAIR_ERROR', 'TGT_POS_ERROR', 'SRC_SLOT_ERROR')
('POS_PAIR_ERROR', 'SRC_POS_ERROR', 'TGT_SLOT_ERROR')

 Existing samples distribution:
('SRC_SLOT_ERROR', 'TGT_SLOT_ERROR') --- 208 (4.68%)
('TGT_SLOT_ERROR',) --- 363 (8.16%)
('C',) --- 1689 (37.97%)
('SRC_POS_ERROR', 'TGT_POS_ERROR', 'SRC_SLOT_ERROR', 'TGT_SLOT_ERROR') --- 388 (8.72%)
('POS_PAIR_ERROR',) --- 494 (11.11%)
('POS_PAIR_ERROR', 'TGT_SLOT_ERROR') --- 151 (3.39%)
('POS_PAIR_ERROR', 'SRC_SLOT_ERROR') --- 151 (3.39%)
('POS_PAIR_ERROR', 'SRC_POS_ERROR', 'TGT_POS_ERROR', 'SRC_SLOT_ERROR', 'TGT_SLOT_ERROR') --- 4 (0.09%)
('TGT_LEXICAL_ERROR', 'SRC_SLOT_ERROR') --- 66 (1.48%)
('TGT_LEXICAL_ERROR',) --- 225 (5.06%)
('SRC_LEXICAL_ERROR', 'TGT_SLOT_ERROR') --- 66 (1.48%)
('SRC_LEXICAL_ERROR',) --- 291 (6.54%)
('POS_PAIR_ERROR', 'SRC_SLOT_ERROR', 'TGT_SLOT_ERROR') --- 120 (2.7%)
('SRC_LEXICAL_ERROR', 'TGT_LEXICAL_ERROR') --- 40 (0.9%)
('POS_PAIR_ERROR', 'TGT_POS_ERROR', 'SRC_SLOT_ERROR', 'TGT_SLOT_ERROR') --- 7 (0.16%)
('POS_PAIR_ERROR', 'SRC_POS_ERROR', 'SRC_SLOT_ERROR', 'TGT_SLOT_ERROR') --- 7 (0.16%)
('PARADIGM_ERROR',) --- 76 (1.71%)
('TGT_POS_ERROR', 'SRC_SLOT_ERROR', 'TGT_SLOT_ERROR') --- 23 (0.52%)
('SRC_POS_ERROR', 'SRC_SLOT_ERROR', 'TGT_SLOT_ERROR') --- 23 (0.52%)
('POS_PAIR_ERROR', 'TGT_POS_ERROR', 'TGT_SLOT_ERROR') --- 4 (0.09%)
('POS_PAIR_ERROR', 'SRC_POS_ERROR', 'SRC_SLOT_ERROR') --- 4 (0.09%)
('SRC_POS_ERROR', 'TGT_POS_ERROR', 'SRC_SLOT_ERROR') --- 9 (0.2%)
('SRC_POS_ERROR', 'TGT_POS_ERROR', 'TGT_SLOT_ERROR') --- 9 (0.2%)
('TGT_POS_ERROR', 'TGT_SLOT_ERROR') --- 12 (0.27%)
('SRC_POS_ERROR', 'SRC_SLOT_ERROR') --- 12 (0.27%)
('POS_PAIR_ERROR', 'SRC_POS_ERROR', 'TGT_POS_ERROR', 'SRC_SLOT_ERROR') --- 2 (0.04%)
('POS_PAIR_ERROR', 'SRC_POS_ERROR', 'TGT_POS_ERROR', 'TGT_SLOT_ERROR') --- 2 (0.04%)
('POS_PAIR_ERROR', 'TGT_POS_ERROR', 'SRC_SLOT_ERROR') --- 1 (0.02%)
('POS_PAIR_ERROR', 'SRC_POS_ERROR', 'TGT_SLOT_ERROR') --- 1 (0.02%)
Summarizing sampled data...
4448 total samples

Found 1577 (35.45%) samples with an MSD that does not actually occur in UniMorph
Invalid tags:
{'ADJ;INDF;NOM;PL', 'PRN', 'PRN;SG', 'PRN;NEUT;SG', 'ADJ;DEF;PL', 'DET;SG', 'ADJ;INDF;GEN;PL', 'N;DEF;PL', 'N;INDF;PL', 'V;ACT;NFIN;COMPOUND', 'V.CVB;COMPV', 'N;DEF;SG', 'ADJ;PRS;GEN', 'N;INDF;NOM;SG;COMPOUND', 'ADJ;PRS', 'V.CVB', 'PROPN;MASC', 'PRN;NOM;NEUT;SG', 'PRN;INDF;GEN;PL', 'PRN;DEF;ACC;PL'}

Output dataset full fine-grained annotation distribution:
C -- 1689 (37.97%)
POS_PAIR_ERROR -- 494 (11.11%)
SRC_POS_ERROR;TGT_POS_ERROR;SRC_SLOT_ERROR;TGT_SLOT_ERROR -- 388 (8.72%)
TGT_SLOT_ERROR -- 363 (8.16%)
SRC_LEXICAL_ERROR -- 291 (6.54%)
TGT_LEXICAL_ERROR -- 225 (5.06%)
SRC_SLOT_ERROR;TGT_SLOT_ERROR -- 208 (4.68%)
POS_PAIR_ERROR;TGT_SLOT_ERROR -- 151 (3.39%)
POS_PAIR_ERROR;SRC_SLOT_ERROR -- 151 (3.39%)
POS_PAIR_ERROR;SRC_SLOT_ERROR;TGT_SLOT_ERROR -- 120 (2.7%)
PARADIGM_ERROR -- 76 (1.71%)
TGT_LEXICAL_ERROR;SRC_SLOT_ERROR -- 66 (1.48%)
SRC_LEXICAL_ERROR;TGT_SLOT_ERROR -- 66 (1.48%)
SRC_LEXICAL_ERROR;TGT_LEXICAL_ERROR -- 40 (0.9%)
TGT_POS_ERROR;SRC_SLOT_ERROR;TGT_SLOT_ERROR -- 23 (0.52%)
SRC_POS_ERROR;SRC_SLOT_ERROR;TGT_SLOT_ERROR -- 23 (0.52%)
TGT_POS_ERROR;TGT_SLOT_ERROR -- 12 (0.27%)
SRC_POS_ERROR;SRC_SLOT_ERROR -- 12 (0.27%)
SRC_POS_ERROR;TGT_POS_ERROR;SRC_SLOT_ERROR -- 9 (0.2%)
SRC_POS_ERROR;TGT_POS_ERROR;TGT_SLOT_ERROR -- 9 (0.2%)
POS_PAIR_ERROR;TGT_POS_ERROR;SRC_SLOT_ERROR;TGT_SLOT_ERROR -- 7 (0.16%)
POS_PAIR_ERROR;SRC_POS_ERROR;SRC_SLOT_ERROR;TGT_SLOT_ERROR -- 7 (0.16%)
POS_PAIR_ERROR;SRC_POS_ERROR;TGT_POS_ERROR;SRC_SLOT_ERROR;TGT_SLOT_ERROR -- 4 (0.09%)
POS_PAIR_ERROR;TGT_POS_ERROR;TGT_SLOT_ERROR -- 4 (0.09%)
POS_PAIR_ERROR;SRC_POS_ERROR;SRC_SLOT_ERROR -- 4 (0.09%)
POS_PAIR_ERROR;SRC_POS_ERROR;TGT_POS_ERROR;SRC_SLOT_ERROR -- 2 (0.04%)
POS_PAIR_ERROR;SRC_POS_ERROR;TGT_POS_ERROR;TGT_SLOT_ERROR -- 2 (0.04%)
POS_PAIR_ERROR;TGT_POS_ERROR;SRC_SLOT_ERROR -- 1 (0.02%)
POS_PAIR_ERROR;SRC_POS_ERROR;TGT_SLOT_ERROR -- 1 (0.02%)

Output dataset percents of each coarse grained tag
C -- 1689 (37.97%)
SLOT_ERROR -- 571 (12.84%)
LEXICAL_ERROR -- 556 (12.5%)
POS_PAIR_ERROR -- 494 (11.11%)
POS_ERROR;SLOT_ERROR -- 476 (10.7%)
POS_PAIR_ERROR;SLOT_ERROR -- 422 (9.49%)
LEXICAL_ERROR;SLOT_ERROR -- 132 (2.97%)
PARADIGM_ERROR -- 76 (1.71%)
POS_ERROR;POS_PAIR_ERROR;SLOT_ERROR -- 32 (0.72%)

Distribution of parts of speech in sampled data:
V.PTCP -- 820 (9.22%)
V -- 3624 (40.74%)
ADJ -- 2131 (23.95%)
N -- 1988 (22.35%)
V.CVB -- 241 (2.71%)
PRN -- 36 (0.4%)
DET -- 46 (0.52%)
PROPN -- 10 (0.11%)
Writing 4448 total samples to data/sampled/leave-one-out/PARADIGM_ERROR;SLOT_ERROR/swe_sampled.tsv
