Loaded 24958 annotations
Filtering UNK/ERR annotations
Removed 21083, (84.47%) samples (due to Apertium analysis errors, unknown analyses, or invalid MSDs)
Found 185 lexical errors
Removing ('PARADIGM_ERROR;SLOT_ERROR',) from the dataset
('C',)
('SRC_LEXICAL_ERROR',)
('PARADIGM_ERROR',)
('PARADIGM_ERROR', 'TGT_SLOT_ERROR')
Ignoring data for ('PARADIGM_ERROR', 'SLOT_ERROR')...
('TGT_SLOT_ERROR',)
('PARADIGM_ERROR', 'SRC_SLOT_ERROR')
Ignoring data for ('PARADIGM_ERROR', 'SLOT_ERROR')...
('SRC_SLOT_ERROR', 'TGT_SLOT_ERROR')
('PARADIGM_ERROR', 'SRC_SLOT_ERROR', 'TGT_SLOT_ERROR')
Ignoring data for ('PARADIGM_ERROR', 'SLOT_ERROR')...
('POS_PAIR_ERROR',)
('SRC_POS_ERROR', 'TGT_POS_ERROR', 'SRC_SLOT_ERROR', 'TGT_SLOT_ERROR')
('SRC_POS_ERROR', 'TGT_POS_ERROR')
('SRC_POS_ERROR', 'TGT_POS_ERROR', 'SRC_SLOT_ERROR')
('SRC_POS_ERROR', 'TGT_POS_ERROR', 'TGT_SLOT_ERROR')
('POS_PAIR_ERROR', 'SRC_SLOT_ERROR')
('TGT_LEXICAL_ERROR', 'SRC_SLOT_ERROR')
('TGT_LEXICAL_ERROR',)
('POS_PAIR_ERROR', 'TGT_SLOT_ERROR')
('SRC_LEXICAL_ERROR', 'TGT_SLOT_ERROR')
('POS_PAIR_ERROR', 'SRC_POS_ERROR', 'SRC_SLOT_ERROR', 'TGT_SLOT_ERROR')
('POS_PAIR_ERROR', 'TGT_POS_ERROR', 'SRC_SLOT_ERROR', 'TGT_SLOT_ERROR')
('SRC_LEXICAL_ERROR', 'TGT_LEXICAL_ERROR')
('POS_PAIR_ERROR', 'TGT_POS_ERROR', 'SRC_SLOT_ERROR')
('POS_PAIR_ERROR', 'SRC_POS_ERROR', 'TGT_SLOT_ERROR')
('POS_PAIR_ERROR', 'SRC_POS_ERROR', 'TGT_POS_ERROR', 'TGT_SLOT_ERROR')
('POS_PAIR_ERROR', 'SRC_POS_ERROR', 'TGT_POS_ERROR', 'SRC_SLOT_ERROR')
('POS_PAIR_ERROR', 'SRC_SLOT_ERROR', 'TGT_SLOT_ERROR')
('TGT_POS_ERROR',)
('SRC_POS_ERROR',)
('SRC_POS_ERROR', 'TGT_SLOT_ERROR')
('TGT_POS_ERROR', 'SRC_SLOT_ERROR')
('POS_PAIR_ERROR', 'TGT_POS_ERROR', 'TGT_SLOT_ERROR')
('POS_PAIR_ERROR', 'SRC_POS_ERROR', 'SRC_SLOT_ERROR')
('SRC_POS_ERROR', 'SRC_SLOT_ERROR', 'TGT_SLOT_ERROR')
('TGT_POS_ERROR', 'SRC_SLOT_ERROR', 'TGT_SLOT_ERROR')
('POS_PAIR_ERROR', 'TGT_POS_ERROR')
('POS_PAIR_ERROR', 'SRC_POS_ERROR')
('SRC_POS_ERROR', 'SRC_SLOT_ERROR')
('TGT_POS_ERROR', 'TGT_SLOT_ERROR')
('POS_PAIR_ERROR', 'SRC_POS_ERROR', 'TGT_POS_ERROR')

 Existing samples distribution:
('C',) --- 1797 (47.18%)
('SRC_LEXICAL_ERROR',) --- 131 (3.44%)
('PARADIGM_ERROR',) --- 34 (0.89%)
('TGT_SLOT_ERROR',) --- 330 (8.66%)
('SRC_SLOT_ERROR', 'TGT_SLOT_ERROR') --- 402 (10.55%)
('POS_PAIR_ERROR',) --- 283 (7.43%)
('SRC_POS_ERROR', 'TGT_POS_ERROR', 'SRC_SLOT_ERROR', 'TGT_SLOT_ERROR') --- 534 (14.02%)
('SRC_POS_ERROR', 'TGT_POS_ERROR') --- 42 (1.1%)
('SRC_POS_ERROR', 'TGT_POS_ERROR', 'SRC_SLOT_ERROR') --- 33 (0.87%)
('SRC_POS_ERROR', 'TGT_POS_ERROR', 'TGT_SLOT_ERROR') --- 33 (0.87%)
('POS_PAIR_ERROR', 'SRC_SLOT_ERROR') --- 13 (0.34%)
('TGT_LEXICAL_ERROR', 'SRC_SLOT_ERROR') --- 5 (0.13%)
('TGT_LEXICAL_ERROR',) --- 4 (0.11%)
('POS_PAIR_ERROR', 'TGT_SLOT_ERROR') --- 13 (0.34%)
('SRC_LEXICAL_ERROR', 'TGT_SLOT_ERROR') --- 5 (0.13%)
('POS_PAIR_ERROR', 'SRC_POS_ERROR', 'SRC_SLOT_ERROR', 'TGT_SLOT_ERROR') --- 9 (0.24%)
('POS_PAIR_ERROR', 'TGT_POS_ERROR', 'SRC_SLOT_ERROR', 'TGT_SLOT_ERROR') --- 9 (0.24%)
('SRC_LEXICAL_ERROR', 'TGT_LEXICAL_ERROR') --- 40 (1.05%)
('POS_PAIR_ERROR', 'TGT_POS_ERROR', 'SRC_SLOT_ERROR') --- 5 (0.13%)
('POS_PAIR_ERROR', 'SRC_POS_ERROR', 'TGT_SLOT_ERROR') --- 5 (0.13%)
('POS_PAIR_ERROR', 'SRC_POS_ERROR', 'TGT_POS_ERROR', 'TGT_SLOT_ERROR') --- 8 (0.21%)
('POS_PAIR_ERROR', 'SRC_POS_ERROR', 'TGT_POS_ERROR', 'SRC_SLOT_ERROR') --- 8 (0.21%)
('POS_PAIR_ERROR', 'SRC_SLOT_ERROR', 'TGT_SLOT_ERROR') --- 14 (0.37%)
('TGT_POS_ERROR',) --- 4 (0.11%)
('SRC_POS_ERROR',) --- 4 (0.11%)
('SRC_POS_ERROR', 'TGT_SLOT_ERROR') --- 5 (0.13%)
('TGT_POS_ERROR', 'SRC_SLOT_ERROR') --- 5 (0.13%)
('POS_PAIR_ERROR', 'TGT_POS_ERROR', 'TGT_SLOT_ERROR') --- 6 (0.16%)
('POS_PAIR_ERROR', 'SRC_POS_ERROR', 'SRC_SLOT_ERROR') --- 6 (0.16%)
('SRC_POS_ERROR', 'SRC_SLOT_ERROR', 'TGT_SLOT_ERROR') --- 6 (0.16%)
('TGT_POS_ERROR', 'SRC_SLOT_ERROR', 'TGT_SLOT_ERROR') --- 6 (0.16%)
('POS_PAIR_ERROR', 'TGT_POS_ERROR') --- 3 (0.08%)
('POS_PAIR_ERROR', 'SRC_POS_ERROR') --- 3 (0.08%)
('SRC_POS_ERROR', 'SRC_SLOT_ERROR') --- 1 (0.03%)
('TGT_POS_ERROR', 'TGT_SLOT_ERROR') --- 1 (0.03%)
('POS_PAIR_ERROR', 'SRC_POS_ERROR', 'TGT_POS_ERROR') --- 2 (0.05%)
Summarizing sampled data...
3809 total samples

Found 1130 (29.67%) samples with an MSD that does not actually occur in UniMorph
Invalid tags:
{'V.PTCP;PST;GEN;SG', 'ADJ;NOM;SG', 'V.PTCP;PST;ACC;SG', 'V.PTCP;PST;NOM;SG', 'ADJ;ACC;SG', 'ADJ;ACC;PL', 'V.PTCP;PST;DAT;PL', 'ADJ;NOM;PL', 'PRN;INDF;ACC;PL', 'PRN;INDF;GEN;SG', 'PRN;INDF;ACC;SG', 'V.PTCP;PST;ACC;PL'}

Output dataset full fine-grained annotation distribution:
C -- 1797 (47.18%)
SRC_POS_ERROR;TGT_POS_ERROR;SRC_SLOT_ERROR;TGT_SLOT_ERROR -- 534 (14.02%)
SRC_SLOT_ERROR;TGT_SLOT_ERROR -- 402 (10.55%)
TGT_SLOT_ERROR -- 330 (8.66%)
POS_PAIR_ERROR -- 283 (7.43%)
SRC_LEXICAL_ERROR -- 131 (3.44%)
SRC_POS_ERROR;TGT_POS_ERROR -- 42 (1.1%)
SRC_LEXICAL_ERROR;TGT_LEXICAL_ERROR -- 40 (1.05%)
PARADIGM_ERROR -- 34 (0.89%)
SRC_POS_ERROR;TGT_POS_ERROR;SRC_SLOT_ERROR -- 33 (0.87%)
SRC_POS_ERROR;TGT_POS_ERROR;TGT_SLOT_ERROR -- 33 (0.87%)
POS_PAIR_ERROR;SRC_SLOT_ERROR;TGT_SLOT_ERROR -- 14 (0.37%)
POS_PAIR_ERROR;SRC_SLOT_ERROR -- 13 (0.34%)
POS_PAIR_ERROR;TGT_SLOT_ERROR -- 13 (0.34%)
POS_PAIR_ERROR;SRC_POS_ERROR;SRC_SLOT_ERROR;TGT_SLOT_ERROR -- 9 (0.24%)
POS_PAIR_ERROR;TGT_POS_ERROR;SRC_SLOT_ERROR;TGT_SLOT_ERROR -- 9 (0.24%)
POS_PAIR_ERROR;SRC_POS_ERROR;TGT_POS_ERROR;TGT_SLOT_ERROR -- 8 (0.21%)
POS_PAIR_ERROR;SRC_POS_ERROR;TGT_POS_ERROR;SRC_SLOT_ERROR -- 8 (0.21%)
POS_PAIR_ERROR;TGT_POS_ERROR;TGT_SLOT_ERROR -- 6 (0.16%)
POS_PAIR_ERROR;SRC_POS_ERROR;SRC_SLOT_ERROR -- 6 (0.16%)
SRC_POS_ERROR;SRC_SLOT_ERROR;TGT_SLOT_ERROR -- 6 (0.16%)
TGT_POS_ERROR;SRC_SLOT_ERROR;TGT_SLOT_ERROR -- 6 (0.16%)
TGT_LEXICAL_ERROR;SRC_SLOT_ERROR -- 5 (0.13%)
SRC_LEXICAL_ERROR;TGT_SLOT_ERROR -- 5 (0.13%)
POS_PAIR_ERROR;TGT_POS_ERROR;SRC_SLOT_ERROR -- 5 (0.13%)
POS_PAIR_ERROR;SRC_POS_ERROR;TGT_SLOT_ERROR -- 5 (0.13%)
SRC_POS_ERROR;TGT_SLOT_ERROR -- 5 (0.13%)
TGT_POS_ERROR;SRC_SLOT_ERROR -- 5 (0.13%)
TGT_LEXICAL_ERROR -- 4 (0.11%)
TGT_POS_ERROR -- 4 (0.11%)
SRC_POS_ERROR -- 4 (0.11%)
POS_PAIR_ERROR;TGT_POS_ERROR -- 3 (0.08%)
POS_PAIR_ERROR;SRC_POS_ERROR -- 3 (0.08%)
POS_PAIR_ERROR;SRC_POS_ERROR;TGT_POS_ERROR -- 2 (0.05%)
SRC_POS_ERROR;SRC_SLOT_ERROR -- 1 (0.03%)
TGT_POS_ERROR;TGT_SLOT_ERROR -- 1 (0.03%)

Output dataset percents of each coarse grained tag
C -- 1797 (47.18%)
SLOT_ERROR -- 732 (19.22%)
POS_ERROR;SLOT_ERROR -- 624 (16.38%)
POS_PAIR_ERROR -- 283 (7.43%)
LEXICAL_ERROR -- 175 (4.59%)
POS_ERROR;POS_PAIR_ERROR;SLOT_ERROR -- 56 (1.47%)
POS_ERROR -- 50 (1.31%)
POS_PAIR_ERROR;SLOT_ERROR -- 40 (1.05%)
PARADIGM_ERROR -- 34 (0.89%)
LEXICAL_ERROR;SLOT_ERROR -- 10 (0.26%)
POS_ERROR;POS_PAIR_ERROR -- 8 (0.21%)

Distribution of parts of speech in sampled data:
V -- 3356 (44.05%)
V.PTCP -- 807 (10.59%)
N -- 2955 (38.79%)
V.CVB -- 77 (1.01%)
ADJ -- 271 (3.56%)
PRN -- 152 (2.0%)
Writing 3809 total samples to data/sampled/leave-one-out/PARADIGM_ERROR;SLOT_ERROR/isl_sampled.tsv
