Removing ('PARADIGM_ERROR;SLOT_ERROR',) from the dataset
SRC_POS_ERROR;TGT_POS_ERROR;SRC_SLOT_ERROR;TGT_SLOT_ERROR -- 3.05%
C -- 55.45%
SRC_SLOT_ERROR;TGT_SLOT_ERROR -- 18.98%
PARADIGM_ERROR -- 5.2%
TGT_SLOT_ERROR -- 10.71%
POS_PAIR_ERROR;SRC_POS_ERROR;SRC_SLOT_ERROR;TGT_SLOT_ERROR -- 0.1%
SRC_LEXICAL_ERROR -- 0.76%
POS_PAIR_ERROR;SRC_SLOT_ERROR;TGT_SLOT_ERROR -- 0.51%
POS_PAIR_ERROR -- 2.48%
POS_PAIR_ERROR;TGT_SLOT_ERROR -- 0.5%
POS_PAIR_ERROR;TGT_POS_ERROR -- 0.14%
TGT_POS_ERROR;SRC_SLOT_ERROR;TGT_SLOT_ERROR -- 0.31%
TGT_LEXICAL_ERROR -- 0.11%
SRC_POS_ERROR;SRC_SLOT_ERROR;TGT_SLOT_ERROR -- 0.31%
POS_PAIR_ERROR;TGT_POS_ERROR;SRC_SLOT_ERROR;TGT_SLOT_ERROR -- 0.1%
POS_PAIR_ERROR;SRC_POS_ERROR;TGT_SLOT_ERROR -- 0.08%
POS_PAIR_ERROR;SRC_SLOT_ERROR -- 0.5%
POS_PAIR_ERROR;TGT_POS_ERROR;SRC_SLOT_ERROR -- 0.08%
SRC_POS_ERROR;TGT_POS_ERROR -- 0.05%
SRC_POS_ERROR;SRC_SLOT_ERROR -- 0.06%
POS_PAIR_ERROR;SRC_POS_ERROR -- 0.14%
SRC_LEXICAL_ERROR;TGT_LEXICAL_ERROR -- 0.14%
SRC_LEXICAL_ERROR;TGT_SLOT_ERROR -- 0.03%
TGT_POS_ERROR;TGT_SLOT_ERROR -- 0.06%
SRC_POS_ERROR;TGT_POS_ERROR;SRC_SLOT_ERROR -- 0.05%
TGT_LEXICAL_ERROR;SRC_SLOT_ERROR -- 0.03%
SRC_POS_ERROR;TGT_POS_ERROR;TGT_SLOT_ERROR -- 0.05%
Writing 12973 total samples to data/sampled/MSD-reinflection-resampled-leave-one-out/PARADIGM_ERROR;SLOT_ERROR/rus_sampled.tsv
