Removing ('PARADIGM_ERROR;SLOT_ERROR',) from the dataset
POS_PAIR_ERROR;SRC_SLOT_ERROR;TGT_SLOT_ERROR -- 2.7%
C -- 37.97%
TGT_SLOT_ERROR -- 8.16%
POS_PAIR_ERROR;TGT_SLOT_ERROR -- 3.39%
SRC_SLOT_ERROR;TGT_SLOT_ERROR -- 4.68%
TGT_LEXICAL_ERROR;SRC_SLOT_ERROR -- 1.48%
TGT_LEXICAL_ERROR -- 5.06%
POS_PAIR_ERROR -- 11.11%
SRC_POS_ERROR;TGT_POS_ERROR;SRC_SLOT_ERROR;TGT_SLOT_ERROR -- 8.72%
SRC_LEXICAL_ERROR -- 6.54%
PARADIGM_ERROR -- 1.71%
SRC_LEXICAL_ERROR;TGT_LEXICAL_ERROR -- 0.9%
TGT_POS_ERROR;SRC_SLOT_ERROR;TGT_SLOT_ERROR -- 0.52%
SRC_LEXICAL_ERROR;TGT_SLOT_ERROR -- 1.48%
POS_PAIR_ERROR;SRC_SLOT_ERROR -- 3.39%
SRC_POS_ERROR;TGT_POS_ERROR;TGT_SLOT_ERROR -- 0.2%
SRC_POS_ERROR;SRC_SLOT_ERROR;TGT_SLOT_ERROR -- 0.52%
SRC_POS_ERROR;TGT_POS_ERROR;SRC_SLOT_ERROR -- 0.2%
TGT_POS_ERROR;TGT_SLOT_ERROR -- 0.27%
POS_PAIR_ERROR;SRC_POS_ERROR;TGT_SLOT_ERROR -- 0.02%
SRC_POS_ERROR;SRC_SLOT_ERROR -- 0.27%
POS_PAIR_ERROR;SRC_POS_ERROR;SRC_SLOT_ERROR;TGT_SLOT_ERROR -- 0.16%
POS_PAIR_ERROR;SRC_POS_ERROR;TGT_POS_ERROR;TGT_SLOT_ERROR -- 0.04%
POS_PAIR_ERROR;TGT_POS_ERROR;SRC_SLOT_ERROR;TGT_SLOT_ERROR -- 0.16%
POS_PAIR_ERROR;TGT_POS_ERROR;TGT_SLOT_ERROR -- 0.09%
POS_PAIR_ERROR;SRC_POS_ERROR;TGT_POS_ERROR;SRC_SLOT_ERROR -- 0.04%
POS_PAIR_ERROR;SRC_POS_ERROR;SRC_SLOT_ERROR -- 0.09%
POS_PAIR_ERROR;TGT_POS_ERROR;SRC_SLOT_ERROR -- 0.02%
POS_PAIR_ERROR;SRC_POS_ERROR;TGT_POS_ERROR;SRC_SLOT_ERROR;TGT_SLOT_ERROR -- 0.09%
Writing 4448 total samples to data/sampled/MSD-reinflection-resampled-leave-one-out/PARADIGM_ERROR;SLOT_ERROR/swe_sampled.tsv
