Removing ('PARADIGM_ERROR;SLOT_ERROR',) from the dataset
C -- 69.63%
SRC_POS_ERROR;TGT_POS_ERROR;SRC_SLOT_ERROR;TGT_SLOT_ERROR -- 5.25%
SRC_LEXICAL_ERROR -- 1.29%
TGT_SLOT_ERROR -- 6.88%
POS_PAIR_ERROR -- 6.58%
SRC_SLOT_ERROR;TGT_SLOT_ERROR -- 5.35%
POS_PAIR_ERROR;SRC_POS_ERROR;TGT_POS_ERROR;TGT_SLOT_ERROR -- 0.35%
POS_PAIR_ERROR;SRC_POS_ERROR;SRC_SLOT_ERROR;TGT_SLOT_ERROR -- 0.12%
POS_PAIR_ERROR;TGT_POS_ERROR -- 0.12%
TGT_POS_ERROR;TGT_SLOT_ERROR -- 0.21%
POS_PAIR_ERROR;SRC_SLOT_ERROR -- 0.11%
POS_PAIR_ERROR;SRC_SLOT_ERROR;TGT_SLOT_ERROR -- 0.39%
POS_PAIR_ERROR;SRC_POS_ERROR;SRC_SLOT_ERROR -- 0.26%
POS_PAIR_ERROR;TGT_POS_ERROR;TGT_SLOT_ERROR -- 0.26%
SRC_LEXICAL_ERROR;TGT_LEXICAL_ERROR -- 0.32%
POS_PAIR_ERROR;SRC_POS_ERROR;TGT_SLOT_ERROR -- 0.23%
TGT_POS_ERROR;SRC_SLOT_ERROR;TGT_SLOT_ERROR -- 0.37%
POS_PAIR_ERROR;TGT_POS_ERROR;SRC_SLOT_ERROR -- 0.23%
POS_PAIR_ERROR;TGT_POS_ERROR;SRC_SLOT_ERROR;TGT_SLOT_ERROR -- 0.12%
POS_PAIR_ERROR;SRC_POS_ERROR;TGT_POS_ERROR;SRC_SLOT_ERROR;TGT_SLOT_ERROR -- 0.35%
POS_PAIR_ERROR;SRC_POS_ERROR;TGT_POS_ERROR -- 0.04%
SRC_POS_ERROR;SRC_SLOT_ERROR;TGT_SLOT_ERROR -- 0.37%
POS_PAIR_ERROR;SRC_POS_ERROR;TGT_POS_ERROR;SRC_SLOT_ERROR -- 0.35%
SRC_POS_ERROR;SRC_SLOT_ERROR -- 0.21%
TGT_LEXICAL_ERROR;SRC_SLOT_ERROR -- 0.05%
SRC_LEXICAL_ERROR;TGT_SLOT_ERROR -- 0.05%
PARADIGM_ERROR -- 0.07%
SRC_POS_ERROR;TGT_POS_ERROR;TGT_SLOT_ERROR -- 0.04%
POS_PAIR_ERROR;SRC_POS_ERROR -- 0.12%
SRC_POS_ERROR;TGT_POS_ERROR -- 0.07%
SRC_POS_ERROR;TGT_POS_ERROR;SRC_SLOT_ERROR -- 0.04%
SRC_POS_ERROR -- 0.02%
POS_PAIR_ERROR;TGT_SLOT_ERROR -- 0.11%
TGT_POS_ERROR -- 0.02%
TGT_LEXICAL_ERROR -- 0.02%
Writing 5680 total samples to data/sampled/MSD-reinflection-resampled-leave-one-out/PARADIGM_ERROR;SLOT_ERROR/deu_sampled.tsv
