Removing ('POS_ERROR;SLOT_ERROR',) from the dataset
C -- 56.89%
SRC_SLOT_ERROR;TGT_SLOT_ERROR -- 19.47%
PARADIGM_ERROR -- 5.33%
TGT_SLOT_ERROR -- 10.99%
POS_PAIR_ERROR;SRC_POS_ERROR;SRC_SLOT_ERROR;TGT_SLOT_ERROR -- 0.1%
SRC_LEXICAL_ERROR -- 0.78%
POS_PAIR_ERROR;SRC_SLOT_ERROR;TGT_SLOT_ERROR -- 0.52%
POS_PAIR_ERROR -- 2.55%
PARADIGM_ERROR;TGT_SLOT_ERROR -- 0.51%
POS_PAIR_ERROR;TGT_SLOT_ERROR -- 0.51%
POS_PAIR_ERROR;TGT_POS_ERROR -- 0.14%
TGT_LEXICAL_ERROR -- 0.11%
PARADIGM_ERROR;SRC_SLOT_ERROR;TGT_SLOT_ERROR -- 0.4%
POS_PAIR_ERROR;TGT_POS_ERROR;SRC_SLOT_ERROR;TGT_SLOT_ERROR -- 0.1%
PARADIGM_ERROR;SRC_SLOT_ERROR -- 0.51%
POS_PAIR_ERROR;SRC_POS_ERROR;TGT_SLOT_ERROR -- 0.09%
POS_PAIR_ERROR;SRC_SLOT_ERROR -- 0.51%
POS_PAIR_ERROR;TGT_POS_ERROR;SRC_SLOT_ERROR -- 0.09%
SRC_POS_ERROR;TGT_POS_ERROR -- 0.05%
POS_PAIR_ERROR;SRC_POS_ERROR -- 0.14%
SRC_LEXICAL_ERROR;TGT_LEXICAL_ERROR -- 0.14%
SRC_LEXICAL_ERROR;TGT_SLOT_ERROR -- 0.03%
TGT_LEXICAL_ERROR;SRC_SLOT_ERROR -- 0.03%
Writing 12645 total samples to data/sampled/MSD-reinflection-resampled-leave-one-out/POS_ERROR;SLOT_ERROR/rus_sampled.tsv
