Removing ('POS_ERROR;SLOT_ERROR',) from the dataset
POS_PAIR_ERROR;SRC_SLOT_ERROR;TGT_SLOT_ERROR -- 2.84%
C -- 39.95%
TGT_SLOT_ERROR -- 8.59%
POS_PAIR_ERROR;TGT_SLOT_ERROR -- 3.57%
SRC_SLOT_ERROR;TGT_SLOT_ERROR -- 4.92%
PARADIGM_ERROR;SRC_SLOT_ERROR -- 2.34%
TGT_LEXICAL_ERROR;SRC_SLOT_ERROR -- 1.56%
PARADIGM_ERROR;SRC_SLOT_ERROR;TGT_SLOT_ERROR -- 1.37%
TGT_LEXICAL_ERROR -- 5.32%
POS_PAIR_ERROR -- 11.68%
SRC_LEXICAL_ERROR -- 6.88%
PARADIGM_ERROR -- 1.8%
SRC_LEXICAL_ERROR;TGT_LEXICAL_ERROR -- 0.95%
PARADIGM_ERROR;TGT_SLOT_ERROR -- 2.34%
SRC_LEXICAL_ERROR;TGT_SLOT_ERROR -- 1.56%
POS_PAIR_ERROR;SRC_SLOT_ERROR -- 3.57%
POS_PAIR_ERROR;SRC_POS_ERROR;TGT_SLOT_ERROR -- 0.02%
POS_PAIR_ERROR;SRC_POS_ERROR;SRC_SLOT_ERROR;TGT_SLOT_ERROR -- 0.17%
POS_PAIR_ERROR;SRC_POS_ERROR;TGT_POS_ERROR;TGT_SLOT_ERROR -- 0.05%
POS_PAIR_ERROR;TGT_POS_ERROR;SRC_SLOT_ERROR;TGT_SLOT_ERROR -- 0.17%
POS_PAIR_ERROR;TGT_POS_ERROR;TGT_SLOT_ERROR -- 0.09%
POS_PAIR_ERROR;SRC_POS_ERROR;TGT_POS_ERROR;SRC_SLOT_ERROR -- 0.05%
POS_PAIR_ERROR;SRC_POS_ERROR;SRC_SLOT_ERROR -- 0.09%
POS_PAIR_ERROR;TGT_POS_ERROR;SRC_SLOT_ERROR -- 0.02%
POS_PAIR_ERROR;SRC_POS_ERROR;TGT_POS_ERROR;SRC_SLOT_ERROR;TGT_SLOT_ERROR -- 0.09%
Writing 4228 total samples to data/sampled/MSD-reinflection-resampled-leave-one-out/POS_ERROR;SLOT_ERROR/swe_sampled.tsv
