Removing ('POS_ERROR;SLOT_ERROR',) from the dataset
POS_PAIR_ERROR -- 8.71%
C -- 55.28%
SRC_POS_ERROR;TGT_POS_ERROR -- 1.29%
TGT_SLOT_ERROR -- 10.15%
SRC_SLOT_ERROR;TGT_SLOT_ERROR -- 12.37%
SRC_LEXICAL_ERROR -- 4.03%
POS_PAIR_ERROR;TGT_SLOT_ERROR -- 0.4%
SRC_POS_ERROR -- 0.12%
PARADIGM_ERROR -- 1.05%
TGT_LEXICAL_ERROR -- 0.12%
PARADIGM_ERROR;SRC_SLOT_ERROR -- 0.89%
POS_PAIR_ERROR;SRC_POS_ERROR;TGT_POS_ERROR;SRC_SLOT_ERROR -- 0.25%
POS_PAIR_ERROR;SRC_SLOT_ERROR;TGT_SLOT_ERROR -- 0.43%
PARADIGM_ERROR;SRC_SLOT_ERROR;TGT_SLOT_ERROR -- 0.25%
SRC_LEXICAL_ERROR;TGT_LEXICAL_ERROR -- 1.23%
PARADIGM_ERROR;TGT_SLOT_ERROR -- 0.89%
POS_PAIR_ERROR;SRC_POS_ERROR;SRC_SLOT_ERROR;TGT_SLOT_ERROR -- 0.28%
POS_PAIR_ERROR;SRC_POS_ERROR;SRC_SLOT_ERROR -- 0.18%
TGT_LEXICAL_ERROR;SRC_SLOT_ERROR -- 0.15%
POS_PAIR_ERROR;TGT_POS_ERROR;SRC_SLOT_ERROR -- 0.15%
POS_PAIR_ERROR;TGT_POS_ERROR;SRC_SLOT_ERROR;TGT_SLOT_ERROR -- 0.28%
TGT_POS_ERROR -- 0.12%
POS_PAIR_ERROR;SRC_POS_ERROR;TGT_SLOT_ERROR -- 0.15%
POS_PAIR_ERROR;TGT_POS_ERROR -- 0.09%
POS_PAIR_ERROR;SRC_POS_ERROR -- 0.09%
POS_PAIR_ERROR;SRC_POS_ERROR;TGT_POS_ERROR;TGT_SLOT_ERROR -- 0.25%
POS_PAIR_ERROR;TGT_POS_ERROR;TGT_SLOT_ERROR -- 0.18%
POS_PAIR_ERROR;SRC_SLOT_ERROR -- 0.4%
POS_PAIR_ERROR;SRC_POS_ERROR;TGT_POS_ERROR -- 0.06%
SRC_LEXICAL_ERROR;TGT_SLOT_ERROR -- 0.15%
Writing 3251 total samples to data/sampled/MSD-reinflection-resampled-leave-one-out/POS_ERROR;SLOT_ERROR/isl_sampled.tsv
