Removing ('LEXICAL_ERROR;SLOT_ERROR',) from the dataset
POS_PAIR_ERROR -- 7.32%
C -- 46.49%
SRC_POS_ERROR;TGT_POS_ERROR -- 1.09%
TGT_SLOT_ERROR -- 8.54%
SRC_POS_ERROR;TGT_POS_ERROR;SRC_SLOT_ERROR;TGT_SLOT_ERROR -- 13.82%
SRC_POS_ERROR;TGT_POS_ERROR;SRC_SLOT_ERROR -- 0.85%
SRC_SLOT_ERROR;TGT_SLOT_ERROR -- 10.4%
SRC_LEXICAL_ERROR -- 3.39%
POS_PAIR_ERROR;TGT_SLOT_ERROR -- 0.34%
SRC_POS_ERROR -- 0.1%
SRC_POS_ERROR;TGT_POS_ERROR;TGT_SLOT_ERROR -- 0.85%
PARADIGM_ERROR -- 0.88%
TGT_LEXICAL_ERROR -- 0.1%
TGT_POS_ERROR;SRC_SLOT_ERROR;TGT_SLOT_ERROR -- 0.16%
PARADIGM_ERROR;SRC_SLOT_ERROR -- 0.75%
POS_PAIR_ERROR;SRC_POS_ERROR;TGT_POS_ERROR;SRC_SLOT_ERROR -- 0.21%
POS_PAIR_ERROR;SRC_SLOT_ERROR;TGT_SLOT_ERROR -- 0.36%
PARADIGM_ERROR;SRC_SLOT_ERROR;TGT_SLOT_ERROR -- 0.21%
SRC_LEXICAL_ERROR;TGT_LEXICAL_ERROR -- 1.03%
PARADIGM_ERROR;TGT_SLOT_ERROR -- 0.75%
TGT_POS_ERROR;SRC_SLOT_ERROR -- 0.13%
POS_PAIR_ERROR;SRC_POS_ERROR;SRC_SLOT_ERROR;TGT_SLOT_ERROR -- 0.23%
POS_PAIR_ERROR;SRC_POS_ERROR;SRC_SLOT_ERROR -- 0.16%
SRC_POS_ERROR;TGT_SLOT_ERROR -- 0.13%
POS_PAIR_ERROR;TGT_POS_ERROR;SRC_SLOT_ERROR -- 0.13%
POS_PAIR_ERROR;TGT_POS_ERROR;SRC_SLOT_ERROR;TGT_SLOT_ERROR -- 0.23%
SRC_POS_ERROR;SRC_SLOT_ERROR;TGT_SLOT_ERROR -- 0.16%
TGT_POS_ERROR -- 0.1%
POS_PAIR_ERROR;SRC_POS_ERROR;TGT_SLOT_ERROR -- 0.13%
POS_PAIR_ERROR;TGT_POS_ERROR -- 0.08%
POS_PAIR_ERROR;SRC_POS_ERROR -- 0.08%
POS_PAIR_ERROR;SRC_POS_ERROR;TGT_POS_ERROR;TGT_SLOT_ERROR -- 0.21%
POS_PAIR_ERROR;TGT_POS_ERROR;TGT_SLOT_ERROR -- 0.16%
POS_PAIR_ERROR;SRC_SLOT_ERROR -- 0.34%
POS_PAIR_ERROR;SRC_POS_ERROR;TGT_POS_ERROR -- 0.05%
TGT_POS_ERROR;TGT_SLOT_ERROR -- 0.03%
SRC_POS_ERROR;SRC_SLOT_ERROR -- 0.03%
Writing 3865 total samples to data/sampled/MSD-reinflection-resampled-leave-one-out/LEXICAL_ERROR;SLOT_ERROR/isl_sampled.tsv
