Removing ('LEXICAL_ERROR;SLOT_ERROR',) from the dataset
POS_PAIR_ERROR;SRC_SLOT_ERROR;TGT_SLOT_ERROR -- 2.62%
C -- 36.94%
TGT_SLOT_ERROR -- 7.94%
POS_PAIR_ERROR;TGT_SLOT_ERROR -- 3.3%
SRC_SLOT_ERROR;TGT_SLOT_ERROR -- 4.55%
PARADIGM_ERROR;SRC_SLOT_ERROR -- 2.17%
PARADIGM_ERROR;SRC_SLOT_ERROR;TGT_SLOT_ERROR -- 1.27%
TGT_LEXICAL_ERROR -- 4.92%
POS_PAIR_ERROR -- 10.8%
SRC_POS_ERROR;TGT_POS_ERROR;SRC_SLOT_ERROR;TGT_SLOT_ERROR -- 8.49%
SRC_LEXICAL_ERROR -- 6.36%
PARADIGM_ERROR -- 1.66%
SRC_LEXICAL_ERROR;TGT_LEXICAL_ERROR -- 0.87%
PARADIGM_ERROR;TGT_SLOT_ERROR -- 2.17%
TGT_POS_ERROR;SRC_SLOT_ERROR;TGT_SLOT_ERROR -- 0.5%
POS_PAIR_ERROR;SRC_SLOT_ERROR -- 3.3%
SRC_POS_ERROR;TGT_POS_ERROR;TGT_SLOT_ERROR -- 0.2%
SRC_POS_ERROR;SRC_SLOT_ERROR;TGT_SLOT_ERROR -- 0.5%
SRC_POS_ERROR;TGT_POS_ERROR;SRC_SLOT_ERROR -- 0.2%
TGT_POS_ERROR;TGT_SLOT_ERROR -- 0.26%
POS_PAIR_ERROR;SRC_POS_ERROR;TGT_SLOT_ERROR -- 0.02%
SRC_POS_ERROR;SRC_SLOT_ERROR -- 0.26%
POS_PAIR_ERROR;SRC_POS_ERROR;SRC_SLOT_ERROR;TGT_SLOT_ERROR -- 0.15%
POS_PAIR_ERROR;SRC_POS_ERROR;TGT_POS_ERROR;TGT_SLOT_ERROR -- 0.04%
POS_PAIR_ERROR;TGT_POS_ERROR;SRC_SLOT_ERROR;TGT_SLOT_ERROR -- 0.15%
POS_PAIR_ERROR;TGT_POS_ERROR;TGT_SLOT_ERROR -- 0.09%
POS_PAIR_ERROR;SRC_POS_ERROR;TGT_POS_ERROR;SRC_SLOT_ERROR -- 0.04%
POS_PAIR_ERROR;SRC_POS_ERROR;SRC_SLOT_ERROR -- 0.09%
POS_PAIR_ERROR;TGT_POS_ERROR;SRC_SLOT_ERROR -- 0.02%
POS_PAIR_ERROR;SRC_POS_ERROR;TGT_POS_ERROR;SRC_SLOT_ERROR;TGT_SLOT_ERROR -- 0.09%
Writing 4572 total samples to data/sampled/MSD-reinflection-resampled-leave-one-out/LEXICAL_ERROR;SLOT_ERROR/swe_sampled.tsv
