Removing ('LEXICAL_ERROR',) from the dataset
C -- 70.27%
SRC_POS_ERROR;TGT_POS_ERROR;SRC_SLOT_ERROR;TGT_SLOT_ERROR -- 5.29%
TGT_SLOT_ERROR -- 6.95%
POS_PAIR_ERROR -- 6.65%
SRC_SLOT_ERROR;TGT_SLOT_ERROR -- 5.4%
POS_PAIR_ERROR;SRC_POS_ERROR;TGT_POS_ERROR;TGT_SLOT_ERROR -- 0.36%
POS_PAIR_ERROR;SRC_POS_ERROR;SRC_SLOT_ERROR;TGT_SLOT_ERROR -- 0.12%
POS_PAIR_ERROR;TGT_POS_ERROR -- 0.12%
TGT_POS_ERROR;TGT_SLOT_ERROR -- 0.21%
POS_PAIR_ERROR;SRC_SLOT_ERROR -- 0.11%
POS_PAIR_ERROR;SRC_SLOT_ERROR;TGT_SLOT_ERROR -- 0.39%
POS_PAIR_ERROR;SRC_POS_ERROR;SRC_SLOT_ERROR -- 0.27%
POS_PAIR_ERROR;TGT_POS_ERROR;TGT_SLOT_ERROR -- 0.27%
POS_PAIR_ERROR;SRC_POS_ERROR;TGT_SLOT_ERROR -- 0.23%
TGT_POS_ERROR;SRC_SLOT_ERROR;TGT_SLOT_ERROR -- 0.37%
PARADIGM_ERROR;TGT_SLOT_ERROR -- 0.21%
POS_PAIR_ERROR;TGT_POS_ERROR;SRC_SLOT_ERROR -- 0.23%
POS_PAIR_ERROR;TGT_POS_ERROR;SRC_SLOT_ERROR;TGT_SLOT_ERROR -- 0.12%
POS_PAIR_ERROR;SRC_POS_ERROR;TGT_POS_ERROR;SRC_SLOT_ERROR;TGT_SLOT_ERROR -- 0.36%
PARADIGM_ERROR;SRC_SLOT_ERROR;TGT_SLOT_ERROR -- 0.28%
POS_PAIR_ERROR;SRC_POS_ERROR;TGT_POS_ERROR -- 0.04%
SRC_POS_ERROR;SRC_SLOT_ERROR;TGT_SLOT_ERROR -- 0.37%
POS_PAIR_ERROR;SRC_POS_ERROR;TGT_POS_ERROR;SRC_SLOT_ERROR -- 0.36%
SRC_POS_ERROR;SRC_SLOT_ERROR -- 0.21%
TGT_LEXICAL_ERROR;SRC_SLOT_ERROR -- 0.05%
SRC_LEXICAL_ERROR;TGT_SLOT_ERROR -- 0.05%
PARADIGM_ERROR;SRC_SLOT_ERROR -- 0.21%
PARADIGM_ERROR -- 0.07%
SRC_POS_ERROR;TGT_POS_ERROR;TGT_SLOT_ERROR -- 0.04%
POS_PAIR_ERROR;SRC_POS_ERROR -- 0.12%
SRC_POS_ERROR;TGT_POS_ERROR -- 0.07%
SRC_POS_ERROR;TGT_POS_ERROR;SRC_SLOT_ERROR -- 0.04%
SRC_POS_ERROR -- 0.02%
POS_PAIR_ERROR;TGT_SLOT_ERROR -- 0.11%
TGT_POS_ERROR -- 0.02%
Writing 5628 total samples to data/sampled/MSD-reinflection-resampled-leave-one-out/LEXICAL_ERROR/deu_sampled.tsv
