Removing ('LEXICAL_ERROR',) from the dataset
POS_PAIR_ERROR -- 7.65%
C -- 48.57%
SRC_POS_ERROR;TGT_POS_ERROR -- 1.14%
TGT_SLOT_ERROR -- 8.92%
SRC_POS_ERROR;TGT_POS_ERROR;SRC_SLOT_ERROR;TGT_SLOT_ERROR -- 14.43%
SRC_POS_ERROR;TGT_POS_ERROR;SRC_SLOT_ERROR -- 0.89%
SRC_SLOT_ERROR;TGT_SLOT_ERROR -- 10.86%
POS_PAIR_ERROR;TGT_SLOT_ERROR -- 0.35%
SRC_POS_ERROR -- 0.11%
SRC_POS_ERROR;TGT_POS_ERROR;TGT_SLOT_ERROR -- 0.89%
PARADIGM_ERROR -- 0.92%
TGT_POS_ERROR;SRC_SLOT_ERROR;TGT_SLOT_ERROR -- 0.16%
PARADIGM_ERROR;SRC_SLOT_ERROR -- 0.78%
POS_PAIR_ERROR;SRC_POS_ERROR;TGT_POS_ERROR;SRC_SLOT_ERROR -- 0.22%
POS_PAIR_ERROR;SRC_SLOT_ERROR;TGT_SLOT_ERROR -- 0.38%
PARADIGM_ERROR;SRC_SLOT_ERROR;TGT_SLOT_ERROR -- 0.22%
PARADIGM_ERROR;TGT_SLOT_ERROR -- 0.78%
TGT_POS_ERROR;SRC_SLOT_ERROR -- 0.14%
POS_PAIR_ERROR;SRC_POS_ERROR;SRC_SLOT_ERROR;TGT_SLOT_ERROR -- 0.24%
POS_PAIR_ERROR;SRC_POS_ERROR;SRC_SLOT_ERROR -- 0.16%
TGT_LEXICAL_ERROR;SRC_SLOT_ERROR -- 0.14%
SRC_POS_ERROR;TGT_SLOT_ERROR -- 0.14%
POS_PAIR_ERROR;TGT_POS_ERROR;SRC_SLOT_ERROR -- 0.14%
POS_PAIR_ERROR;TGT_POS_ERROR;SRC_SLOT_ERROR;TGT_SLOT_ERROR -- 0.24%
SRC_POS_ERROR;SRC_SLOT_ERROR;TGT_SLOT_ERROR -- 0.16%
TGT_POS_ERROR -- 0.11%
POS_PAIR_ERROR;SRC_POS_ERROR;TGT_SLOT_ERROR -- 0.14%
POS_PAIR_ERROR;TGT_POS_ERROR -- 0.08%
POS_PAIR_ERROR;SRC_POS_ERROR -- 0.08%
POS_PAIR_ERROR;SRC_POS_ERROR;TGT_POS_ERROR;TGT_SLOT_ERROR -- 0.22%
POS_PAIR_ERROR;TGT_POS_ERROR;TGT_SLOT_ERROR -- 0.16%
POS_PAIR_ERROR;SRC_SLOT_ERROR -- 0.35%
POS_PAIR_ERROR;SRC_POS_ERROR;TGT_POS_ERROR -- 0.05%
TGT_POS_ERROR;TGT_SLOT_ERROR -- 0.03%
SRC_LEXICAL_ERROR;TGT_SLOT_ERROR -- 0.14%
SRC_POS_ERROR;SRC_SLOT_ERROR -- 0.03%
Writing 3700 total samples to data/sampled/MSD-reinflection-resampled-leave-one-out/LEXICAL_ERROR/isl_sampled.tsv
