Removing ('LEXICAL_ERROR',) from the dataset
POS_PAIR_ERROR;SRC_SLOT_ERROR;TGT_SLOT_ERROR -- 2.89%
C -- 40.72%
TGT_SLOT_ERROR -- 8.75%
POS_PAIR_ERROR;TGT_SLOT_ERROR -- 3.64%
SRC_SLOT_ERROR;TGT_SLOT_ERROR -- 5.01%
PARADIGM_ERROR;SRC_SLOT_ERROR -- 2.39%
TGT_LEXICAL_ERROR;SRC_SLOT_ERROR -- 1.59%
PARADIGM_ERROR;SRC_SLOT_ERROR;TGT_SLOT_ERROR -- 1.4%
POS_PAIR_ERROR -- 11.91%
SRC_POS_ERROR;TGT_POS_ERROR;SRC_SLOT_ERROR;TGT_SLOT_ERROR -- 9.35%
PARADIGM_ERROR -- 1.83%
PARADIGM_ERROR;TGT_SLOT_ERROR -- 2.39%
TGT_POS_ERROR;SRC_SLOT_ERROR;TGT_SLOT_ERROR -- 0.55%
SRC_LEXICAL_ERROR;TGT_SLOT_ERROR -- 1.59%
POS_PAIR_ERROR;SRC_SLOT_ERROR -- 3.64%
SRC_POS_ERROR;TGT_POS_ERROR;TGT_SLOT_ERROR -- 0.22%
SRC_POS_ERROR;SRC_SLOT_ERROR;TGT_SLOT_ERROR -- 0.55%
SRC_POS_ERROR;TGT_POS_ERROR;SRC_SLOT_ERROR -- 0.22%
TGT_POS_ERROR;TGT_SLOT_ERROR -- 0.29%
POS_PAIR_ERROR;SRC_POS_ERROR;TGT_SLOT_ERROR -- 0.02%
SRC_POS_ERROR;SRC_SLOT_ERROR -- 0.29%
POS_PAIR_ERROR;SRC_POS_ERROR;SRC_SLOT_ERROR;TGT_SLOT_ERROR -- 0.17%
POS_PAIR_ERROR;SRC_POS_ERROR;TGT_POS_ERROR;TGT_SLOT_ERROR -- 0.05%
POS_PAIR_ERROR;TGT_POS_ERROR;SRC_SLOT_ERROR;TGT_SLOT_ERROR -- 0.17%
POS_PAIR_ERROR;TGT_POS_ERROR;TGT_SLOT_ERROR -- 0.1%
POS_PAIR_ERROR;SRC_POS_ERROR;TGT_POS_ERROR;SRC_SLOT_ERROR -- 0.05%
POS_PAIR_ERROR;SRC_POS_ERROR;SRC_SLOT_ERROR -- 0.1%
POS_PAIR_ERROR;TGT_POS_ERROR;SRC_SLOT_ERROR -- 0.02%
POS_PAIR_ERROR;SRC_POS_ERROR;TGT_POS_ERROR;SRC_SLOT_ERROR;TGT_SLOT_ERROR -- 0.1%
Writing 4148 total samples to data/sampled/MSD-reinflection-resampled-leave-one-out/LEXICAL_ERROR/swe_sampled.tsv
