Removing ('LEXICAL_ERROR',) from the dataset
SRC_POS_ERROR;TGT_POS_ERROR;SRC_SLOT_ERROR;TGT_SLOT_ERROR -- 3.04%
C -- 55.25%
SRC_SLOT_ERROR;TGT_SLOT_ERROR -- 18.91%
PARADIGM_ERROR -- 5.18%
TGT_SLOT_ERROR -- 10.68%
POS_PAIR_ERROR;SRC_POS_ERROR;SRC_SLOT_ERROR;TGT_SLOT_ERROR -- 0.1%
POS_PAIR_ERROR;SRC_SLOT_ERROR;TGT_SLOT_ERROR -- 0.51%
POS_PAIR_ERROR -- 2.47%
PARADIGM_ERROR;TGT_SLOT_ERROR -- 0.49%
POS_PAIR_ERROR;TGT_SLOT_ERROR -- 0.5%
POS_PAIR_ERROR;TGT_POS_ERROR -- 0.14%
TGT_POS_ERROR;SRC_SLOT_ERROR;TGT_SLOT_ERROR -- 0.31%
SRC_POS_ERROR;SRC_SLOT_ERROR;TGT_SLOT_ERROR -- 0.31%
PARADIGM_ERROR;SRC_SLOT_ERROR;TGT_SLOT_ERROR -- 0.38%
POS_PAIR_ERROR;TGT_POS_ERROR;SRC_SLOT_ERROR;TGT_SLOT_ERROR -- 0.1%
PARADIGM_ERROR;SRC_SLOT_ERROR -- 0.49%
POS_PAIR_ERROR;SRC_POS_ERROR;TGT_SLOT_ERROR -- 0.08%
POS_PAIR_ERROR;SRC_SLOT_ERROR -- 0.5%
POS_PAIR_ERROR;TGT_POS_ERROR;SRC_SLOT_ERROR -- 0.08%
SRC_POS_ERROR;TGT_POS_ERROR -- 0.05%
SRC_POS_ERROR;SRC_SLOT_ERROR -- 0.06%
POS_PAIR_ERROR;SRC_POS_ERROR -- 0.14%
SRC_LEXICAL_ERROR;TGT_SLOT_ERROR -- 0.03%
TGT_POS_ERROR;TGT_SLOT_ERROR -- 0.06%
SRC_POS_ERROR;TGT_POS_ERROR;SRC_SLOT_ERROR -- 0.05%
TGT_LEXICAL_ERROR;SRC_SLOT_ERROR -- 0.03%
SRC_POS_ERROR;TGT_POS_ERROR;TGT_SLOT_ERROR -- 0.05%
Writing 13020 total samples to data/sampled/MSD-reinflection-resampled-leave-one-out/LEXICAL_ERROR/rus_sampled.tsv
