Loaded 24958 annotations
Filtering UNK/ERR annotations
Removed 21083, (84.47%) samples (due to Apertium analysis errors, unknown analyses, or invalid MSDs)
Found 185 lexical errors
Removing ('POS_ERROR',) from the dataset
('C',)
('SRC_LEXICAL_ERROR',)
('PARADIGM_ERROR',)
('PARADIGM_ERROR', 'TGT_SLOT_ERROR')
('TGT_SLOT_ERROR',)
('PARADIGM_ERROR', 'SRC_SLOT_ERROR')
('SRC_SLOT_ERROR', 'TGT_SLOT_ERROR')
('PARADIGM_ERROR', 'SRC_SLOT_ERROR', 'TGT_SLOT_ERROR')
('POS_PAIR_ERROR',)
('SRC_POS_ERROR', 'TGT_POS_ERROR', 'SRC_SLOT_ERROR', 'TGT_SLOT_ERROR')
('SRC_POS_ERROR', 'TGT_POS_ERROR')
Ignoring data for ('POS_ERROR',)...
('SRC_POS_ERROR', 'TGT_POS_ERROR', 'SRC_SLOT_ERROR')
('SRC_POS_ERROR', 'TGT_POS_ERROR', 'TGT_SLOT_ERROR')
('POS_PAIR_ERROR', 'SRC_SLOT_ERROR')
('TGT_LEXICAL_ERROR', 'SRC_SLOT_ERROR')
('TGT_LEXICAL_ERROR',)
('POS_PAIR_ERROR', 'TGT_SLOT_ERROR')
('SRC_LEXICAL_ERROR', 'TGT_SLOT_ERROR')
('POS_PAIR_ERROR', 'SRC_POS_ERROR', 'SRC_SLOT_ERROR', 'TGT_SLOT_ERROR')
('POS_PAIR_ERROR', 'TGT_POS_ERROR', 'SRC_SLOT_ERROR', 'TGT_SLOT_ERROR')
('SRC_LEXICAL_ERROR', 'TGT_LEXICAL_ERROR')
('POS_PAIR_ERROR', 'TGT_POS_ERROR', 'SRC_SLOT_ERROR')
('POS_PAIR_ERROR', 'SRC_POS_ERROR', 'TGT_SLOT_ERROR')
('POS_PAIR_ERROR', 'SRC_POS_ERROR', 'TGT_POS_ERROR', 'TGT_SLOT_ERROR')
('POS_PAIR_ERROR', 'SRC_POS_ERROR', 'TGT_POS_ERROR', 'SRC_SLOT_ERROR')
('POS_PAIR_ERROR', 'SRC_SLOT_ERROR', 'TGT_SLOT_ERROR')
('TGT_POS_ERROR',)
Ignoring data for ('POS_ERROR',)...
('SRC_POS_ERROR',)
Ignoring data for ('POS_ERROR',)...
('SRC_POS_ERROR', 'TGT_SLOT_ERROR')
('TGT_POS_ERROR', 'SRC_SLOT_ERROR')
('POS_PAIR_ERROR', 'TGT_POS_ERROR', 'TGT_SLOT_ERROR')
('POS_PAIR_ERROR', 'SRC_POS_ERROR', 'SRC_SLOT_ERROR')
('SRC_POS_ERROR', 'SRC_SLOT_ERROR', 'TGT_SLOT_ERROR')
('TGT_POS_ERROR', 'SRC_SLOT_ERROR', 'TGT_SLOT_ERROR')
('POS_PAIR_ERROR', 'TGT_POS_ERROR')
('POS_PAIR_ERROR', 'SRC_POS_ERROR')
('SRC_POS_ERROR', 'SRC_SLOT_ERROR')
('TGT_POS_ERROR', 'TGT_SLOT_ERROR')
('POS_PAIR_ERROR', 'SRC_POS_ERROR', 'TGT_POS_ERROR')

 Existing samples distribution:
('C',) --- 1797 (46.98%)
('SRC_LEXICAL_ERROR',) --- 131 (3.42%)
('PARADIGM_ERROR',) --- 34 (0.89%)
('PARADIGM_ERROR', 'TGT_SLOT_ERROR') --- 29 (0.76%)
('TGT_SLOT_ERROR',) --- 330 (8.63%)
('PARADIGM_ERROR', 'SRC_SLOT_ERROR') --- 29 (0.76%)
('SRC_SLOT_ERROR', 'TGT_SLOT_ERROR') --- 402 (10.51%)
('PARADIGM_ERROR', 'SRC_SLOT_ERROR', 'TGT_SLOT_ERROR') --- 8 (0.21%)
('POS_PAIR_ERROR',) --- 283 (7.4%)
('SRC_POS_ERROR', 'TGT_POS_ERROR', 'SRC_SLOT_ERROR', 'TGT_SLOT_ERROR') --- 534 (13.96%)
('SRC_POS_ERROR', 'TGT_POS_ERROR', 'SRC_SLOT_ERROR') --- 33 (0.86%)
('SRC_POS_ERROR', 'TGT_POS_ERROR', 'TGT_SLOT_ERROR') --- 33 (0.86%)
('POS_PAIR_ERROR', 'SRC_SLOT_ERROR') --- 13 (0.34%)
('TGT_LEXICAL_ERROR', 'SRC_SLOT_ERROR') --- 5 (0.13%)
('TGT_LEXICAL_ERROR',) --- 4 (0.1%)
('POS_PAIR_ERROR', 'TGT_SLOT_ERROR') --- 13 (0.34%)
('SRC_LEXICAL_ERROR', 'TGT_SLOT_ERROR') --- 5 (0.13%)
('POS_PAIR_ERROR', 'SRC_POS_ERROR', 'SRC_SLOT_ERROR', 'TGT_SLOT_ERROR') --- 9 (0.24%)
('POS_PAIR_ERROR', 'TGT_POS_ERROR', 'SRC_SLOT_ERROR', 'TGT_SLOT_ERROR') --- 9 (0.24%)
('SRC_LEXICAL_ERROR', 'TGT_LEXICAL_ERROR') --- 40 (1.05%)
('POS_PAIR_ERROR', 'TGT_POS_ERROR', 'SRC_SLOT_ERROR') --- 5 (0.13%)
('POS_PAIR_ERROR', 'SRC_POS_ERROR', 'TGT_SLOT_ERROR') --- 5 (0.13%)
('POS_PAIR_ERROR', 'SRC_POS_ERROR', 'TGT_POS_ERROR', 'TGT_SLOT_ERROR') --- 8 (0.21%)
('POS_PAIR_ERROR', 'SRC_POS_ERROR', 'TGT_POS_ERROR', 'SRC_SLOT_ERROR') --- 8 (0.21%)
('POS_PAIR_ERROR', 'SRC_SLOT_ERROR', 'TGT_SLOT_ERROR') --- 14 (0.37%)
('SRC_POS_ERROR', 'TGT_SLOT_ERROR') --- 5 (0.13%)
('TGT_POS_ERROR', 'SRC_SLOT_ERROR') --- 5 (0.13%)
('POS_PAIR_ERROR', 'TGT_POS_ERROR', 'TGT_SLOT_ERROR') --- 6 (0.16%)
('POS_PAIR_ERROR', 'SRC_POS_ERROR', 'SRC_SLOT_ERROR') --- 6 (0.16%)
('SRC_POS_ERROR', 'SRC_SLOT_ERROR', 'TGT_SLOT_ERROR') --- 6 (0.16%)
('TGT_POS_ERROR', 'SRC_SLOT_ERROR', 'TGT_SLOT_ERROR') --- 6 (0.16%)
('POS_PAIR_ERROR', 'TGT_POS_ERROR') --- 3 (0.08%)
('POS_PAIR_ERROR', 'SRC_POS_ERROR') --- 3 (0.08%)
('SRC_POS_ERROR', 'SRC_SLOT_ERROR') --- 1 (0.03%)
('TGT_POS_ERROR', 'TGT_SLOT_ERROR') --- 1 (0.03%)
('POS_PAIR_ERROR', 'SRC_POS_ERROR', 'TGT_POS_ERROR') --- 2 (0.05%)
Summarizing sampled data...
3825 total samples

Found 1112 (29.07%) samples with an MSD that does not actually occur in UniMorph
Invalid tags:
{'PRN;INDF;ACC;PL', 'V.PTCP;PST;ACC;PL', 'ADJ;ACC;PL', 'V.PTCP;PST;GEN;SG', 'V.PTCP;PST;NOM;SG', 'V.PTCP;PST;DAT;PL', 'ADJ;ACC;SG', 'ADJ;NOM;PL', 'ADJ;NOM;SG', 'PRN;INDF;GEN;SG', 'PRN;INDF;ACC;SG', 'V.PTCP;PST;ACC;SG'}

Output dataset full fine-grained annotation distribution:
C -- 1797 (46.98%)
SRC_POS_ERROR;TGT_POS_ERROR;SRC_SLOT_ERROR;TGT_SLOT_ERROR -- 534 (13.96%)
SRC_SLOT_ERROR;TGT_SLOT_ERROR -- 402 (10.51%)
TGT_SLOT_ERROR -- 330 (8.63%)
POS_PAIR_ERROR -- 283 (7.4%)
SRC_LEXICAL_ERROR -- 131 (3.42%)
SRC_LEXICAL_ERROR;TGT_LEXICAL_ERROR -- 40 (1.05%)
PARADIGM_ERROR -- 34 (0.89%)
SRC_POS_ERROR;TGT_POS_ERROR;SRC_SLOT_ERROR -- 33 (0.86%)
SRC_POS_ERROR;TGT_POS_ERROR;TGT_SLOT_ERROR -- 33 (0.86%)
PARADIGM_ERROR;TGT_SLOT_ERROR -- 29 (0.76%)
PARADIGM_ERROR;SRC_SLOT_ERROR -- 29 (0.76%)
POS_PAIR_ERROR;SRC_SLOT_ERROR;TGT_SLOT_ERROR -- 14 (0.37%)
POS_PAIR_ERROR;SRC_SLOT_ERROR -- 13 (0.34%)
POS_PAIR_ERROR;TGT_SLOT_ERROR -- 13 (0.34%)
POS_PAIR_ERROR;SRC_POS_ERROR;SRC_SLOT_ERROR;TGT_SLOT_ERROR -- 9 (0.24%)
POS_PAIR_ERROR;TGT_POS_ERROR;SRC_SLOT_ERROR;TGT_SLOT_ERROR -- 9 (0.24%)
PARADIGM_ERROR;SRC_SLOT_ERROR;TGT_SLOT_ERROR -- 8 (0.21%)
POS_PAIR_ERROR;SRC_POS_ERROR;TGT_POS_ERROR;TGT_SLOT_ERROR -- 8 (0.21%)
POS_PAIR_ERROR;SRC_POS_ERROR;TGT_POS_ERROR;SRC_SLOT_ERROR -- 8 (0.21%)
POS_PAIR_ERROR;TGT_POS_ERROR;TGT_SLOT_ERROR -- 6 (0.16%)
POS_PAIR_ERROR;SRC_POS_ERROR;SRC_SLOT_ERROR -- 6 (0.16%)
SRC_POS_ERROR;SRC_SLOT_ERROR;TGT_SLOT_ERROR -- 6 (0.16%)
TGT_POS_ERROR;SRC_SLOT_ERROR;TGT_SLOT_ERROR -- 6 (0.16%)
TGT_LEXICAL_ERROR;SRC_SLOT_ERROR -- 5 (0.13%)
SRC_LEXICAL_ERROR;TGT_SLOT_ERROR -- 5 (0.13%)
POS_PAIR_ERROR;TGT_POS_ERROR;SRC_SLOT_ERROR -- 5 (0.13%)
POS_PAIR_ERROR;SRC_POS_ERROR;TGT_SLOT_ERROR -- 5 (0.13%)
SRC_POS_ERROR;TGT_SLOT_ERROR -- 5 (0.13%)
TGT_POS_ERROR;SRC_SLOT_ERROR -- 5 (0.13%)
TGT_LEXICAL_ERROR -- 4 (0.1%)
POS_PAIR_ERROR;TGT_POS_ERROR -- 3 (0.08%)
POS_PAIR_ERROR;SRC_POS_ERROR -- 3 (0.08%)
POS_PAIR_ERROR;SRC_POS_ERROR;TGT_POS_ERROR -- 2 (0.05%)
SRC_POS_ERROR;SRC_SLOT_ERROR -- 1 (0.03%)
TGT_POS_ERROR;TGT_SLOT_ERROR -- 1 (0.03%)

Output dataset percents of each coarse grained tag
C -- 1797 (46.98%)
SLOT_ERROR -- 732 (19.14%)
POS_ERROR;SLOT_ERROR -- 624 (16.31%)
POS_PAIR_ERROR -- 283 (7.4%)
LEXICAL_ERROR -- 175 (4.58%)
PARADIGM_ERROR;SLOT_ERROR -- 66 (1.73%)
POS_ERROR;POS_PAIR_ERROR;SLOT_ERROR -- 56 (1.46%)
POS_PAIR_ERROR;SLOT_ERROR -- 40 (1.05%)
PARADIGM_ERROR -- 34 (0.89%)
LEXICAL_ERROR;SLOT_ERROR -- 10 (0.26%)
POS_ERROR;POS_PAIR_ERROR -- 8 (0.21%)

Distribution of parts of speech in sampled data:
V -- 3414 (44.63%)
V.PTCP -- 823 (10.76%)
N -- 2957 (38.65%)
V.CVB -- 77 (1.01%)
ADJ -- 243 (3.18%)
PRN -- 136 (1.78%)
Writing 3825 total samples to data/sampled/leave-one-out/POS_ERROR/isl_sampled.tsv
