Loaded 105492 annotations
Filtering UNK/ERR annotations
Removed 92341, (87.53%) samples (due to Apertium analysis errors, unknown analyses, or invalid MSDs)
Found 139 lexical errors
Removing ('POS_ERROR',) from the dataset
('C',)
('TGT_SLOT_ERROR',)
('POS_PAIR_ERROR',)
('PARADIGM_ERROR', 'SRC_SLOT_ERROR')
('PARADIGM_ERROR', 'SRC_SLOT_ERROR', 'TGT_SLOT_ERROR')
('PARADIGM_ERROR', 'TGT_SLOT_ERROR')
('SRC_SLOT_ERROR', 'TGT_SLOT_ERROR')
('POS_PAIR_ERROR', 'SRC_SLOT_ERROR')
('POS_PAIR_ERROR', 'TGT_SLOT_ERROR')
('PARADIGM_ERROR',)
('POS_PAIR_ERROR', 'SRC_SLOT_ERROR', 'TGT_SLOT_ERROR')
('POS_PAIR_ERROR', 'SRC_POS_ERROR', 'TGT_SLOT_ERROR')
('POS_PAIR_ERROR', 'TGT_POS_ERROR', 'SRC_SLOT_ERROR')
('POS_PAIR_ERROR', 'SRC_POS_ERROR')
('POS_PAIR_ERROR', 'TGT_POS_ERROR')
('TGT_LEXICAL_ERROR',)
('SRC_LEXICAL_ERROR',)
('TGT_LEXICAL_ERROR', 'SRC_SLOT_ERROR')
('SRC_LEXICAL_ERROR', 'TGT_SLOT_ERROR')
('SRC_LEXICAL_ERROR', 'TGT_LEXICAL_ERROR')
('SRC_POS_ERROR', 'TGT_POS_ERROR', 'TGT_SLOT_ERROR')
('SRC_POS_ERROR', 'TGT_POS_ERROR', 'SRC_SLOT_ERROR')
('SRC_POS_ERROR', 'TGT_POS_ERROR', 'SRC_SLOT_ERROR', 'TGT_SLOT_ERROR')
('TGT_POS_ERROR', 'SRC_SLOT_ERROR', 'TGT_SLOT_ERROR')
('SRC_POS_ERROR', 'SRC_SLOT_ERROR', 'TGT_SLOT_ERROR')
('SRC_POS_ERROR', 'SRC_SLOT_ERROR')
('TGT_POS_ERROR', 'TGT_SLOT_ERROR')
('SRC_POS_ERROR', 'TGT_POS_ERROR')
Ignoring data for ('POS_ERROR',)...
('POS_PAIR_ERROR', 'SRC_POS_ERROR', 'SRC_SLOT_ERROR', 'TGT_SLOT_ERROR')
('POS_PAIR_ERROR', 'TGT_POS_ERROR', 'SRC_SLOT_ERROR', 'TGT_SLOT_ERROR')

 Existing samples distribution:
('C',) --- 7194 (54.73%)
('TGT_SLOT_ERROR',) --- 1390 (10.57%)
('POS_PAIR_ERROR',) --- 322 (2.45%)
('PARADIGM_ERROR', 'SRC_SLOT_ERROR') --- 64 (0.49%)
('PARADIGM_ERROR', 'SRC_SLOT_ERROR', 'TGT_SLOT_ERROR') --- 50 (0.38%)
('PARADIGM_ERROR', 'TGT_SLOT_ERROR') --- 64 (0.49%)
('SRC_SLOT_ERROR', 'TGT_SLOT_ERROR') --- 2462 (18.73%)
('POS_PAIR_ERROR', 'SRC_SLOT_ERROR') --- 65 (0.49%)
('POS_PAIR_ERROR', 'TGT_SLOT_ERROR') --- 65 (0.49%)
('PARADIGM_ERROR',) --- 674 (5.13%)
('POS_PAIR_ERROR', 'SRC_SLOT_ERROR', 'TGT_SLOT_ERROR') --- 66 (0.5%)
('POS_PAIR_ERROR', 'SRC_POS_ERROR', 'TGT_SLOT_ERROR') --- 11 (0.08%)
('POS_PAIR_ERROR', 'TGT_POS_ERROR', 'SRC_SLOT_ERROR') --- 11 (0.08%)
('POS_PAIR_ERROR', 'SRC_POS_ERROR') --- 18 (0.14%)
('POS_PAIR_ERROR', 'TGT_POS_ERROR') --- 18 (0.14%)
('TGT_LEXICAL_ERROR',) --- 14 (0.11%)
('SRC_LEXICAL_ERROR',) --- 99 (0.75%)
('TGT_LEXICAL_ERROR', 'SRC_SLOT_ERROR') --- 4 (0.03%)
('SRC_LEXICAL_ERROR', 'TGT_SLOT_ERROR') --- 4 (0.03%)
('SRC_LEXICAL_ERROR', 'TGT_LEXICAL_ERROR') --- 18 (0.14%)
('SRC_POS_ERROR', 'TGT_POS_ERROR', 'TGT_SLOT_ERROR') --- 7 (0.05%)
('SRC_POS_ERROR', 'TGT_POS_ERROR', 'SRC_SLOT_ERROR') --- 7 (0.05%)
('SRC_POS_ERROR', 'TGT_POS_ERROR', 'SRC_SLOT_ERROR', 'TGT_SLOT_ERROR') --- 396 (3.01%)
('TGT_POS_ERROR', 'SRC_SLOT_ERROR', 'TGT_SLOT_ERROR') --- 40 (0.3%)
('SRC_POS_ERROR', 'SRC_SLOT_ERROR', 'TGT_SLOT_ERROR') --- 40 (0.3%)
('SRC_POS_ERROR', 'SRC_SLOT_ERROR') --- 8 (0.06%)
('TGT_POS_ERROR', 'TGT_SLOT_ERROR') --- 8 (0.06%)
('POS_PAIR_ERROR', 'SRC_POS_ERROR', 'SRC_SLOT_ERROR', 'TGT_SLOT_ERROR') --- 13 (0.1%)
('POS_PAIR_ERROR', 'TGT_POS_ERROR', 'SRC_SLOT_ERROR', 'TGT_SLOT_ERROR') --- 13 (0.1%)
Summarizing sampled data...
13145 total samples

Found 2260 (17.19%) samples with an MSD that does not actually occur in UniMorph
Invalid tags:
{'V.CVB', 'V;2;PL', 'PRN;INS;3;SG', 'NUM;NOM;PL', 'ADJ;ACC;PL', 'PRN;NOM;3;SG', 'ADJ;ACC;MASC;SG', 'NUM;GEN;PL', 'V;IMP;1;PL', 'PRN;DAT;SG', 'PRN;NOM;2;SG', 'DET;ACC;PL', 'DET;PL', 'DET;NOM;SG', 'PRN;DAT;3;SG', 'PRN;ACC;3;SG'}

Output dataset full fine-grained annotation distribution:
C -- 7194 (54.73%)
SRC_SLOT_ERROR;TGT_SLOT_ERROR -- 2462 (18.73%)
TGT_SLOT_ERROR -- 1390 (10.57%)
PARADIGM_ERROR -- 674 (5.13%)
SRC_POS_ERROR;TGT_POS_ERROR;SRC_SLOT_ERROR;TGT_SLOT_ERROR -- 396 (3.01%)
POS_PAIR_ERROR -- 322 (2.45%)
SRC_LEXICAL_ERROR -- 99 (0.75%)
POS_PAIR_ERROR;SRC_SLOT_ERROR;TGT_SLOT_ERROR -- 66 (0.5%)
POS_PAIR_ERROR;SRC_SLOT_ERROR -- 65 (0.49%)
POS_PAIR_ERROR;TGT_SLOT_ERROR -- 65 (0.49%)
PARADIGM_ERROR;SRC_SLOT_ERROR -- 64 (0.49%)
PARADIGM_ERROR;TGT_SLOT_ERROR -- 64 (0.49%)
PARADIGM_ERROR;SRC_SLOT_ERROR;TGT_SLOT_ERROR -- 50 (0.38%)
TGT_POS_ERROR;SRC_SLOT_ERROR;TGT_SLOT_ERROR -- 40 (0.3%)
SRC_POS_ERROR;SRC_SLOT_ERROR;TGT_SLOT_ERROR -- 40 (0.3%)
POS_PAIR_ERROR;SRC_POS_ERROR -- 18 (0.14%)
POS_PAIR_ERROR;TGT_POS_ERROR -- 18 (0.14%)
SRC_LEXICAL_ERROR;TGT_LEXICAL_ERROR -- 18 (0.14%)
TGT_LEXICAL_ERROR -- 14 (0.11%)
POS_PAIR_ERROR;SRC_POS_ERROR;SRC_SLOT_ERROR;TGT_SLOT_ERROR -- 13 (0.1%)
POS_PAIR_ERROR;TGT_POS_ERROR;SRC_SLOT_ERROR;TGT_SLOT_ERROR -- 13 (0.1%)
POS_PAIR_ERROR;SRC_POS_ERROR;TGT_SLOT_ERROR -- 11 (0.08%)
POS_PAIR_ERROR;TGT_POS_ERROR;SRC_SLOT_ERROR -- 11 (0.08%)
SRC_POS_ERROR;SRC_SLOT_ERROR -- 8 (0.06%)
TGT_POS_ERROR;TGT_SLOT_ERROR -- 8 (0.06%)
SRC_POS_ERROR;TGT_POS_ERROR;TGT_SLOT_ERROR -- 7 (0.05%)
SRC_POS_ERROR;TGT_POS_ERROR;SRC_SLOT_ERROR -- 7 (0.05%)
TGT_LEXICAL_ERROR;SRC_SLOT_ERROR -- 4 (0.03%)
SRC_LEXICAL_ERROR;TGT_SLOT_ERROR -- 4 (0.03%)

Output dataset percents of each coarse grained tag
C -- 7194 (54.73%)
SLOT_ERROR -- 3852 (29.3%)
PARADIGM_ERROR -- 674 (5.13%)
POS_ERROR;SLOT_ERROR -- 506 (3.85%)
POS_PAIR_ERROR -- 322 (2.45%)
POS_PAIR_ERROR;SLOT_ERROR -- 196 (1.49%)
PARADIGM_ERROR;SLOT_ERROR -- 178 (1.35%)
LEXICAL_ERROR -- 131 (1.0%)
POS_ERROR;POS_PAIR_ERROR;SLOT_ERROR -- 48 (0.37%)
POS_ERROR;POS_PAIR_ERROR -- 36 (0.27%)
LEXICAL_ERROR;SLOT_ERROR -- 8 (0.06%)

Distribution of parts of speech in sampled data:
V.CVB -- 1434 (5.45%)
V -- 9796 (37.26%)
V.PTCP -- 362 (1.38%)
ADJ -- 7157 (27.22%)
N -- 7455 (28.36%)
PRN -- 59 (0.22%)
DET -- 23 (0.09%)
NUM -- 4 (0.02%)
Writing 13145 total samples to data/sampled/leave-one-out/POS_ERROR/rus_sampled.tsv
