Loaded 105492 annotations
Filtering UNK/ERR annotations
Removed 92341, (87.53%) samples (due to Apertium analysis errors, unknown analyses, or invalid MSDs)
Found 139 lexical errors
Including only ('POS_ERROR;POS_PAIR_ERROR', 'C') in the dataset
('C',)
Including data for ('C',)...
('TGT_SLOT_ERROR',)
('POS_PAIR_ERROR',)
('PARADIGM_ERROR', 'SRC_SLOT_ERROR')
('PARADIGM_ERROR', 'SRC_SLOT_ERROR', 'TGT_SLOT_ERROR')
('PARADIGM_ERROR', 'TGT_SLOT_ERROR')
('SRC_SLOT_ERROR', 'TGT_SLOT_ERROR')
('POS_PAIR_ERROR', 'SRC_SLOT_ERROR')
('POS_PAIR_ERROR', 'TGT_SLOT_ERROR')
('PARADIGM_ERROR',)
('POS_PAIR_ERROR', 'SRC_SLOT_ERROR', 'TGT_SLOT_ERROR')
('POS_PAIR_ERROR', 'SRC_POS_ERROR', 'TGT_SLOT_ERROR')
('POS_PAIR_ERROR', 'TGT_POS_ERROR', 'SRC_SLOT_ERROR')
('POS_PAIR_ERROR', 'SRC_POS_ERROR')
Including data for ('POS_ERROR', 'POS_PAIR_ERROR')...
('POS_PAIR_ERROR', 'TGT_POS_ERROR')
Including data for ('POS_ERROR', 'POS_PAIR_ERROR')...
('TGT_LEXICAL_ERROR',)
('SRC_LEXICAL_ERROR',)
('TGT_LEXICAL_ERROR', 'SRC_SLOT_ERROR')
('SRC_LEXICAL_ERROR', 'TGT_SLOT_ERROR')
('SRC_LEXICAL_ERROR', 'TGT_LEXICAL_ERROR')
('SRC_POS_ERROR', 'TGT_POS_ERROR', 'TGT_SLOT_ERROR')
('SRC_POS_ERROR', 'TGT_POS_ERROR', 'SRC_SLOT_ERROR')
('SRC_POS_ERROR', 'TGT_POS_ERROR', 'SRC_SLOT_ERROR', 'TGT_SLOT_ERROR')
('TGT_POS_ERROR', 'SRC_SLOT_ERROR', 'TGT_SLOT_ERROR')
('SRC_POS_ERROR', 'SRC_SLOT_ERROR', 'TGT_SLOT_ERROR')
('SRC_POS_ERROR', 'SRC_SLOT_ERROR')
('TGT_POS_ERROR', 'TGT_SLOT_ERROR')
('SRC_POS_ERROR', 'TGT_POS_ERROR')
('POS_PAIR_ERROR', 'SRC_POS_ERROR', 'SRC_SLOT_ERROR', 'TGT_SLOT_ERROR')
('POS_PAIR_ERROR', 'TGT_POS_ERROR', 'SRC_SLOT_ERROR', 'TGT_SLOT_ERROR')

 Existing samples distribution:
('C',) --- 7194 (99.5%)
('POS_PAIR_ERROR', 'SRC_POS_ERROR') --- 18 (0.25%)
('POS_PAIR_ERROR', 'TGT_POS_ERROR') --- 18 (0.25%)
Summarizing sampled data...
7230 total samples

Found 871 (12.05%) samples with an MSD that does not actually occur in UniMorph
Invalid tags:
{'V;IMP;1;PL', 'ADJ;ACC;MASC;SG', 'V;2;PL', 'ADJ;ACC;PL', 'PRN;INS;3;SG', 'V.CVB'}

Output dataset full fine-grained annotation distribution:
C -- 7194 (99.5%)
POS_PAIR_ERROR;SRC_POS_ERROR -- 18 (0.25%)
POS_PAIR_ERROR;TGT_POS_ERROR -- 18 (0.25%)

Output dataset percents of each coarse grained tag
C -- 7194 (99.5%)
POS_ERROR;POS_PAIR_ERROR -- 36 (0.5%)

Distribution of parts of speech in sampled data:
V.CVB -- 250 (1.73%)
V -- 6612 (45.73%)
V.PTCP -- 140 (0.97%)
ADJ -- 3491 (24.14%)
N -- 3965 (27.42%)
PRN -- 2 (0.01%)
Writing 7230 total samples to data/sampled/add-one-in/POS_ERROR;POS_PAIR_ERROR/rus_sampled.tsv
