Loaded 45096 annotations
Filtering UNK/ERR annotations
Removed 40392, (89.57%) samples (due to Apertium analysis errors, unknown analyses, or invalid MSDs)
Found 688 lexical errors
Removing ('PARADIGM_ERROR',) from the dataset
('SRC_SLOT_ERROR', 'TGT_SLOT_ERROR')
('TGT_SLOT_ERROR',)
('C',)
('PARADIGM_ERROR', 'SRC_SLOT_ERROR', 'TGT_SLOT_ERROR')
('PARADIGM_ERROR', 'TGT_SLOT_ERROR')
('PARADIGM_ERROR', 'SRC_SLOT_ERROR')
('SRC_POS_ERROR', 'TGT_POS_ERROR', 'SRC_SLOT_ERROR', 'TGT_SLOT_ERROR')
('POS_PAIR_ERROR',)
('POS_PAIR_ERROR', 'TGT_SLOT_ERROR')
('POS_PAIR_ERROR', 'SRC_SLOT_ERROR')
('POS_PAIR_ERROR', 'SRC_POS_ERROR', 'TGT_POS_ERROR', 'SRC_SLOT_ERROR', 'TGT_SLOT_ERROR')
('TGT_LEXICAL_ERROR', 'SRC_SLOT_ERROR')
('TGT_LEXICAL_ERROR',)
('SRC_LEXICAL_ERROR', 'TGT_SLOT_ERROR')
('SRC_LEXICAL_ERROR',)
('POS_PAIR_ERROR', 'SRC_SLOT_ERROR', 'TGT_SLOT_ERROR')
('SRC_LEXICAL_ERROR', 'TGT_LEXICAL_ERROR')
('POS_PAIR_ERROR', 'TGT_POS_ERROR', 'SRC_SLOT_ERROR', 'TGT_SLOT_ERROR')
('POS_PAIR_ERROR', 'SRC_POS_ERROR', 'SRC_SLOT_ERROR', 'TGT_SLOT_ERROR')
('PARADIGM_ERROR',)
Ignoring data for ('PARADIGM_ERROR',)...
('TGT_POS_ERROR', 'SRC_SLOT_ERROR', 'TGT_SLOT_ERROR')
('SRC_POS_ERROR', 'SRC_SLOT_ERROR', 'TGT_SLOT_ERROR')
('POS_PAIR_ERROR', 'TGT_POS_ERROR', 'TGT_SLOT_ERROR')
('POS_PAIR_ERROR', 'SRC_POS_ERROR', 'SRC_SLOT_ERROR')
('SRC_POS_ERROR', 'TGT_POS_ERROR', 'SRC_SLOT_ERROR')
('SRC_POS_ERROR', 'TGT_POS_ERROR', 'TGT_SLOT_ERROR')
('TGT_POS_ERROR', 'TGT_SLOT_ERROR')
('SRC_POS_ERROR', 'SRC_SLOT_ERROR')
('POS_PAIR_ERROR', 'SRC_POS_ERROR', 'TGT_POS_ERROR', 'SRC_SLOT_ERROR')
('POS_PAIR_ERROR', 'SRC_POS_ERROR', 'TGT_POS_ERROR', 'TGT_SLOT_ERROR')
('POS_PAIR_ERROR', 'TGT_POS_ERROR', 'SRC_SLOT_ERROR')
('POS_PAIR_ERROR', 'SRC_POS_ERROR', 'TGT_SLOT_ERROR')

 Existing samples distribution:
('SRC_SLOT_ERROR', 'TGT_SLOT_ERROR') --- 208 (4.49%)
('TGT_SLOT_ERROR',) --- 363 (7.84%)
('C',) --- 1689 (36.5%)
('PARADIGM_ERROR', 'SRC_SLOT_ERROR', 'TGT_SLOT_ERROR') --- 58 (1.25%)
('PARADIGM_ERROR', 'TGT_SLOT_ERROR') --- 99 (2.14%)
('PARADIGM_ERROR', 'SRC_SLOT_ERROR') --- 99 (2.14%)
('SRC_POS_ERROR', 'TGT_POS_ERROR', 'SRC_SLOT_ERROR', 'TGT_SLOT_ERROR') --- 388 (8.38%)
('POS_PAIR_ERROR',) --- 494 (10.67%)
('POS_PAIR_ERROR', 'TGT_SLOT_ERROR') --- 151 (3.26%)
('POS_PAIR_ERROR', 'SRC_SLOT_ERROR') --- 151 (3.26%)
('POS_PAIR_ERROR', 'SRC_POS_ERROR', 'TGT_POS_ERROR', 'SRC_SLOT_ERROR', 'TGT_SLOT_ERROR') --- 4 (0.09%)
('TGT_LEXICAL_ERROR', 'SRC_SLOT_ERROR') --- 66 (1.43%)
('TGT_LEXICAL_ERROR',) --- 225 (4.86%)
('SRC_LEXICAL_ERROR', 'TGT_SLOT_ERROR') --- 66 (1.43%)
('SRC_LEXICAL_ERROR',) --- 291 (6.29%)
('POS_PAIR_ERROR', 'SRC_SLOT_ERROR', 'TGT_SLOT_ERROR') --- 120 (2.59%)
('SRC_LEXICAL_ERROR', 'TGT_LEXICAL_ERROR') --- 40 (0.86%)
('POS_PAIR_ERROR', 'TGT_POS_ERROR', 'SRC_SLOT_ERROR', 'TGT_SLOT_ERROR') --- 7 (0.15%)
('POS_PAIR_ERROR', 'SRC_POS_ERROR', 'SRC_SLOT_ERROR', 'TGT_SLOT_ERROR') --- 7 (0.15%)
('TGT_POS_ERROR', 'SRC_SLOT_ERROR', 'TGT_SLOT_ERROR') --- 23 (0.5%)
('SRC_POS_ERROR', 'SRC_SLOT_ERROR', 'TGT_SLOT_ERROR') --- 23 (0.5%)
('POS_PAIR_ERROR', 'TGT_POS_ERROR', 'TGT_SLOT_ERROR') --- 4 (0.09%)
('POS_PAIR_ERROR', 'SRC_POS_ERROR', 'SRC_SLOT_ERROR') --- 4 (0.09%)
('SRC_POS_ERROR', 'TGT_POS_ERROR', 'SRC_SLOT_ERROR') --- 9 (0.19%)
('SRC_POS_ERROR', 'TGT_POS_ERROR', 'TGT_SLOT_ERROR') --- 9 (0.19%)
('TGT_POS_ERROR', 'TGT_SLOT_ERROR') --- 12 (0.26%)
('SRC_POS_ERROR', 'SRC_SLOT_ERROR') --- 12 (0.26%)
('POS_PAIR_ERROR', 'SRC_POS_ERROR', 'TGT_POS_ERROR', 'SRC_SLOT_ERROR') --- 2 (0.04%)
('POS_PAIR_ERROR', 'SRC_POS_ERROR', 'TGT_POS_ERROR', 'TGT_SLOT_ERROR') --- 2 (0.04%)
('POS_PAIR_ERROR', 'TGT_POS_ERROR', 'SRC_SLOT_ERROR') --- 1 (0.02%)
('POS_PAIR_ERROR', 'SRC_POS_ERROR', 'TGT_SLOT_ERROR') --- 1 (0.02%)
Summarizing sampled data...
4628 total samples

Found 1699 (36.71%) samples with an MSD that does not actually occur in UniMorph
Invalid tags:
{'PRN;DEF;ACC;PL', 'V.CVB;COMPV', 'N;INDF;NOM;SG;COMPOUND', 'ADJ;PRS;GEN', 'PRN;NOM;NEUT;SG', 'ADJ;INDF;GEN;PL', 'PRN;SG', 'N;DEF;SG', 'V;ACT;NFIN;COMPOUND', 'PRN;INDF;GEN;PL', 'N;DEF;PL', 'PROPN;MASC', 'PRN', 'N;INDF;PL', 'V.CVB', 'ADJ;DEF;PL', 'ADJ;PRS', 'ADJ;INDF;NOM;PL', 'PRN;NEUT;SG', 'DET;SG'}

Output dataset full fine-grained annotation distribution:
C -- 1689 (36.5%)
POS_PAIR_ERROR -- 494 (10.67%)
SRC_POS_ERROR;TGT_POS_ERROR;SRC_SLOT_ERROR;TGT_SLOT_ERROR -- 388 (8.38%)
TGT_SLOT_ERROR -- 363 (7.84%)
SRC_LEXICAL_ERROR -- 291 (6.29%)
TGT_LEXICAL_ERROR -- 225 (4.86%)
SRC_SLOT_ERROR;TGT_SLOT_ERROR -- 208 (4.49%)
POS_PAIR_ERROR;TGT_SLOT_ERROR -- 151 (3.26%)
POS_PAIR_ERROR;SRC_SLOT_ERROR -- 151 (3.26%)
POS_PAIR_ERROR;SRC_SLOT_ERROR;TGT_SLOT_ERROR -- 120 (2.59%)
PARADIGM_ERROR;TGT_SLOT_ERROR -- 99 (2.14%)
PARADIGM_ERROR;SRC_SLOT_ERROR -- 99 (2.14%)
TGT_LEXICAL_ERROR;SRC_SLOT_ERROR -- 66 (1.43%)
SRC_LEXICAL_ERROR;TGT_SLOT_ERROR -- 66 (1.43%)
PARADIGM_ERROR;SRC_SLOT_ERROR;TGT_SLOT_ERROR -- 58 (1.25%)
SRC_LEXICAL_ERROR;TGT_LEXICAL_ERROR -- 40 (0.86%)
TGT_POS_ERROR;SRC_SLOT_ERROR;TGT_SLOT_ERROR -- 23 (0.5%)
SRC_POS_ERROR;SRC_SLOT_ERROR;TGT_SLOT_ERROR -- 23 (0.5%)
TGT_POS_ERROR;TGT_SLOT_ERROR -- 12 (0.26%)
SRC_POS_ERROR;SRC_SLOT_ERROR -- 12 (0.26%)
SRC_POS_ERROR;TGT_POS_ERROR;SRC_SLOT_ERROR -- 9 (0.19%)
SRC_POS_ERROR;TGT_POS_ERROR;TGT_SLOT_ERROR -- 9 (0.19%)
POS_PAIR_ERROR;TGT_POS_ERROR;SRC_SLOT_ERROR;TGT_SLOT_ERROR -- 7 (0.15%)
POS_PAIR_ERROR;SRC_POS_ERROR;SRC_SLOT_ERROR;TGT_SLOT_ERROR -- 7 (0.15%)
POS_PAIR_ERROR;SRC_POS_ERROR;TGT_POS_ERROR;SRC_SLOT_ERROR;TGT_SLOT_ERROR -- 4 (0.09%)
POS_PAIR_ERROR;TGT_POS_ERROR;TGT_SLOT_ERROR -- 4 (0.09%)
POS_PAIR_ERROR;SRC_POS_ERROR;SRC_SLOT_ERROR -- 4 (0.09%)
POS_PAIR_ERROR;SRC_POS_ERROR;TGT_POS_ERROR;SRC_SLOT_ERROR -- 2 (0.04%)
POS_PAIR_ERROR;SRC_POS_ERROR;TGT_POS_ERROR;TGT_SLOT_ERROR -- 2 (0.04%)
POS_PAIR_ERROR;TGT_POS_ERROR;SRC_SLOT_ERROR -- 1 (0.02%)
POS_PAIR_ERROR;SRC_POS_ERROR;TGT_SLOT_ERROR -- 1 (0.02%)

Output dataset percents of each coarse grained tag
C -- 1689 (36.5%)
SLOT_ERROR -- 571 (12.34%)
LEXICAL_ERROR -- 556 (12.01%)
POS_PAIR_ERROR -- 494 (10.67%)
POS_ERROR;SLOT_ERROR -- 476 (10.29%)
POS_PAIR_ERROR;SLOT_ERROR -- 422 (9.12%)
PARADIGM_ERROR;SLOT_ERROR -- 256 (5.53%)
LEXICAL_ERROR;SLOT_ERROR -- 132 (2.85%)
POS_ERROR;POS_PAIR_ERROR;SLOT_ERROR -- 32 (0.69%)

Distribution of parts of speech in sampled data:
V.PTCP -- 858 (9.27%)
V -- 3684 (39.8%)
ADJ -- 2267 (24.49%)
N -- 2072 (22.39%)
V.CVB -- 283 (3.06%)
PRN -- 36 (0.39%)
DET -- 46 (0.5%)
PROPN -- 10 (0.11%)
Writing 4628 total samples to data/sampled/leave-one-out/PARADIGM_ERROR/swe_sampled.tsv
