Loaded 105492 annotations
Filtering UNK/ERR annotations
Removed 92341, (87.53%) samples (due to Apertium analysis errors, unknown analyses, or invalid MSDs)
Found 139 lexical errors
Removing ('PARADIGM_ERROR',) from the dataset
('C',)
('TGT_SLOT_ERROR',)
('POS_PAIR_ERROR',)
('PARADIGM_ERROR', 'SRC_SLOT_ERROR')
('PARADIGM_ERROR', 'SRC_SLOT_ERROR', 'TGT_SLOT_ERROR')
('PARADIGM_ERROR', 'TGT_SLOT_ERROR')
('SRC_SLOT_ERROR', 'TGT_SLOT_ERROR')
('POS_PAIR_ERROR', 'SRC_SLOT_ERROR')
('POS_PAIR_ERROR', 'TGT_SLOT_ERROR')
('PARADIGM_ERROR',)
Ignoring data for ('PARADIGM_ERROR',)...
('POS_PAIR_ERROR', 'SRC_SLOT_ERROR', 'TGT_SLOT_ERROR')
('POS_PAIR_ERROR', 'SRC_POS_ERROR', 'TGT_SLOT_ERROR')
('POS_PAIR_ERROR', 'TGT_POS_ERROR', 'SRC_SLOT_ERROR')
('POS_PAIR_ERROR', 'SRC_POS_ERROR')
('POS_PAIR_ERROR', 'TGT_POS_ERROR')
('TGT_LEXICAL_ERROR',)
('SRC_LEXICAL_ERROR',)
('TGT_LEXICAL_ERROR', 'SRC_SLOT_ERROR')
('SRC_LEXICAL_ERROR', 'TGT_SLOT_ERROR')
('SRC_LEXICAL_ERROR', 'TGT_LEXICAL_ERROR')
('SRC_POS_ERROR', 'TGT_POS_ERROR', 'TGT_SLOT_ERROR')
('SRC_POS_ERROR', 'TGT_POS_ERROR', 'SRC_SLOT_ERROR')
('SRC_POS_ERROR', 'TGT_POS_ERROR', 'SRC_SLOT_ERROR', 'TGT_SLOT_ERROR')
('TGT_POS_ERROR', 'SRC_SLOT_ERROR', 'TGT_SLOT_ERROR')
('SRC_POS_ERROR', 'SRC_SLOT_ERROR', 'TGT_SLOT_ERROR')
('SRC_POS_ERROR', 'SRC_SLOT_ERROR')
('TGT_POS_ERROR', 'TGT_SLOT_ERROR')
('SRC_POS_ERROR', 'TGT_POS_ERROR')
('POS_PAIR_ERROR', 'SRC_POS_ERROR', 'SRC_SLOT_ERROR', 'TGT_SLOT_ERROR')
('POS_PAIR_ERROR', 'TGT_POS_ERROR', 'SRC_SLOT_ERROR', 'TGT_SLOT_ERROR')

 Existing samples distribution:
('C',) --- 7194 (57.66%)
('TGT_SLOT_ERROR',) --- 1390 (11.14%)
('POS_PAIR_ERROR',) --- 322 (2.58%)
('PARADIGM_ERROR', 'SRC_SLOT_ERROR') --- 64 (0.51%)
('PARADIGM_ERROR', 'SRC_SLOT_ERROR', 'TGT_SLOT_ERROR') --- 50 (0.4%)
('PARADIGM_ERROR', 'TGT_SLOT_ERROR') --- 64 (0.51%)
('SRC_SLOT_ERROR', 'TGT_SLOT_ERROR') --- 2462 (19.73%)
('POS_PAIR_ERROR', 'SRC_SLOT_ERROR') --- 65 (0.52%)
('POS_PAIR_ERROR', 'TGT_SLOT_ERROR') --- 65 (0.52%)
('POS_PAIR_ERROR', 'SRC_SLOT_ERROR', 'TGT_SLOT_ERROR') --- 66 (0.53%)
('POS_PAIR_ERROR', 'SRC_POS_ERROR', 'TGT_SLOT_ERROR') --- 11 (0.09%)
('POS_PAIR_ERROR', 'TGT_POS_ERROR', 'SRC_SLOT_ERROR') --- 11 (0.09%)
('POS_PAIR_ERROR', 'SRC_POS_ERROR') --- 18 (0.14%)
('POS_PAIR_ERROR', 'TGT_POS_ERROR') --- 18 (0.14%)
('TGT_LEXICAL_ERROR',) --- 14 (0.11%)
('SRC_LEXICAL_ERROR',) --- 99 (0.79%)
('TGT_LEXICAL_ERROR', 'SRC_SLOT_ERROR') --- 4 (0.03%)
('SRC_LEXICAL_ERROR', 'TGT_SLOT_ERROR') --- 4 (0.03%)
('SRC_LEXICAL_ERROR', 'TGT_LEXICAL_ERROR') --- 18 (0.14%)
('SRC_POS_ERROR', 'TGT_POS_ERROR', 'TGT_SLOT_ERROR') --- 7 (0.06%)
('SRC_POS_ERROR', 'TGT_POS_ERROR', 'SRC_SLOT_ERROR') --- 7 (0.06%)
('SRC_POS_ERROR', 'TGT_POS_ERROR', 'SRC_SLOT_ERROR', 'TGT_SLOT_ERROR') --- 396 (3.17%)
('TGT_POS_ERROR', 'SRC_SLOT_ERROR', 'TGT_SLOT_ERROR') --- 40 (0.32%)
('SRC_POS_ERROR', 'SRC_SLOT_ERROR', 'TGT_SLOT_ERROR') --- 40 (0.32%)
('SRC_POS_ERROR', 'SRC_SLOT_ERROR') --- 8 (0.06%)
('TGT_POS_ERROR', 'TGT_SLOT_ERROR') --- 8 (0.06%)
('SRC_POS_ERROR', 'TGT_POS_ERROR') --- 6 (0.05%)
('POS_PAIR_ERROR', 'SRC_POS_ERROR', 'SRC_SLOT_ERROR', 'TGT_SLOT_ERROR') --- 13 (0.1%)
('POS_PAIR_ERROR', 'TGT_POS_ERROR', 'SRC_SLOT_ERROR', 'TGT_SLOT_ERROR') --- 13 (0.1%)
Summarizing sampled data...
12477 total samples

Found 2248 (18.02%) samples with an MSD that does not actually occur in UniMorph
Invalid tags:
{'PRN;DAT;3;SG', 'PRN;ACC;3;SG', 'DET;NOM;SG', 'ADJ;ACC;MASC;SG', 'PRN;DAT;SG', 'ADJ;ACC;PL', 'DET;ACC;PL', 'V;2;PL', 'DET;PL', 'PRN;NOM;2;SG', 'V;IMP;1;PL', 'V.CVB', 'NUM;NOM;PL', 'NUM;GEN;PL', 'PRN;INS;3;SG', 'PRN;NOM;3;SG'}

Output dataset full fine-grained annotation distribution:
C -- 7194 (57.66%)
SRC_SLOT_ERROR;TGT_SLOT_ERROR -- 2462 (19.73%)
TGT_SLOT_ERROR -- 1390 (11.14%)
SRC_POS_ERROR;TGT_POS_ERROR;SRC_SLOT_ERROR;TGT_SLOT_ERROR -- 396 (3.17%)
POS_PAIR_ERROR -- 322 (2.58%)
SRC_LEXICAL_ERROR -- 99 (0.79%)
POS_PAIR_ERROR;SRC_SLOT_ERROR;TGT_SLOT_ERROR -- 66 (0.53%)
POS_PAIR_ERROR;SRC_SLOT_ERROR -- 65 (0.52%)
POS_PAIR_ERROR;TGT_SLOT_ERROR -- 65 (0.52%)
PARADIGM_ERROR;SRC_SLOT_ERROR -- 64 (0.51%)
PARADIGM_ERROR;TGT_SLOT_ERROR -- 64 (0.51%)
PARADIGM_ERROR;SRC_SLOT_ERROR;TGT_SLOT_ERROR -- 50 (0.4%)
TGT_POS_ERROR;SRC_SLOT_ERROR;TGT_SLOT_ERROR -- 40 (0.32%)
SRC_POS_ERROR;SRC_SLOT_ERROR;TGT_SLOT_ERROR -- 40 (0.32%)
POS_PAIR_ERROR;SRC_POS_ERROR -- 18 (0.14%)
POS_PAIR_ERROR;TGT_POS_ERROR -- 18 (0.14%)
SRC_LEXICAL_ERROR;TGT_LEXICAL_ERROR -- 18 (0.14%)
TGT_LEXICAL_ERROR -- 14 (0.11%)
POS_PAIR_ERROR;SRC_POS_ERROR;SRC_SLOT_ERROR;TGT_SLOT_ERROR -- 13 (0.1%)
POS_PAIR_ERROR;TGT_POS_ERROR;SRC_SLOT_ERROR;TGT_SLOT_ERROR -- 13 (0.1%)
POS_PAIR_ERROR;SRC_POS_ERROR;TGT_SLOT_ERROR -- 11 (0.09%)
POS_PAIR_ERROR;TGT_POS_ERROR;SRC_SLOT_ERROR -- 11 (0.09%)
SRC_POS_ERROR;SRC_SLOT_ERROR -- 8 (0.06%)
TGT_POS_ERROR;TGT_SLOT_ERROR -- 8 (0.06%)
SRC_POS_ERROR;TGT_POS_ERROR;TGT_SLOT_ERROR -- 7 (0.06%)
SRC_POS_ERROR;TGT_POS_ERROR;SRC_SLOT_ERROR -- 7 (0.06%)
SRC_POS_ERROR;TGT_POS_ERROR -- 6 (0.05%)
TGT_LEXICAL_ERROR;SRC_SLOT_ERROR -- 4 (0.03%)
SRC_LEXICAL_ERROR;TGT_SLOT_ERROR -- 4 (0.03%)

Output dataset percents of each coarse grained tag
C -- 7194 (57.66%)
SLOT_ERROR -- 3852 (30.87%)
POS_ERROR;SLOT_ERROR -- 506 (4.06%)
POS_PAIR_ERROR -- 322 (2.58%)
POS_PAIR_ERROR;SLOT_ERROR -- 196 (1.57%)
PARADIGM_ERROR;SLOT_ERROR -- 178 (1.43%)
LEXICAL_ERROR -- 131 (1.05%)
POS_ERROR;POS_PAIR_ERROR;SLOT_ERROR -- 48 (0.38%)
POS_ERROR;POS_PAIR_ERROR -- 36 (0.29%)
LEXICAL_ERROR;SLOT_ERROR -- 8 (0.06%)
POS_ERROR -- 6 (0.05%)

Distribution of parts of speech in sampled data:
V.CVB -- 1418 (5.68%)
V -- 8592 (34.43%)
V.PTCP -- 322 (1.29%)
ADJ -- 7115 (28.51%)
N -- 7421 (29.74%)
PRN -- 59 (0.24%)
DET -- 23 (0.09%)
NUM -- 4 (0.02%)
Writing 12477 total samples to data/sampled/leave-one-out/PARADIGM_ERROR/rus_sampled.tsv
