Loaded 24958 annotations
Filtering UNK/ERR annotations
Removed 21083, (84.47%) samples (due to Apertium analysis errors, unknown analyses, or invalid MSDs)
Found 185 lexical errors
Removing ('PARADIGM_ERROR',) from the dataset
('C',)
('SRC_LEXICAL_ERROR',)
('PARADIGM_ERROR',)
Ignoring data for ('PARADIGM_ERROR',)...
('PARADIGM_ERROR', 'TGT_SLOT_ERROR')
('TGT_SLOT_ERROR',)
('PARADIGM_ERROR', 'SRC_SLOT_ERROR')
('SRC_SLOT_ERROR', 'TGT_SLOT_ERROR')
('PARADIGM_ERROR', 'SRC_SLOT_ERROR', 'TGT_SLOT_ERROR')
('POS_PAIR_ERROR',)
('SRC_POS_ERROR', 'TGT_POS_ERROR', 'SRC_SLOT_ERROR', 'TGT_SLOT_ERROR')
('SRC_POS_ERROR', 'TGT_POS_ERROR')
('SRC_POS_ERROR', 'TGT_POS_ERROR', 'SRC_SLOT_ERROR')
('SRC_POS_ERROR', 'TGT_POS_ERROR', 'TGT_SLOT_ERROR')
('POS_PAIR_ERROR', 'SRC_SLOT_ERROR')
('TGT_LEXICAL_ERROR', 'SRC_SLOT_ERROR')
('TGT_LEXICAL_ERROR',)
('POS_PAIR_ERROR', 'TGT_SLOT_ERROR')
('SRC_LEXICAL_ERROR', 'TGT_SLOT_ERROR')
('POS_PAIR_ERROR', 'SRC_POS_ERROR', 'SRC_SLOT_ERROR', 'TGT_SLOT_ERROR')
('POS_PAIR_ERROR', 'TGT_POS_ERROR', 'SRC_SLOT_ERROR', 'TGT_SLOT_ERROR')
('SRC_LEXICAL_ERROR', 'TGT_LEXICAL_ERROR')
('POS_PAIR_ERROR', 'TGT_POS_ERROR', 'SRC_SLOT_ERROR')
('POS_PAIR_ERROR', 'SRC_POS_ERROR', 'TGT_SLOT_ERROR')
('POS_PAIR_ERROR', 'SRC_POS_ERROR', 'TGT_POS_ERROR', 'TGT_SLOT_ERROR')
('POS_PAIR_ERROR', 'SRC_POS_ERROR', 'TGT_POS_ERROR', 'SRC_SLOT_ERROR')
('POS_PAIR_ERROR', 'SRC_SLOT_ERROR', 'TGT_SLOT_ERROR')
('TGT_POS_ERROR',)
('SRC_POS_ERROR',)
('SRC_POS_ERROR', 'TGT_SLOT_ERROR')
('TGT_POS_ERROR', 'SRC_SLOT_ERROR')
('POS_PAIR_ERROR', 'TGT_POS_ERROR', 'TGT_SLOT_ERROR')
('POS_PAIR_ERROR', 'SRC_POS_ERROR', 'SRC_SLOT_ERROR')
('SRC_POS_ERROR', 'SRC_SLOT_ERROR', 'TGT_SLOT_ERROR')
('TGT_POS_ERROR', 'SRC_SLOT_ERROR', 'TGT_SLOT_ERROR')
('POS_PAIR_ERROR', 'TGT_POS_ERROR')
('POS_PAIR_ERROR', 'SRC_POS_ERROR')
('SRC_POS_ERROR', 'SRC_SLOT_ERROR')
('TGT_POS_ERROR', 'TGT_SLOT_ERROR')
('POS_PAIR_ERROR', 'SRC_POS_ERROR', 'TGT_POS_ERROR')

 Existing samples distribution:
('C',) --- 1797 (46.78%)
('SRC_LEXICAL_ERROR',) --- 131 (3.41%)
('PARADIGM_ERROR', 'TGT_SLOT_ERROR') --- 29 (0.76%)
('TGT_SLOT_ERROR',) --- 330 (8.59%)
('PARADIGM_ERROR', 'SRC_SLOT_ERROR') --- 29 (0.76%)
('SRC_SLOT_ERROR', 'TGT_SLOT_ERROR') --- 402 (10.47%)
('PARADIGM_ERROR', 'SRC_SLOT_ERROR', 'TGT_SLOT_ERROR') --- 8 (0.21%)
('POS_PAIR_ERROR',) --- 283 (7.37%)
('SRC_POS_ERROR', 'TGT_POS_ERROR', 'SRC_SLOT_ERROR', 'TGT_SLOT_ERROR') --- 534 (13.9%)
('SRC_POS_ERROR', 'TGT_POS_ERROR') --- 42 (1.09%)
('SRC_POS_ERROR', 'TGT_POS_ERROR', 'SRC_SLOT_ERROR') --- 33 (0.86%)
('SRC_POS_ERROR', 'TGT_POS_ERROR', 'TGT_SLOT_ERROR') --- 33 (0.86%)
('POS_PAIR_ERROR', 'SRC_SLOT_ERROR') --- 13 (0.34%)
('TGT_LEXICAL_ERROR', 'SRC_SLOT_ERROR') --- 5 (0.13%)
('TGT_LEXICAL_ERROR',) --- 4 (0.1%)
('POS_PAIR_ERROR', 'TGT_SLOT_ERROR') --- 13 (0.34%)
('SRC_LEXICAL_ERROR', 'TGT_SLOT_ERROR') --- 5 (0.13%)
('POS_PAIR_ERROR', 'SRC_POS_ERROR', 'SRC_SLOT_ERROR', 'TGT_SLOT_ERROR') --- 9 (0.23%)
('POS_PAIR_ERROR', 'TGT_POS_ERROR', 'SRC_SLOT_ERROR', 'TGT_SLOT_ERROR') --- 9 (0.23%)
('SRC_LEXICAL_ERROR', 'TGT_LEXICAL_ERROR') --- 40 (1.04%)
('POS_PAIR_ERROR', 'TGT_POS_ERROR', 'SRC_SLOT_ERROR') --- 5 (0.13%)
('POS_PAIR_ERROR', 'SRC_POS_ERROR', 'TGT_SLOT_ERROR') --- 5 (0.13%)
('POS_PAIR_ERROR', 'SRC_POS_ERROR', 'TGT_POS_ERROR', 'TGT_SLOT_ERROR') --- 8 (0.21%)
('POS_PAIR_ERROR', 'SRC_POS_ERROR', 'TGT_POS_ERROR', 'SRC_SLOT_ERROR') --- 8 (0.21%)
('POS_PAIR_ERROR', 'SRC_SLOT_ERROR', 'TGT_SLOT_ERROR') --- 14 (0.36%)
('TGT_POS_ERROR',) --- 4 (0.1%)
('SRC_POS_ERROR',) --- 4 (0.1%)
('SRC_POS_ERROR', 'TGT_SLOT_ERROR') --- 5 (0.13%)
('TGT_POS_ERROR', 'SRC_SLOT_ERROR') --- 5 (0.13%)
('POS_PAIR_ERROR', 'TGT_POS_ERROR', 'TGT_SLOT_ERROR') --- 6 (0.16%)
('POS_PAIR_ERROR', 'SRC_POS_ERROR', 'SRC_SLOT_ERROR') --- 6 (0.16%)
('SRC_POS_ERROR', 'SRC_SLOT_ERROR', 'TGT_SLOT_ERROR') --- 6 (0.16%)
('TGT_POS_ERROR', 'SRC_SLOT_ERROR', 'TGT_SLOT_ERROR') --- 6 (0.16%)
('POS_PAIR_ERROR', 'TGT_POS_ERROR') --- 3 (0.08%)
('POS_PAIR_ERROR', 'SRC_POS_ERROR') --- 3 (0.08%)
('SRC_POS_ERROR', 'SRC_SLOT_ERROR') --- 1 (0.03%)
('TGT_POS_ERROR', 'TGT_SLOT_ERROR') --- 1 (0.03%)
('POS_PAIR_ERROR', 'SRC_POS_ERROR', 'TGT_POS_ERROR') --- 2 (0.05%)
Summarizing sampled data...
3841 total samples

Found 1132 (29.47%) samples with an MSD that does not actually occur in UniMorph
Invalid tags:
{'ADJ;ACC;SG', 'ADJ;NOM;SG', 'V.PTCP;PST;NOM;SG', 'V.PTCP;PST;ACC;SG', 'V.PTCP;PST;DAT;PL', 'PRN;INDF;ACC;PL', 'ADJ;NOM;PL', 'V.PTCP;PST;GEN;SG', 'PRN;INDF;ACC;SG', 'PRN;INDF;GEN;SG', 'V.PTCP;PST;ACC;PL', 'ADJ;ACC;PL'}

Output dataset full fine-grained annotation distribution:
C -- 1797 (46.78%)
SRC_POS_ERROR;TGT_POS_ERROR;SRC_SLOT_ERROR;TGT_SLOT_ERROR -- 534 (13.9%)
SRC_SLOT_ERROR;TGT_SLOT_ERROR -- 402 (10.47%)
TGT_SLOT_ERROR -- 330 (8.59%)
POS_PAIR_ERROR -- 283 (7.37%)
SRC_LEXICAL_ERROR -- 131 (3.41%)
SRC_POS_ERROR;TGT_POS_ERROR -- 42 (1.09%)
SRC_LEXICAL_ERROR;TGT_LEXICAL_ERROR -- 40 (1.04%)
SRC_POS_ERROR;TGT_POS_ERROR;SRC_SLOT_ERROR -- 33 (0.86%)
SRC_POS_ERROR;TGT_POS_ERROR;TGT_SLOT_ERROR -- 33 (0.86%)
PARADIGM_ERROR;TGT_SLOT_ERROR -- 29 (0.76%)
PARADIGM_ERROR;SRC_SLOT_ERROR -- 29 (0.76%)
POS_PAIR_ERROR;SRC_SLOT_ERROR;TGT_SLOT_ERROR -- 14 (0.36%)
POS_PAIR_ERROR;SRC_SLOT_ERROR -- 13 (0.34%)
POS_PAIR_ERROR;TGT_SLOT_ERROR -- 13 (0.34%)
POS_PAIR_ERROR;SRC_POS_ERROR;SRC_SLOT_ERROR;TGT_SLOT_ERROR -- 9 (0.23%)
POS_PAIR_ERROR;TGT_POS_ERROR;SRC_SLOT_ERROR;TGT_SLOT_ERROR -- 9 (0.23%)
PARADIGM_ERROR;SRC_SLOT_ERROR;TGT_SLOT_ERROR -- 8 (0.21%)
POS_PAIR_ERROR;SRC_POS_ERROR;TGT_POS_ERROR;TGT_SLOT_ERROR -- 8 (0.21%)
POS_PAIR_ERROR;SRC_POS_ERROR;TGT_POS_ERROR;SRC_SLOT_ERROR -- 8 (0.21%)
POS_PAIR_ERROR;TGT_POS_ERROR;TGT_SLOT_ERROR -- 6 (0.16%)
POS_PAIR_ERROR;SRC_POS_ERROR;SRC_SLOT_ERROR -- 6 (0.16%)
SRC_POS_ERROR;SRC_SLOT_ERROR;TGT_SLOT_ERROR -- 6 (0.16%)
TGT_POS_ERROR;SRC_SLOT_ERROR;TGT_SLOT_ERROR -- 6 (0.16%)
TGT_LEXICAL_ERROR;SRC_SLOT_ERROR -- 5 (0.13%)
SRC_LEXICAL_ERROR;TGT_SLOT_ERROR -- 5 (0.13%)
POS_PAIR_ERROR;TGT_POS_ERROR;SRC_SLOT_ERROR -- 5 (0.13%)
POS_PAIR_ERROR;SRC_POS_ERROR;TGT_SLOT_ERROR -- 5 (0.13%)
SRC_POS_ERROR;TGT_SLOT_ERROR -- 5 (0.13%)
TGT_POS_ERROR;SRC_SLOT_ERROR -- 5 (0.13%)
TGT_LEXICAL_ERROR -- 4 (0.1%)
TGT_POS_ERROR -- 4 (0.1%)
SRC_POS_ERROR -- 4 (0.1%)
POS_PAIR_ERROR;TGT_POS_ERROR -- 3 (0.08%)
POS_PAIR_ERROR;SRC_POS_ERROR -- 3 (0.08%)
POS_PAIR_ERROR;SRC_POS_ERROR;TGT_POS_ERROR -- 2 (0.05%)
SRC_POS_ERROR;SRC_SLOT_ERROR -- 1 (0.03%)
TGT_POS_ERROR;TGT_SLOT_ERROR -- 1 (0.03%)

Output dataset percents of each coarse grained tag
C -- 1797 (46.78%)
SLOT_ERROR -- 732 (19.06%)
POS_ERROR;SLOT_ERROR -- 624 (16.25%)
POS_PAIR_ERROR -- 283 (7.37%)
LEXICAL_ERROR -- 175 (4.56%)
PARADIGM_ERROR;SLOT_ERROR -- 66 (1.72%)
POS_ERROR;POS_PAIR_ERROR;SLOT_ERROR -- 56 (1.46%)
POS_ERROR -- 50 (1.3%)
POS_PAIR_ERROR;SLOT_ERROR -- 40 (1.04%)
LEXICAL_ERROR;SLOT_ERROR -- 10 (0.26%)
POS_ERROR;POS_PAIR_ERROR -- 8 (0.21%)

Distribution of parts of speech in sampled data:
V -- 3390 (44.13%)
V.PTCP -- 809 (10.53%)
N -- 2983 (38.83%)
V.CVB -- 77 (1.0%)
ADJ -- 271 (3.53%)
PRN -- 152 (1.98%)
Writing 3841 total samples to data/sampled/leave-one-out/PARADIGM_ERROR/isl_sampled.tsv
