Removing ('SLOT_ERROR',) from the dataset
SRC_POS_ERROR;TGT_POS_ERROR;SRC_SLOT_ERROR;TGT_SLOT_ERROR -- 4.26%
C -- 77.36%
PARADIGM_ERROR -- 7.25%
POS_PAIR_ERROR;SRC_POS_ERROR;SRC_SLOT_ERROR;TGT_SLOT_ERROR -- 0.14%
SRC_LEXICAL_ERROR -- 1.06%
POS_PAIR_ERROR;SRC_SLOT_ERROR;TGT_SLOT_ERROR -- 0.71%
POS_PAIR_ERROR -- 3.46%
PARADIGM_ERROR;TGT_SLOT_ERROR -- 0.69%
POS_PAIR_ERROR;TGT_SLOT_ERROR -- 0.7%
POS_PAIR_ERROR;TGT_POS_ERROR -- 0.19%
TGT_POS_ERROR;SRC_SLOT_ERROR;TGT_SLOT_ERROR -- 0.43%
TGT_LEXICAL_ERROR -- 0.15%
SRC_POS_ERROR;SRC_SLOT_ERROR;TGT_SLOT_ERROR -- 0.43%
PARADIGM_ERROR;SRC_SLOT_ERROR;TGT_SLOT_ERROR -- 0.54%
POS_PAIR_ERROR;TGT_POS_ERROR;SRC_SLOT_ERROR;TGT_SLOT_ERROR -- 0.14%
PARADIGM_ERROR;SRC_SLOT_ERROR -- 0.69%
POS_PAIR_ERROR;SRC_POS_ERROR;TGT_SLOT_ERROR -- 0.12%
POS_PAIR_ERROR;SRC_SLOT_ERROR -- 0.7%
POS_PAIR_ERROR;TGT_POS_ERROR;SRC_SLOT_ERROR -- 0.12%
SRC_POS_ERROR;TGT_POS_ERROR -- 0.06%
SRC_POS_ERROR;SRC_SLOT_ERROR -- 0.09%
POS_PAIR_ERROR;SRC_POS_ERROR -- 0.19%
SRC_LEXICAL_ERROR;TGT_LEXICAL_ERROR -- 0.19%
SRC_LEXICAL_ERROR;TGT_SLOT_ERROR -- 0.04%
TGT_POS_ERROR;TGT_SLOT_ERROR -- 0.09%
SRC_POS_ERROR;TGT_POS_ERROR;SRC_SLOT_ERROR -- 0.08%
TGT_LEXICAL_ERROR;SRC_SLOT_ERROR -- 0.04%
SRC_POS_ERROR;TGT_POS_ERROR;TGT_SLOT_ERROR -- 0.08%
Writing 9299 total samples to data/sampled/MSD-reinflection-resampled-leave-one-out/SLOT_ERROR/rus_sampled.tsv
