Removing ('SLOT_ERROR',) from the dataset
POS_PAIR_ERROR -- 9.0%
C -- 57.17%
SRC_POS_ERROR;TGT_POS_ERROR -- 1.34%
SRC_POS_ERROR;TGT_POS_ERROR;SRC_SLOT_ERROR;TGT_SLOT_ERROR -- 16.99%
SRC_POS_ERROR;TGT_POS_ERROR;SRC_SLOT_ERROR -- 1.05%
SRC_LEXICAL_ERROR -- 4.17%
POS_PAIR_ERROR;TGT_SLOT_ERROR -- 0.41%
SRC_POS_ERROR -- 0.13%
SRC_POS_ERROR;TGT_POS_ERROR;TGT_SLOT_ERROR -- 1.05%
PARADIGM_ERROR -- 1.08%
TGT_LEXICAL_ERROR -- 0.13%
TGT_POS_ERROR;SRC_SLOT_ERROR;TGT_SLOT_ERROR -- 0.19%
PARADIGM_ERROR;SRC_SLOT_ERROR -- 0.92%
POS_PAIR_ERROR;SRC_POS_ERROR;TGT_POS_ERROR;SRC_SLOT_ERROR -- 0.25%
POS_PAIR_ERROR;SRC_SLOT_ERROR;TGT_SLOT_ERROR -- 0.45%
PARADIGM_ERROR;SRC_SLOT_ERROR;TGT_SLOT_ERROR -- 0.25%
SRC_LEXICAL_ERROR;TGT_LEXICAL_ERROR -- 1.27%
PARADIGM_ERROR;TGT_SLOT_ERROR -- 0.92%
TGT_POS_ERROR;SRC_SLOT_ERROR -- 0.16%
POS_PAIR_ERROR;SRC_POS_ERROR;SRC_SLOT_ERROR;TGT_SLOT_ERROR -- 0.29%
POS_PAIR_ERROR;SRC_POS_ERROR;SRC_SLOT_ERROR -- 0.19%
TGT_LEXICAL_ERROR;SRC_SLOT_ERROR -- 0.16%
SRC_POS_ERROR;TGT_SLOT_ERROR -- 0.16%
POS_PAIR_ERROR;TGT_POS_ERROR;SRC_SLOT_ERROR -- 0.16%
POS_PAIR_ERROR;TGT_POS_ERROR;SRC_SLOT_ERROR;TGT_SLOT_ERROR -- 0.29%
SRC_POS_ERROR;SRC_SLOT_ERROR;TGT_SLOT_ERROR -- 0.19%
TGT_POS_ERROR -- 0.13%
POS_PAIR_ERROR;SRC_POS_ERROR;TGT_SLOT_ERROR -- 0.16%
POS_PAIR_ERROR;TGT_POS_ERROR -- 0.1%
POS_PAIR_ERROR;SRC_POS_ERROR -- 0.1%
POS_PAIR_ERROR;SRC_POS_ERROR;TGT_POS_ERROR;TGT_SLOT_ERROR -- 0.25%
POS_PAIR_ERROR;TGT_POS_ERROR;TGT_SLOT_ERROR -- 0.19%
POS_PAIR_ERROR;SRC_SLOT_ERROR -- 0.41%
POS_PAIR_ERROR;SRC_POS_ERROR;TGT_POS_ERROR -- 0.06%
TGT_POS_ERROR;TGT_SLOT_ERROR -- 0.03%
SRC_LEXICAL_ERROR;TGT_SLOT_ERROR -- 0.16%
SRC_POS_ERROR;SRC_SLOT_ERROR -- 0.03%
Writing 3143 total samples to data/sampled/MSD-reinflection-resampled-leave-one-out/SLOT_ERROR/isl_sampled.tsv
