Removing ('SLOT_ERROR',) from the dataset
C -- 78.71%
SRC_POS_ERROR;TGT_POS_ERROR;SRC_SLOT_ERROR;TGT_SLOT_ERROR -- 5.93%
SRC_LEXICAL_ERROR -- 1.45%
POS_PAIR_ERROR -- 7.44%
POS_PAIR_ERROR;SRC_POS_ERROR;TGT_POS_ERROR;TGT_SLOT_ERROR -- 0.4%
POS_PAIR_ERROR;SRC_POS_ERROR;SRC_SLOT_ERROR;TGT_SLOT_ERROR -- 0.14%
POS_PAIR_ERROR;TGT_POS_ERROR -- 0.14%
TGT_POS_ERROR;TGT_SLOT_ERROR -- 0.24%
POS_PAIR_ERROR;SRC_SLOT_ERROR -- 0.12%
POS_PAIR_ERROR;SRC_SLOT_ERROR;TGT_SLOT_ERROR -- 0.44%
POS_PAIR_ERROR;SRC_POS_ERROR;SRC_SLOT_ERROR -- 0.3%
POS_PAIR_ERROR;TGT_POS_ERROR;TGT_SLOT_ERROR -- 0.3%
SRC_LEXICAL_ERROR;TGT_LEXICAL_ERROR -- 0.36%
POS_PAIR_ERROR;SRC_POS_ERROR;TGT_SLOT_ERROR -- 0.26%
TGT_POS_ERROR;SRC_SLOT_ERROR;TGT_SLOT_ERROR -- 0.42%
PARADIGM_ERROR;TGT_SLOT_ERROR -- 0.24%
POS_PAIR_ERROR;TGT_POS_ERROR;SRC_SLOT_ERROR -- 0.26%
POS_PAIR_ERROR;TGT_POS_ERROR;SRC_SLOT_ERROR;TGT_SLOT_ERROR -- 0.14%
POS_PAIR_ERROR;SRC_POS_ERROR;TGT_POS_ERROR;SRC_SLOT_ERROR;TGT_SLOT_ERROR -- 0.4%
PARADIGM_ERROR;SRC_SLOT_ERROR;TGT_SLOT_ERROR -- 0.32%
POS_PAIR_ERROR;SRC_POS_ERROR;TGT_POS_ERROR -- 0.04%
SRC_POS_ERROR;SRC_SLOT_ERROR;TGT_SLOT_ERROR -- 0.42%
POS_PAIR_ERROR;SRC_POS_ERROR;TGT_POS_ERROR;SRC_SLOT_ERROR -- 0.4%
SRC_POS_ERROR;SRC_SLOT_ERROR -- 0.24%
TGT_LEXICAL_ERROR;SRC_SLOT_ERROR -- 0.06%
SRC_LEXICAL_ERROR;TGT_SLOT_ERROR -- 0.06%
PARADIGM_ERROR;SRC_SLOT_ERROR -- 0.24%
PARADIGM_ERROR -- 0.08%
SRC_POS_ERROR;TGT_POS_ERROR;TGT_SLOT_ERROR -- 0.04%
POS_PAIR_ERROR;SRC_POS_ERROR -- 0.14%
SRC_POS_ERROR;TGT_POS_ERROR -- 0.08%
SRC_POS_ERROR;TGT_POS_ERROR;SRC_SLOT_ERROR -- 0.04%
SRC_POS_ERROR -- 0.02%
POS_PAIR_ERROR;TGT_SLOT_ERROR -- 0.12%
TGT_POS_ERROR -- 0.02%
TGT_LEXICAL_ERROR -- 0.02%
Writing 5025 total samples to data/sampled/MSD-reinflection-resampled-leave-one-out/SLOT_ERROR/deu_sampled.tsv
