Removing ('SLOT_ERROR',) from the dataset
POS_PAIR_ERROR;SRC_SLOT_ERROR;TGT_SLOT_ERROR -- 2.9%
C -- 40.87%
POS_PAIR_ERROR;TGT_SLOT_ERROR -- 3.65%
PARADIGM_ERROR;SRC_SLOT_ERROR -- 2.4%
TGT_LEXICAL_ERROR;SRC_SLOT_ERROR -- 1.6%
PARADIGM_ERROR;SRC_SLOT_ERROR;TGT_SLOT_ERROR -- 1.4%
TGT_LEXICAL_ERROR -- 5.44%
POS_PAIR_ERROR -- 11.95%
SRC_POS_ERROR;TGT_POS_ERROR;SRC_SLOT_ERROR;TGT_SLOT_ERROR -- 9.39%
SRC_LEXICAL_ERROR -- 7.04%
PARADIGM_ERROR -- 1.84%
SRC_LEXICAL_ERROR;TGT_LEXICAL_ERROR -- 0.97%
PARADIGM_ERROR;TGT_SLOT_ERROR -- 2.4%
TGT_POS_ERROR;SRC_SLOT_ERROR;TGT_SLOT_ERROR -- 0.56%
SRC_LEXICAL_ERROR;TGT_SLOT_ERROR -- 1.6%
POS_PAIR_ERROR;SRC_SLOT_ERROR -- 3.65%
SRC_POS_ERROR;TGT_POS_ERROR;TGT_SLOT_ERROR -- 0.22%
SRC_POS_ERROR;SRC_SLOT_ERROR;TGT_SLOT_ERROR -- 0.56%
SRC_POS_ERROR;TGT_POS_ERROR;SRC_SLOT_ERROR -- 0.22%
TGT_POS_ERROR;TGT_SLOT_ERROR -- 0.29%
POS_PAIR_ERROR;SRC_POS_ERROR;TGT_SLOT_ERROR -- 0.02%
SRC_POS_ERROR;SRC_SLOT_ERROR -- 0.29%
POS_PAIR_ERROR;SRC_POS_ERROR;SRC_SLOT_ERROR;TGT_SLOT_ERROR -- 0.17%
POS_PAIR_ERROR;SRC_POS_ERROR;TGT_POS_ERROR;TGT_SLOT_ERROR -- 0.05%
POS_PAIR_ERROR;TGT_POS_ERROR;SRC_SLOT_ERROR;TGT_SLOT_ERROR -- 0.17%
POS_PAIR_ERROR;TGT_POS_ERROR;TGT_SLOT_ERROR -- 0.1%
POS_PAIR_ERROR;SRC_POS_ERROR;TGT_POS_ERROR;SRC_SLOT_ERROR -- 0.05%
POS_PAIR_ERROR;SRC_POS_ERROR;SRC_SLOT_ERROR -- 0.1%
POS_PAIR_ERROR;TGT_POS_ERROR;SRC_SLOT_ERROR -- 0.02%
POS_PAIR_ERROR;SRC_POS_ERROR;TGT_POS_ERROR;SRC_SLOT_ERROR;TGT_SLOT_ERROR -- 0.1%
Writing 4133 total samples to data/sampled/MSD-reinflection-resampled-leave-one-out/SLOT_ERROR/swe_sampled.tsv
